{"C:\\Users\\Sebi\\Desktop\\portal-lt1\\Web_Portal-LT1\\portal-lt1-backend\\src\\app.js": {"path":"C:\\Users\\Sebi\\Desktop\\portal-lt1\\Web_Portal-LT1\\portal-lt1-backend\\src\\app.js","statementMap":{"0":{"start":{"line":1,"column":14},"end":{"line":1,"column":32}},"1":{"start":{"line":2,"column":19},"end":{"line":2,"column":43}},"2":{"start":{"line":3,"column":13},"end":{"line":3,"column":30}},"3":{"start":{"line":5,"column":10},"end":{"line":5,"column":19}},"4":{"start":{"line":6,"column":22},"end":{"line":6,"column":51}},"5":{"start":{"line":7,"column":23},"end":{"line":7,"column":53}},"6":{"start":{"line":8,"column":17},"end":{"line":8,"column":41}},"7":{"start":{"line":9,"column":18},"end":{"line":9,"column":43}},"8":{"start":{"line":10,"column":18},"end":{"line":10,"column":43}},"9":{"start":{"line":11,"column":20},"end":{"line":11,"column":47}},"10":{"start":{"line":12,"column":31},"end":{"line":12,"column":69}},"11":{"start":{"line":13,"column":18},"end":{"line":13,"column":43}},"12":{"start":{"line":14,"column":17},"end":{"line":14,"column":41}},"13":{"start":{"line":16,"column":0},"end":{"line":16,"column":23}},"14":{"start":{"line":19,"column":0},"end":{"line":45,"column":3}},"15":{"start":{"line":20,"column":15},"end":{"line":20,"column":33}},"16":{"start":{"line":21,"column":16},"end":{"line":26,"column":20}},"17":{"start":{"line":24,"column":6},"end":{"line":24,"column":26}},"18":{"start":{"line":29,"column":4},"end":{"line":31,"column":87}},"19":{"start":{"line":33,"column":2},"end":{"line":36,"column":3}},"20":{"start":{"line":34,"column":4},"end":{"line":34,"column":57}},"21":{"start":{"line":35,"column":4},"end":{"line":35,"column":36}},"22":{"start":{"line":37,"column":2},"end":{"line":37,"column":79}},"23":{"start":{"line":38,"column":2},"end":{"line":38,"column":79}},"24":{"start":{"line":39,"column":2},"end":{"line":39,"column":60}},"25":{"start":{"line":41,"column":2},"end":{"line":43,"column":3}},"26":{"start":{"line":42,"column":4},"end":{"line":42,"column":34}},"27":{"start":{"line":44,"column":2},"end":{"line":44,"column":16}},"28":{"start":{"line":47,"column":0},"end":{"line":47,"column":24}},"29":{"start":{"line":48,"column":0},"end":{"line":48,"column":49}},"30":{"start":{"line":49,"column":0},"end":{"line":49,"column":24}},"31":{"start":{"line":51,"column":0},"end":{"line":59,"column":3}},"32":{"start":{"line":52,"column":2},"end":{"line":58,"column":5}},"33":{"start":{"line":61,"column":0},"end":{"line":63,"column":3}},"34":{"start":{"line":62,"column":2},"end":{"line":62,"column":29}},"35":{"start":{"line":65,"column":0},"end":{"line":65,"column":43}},"36":{"start":{"line":66,"column":0},"end":{"line":66,"column":62}},"37":{"start":{"line":67,"column":0},"end":{"line":67,"column":45}},"38":{"start":{"line":68,"column":0},"end":{"line":68,"column":33}},"39":{"start":{"line":69,"column":0},"end":{"line":69,"column":35}},"40":{"start":{"line":70,"column":0},"end":{"line":70,"column":35}},"41":{"start":{"line":71,"column":0},"end":{"line":71,"column":39}},"42":{"start":{"line":72,"column":0},"end":{"line":72,"column":35}},"43":{"start":{"line":73,"column":0},"end":{"line":73,"column":33}},"44":{"start":{"line":75,"column":0},"end":{"line":79,"column":3}},"45":{"start":{"line":76,"column":2},"end":{"line":78,"column":5}},"46":{"start":{"line":81,"column":0},"end":{"line":84,"column":3}},"47":{"start":{"line":82,"column":2},"end":{"line":82,"column":21}},"48":{"start":{"line":83,"column":2},"end":{"line":83,"column":65}},"49":{"start":{"line":86,"column":0},"end":{"line":86,"column":21}}},"fnMap":{"0":{"name":"(anonymous_0)","decl":{"start":{"line":19,"column":8},"end":{"line":19,"column":9}},"loc":{"start":{"line":19,"column":34},"end":{"line":45,"column":1}},"line":19},"1":{"name":"(anonymous_1)","decl":{"start":{"line":23,"column":9},"end":{"line":23,"column":10}},"loc":{"start":{"line":23,"column":26},"end":{"line":25,"column":5}},"line":23},"2":{"name":"(anonymous_2)","decl":{"start":{"line":51,"column":13},"end":{"line":51,"column":14}},"loc":{"start":{"line":51,"column":33},"end":{"line":59,"column":1}},"line":51},"3":{"name":"(anonymous_3)","decl":{"start":{"line":61,"column":19},"end":{"line":61,"column":20}},"loc":{"start":{"line":61,"column":39},"end":{"line":63,"column":1}},"line":61},"4":{"name":"(anonymous_4)","decl":{"start":{"line":75,"column":8},"end":{"line":75,"column":9}},"loc":{"start":{"line":75,"column":28},"end":{"line":79,"column":1}},"line":75},"5":{"name":"(anonymous_5)","decl":{"start":{"line":81,"column":8},"end":{"line":81,"column":9}},"loc":{"start":{"line":81,"column":39},"end":{"line":84,"column":1}},"line":81}},"branchMap":{"0":{"loc":{"start":{"line":21,"column":17},"end":{"line":21,"column":93}},"type":"binary-expr","locations":[{"start":{"line":21,"column":17},"end":{"line":21,"column":44}},{"start":{"line":21,"column":48},"end":{"line":21,"column":93}}],"line":21},"1":{"loc":{"start":{"line":29,"column":4},"end":{"line":31,"column":87}},"type":"binary-expr","locations":[{"start":{"line":29,"column":4},"end":{"line":29,"column":10}},{"start":{"line":30,"column":4},"end":{"line":30,"column":28}},{"start":{"line":31,"column":4},"end":{"line":31,"column":87}}],"line":29},"2":{"loc":{"start":{"line":33,"column":2},"end":{"line":36,"column":3}},"type":"if","locations":[{"start":{"line":33,"column":2},"end":{"line":36,"column":3}},{"start":{},"end":{}}],"line":33},"3":{"loc":{"start":{"line":33,"column":6},"end":{"line":33,"column":60}},"type":"binary-expr","locations":[{"start":{"line":33,"column":6},"end":{"line":33,"column":12}},{"start":{"line":33,"column":17},"end":{"line":33,"column":41}},{"start":{"line":33,"column":45},"end":{"line":33,"column":59}}],"line":33},"4":{"loc":{"start":{"line":41,"column":2},"end":{"line":43,"column":3}},"type":"if","locations":[{"start":{"line":41,"column":2},"end":{"line":43,"column":3}},{"start":{},"end":{}}],"line":41}},"s":{"0":2,"1":2,"2":2,"3":2,"4":2,"5":2,"6":2,"7":2,"8":2,"9":2,"10":2,"11":2,"12":2,"13":2,"14":2,"15":24,"16":24,"17":48,"18":24,"19":24,"20":0,"21":0,"22":24,"23":24,"24":24,"25":24,"26":0,"27":24,"28":2,"29":2,"30":2,"31":2,"32":0,"33":2,"34":0,"35":2,"36":2,"37":2,"38":2,"39":2,"40":2,"41":2,"42":2,"43":2,"44":2,"45":0,"46":2,"47":0,"48":0,"49":2},"f":{"0":24,"1":48,"2":0,"3":0,"4":0,"5":0},"b":{"0":[24,0],"1":[24,0,0],"2":[0,24],"3":[24,0,0],"4":[0,24]},"_coverageSchema":"1a1c01bbd47fc00a2c39e90264f33305004495a9","hash":"ef5bd65314ea5c5352baea4e363e91560665b3f3"}
,"C:\\Users\\Sebi\\Desktop\\portal-lt1\\Web_Portal-LT1\\portal-lt1-backend\\src\\auth\\password.js": {"path":"C:\\Users\\Sebi\\Desktop\\portal-lt1\\Web_Portal-LT1\\portal-lt1-backend\\src\\auth\\password.js","statementMap":{"0":{"start":{"line":1,"column":15},"end":{"line":1,"column":34}},"1":{"start":{"line":3,"column":15},"end":{"line":3,"column":17}},"2":{"start":{"line":6,"column":2},"end":{"line":6,"column":36}},"3":{"start":{"line":10,"column":2},"end":{"line":10,"column":26}},"4":{"start":{"line":10,"column":13},"end":{"line":10,"column":26}},"5":{"start":{"line":11,"column":2},"end":{"line":13,"column":3}},"6":{"start":{"line":12,"column":4},"end":{"line":12,"column":26}},"7":{"start":{"line":14,"column":2},"end":{"line":14,"column":37}},"8":{"start":{"line":17,"column":0},"end":{"line":20,"column":2}}},"fnMap":{"0":{"name":"hashPassword","decl":{"start":{"line":5,"column":15},"end":{"line":5,"column":27}},"loc":{"start":{"line":5,"column":35},"end":{"line":7,"column":1}},"line":5},"1":{"name":"verifyPassword","decl":{"start":{"line":9,"column":15},"end":{"line":9,"column":29}},"loc":{"start":{"line":9,"column":43},"end":{"line":15,"column":1}},"line":9}},"branchMap":{"0":{"loc":{"start":{"line":10,"column":2},"end":{"line":10,"column":26}},"type":"if","locations":[{"start":{"line":10,"column":2},"end":{"line":10,"column":26}},{"start":{},"end":{}}],"line":10},"1":{"loc":{"start":{"line":11,"column":2},"end":{"line":13,"column":3}},"type":"if","locations":[{"start":{"line":11,"column":2},"end":{"line":13,"column":3}},{"start":{},"end":{}}],"line":11}},"s":{"0":2,"1":2,"2":3,"3":7,"4":0,"5":7,"6":0,"7":7,"8":2},"f":{"0":3,"1":7},"b":{"0":[0,7],"1":[0,7]},"_coverageSchema":"1a1c01bbd47fc00a2c39e90264f33305004495a9","hash":"0eafca7af6b984f4e4da055ab0a911c63bd2aa29"}
,"C:\\Users\\Sebi\\Desktop\\portal-lt1\\Web_Portal-LT1\\portal-lt1-backend\\src\\auth\\sessionService.js": {"path":"C:\\Users\\Sebi\\Desktop\\portal-lt1\\Web_Portal-LT1\\portal-lt1-backend\\src\\auth\\sessionService.js","statementMap":{"0":{"start":{"line":1,"column":19},"end":{"line":1,"column":42}},"1":{"start":{"line":2,"column":41},"end":{"line":2,"column":62}},"2":{"start":{"line":3,"column":100},"end":{"line":3,"column":134}},"3":{"start":{"line":10,"column":4},"end":{"line":10,"column":27}},"4":{"start":{"line":12,"column":19},"end":{"line":12,"column":33}},"5":{"start":{"line":13,"column":21},"end":{"line":13,"column":35}},"6":{"start":{"line":14,"column":23},"end":{"line":14,"column":46}},"7":{"start":{"line":17,"column":19},"end":{"line":17,"column":52}},"8":{"start":{"line":18,"column":2},"end":{"line":21,"column":5}},"9":{"start":{"line":25,"column":15},"end":{"line":25,"column":32}},"10":{"start":{"line":26,"column":13},"end":{"line":26,"column":30}},"11":{"start":{"line":27,"column":20},"end":{"line":27,"column":53}},"12":{"start":{"line":28,"column":25},"end":{"line":28,"column":55}},"13":{"start":{"line":30,"column":2},"end":{"line":38,"column":5}},"14":{"start":{"line":40,"column":18},"end":{"line":44,"column":3}},"15":{"start":{"line":46,"column":2},"end":{"line":57,"column":3}},"16":{"start":{"line":47,"column":4},"end":{"line":56,"column":5}},"17":{"start":{"line":48,"column":6},"end":{"line":48,"column":67}},"18":{"start":{"line":49,"column":6},"end":{"line":51,"column":7}},"19":{"start":{"line":50,"column":8},"end":{"line":50,"column":31}},"20":{"start":{"line":52,"column":6},"end":{"line":52,"column":21}},"21":{"start":{"line":54,"column":6},"end":{"line":54,"column":73}},"22":{"start":{"line":55,"column":6},"end":{"line":55,"column":83}},"23":{"start":{"line":59,"column":2},"end":{"line":63,"column":3}},"24":{"start":{"line":60,"column":4},"end":{"line":60,"column":27}},"25":{"start":{"line":61,"column":4},"end":{"line":61,"column":76}},"26":{"start":{"line":62,"column":4},"end":{"line":62,"column":19}},"27":{"start":{"line":65,"column":2},"end":{"line":65,"column":79}},"28":{"start":{"line":66,"column":2},"end":{"line":66,"column":81}},"29":{"start":{"line":70,"column":15},"end":{"line":70,"column":32}},"30":{"start":{"line":71,"column":13},"end":{"line":71,"column":30}},"31":{"start":{"line":72,"column":20},"end":{"line":72,"column":53}},"32":{"start":{"line":73,"column":25},"end":{"line":73,"column":55}},"33":{"start":{"line":75,"column":2},"end":{"line":83,"column":5}},"34":{"start":{"line":85,"column":18},"end":{"line":89,"column":3}},"35":{"start":{"line":91,"column":2},"end":{"line":102,"column":3}},"36":{"start":{"line":92,"column":4},"end":{"line":101,"column":5}},"37":{"start":{"line":93,"column":6},"end":{"line":93,"column":76}},"38":{"start":{"line":94,"column":6},"end":{"line":96,"column":7}},"39":{"start":{"line":95,"column":8},"end":{"line":95,"column":31}},"40":{"start":{"line":97,"column":6},"end":{"line":97,"column":21}},"41":{"start":{"line":99,"column":6},"end":{"line":99,"column":78}},"42":{"start":{"line":100,"column":6},"end":{"line":100,"column":86}},"43":{"start":{"line":104,"column":2},"end":{"line":108,"column":3}},"44":{"start":{"line":105,"column":4},"end":{"line":105,"column":27}},"45":{"start":{"line":106,"column":4},"end":{"line":106,"column":74}},"46":{"start":{"line":107,"column":4},"end":{"line":107,"column":19}},"47":{"start":{"line":110,"column":2},"end":{"line":110,"column":69}},"48":{"start":{"line":111,"column":2},"end":{"line":111,"column":81}},"49":{"start":{"line":115,"column":20},"end":{"line":117,"column":4}},"50":{"start":{"line":119,"column":2},"end":{"line":121,"column":3}},"51":{"start":{"line":120,"column":4},"end":{"line":120,"column":49}},"52":{"start":{"line":123,"column":2},"end":{"line":125,"column":3}},"53":{"start":{"line":124,"column":4},"end":{"line":124,"column":67}},"54":{"start":{"line":127,"column":2},"end":{"line":129,"column":3}},"55":{"start":{"line":128,"column":4},"end":{"line":128,"column":50}},"56":{"start":{"line":131,"column":2},"end":{"line":140,"column":5}},"57":{"start":{"line":142,"column":2},"end":{"line":142,"column":38}},"58":{"start":{"line":146,"column":20},"end":{"line":148,"column":4}},"59":{"start":{"line":150,"column":2},"end":{"line":152,"column":3}},"60":{"start":{"line":151,"column":4},"end":{"line":151,"column":49}},"61":{"start":{"line":154,"column":2},"end":{"line":156,"column":3}},"62":{"start":{"line":155,"column":4},"end":{"line":155,"column":68}},"63":{"start":{"line":158,"column":2},"end":{"line":160,"column":3}},"64":{"start":{"line":159,"column":4},"end":{"line":159,"column":52}},"65":{"start":{"line":162,"column":2},"end":{"line":165,"column":5}},"66":{"start":{"line":167,"column":2},"end":{"line":167,"column":38}},"67":{"start":{"line":171,"column":16},"end":{"line":171,"column":36}},"68":{"start":{"line":172,"column":13},"end":{"line":172,"column":30}},"69":{"start":{"line":173,"column":20},"end":{"line":173,"column":55}},"70":{"start":{"line":174,"column":25},"end":{"line":174,"column":57}},"71":{"start":{"line":176,"column":2},"end":{"line":184,"column":5}},"72":{"start":{"line":186,"column":18},"end":{"line":186,"column":80}},"73":{"start":{"line":187,"column":18},"end":{"line":187,"column":92}},"74":{"start":{"line":188,"column":19},"end":{"line":188,"column":118}},"75":{"start":{"line":190,"column":2},"end":{"line":198,"column":3}},"76":{"start":{"line":191,"column":4},"end":{"line":197,"column":5}},"77":{"start":{"line":192,"column":6},"end":{"line":192,"column":76}},"78":{"start":{"line":193,"column":6},"end":{"line":193,"column":25}},"79":{"start":{"line":195,"column":6},"end":{"line":195,"column":75}},"80":{"start":{"line":196,"column":6},"end":{"line":196,"column":76}},"81":{"start":{"line":200,"column":2},"end":{"line":207,"column":3}},"82":{"start":{"line":201,"column":4},"end":{"line":206,"column":6}},"83":{"start":{"line":209,"column":2},"end":{"line":209,"column":71}},"84":{"start":{"line":210,"column":2},"end":{"line":210,"column":21}},"85":{"start":{"line":214,"column":20},"end":{"line":216,"column":4}},"86":{"start":{"line":218,"column":2},"end":{"line":220,"column":3}},"87":{"start":{"line":219,"column":4},"end":{"line":219,"column":67}},"88":{"start":{"line":222,"column":2},"end":{"line":224,"column":3}},"89":{"start":{"line":223,"column":4},"end":{"line":223,"column":54}},"90":{"start":{"line":226,"column":2},"end":{"line":228,"column":3}},"91":{"start":{"line":227,"column":4},"end":{"line":227,"column":51}},"92":{"start":{"line":230,"column":2},"end":{"line":233,"column":5}},"93":{"start":{"line":235,"column":2},"end":{"line":235,"column":58}},"94":{"start":{"line":236,"column":2},"end":{"line":236,"column":48}},"95":{"start":{"line":238,"column":2},"end":{"line":238,"column":38}},"96":{"start":{"line":242,"column":23},"end":{"line":242,"column":66}},"97":{"start":{"line":243,"column":13},"end":{"line":243,"column":30}},"98":{"start":{"line":244,"column":20},"end":{"line":244,"column":57}},"99":{"start":{"line":246,"column":2},"end":{"line":253,"column":5}},"100":{"start":{"line":255,"column":2},"end":{"line":255,"column":52}},"101":{"start":{"line":259,"column":15},"end":{"line":259,"column":39}},"102":{"start":{"line":260,"column":18},"end":{"line":266,"column":4}},"103":{"start":{"line":267,"column":2},"end":{"line":267,"column":17}},"104":{"start":{"line":271,"column":2},"end":{"line":274,"column":5}},"105":{"start":{"line":278,"column":18},"end":{"line":278,"column":54}},"106":{"start":{"line":279,"column":2},"end":{"line":279,"column":29}},"107":{"start":{"line":279,"column":16},"end":{"line":279,"column":29}},"108":{"start":{"line":281,"column":2},"end":{"line":284,"column":5}},"109":{"start":{"line":285,"column":2},"end":{"line":285,"column":14}},"110":{"start":{"line":289,"column":2},"end":{"line":292,"column":5}},"111":{"start":{"line":295,"column":0},"end":{"line":311,"column":2}}},"fnMap":{"0":{"name":"updateUserPassword","decl":{"start":{"line":16,"column":15},"end":{"line":16,"column":33}},"loc":{"start":{"line":16,"column":57},"end":{"line":22,"column":1}},"line":16},"1":{"name":"createLoginChallenge","decl":{"start":{"line":24,"column":15},"end":{"line":24,"column":35}},"loc":{"start":{"line":24,"column":51},"end":{"line":67,"column":1}},"line":24},"2":{"name":"createEmailVerificationChallenge","decl":{"start":{"line":69,"column":15},"end":{"line":69,"column":47}},"loc":{"start":{"line":69,"column":63},"end":{"line":112,"column":1}},"line":69},"3":{"name":"verifyEmailChallenge","decl":{"start":{"line":114,"column":15},"end":{"line":114,"column":35}},"loc":{"start":{"line":114,"column":55},"end":{"line":143,"column":1}},"line":114},"4":{"name":"verifyLoginChallenge","decl":{"start":{"line":145,"column":15},"end":{"line":145,"column":35}},"loc":{"start":{"line":145,"column":55},"end":{"line":168,"column":1}},"line":145},"5":{"name":"createPasswordResetChallenge","decl":{"start":{"line":170,"column":15},"end":{"line":170,"column":43}},"loc":{"start":{"line":170,"column":59},"end":{"line":211,"column":1}},"line":170},"6":{"name":"verifyPasswordReset","decl":{"start":{"line":213,"column":15},"end":{"line":213,"column":34}},"loc":{"start":{"line":213,"column":69},"end":{"line":239,"column":1}},"line":213},"7":{"name":"createUserSession","decl":{"start":{"line":241,"column":15},"end":{"line":241,"column":32}},"loc":{"start":{"line":241,"column":41},"end":{"line":256,"column":1}},"line":241},"8":{"name":"findValidSession","decl":{"start":{"line":258,"column":15},"end":{"line":258,"column":31}},"loc":{"start":{"line":258,"column":46},"end":{"line":268,"column":1}},"line":258},"9":{"name":"touchSession","decl":{"start":{"line":270,"column":15},"end":{"line":270,"column":27}},"loc":{"start":{"line":270,"column":39},"end":{"line":275,"column":1}},"line":270},"10":{"name":"revokeSession","decl":{"start":{"line":277,"column":15},"end":{"line":277,"column":28}},"loc":{"start":{"line":277,"column":43},"end":{"line":286,"column":1}},"line":277},"11":{"name":"revokeAllUserSessions","decl":{"start":{"line":288,"column":15},"end":{"line":288,"column":36}},"loc":{"start":{"line":288,"column":45},"end":{"line":293,"column":1}},"line":288}},"branchMap":{"0":{"loc":{"start":{"line":46,"column":2},"end":{"line":57,"column":3}},"type":"if","locations":[{"start":{"line":46,"column":2},"end":{"line":57,"column":3}},{"start":{},"end":{}}],"line":46},"1":{"loc":{"start":{"line":46,"column":6},"end":{"line":46,"column":33}},"type":"binary-expr","locations":[{"start":{"line":46,"column":6},"end":{"line":46,"column":24}},{"start":{"line":46,"column":28},"end":{"line":46,"column":33}}],"line":46},"2":{"loc":{"start":{"line":49,"column":6},"end":{"line":51,"column":7}},"type":"if","locations":[{"start":{"line":49,"column":6},"end":{"line":51,"column":7}},{"start":{},"end":{}}],"line":49},"3":{"loc":{"start":{"line":59,"column":2},"end":{"line":63,"column":3}},"type":"if","locations":[{"start":{"line":59,"column":2},"end":{"line":63,"column":3}},{"start":{},"end":{}}],"line":59},"4":{"loc":{"start":{"line":91,"column":2},"end":{"line":102,"column":3}},"type":"if","locations":[{"start":{"line":91,"column":2},"end":{"line":102,"column":3}},{"start":{},"end":{}}],"line":91},"5":{"loc":{"start":{"line":91,"column":6},"end":{"line":91,"column":33}},"type":"binary-expr","locations":[{"start":{"line":91,"column":6},"end":{"line":91,"column":24}},{"start":{"line":91,"column":28},"end":{"line":91,"column":33}}],"line":91},"6":{"loc":{"start":{"line":94,"column":6},"end":{"line":96,"column":7}},"type":"if","locations":[{"start":{"line":94,"column":6},"end":{"line":96,"column":7}},{"start":{},"end":{}}],"line":94},"7":{"loc":{"start":{"line":104,"column":2},"end":{"line":108,"column":3}},"type":"if","locations":[{"start":{"line":104,"column":2},"end":{"line":108,"column":3}},{"start":{},"end":{}}],"line":104},"8":{"loc":{"start":{"line":119,"column":2},"end":{"line":121,"column":3}},"type":"if","locations":[{"start":{"line":119,"column":2},"end":{"line":121,"column":3}},{"start":{},"end":{}}],"line":119},"9":{"loc":{"start":{"line":119,"column":6},"end":{"line":119,"column":76}},"type":"binary-expr","locations":[{"start":{"line":119,"column":6},"end":{"line":119,"column":16}},{"start":{"line":119,"column":20},"end":{"line":119,"column":56}},{"start":{"line":119,"column":60},"end":{"line":119,"column":76}}],"line":119},"10":{"loc":{"start":{"line":123,"column":2},"end":{"line":125,"column":3}},"type":"if","locations":[{"start":{"line":123,"column":2},"end":{"line":125,"column":3}},{"start":{},"end":{}}],"line":123},"11":{"loc":{"start":{"line":127,"column":2},"end":{"line":129,"column":3}},"type":"if","locations":[{"start":{"line":127,"column":2},"end":{"line":129,"column":3}},{"start":{},"end":{}}],"line":127},"12":{"loc":{"start":{"line":150,"column":2},"end":{"line":152,"column":3}},"type":"if","locations":[{"start":{"line":150,"column":2},"end":{"line":152,"column":3}},{"start":{},"end":{}}],"line":150},"13":{"loc":{"start":{"line":150,"column":6},"end":{"line":150,"column":73}},"type":"binary-expr","locations":[{"start":{"line":150,"column":6},"end":{"line":150,"column":16}},{"start":{"line":150,"column":20},"end":{"line":150,"column":53}},{"start":{"line":150,"column":57},"end":{"line":150,"column":73}}],"line":150},"14":{"loc":{"start":{"line":154,"column":2},"end":{"line":156,"column":3}},"type":"if","locations":[{"start":{"line":154,"column":2},"end":{"line":156,"column":3}},{"start":{},"end":{}}],"line":154},"15":{"loc":{"start":{"line":158,"column":2},"end":{"line":160,"column":3}},"type":"if","locations":[{"start":{"line":158,"column":2},"end":{"line":160,"column":3}},{"start":{},"end":{}}],"line":158},"16":{"loc":{"start":{"line":187,"column":19},"end":{"line":187,"column":72}},"type":"binary-expr","locations":[{"start":{"line":187,"column":19},"end":{"line":187,"column":45}},{"start":{"line":187,"column":49},"end":{"line":187,"column":72}}],"line":187},"17":{"loc":{"start":{"line":190,"column":2},"end":{"line":198,"column":3}},"type":"if","locations":[{"start":{"line":190,"column":2},"end":{"line":198,"column":3}},{"start":{},"end":{}}],"line":190},"18":{"loc":{"start":{"line":190,"column":6},"end":{"line":190,"column":33}},"type":"binary-expr","locations":[{"start":{"line":190,"column":6},"end":{"line":190,"column":24}},{"start":{"line":190,"column":28},"end":{"line":190,"column":33}}],"line":190},"19":{"loc":{"start":{"line":200,"column":2},"end":{"line":207,"column":3}},"type":"if","locations":[{"start":{"line":200,"column":2},"end":{"line":207,"column":3}},{"start":{},"end":{}}],"line":200},"20":{"loc":{"start":{"line":218,"column":2},"end":{"line":220,"column":3}},"type":"if","locations":[{"start":{"line":218,"column":2},"end":{"line":220,"column":3}},{"start":{},"end":{}}],"line":218},"21":{"loc":{"start":{"line":218,"column":6},"end":{"line":218,"column":78}},"type":"binary-expr","locations":[{"start":{"line":218,"column":6},"end":{"line":218,"column":16}},{"start":{"line":218,"column":20},"end":{"line":218,"column":58}},{"start":{"line":218,"column":62},"end":{"line":218,"column":78}}],"line":218},"22":{"loc":{"start":{"line":222,"column":2},"end":{"line":224,"column":3}},"type":"if","locations":[{"start":{"line":222,"column":2},"end":{"line":224,"column":3}},{"start":{},"end":{}}],"line":222},"23":{"loc":{"start":{"line":226,"column":2},"end":{"line":228,"column":3}},"type":"if","locations":[{"start":{"line":226,"column":2},"end":{"line":228,"column":3}},{"start":{},"end":{}}],"line":226},"24":{"loc":{"start":{"line":279,"column":2},"end":{"line":279,"column":29}},"type":"if","locations":[{"start":{"line":279,"column":2},"end":{"line":279,"column":29}},{"start":{},"end":{}}],"line":279}},"s":{"0":2,"1":2,"2":2,"3":2,"4":2,"5":2,"6":2,"7":0,"8":0,"9":5,"10":5,"11":5,"12":5,"13":5,"14":5,"15":5,"16":5,"17":5,"18":5,"19":5,"20":5,"21":0,"22":0,"23":0,"24":0,"25":0,"26":0,"27":0,"28":0,"29":4,"30":4,"31":4,"32":4,"33":4,"34":4,"35":4,"36":4,"37":4,"38":4,"39":4,"40":4,"41":0,"42":0,"43":0,"44":0,"45":0,"46":0,"47":0,"48":0,"49":3,"50":3,"51":0,"52":3,"53":0,"54":3,"55":0,"56":3,"57":3,"58":5,"59":5,"60":0,"61":5,"62":0,"63":5,"64":0,"65":5,"66":5,"67":1,"68":1,"69":1,"70":1,"71":1,"72":1,"73":1,"74":1,"75":1,"76":1,"77":1,"78":1,"79":0,"80":0,"81":0,"82":0,"83":0,"84":0,"85":0,"86":0,"87":0,"88":0,"89":0,"90":0,"91":0,"92":0,"93":0,"94":0,"95":0,"96":8,"97":8,"98":8,"99":8,"100":8,"101":3,"102":3,"103":3,"104":1,"105":1,"106":1,"107":0,"108":1,"109":1,"110":0,"111":2},"f":{"0":0,"1":5,"2":4,"3":3,"4":5,"5":1,"6":0,"7":8,"8":3,"9":1,"10":1,"11":0},"b":{"0":[5,0],"1":[5,5],"2":[5,0],"3":[0,0],"4":[4,0],"5":[4,4],"6":[4,0],"7":[0,0],"8":[0,3],"9":[3,3,3],"10":[0,3],"11":[0,3],"12":[0,5],"13":[5,5,5],"14":[0,5],"15":[0,5],"16":[1,1],"17":[1,0],"18":[1,1],"19":[0,0],"20":[0,0],"21":[0,0,0],"22":[0,0],"23":[0,0],"24":[0,1]},"_coverageSchema":"1a1c01bbd47fc00a2c39e90264f33305004495a9","hash":"eb0c9c6db3dfe81977773e01b7db04d3a98ed0b6"}
,"C:\\Users\\Sebi\\Desktop\\portal-lt1\\Web_Portal-LT1\\portal-lt1-backend\\src\\auth\\tokenUtils.js": {"path":"C:\\Users\\Sebi\\Desktop\\portal-lt1\\Web_Portal-LT1\\portal-lt1-backend\\src\\auth\\tokenUtils.js","statementMap":{"0":{"start":{"line":1,"column":15},"end":{"line":1,"column":32}},"1":{"start":{"line":4,"column":2},"end":{"line":4,"column":73}},"2":{"start":{"line":8,"column":2},"end":{"line":8,"column":63}},"3":{"start":{"line":12,"column":2},"end":{"line":12,"column":61}},"4":{"start":{"line":16,"column":2},"end":{"line":16,"column":48}},"5":{"start":{"line":20,"column":2},"end":{"line":20,"column":89}},"6":{"start":{"line":23,"column":0},"end":{"line":29,"column":2}}},"fnMap":{"0":{"name":"hashSecret","decl":{"start":{"line":3,"column":9},"end":{"line":3,"column":19}},"loc":{"start":{"line":3,"column":27},"end":{"line":5,"column":1}},"line":3},"1":{"name":"generateId","decl":{"start":{"line":7,"column":9},"end":{"line":7,"column":19}},"loc":{"start":{"line":7,"column":28},"end":{"line":9,"column":1}},"line":7},"2":{"name":"generateOtpCode","decl":{"start":{"line":11,"column":9},"end":{"line":11,"column":24}},"loc":{"start":{"line":11,"column":27},"end":{"line":13,"column":1}},"line":11},"3":{"name":"generateResetToken","decl":{"start":{"line":15,"column":9},"end":{"line":15,"column":27}},"loc":{"start":{"line":15,"column":30},"end":{"line":17,"column":1}},"line":15},"4":{"name":"shouldExposeDevCodes","decl":{"start":{"line":19,"column":9},"end":{"line":19,"column":29}},"loc":{"start":{"line":19,"column":32},"end":{"line":21,"column":1}},"line":19}},"branchMap":{"0":{"loc":{"start":{"line":20,"column":9},"end":{"line":20,"column":88}},"type":"binary-expr","locations":[{"start":{"line":20,"column":9},"end":{"line":20,"column":40}},{"start":{"line":20,"column":44},"end":{"line":20,"column":88}}],"line":20}},"s":{"0":2,"1":29,"2":18,"3":9,"4":17,"5":9,"6":2},"f":{"0":29,"1":18,"2":9,"3":17,"4":9},"b":{"0":[9,0]},"_coverageSchema":"1a1c01bbd47fc00a2c39e90264f33305004495a9","hash":"683728a49cb10887d42223ed7b8b23e3f9fc30c8"}
,"C:\\Users\\Sebi\\Desktop\\portal-lt1\\Web_Portal-LT1\\portal-lt1-backend\\src\\chat\\chatStore.js": {"path":"C:\\Users\\Sebi\\Desktop\\portal-lt1\\Web_Portal-LT1\\portal-lt1-backend\\src\\chat\\chatStore.js","statementMap":{"0":{"start":{"line":1,"column":30},"end":{"line":1,"column":54}},"1":{"start":{"line":3,"column":21},"end":{"line":3,"column":30}},"2":{"start":{"line":4,"column":22},"end":{"line":4,"column":24}},"3":{"start":{"line":7,"column":21},"end":{"line":7,"column":46}},"4":{"start":{"line":8,"column":19},"end":{"line":15,"column":3}},"5":{"start":{"line":17,"column":17},"end":{"line":17,"column":53}},"6":{"start":{"line":19,"column":2},"end":{"line":27,"column":4}},"7":{"start":{"line":31,"column":21},"end":{"line":31,"column":46}},"8":{"start":{"line":32,"column":15},"end":{"line":36,"column":14}},"9":{"start":{"line":38,"column":2},"end":{"line":48,"column":8}},"10":{"start":{"line":40,"column":19},"end":{"line":48,"column":5}},"11":{"start":{"line":51,"column":0},"end":{"line":56,"column":2}}},"fnMap":{"0":{"name":"saveMessage","decl":{"start":{"line":6,"column":15},"end":{"line":6,"column":26}},"loc":{"start":{"line":6,"column":36},"end":{"line":28,"column":1}},"line":6},"1":{"name":"listRecentMessages","decl":{"start":{"line":30,"column":15},"end":{"line":30,"column":33}},"loc":{"start":{"line":30,"column":78},"end":{"line":49,"column":1}},"line":30},"2":{"name":"(anonymous_2)","decl":{"start":{"line":40,"column":9},"end":{"line":40,"column":10}},"loc":{"start":{"line":40,"column":19},"end":{"line":48,"column":5}},"line":40}},"branchMap":{"0":{"loc":{"start":{"line":9,"column":10},"end":{"line":9,"column":38}},"type":"binary-expr","locations":[{"start":{"line":9,"column":10},"end":{"line":9,"column":22}},{"start":{"line":9,"column":26},"end":{"line":9,"column":38}}],"line":9},"1":{"loc":{"start":{"line":12,"column":10},"end":{"line":12,"column":32}},"type":"binary-expr","locations":[{"start":{"line":12,"column":10},"end":{"line":12,"column":22}},{"start":{"line":12,"column":26},"end":{"line":12,"column":32}}],"line":12},"2":{"loc":{"start":{"line":30,"column":34},"end":{"line":30,"column":53}},"type":"default-arg","locations":[{"start":{"line":30,"column":41},"end":{"line":30,"column":53}}],"line":30},"3":{"loc":{"start":{"line":30,"column":55},"end":{"line":30,"column":76}},"type":"default-arg","locations":[{"start":{"line":30,"column":63},"end":{"line":30,"column":76}}],"line":30}},"s":{"0":2,"1":2,"2":2,"3":0,"4":0,"5":0,"6":0,"7":0,"8":0,"9":0,"10":0,"11":2},"f":{"0":0,"1":0,"2":0},"b":{"0":[0,0],"1":[0,0],"2":[0],"3":[0]},"_coverageSchema":"1a1c01bbd47fc00a2c39e90264f33305004495a9","hash":"388dc63f9ce6e6487f06f2952254bc8e9578b9a1"}
,"C:\\Users\\Sebi\\Desktop\\portal-lt1\\Web_Portal-LT1\\portal-lt1-backend\\src\\chat\\mongoClient.js": {"path":"C:\\Users\\Sebi\\Desktop\\portal-lt1\\Web_Portal-LT1\\portal-lt1-backend\\src\\chat\\mongoClient.js","statementMap":{"0":{"start":{"line":1,"column":24},"end":{"line":1,"column":42}},"1":{"start":{"line":7,"column":2},"end":{"line":7,"column":20}},"2":{"start":{"line":7,"column":10},"end":{"line":7,"column":20}},"3":{"start":{"line":9,"column":14},"end":{"line":9,"column":68}},"4":{"start":{"line":10,"column":17},"end":{"line":10,"column":60}},"5":{"start":{"line":12,"column":2},"end":{"line":12,"column":32}},"6":{"start":{"line":13,"column":2},"end":{"line":13,"column":25}},"7":{"start":{"line":14,"column":2},"end":{"line":14,"column":25}},"8":{"start":{"line":15,"column":2},"end":{"line":15,"column":12}},"9":{"start":{"line":19,"column":19},"end":{"line":19,"column":39}},"10":{"start":{"line":20,"column":21},"end":{"line":20,"column":52}},"11":{"start":{"line":21,"column":2},"end":{"line":21,"column":47}},"12":{"start":{"line":22,"column":2},"end":{"line":22,"column":20}},"13":{"start":{"line":26,"column":2},"end":{"line":30,"column":3}},"14":{"start":{"line":27,"column":4},"end":{"line":27,"column":25}},"15":{"start":{"line":28,"column":4},"end":{"line":28,"column":18}},"16":{"start":{"line":29,"column":4},"end":{"line":29,"column":14}},"17":{"start":{"line":33,"column":0},"end":{"line":37,"column":2}}},"fnMap":{"0":{"name":"connectMongo","decl":{"start":{"line":6,"column":15},"end":{"line":6,"column":27}},"loc":{"start":{"line":6,"column":30},"end":{"line":16,"column":1}},"line":6},"1":{"name":"getChatCollection","decl":{"start":{"line":18,"column":15},"end":{"line":18,"column":32}},"loc":{"start":{"line":18,"column":35},"end":{"line":23,"column":1}},"line":18},"2":{"name":"closeMongo","decl":{"start":{"line":25,"column":15},"end":{"line":25,"column":25}},"loc":{"start":{"line":25,"column":28},"end":{"line":31,"column":1}},"line":25}},"branchMap":{"0":{"loc":{"start":{"line":7,"column":2},"end":{"line":7,"column":20}},"type":"if","locations":[{"start":{"line":7,"column":2},"end":{"line":7,"column":20}},{"start":{},"end":{}}],"line":7},"1":{"loc":{"start":{"line":9,"column":14},"end":{"line":9,"column":68}},"type":"binary-expr","locations":[{"start":{"line":9,"column":14},"end":{"line":9,"column":37}},{"start":{"line":9,"column":41},"end":{"line":9,"column":68}}],"line":9},"2":{"loc":{"start":{"line":10,"column":17},"end":{"line":10,"column":60}},"type":"binary-expr","locations":[{"start":{"line":10,"column":17},"end":{"line":10,"column":39}},{"start":{"line":10,"column":43},"end":{"line":10,"column":60}}],"line":10},"3":{"loc":{"start":{"line":26,"column":2},"end":{"line":30,"column":3}},"type":"if","locations":[{"start":{"line":26,"column":2},"end":{"line":30,"column":3}},{"start":{},"end":{}}],"line":26}},"s":{"0":2,"1":0,"2":0,"3":0,"4":0,"5":0,"6":0,"7":0,"8":0,"9":0,"10":0,"11":0,"12":0,"13":0,"14":0,"15":0,"16":0,"17":2},"f":{"0":0,"1":0,"2":0},"b":{"0":[0,0],"1":[0,0],"2":[0,0],"3":[0,0]},"_coverageSchema":"1a1c01bbd47fc00a2c39e90264f33305004495a9","hash":"611c3f54188392aafc6e985a6bf19f14ef60955c"}
,"C:\\Users\\Sebi\\Desktop\\portal-lt1\\Web_Portal-LT1\\portal-lt1-backend\\src\\data\\documentStore.js": {"path":"C:\\Users\\Sebi\\Desktop\\portal-lt1\\Web_Portal-LT1\\portal-lt1-backend\\src\\data\\documentStore.js","statementMap":{"0":{"start":{"line":1,"column":19},"end":{"line":1,"column":42}},"1":{"start":{"line":2,"column":24},"end":{"line":2,"column":48}},"2":{"start":{"line":4,"column":24},"end":{"line":7,"column":1}},"3":{"start":{"line":10,"column":2},"end":{"line":15,"column":27}},"4":{"start":{"line":19,"column":13},"end":{"line":19,"column":37}},"5":{"start":{"line":20,"column":2},"end":{"line":24,"column":5}},"6":{"start":{"line":25,"column":2},"end":{"line":25,"column":12}},"7":{"start":{"line":29,"column":17},"end":{"line":33,"column":4}},"8":{"start":{"line":34,"column":2},"end":{"line":34,"column":19}},"9":{"start":{"line":38,"column":15},"end":{"line":41,"column":4}},"10":{"start":{"line":43,"column":15},"end":{"line":43,"column":78}},"11":{"start":{"line":44,"column":2},"end":{"line":44,"column":48}},"12":{"start":{"line":48,"column":28},"end":{"line":48,"column":50}},"13":{"start":{"line":49,"column":2},"end":{"line":49,"column":24}},"14":{"start":{"line":53,"column":15},"end":{"line":56,"column":4}},"15":{"start":{"line":57,"column":2},"end":{"line":57,"column":31}},"16":{"start":{"line":61,"column":14},"end":{"line":64,"column":4}},"17":{"start":{"line":65,"column":2},"end":{"line":65,"column":26}},"18":{"start":{"line":69,"column":21},"end":{"line":69,"column":59}},"19":{"start":{"line":70,"column":19},"end":{"line":70,"column":53}},"20":{"start":{"line":71,"column":13},"end":{"line":71,"column":36}},"21":{"start":{"line":73,"column":14},"end":{"line":86,"column":4}},"22":{"start":{"line":88,"column":2},"end":{"line":88,"column":26}},"23":{"start":{"line":92,"column":19},"end":{"line":92,"column":70}},"24":{"start":{"line":93,"column":2},"end":{"line":95,"column":3}},"25":{"start":{"line":94,"column":4},"end":{"line":94,"column":16}},"26":{"start":{"line":97,"column":21},"end":{"line":97,"column":100}},"27":{"start":{"line":98,"column":19},"end":{"line":98,"column":90}},"28":{"start":{"line":100,"column":14},"end":{"line":113,"column":4}},"29":{"start":{"line":115,"column":2},"end":{"line":115,"column":26}},"30":{"start":{"line":119,"column":2},"end":{"line":125,"column":3}},"31":{"start":{"line":120,"column":4},"end":{"line":120,"column":52}},"32":{"start":{"line":121,"column":4},"end":{"line":121,"column":16}},"33":{"start":{"line":123,"column":4},"end":{"line":123,"column":45}},"34":{"start":{"line":123,"column":32},"end":{"line":123,"column":45}},"35":{"start":{"line":124,"column":4},"end":{"line":124,"column":16}},"36":{"start":{"line":128,"column":0},"end":{"line":135,"column":2}}},"fnMap":{"0":{"name":"categoryIdFromName","decl":{"start":{"line":9,"column":9},"end":{"line":9,"column":27}},"loc":{"start":{"line":9,"column":34},"end":{"line":16,"column":1}},"line":9},"1":{"name":"ensureCategory","decl":{"start":{"line":18,"column":15},"end":{"line":18,"column":29}},"loc":{"start":{"line":18,"column":36},"end":{"line":26,"column":1}},"line":18},"2":{"name":"ensureStatus","decl":{"start":{"line":28,"column":15},"end":{"line":28,"column":27}},"loc":{"start":{"line":28,"column":34},"end":{"line":35,"column":1}},"line":28},"3":{"name":"buildDocumentId","decl":{"start":{"line":37,"column":15},"end":{"line":37,"column":30}},"loc":{"start":{"line":37,"column":33},"end":{"line":45,"column":1}},"line":37},"4":{"name":"resetStore","decl":{"start":{"line":47,"column":15},"end":{"line":47,"column":25}},"loc":{"start":{"line":47,"column":28},"end":{"line":50,"column":1}},"line":47},"5":{"name":"getAllDocuments","decl":{"start":{"line":52,"column":15},"end":{"line":52,"column":30}},"loc":{"start":{"line":52,"column":33},"end":{"line":58,"column":1}},"line":52},"6":{"name":"getDocumentById","decl":{"start":{"line":60,"column":15},"end":{"line":60,"column":30}},"loc":{"start":{"line":60,"column":35},"end":{"line":66,"column":1}},"line":60},"7":{"name":"createDocument","decl":{"start":{"line":68,"column":15},"end":{"line":68,"column":29}},"loc":{"start":{"line":68,"column":39},"end":{"line":89,"column":1}},"line":68},"8":{"name":"updateDocument","decl":{"start":{"line":91,"column":15},"end":{"line":91,"column":29}},"loc":{"start":{"line":91,"column":43},"end":{"line":116,"column":1}},"line":91},"9":{"name":"deleteDocument","decl":{"start":{"line":118,"column":15},"end":{"line":118,"column":29}},"loc":{"start":{"line":118,"column":34},"end":{"line":126,"column":1}},"line":118}},"branchMap":{"0":{"loc":{"start":{"line":43,"column":15},"end":{"line":43,"column":78}},"type":"cond-expr","locations":[{"start":{"line":43,"column":22},"end":{"line":43,"column":74}},{"start":{"line":43,"column":77},"end":{"line":43,"column":78}}],"line":43},"1":{"loc":{"start":{"line":82,"column":16},"end":{"line":82,"column":41}},"type":"binary-expr","locations":[{"start":{"line":82,"column":16},"end":{"line":82,"column":33}},{"start":{"line":82,"column":37},"end":{"line":82,"column":41}}],"line":82},"2":{"loc":{"start":{"line":83,"column":18},"end":{"line":83,"column":76}},"type":"cond-expr","locations":[{"start":{"line":83,"column":40},"end":{"line":83,"column":69}},{"start":{"line":83,"column":72},"end":{"line":83,"column":76}}],"line":83},"3":{"loc":{"start":{"line":93,"column":2},"end":{"line":95,"column":3}},"type":"if","locations":[{"start":{"line":93,"column":2},"end":{"line":95,"column":3}},{"start":{},"end":{}}],"line":93},"4":{"loc":{"start":{"line":97,"column":21},"end":{"line":97,"column":100}},"type":"cond-expr","locations":[{"start":{"line":97,"column":40},"end":{"line":97,"column":78}},{"start":{"line":97,"column":81},"end":{"line":97,"column":100}}],"line":97},"5":{"loc":{"start":{"line":98,"column":19},"end":{"line":98,"column":90}},"type":"cond-expr","locations":[{"start":{"line":98,"column":36},"end":{"line":98,"column":70}},{"start":{"line":98,"column":73},"end":{"line":98,"column":90}}],"line":98},"6":{"loc":{"start":{"line":109,"column":16},"end":{"line":109,"column":87}},"type":"cond-expr","locations":[{"start":{"line":109,"column":50},"end":{"line":109,"column":67}},{"start":{"line":109,"column":70},"end":{"line":109,"column":87}}],"line":109},"7":{"loc":{"start":{"line":110,"column":18},"end":{"line":110,"column":91}},"type":"cond-expr","locations":[{"start":{"line":110,"column":40},"end":{"line":110,"column":69}},{"start":{"line":110,"column":72},"end":{"line":110,"column":91}}],"line":110},"8":{"loc":{"start":{"line":123,"column":4},"end":{"line":123,"column":45}},"type":"if","locations":[{"start":{"line":123,"column":4},"end":{"line":123,"column":45}},{"start":{},"end":{}}],"line":123}},"s":{"0":2,"1":2,"2":2,"3":0,"4":0,"5":0,"6":0,"7":0,"8":0,"9":0,"10":0,"11":0,"12":0,"13":0,"14":0,"15":0,"16":0,"17":0,"18":0,"19":0,"20":0,"21":0,"22":0,"23":0,"24":0,"25":0,"26":0,"27":0,"28":0,"29":0,"30":0,"31":0,"32":0,"33":0,"34":0,"35":0,"36":2},"f":{"0":0,"1":0,"2":0,"3":0,"4":0,"5":0,"6":0,"7":0,"8":0,"9":0},"b":{"0":[0,0],"1":[0,0],"2":[0,0],"3":[0,0],"4":[0,0],"5":[0,0],"6":[0,0],"7":[0,0],"8":[0,0]},"_coverageSchema":"1a1c01bbd47fc00a2c39e90264f33305004495a9","hash":"ced7634842472cddf38de841f1a08c736b5a1732"}
,"C:\\Users\\Sebi\\Desktop\\portal-lt1\\Web_Portal-LT1\\portal-lt1-backend\\src\\data\\extraStores.js": {"path":"C:\\Users\\Sebi\\Desktop\\portal-lt1\\Web_Portal-LT1\\portal-lt1-backend\\src\\data\\extraStores.js","statementMap":{"0":{"start":{"line":1,"column":19},"end":{"line":1,"column":42}},"1":{"start":{"line":2,"column":48},"end":{"line":2,"column":72}},"2":{"start":{"line":3,"column":25},"end":{"line":3,"column":52}},"3":{"start":{"line":6,"column":28},"end":{"line":6,"column":50}},"4":{"start":{"line":7,"column":2},"end":{"line":7,"column":24}},"5":{"start":{"line":10,"column":20},"end":{"line":18,"column":1}},"6":{"start":{"line":21,"column":14},"end":{"line":24,"column":4}},"7":{"start":{"line":25,"column":2},"end":{"line":25,"column":22}},"8":{"start":{"line":29,"column":14},"end":{"line":32,"column":4}},"9":{"start":{"line":33,"column":2},"end":{"line":33,"column":22}},"10":{"start":{"line":37,"column":15},"end":{"line":40,"column":4}},"11":{"start":{"line":41,"column":15},"end":{"line":41,"column":78}},"12":{"start":{"line":42,"column":2},"end":{"line":42,"column":48}},"13":{"start":{"line":46,"column":16},"end":{"line":46,"column":67}},"14":{"start":{"line":47,"column":14},"end":{"line":51,"column":4}},"15":{"start":{"line":52,"column":2},"end":{"line":52,"column":22}},"16":{"start":{"line":56,"column":15},"end":{"line":56,"column":17}},"17":{"start":{"line":57,"column":2},"end":{"line":59,"column":3}},"18":{"start":{"line":58,"column":4},"end":{"line":58,"column":36}},"19":{"start":{"line":60,"column":2},"end":{"line":62,"column":3}},"20":{"start":{"line":61,"column":4},"end":{"line":61,"column":49}},"21":{"start":{"line":64,"column":14},"end":{"line":68,"column":4}},"22":{"start":{"line":69,"column":2},"end":{"line":69,"column":22}},"23":{"start":{"line":73,"column":15},"end":{"line":73,"column":74}},"24":{"start":{"line":74,"column":2},"end":{"line":76,"column":3}},"25":{"start":{"line":75,"column":4},"end":{"line":75,"column":54}},"26":{"start":{"line":78,"column":13},"end":{"line":78,"column":32}},"27":{"start":{"line":79,"column":23},"end":{"line":79,"column":51}},"28":{"start":{"line":80,"column":14},"end":{"line":90,"column":4}},"29":{"start":{"line":91,"column":2},"end":{"line":91,"column":22}},"30":{"start":{"line":95,"column":15},"end":{"line":98,"column":4}},"31":{"start":{"line":99,"column":2},"end":{"line":99,"column":27}},"32":{"start":{"line":103,"column":15},"end":{"line":106,"column":4}},"33":{"start":{"line":107,"column":15},"end":{"line":107,"column":79}},"34":{"start":{"line":108,"column":2},"end":{"line":108,"column":49}},"35":{"start":{"line":112,"column":13},"end":{"line":112,"column":38}},"36":{"start":{"line":113,"column":2},"end":{"line":113,"column":21}},"37":{"start":{"line":113,"column":11},"end":{"line":113,"column":21}},"38":{"start":{"line":114,"column":2},"end":{"line":118,"column":5}},"39":{"start":{"line":119,"column":2},"end":{"line":119,"column":12}},"40":{"start":{"line":123,"column":21},"end":{"line":123,"column":66}},"41":{"start":{"line":124,"column":13},"end":{"line":124,"column":32}},"42":{"start":{"line":126,"column":14},"end":{"line":137,"column":4}},"43":{"start":{"line":139,"column":2},"end":{"line":139,"column":22}},"44":{"start":{"line":143,"column":19},"end":{"line":143,"column":66}},"45":{"start":{"line":144,"column":2},"end":{"line":144,"column":29}},"46":{"start":{"line":144,"column":17},"end":{"line":144,"column":29}},"47":{"start":{"line":146,"column":21},"end":{"line":148,"column":25}},"48":{"start":{"line":150,"column":14},"end":{"line":159,"column":4}},"49":{"start":{"line":161,"column":2},"end":{"line":161,"column":22}},"50":{"start":{"line":165,"column":2},"end":{"line":171,"column":3}},"51":{"start":{"line":166,"column":4},"end":{"line":166,"column":48}},"52":{"start":{"line":167,"column":4},"end":{"line":167,"column":16}},"53":{"start":{"line":169,"column":4},"end":{"line":169,"column":45}},"54":{"start":{"line":169,"column":32},"end":{"line":169,"column":45}},"55":{"start":{"line":170,"column":4},"end":{"line":170,"column":16}},"56":{"start":{"line":175,"column":15},"end":{"line":178,"column":4}},"57":{"start":{"line":179,"column":15},"end":{"line":179,"column":78}},"58":{"start":{"line":180,"column":2},"end":{"line":180,"column":48}},"59":{"start":{"line":184,"column":13},"end":{"line":184,"column":35}},"60":{"start":{"line":185,"column":14},"end":{"line":192,"column":4}},"61":{"start":{"line":193,"column":2},"end":{"line":193,"column":32}},"62":{"start":{"line":196,"column":0},"end":{"line":208,"column":2}}},"fnMap":{"0":{"name":"resetExtraStores","decl":{"start":{"line":5,"column":15},"end":{"line":5,"column":31}},"loc":{"start":{"line":5,"column":34},"end":{"line":8,"column":1}},"line":5},"1":{"name":"getUserByEmail","decl":{"start":{"line":20,"column":15},"end":{"line":20,"column":29}},"loc":{"start":{"line":20,"column":37},"end":{"line":26,"column":1}},"line":20},"2":{"name":"getUserById","decl":{"start":{"line":28,"column":15},"end":{"line":28,"column":26}},"loc":{"start":{"line":28,"column":31},"end":{"line":34,"column":1}},"line":28},"3":{"name":"buildUserId","decl":{"start":{"line":36,"column":15},"end":{"line":36,"column":26}},"loc":{"start":{"line":36,"column":29},"end":{"line":43,"column":1}},"line":36},"4":{"name":"updateUserProfile","decl":{"start":{"line":45,"column":15},"end":{"line":45,"column":32}},"loc":{"start":{"line":45,"column":51},"end":{"line":53,"column":1}},"line":45},"5":{"name":"updatePendingRegistration","decl":{"start":{"line":55,"column":15},"end":{"line":55,"column":40}},"loc":{"start":{"line":55,"column":69},"end":{"line":70,"column":1}},"line":55},"6":{"name":"createUser","decl":{"start":{"line":72,"column":15},"end":{"line":72,"column":25}},"loc":{"start":{"line":72,"column":86},"end":{"line":92,"column":1}},"line":72},"7":{"name":"listPosts","decl":{"start":{"line":94,"column":15},"end":{"line":94,"column":24}},"loc":{"start":{"line":94,"column":37},"end":{"line":100,"column":1}},"line":94},"8":{"name":"buildPostId","decl":{"start":{"line":102,"column":15},"end":{"line":102,"column":26}},"loc":{"start":{"line":102,"column":29},"end":{"line":109,"column":1}},"line":102},"9":{"name":"ensurePostCategory","decl":{"start":{"line":111,"column":15},"end":{"line":111,"column":33}},"loc":{"start":{"line":111,"column":46},"end":{"line":120,"column":1}},"line":111},"10":{"name":"createPost","decl":{"start":{"line":122,"column":15},"end":{"line":122,"column":25}},"loc":{"start":{"line":122,"column":35},"end":{"line":140,"column":1}},"line":122},"11":{"name":"updatePost","decl":{"start":{"line":142,"column":15},"end":{"line":142,"column":25}},"loc":{"start":{"line":142,"column":39},"end":{"line":162,"column":1}},"line":142},"12":{"name":"deletePost","decl":{"start":{"line":164,"column":15},"end":{"line":164,"column":25}},"loc":{"start":{"line":164,"column":30},"end":{"line":172,"column":1}},"line":164},"13":{"name":"buildMessageId","decl":{"start":{"line":174,"column":15},"end":{"line":174,"column":29}},"loc":{"start":{"line":174,"column":32},"end":{"line":181,"column":1}},"line":174},"14":{"name":"createContactMessage","decl":{"start":{"line":183,"column":15},"end":{"line":183,"column":35}},"loc":{"start":{"line":183,"column":45},"end":{"line":194,"column":1}},"line":183}},"branchMap":{"0":{"loc":{"start":{"line":41,"column":15},"end":{"line":41,"column":78}},"type":"cond-expr","locations":[{"start":{"line":41,"column":22},"end":{"line":41,"column":74}},{"start":{"line":41,"column":77},"end":{"line":41,"column":78}}],"line":41},"1":{"loc":{"start":{"line":46,"column":16},"end":{"line":46,"column":67}},"type":"cond-expr","locations":[{"start":{"line":46,"column":47},"end":{"line":46,"column":62}},{"start":{"line":46,"column":65},"end":{"line":46,"column":67}}],"line":46},"2":{"loc":{"start":{"line":49,"column":22},"end":{"line":49,"column":35}},"type":"binary-expr","locations":[{"start":{"line":49,"column":22},"end":{"line":49,"column":27}},{"start":{"line":49,"column":31},"end":{"line":49,"column":35}}],"line":49},"3":{"loc":{"start":{"line":57,"column":2},"end":{"line":59,"column":3}},"type":"if","locations":[{"start":{"line":57,"column":2},"end":{"line":59,"column":3}},{"start":{},"end":{}}],"line":57},"4":{"loc":{"start":{"line":57,"column":6},"end":{"line":57,"column":53}},"type":"binary-expr","locations":[{"start":{"line":57,"column":6},"end":{"line":57,"column":34}},{"start":{"line":57,"column":38},"end":{"line":57,"column":53}}],"line":57},"5":{"loc":{"start":{"line":60,"column":2},"end":{"line":62,"column":3}},"type":"if","locations":[{"start":{"line":60,"column":2},"end":{"line":62,"column":3}},{"start":{},"end":{}}],"line":60},"6":{"loc":{"start":{"line":72,"column":65},"end":{"line":72,"column":82}},"type":"default-arg","locations":[{"start":{"line":72,"column":76},"end":{"line":72,"column":82}}],"line":72},"7":{"loc":{"start":{"line":74,"column":2},"end":{"line":76,"column":3}},"type":"if","locations":[{"start":{"line":74,"column":2},"end":{"line":76,"column":3}},{"start":{},"end":{}}],"line":74},"8":{"loc":{"start":{"line":86,"column":16},"end":{"line":86,"column":40}},"type":"binary-expr","locations":[{"start":{"line":86,"column":16},"end":{"line":86,"column":32}},{"start":{"line":86,"column":36},"end":{"line":86,"column":40}}],"line":86},"9":{"loc":{"start":{"line":96,"column":11},"end":{"line":96,"column":70}},"type":"cond-expr","locations":[{"start":{"line":96,"column":24},"end":{"line":96,"column":58}},{"start":{"line":96,"column":61},"end":{"line":96,"column":70}}],"line":96},"10":{"loc":{"start":{"line":107,"column":15},"end":{"line":107,"column":79}},"type":"cond-expr","locations":[{"start":{"line":107,"column":22},"end":{"line":107,"column":75}},{"start":{"line":107,"column":78},"end":{"line":107,"column":79}}],"line":107},"11":{"loc":{"start":{"line":113,"column":2},"end":{"line":113,"column":21}},"type":"if","locations":[{"start":{"line":113,"column":2},"end":{"line":113,"column":21}},{"start":{},"end":{}}],"line":113},"12":{"loc":{"start":{"line":132,"column":16},"end":{"line":132,"column":39}},"type":"binary-expr","locations":[{"start":{"line":132,"column":16},"end":{"line":132,"column":33}},{"start":{"line":132,"column":37},"end":{"line":132,"column":39}}],"line":132},"13":{"loc":{"start":{"line":144,"column":2},"end":{"line":144,"column":29}},"type":"if","locations":[{"start":{"line":144,"column":2},"end":{"line":144,"column":29}},{"start":{},"end":{}}],"line":144},"14":{"loc":{"start":{"line":146,"column":21},"end":{"line":148,"column":25}},"type":"cond-expr","locations":[{"start":{"line":147,"column":6},"end":{"line":147,"column":51}},{"start":{"line":148,"column":6},"end":{"line":148,"column":25}}],"line":146},"15":{"loc":{"start":{"line":156,"column":16},"end":{"line":156,"column":87}},"type":"cond-expr","locations":[{"start":{"line":156,"column":50},"end":{"line":156,"column":67}},{"start":{"line":156,"column":70},"end":{"line":156,"column":87}}],"line":156},"16":{"loc":{"start":{"line":157,"column":19},"end":{"line":157,"column":99}},"type":"cond-expr","locations":[{"start":{"line":157,"column":56},"end":{"line":157,"column":76}},{"start":{"line":157,"column":79},"end":{"line":157,"column":99}}],"line":157},"17":{"loc":{"start":{"line":169,"column":4},"end":{"line":169,"column":45}},"type":"if","locations":[{"start":{"line":169,"column":4},"end":{"line":169,"column":45}},{"start":{},"end":{}}],"line":169},"18":{"loc":{"start":{"line":179,"column":15},"end":{"line":179,"column":78}},"type":"cond-expr","locations":[{"start":{"line":179,"column":22},"end":{"line":179,"column":74}},{"start":{"line":179,"column":77},"end":{"line":179,"column":78}}],"line":179}},"s":{"0":2,"1":2,"2":2,"3":7,"4":7,"5":2,"6":12,"7":12,"8":9,"9":9,"10":3,"11":3,"12":3,"13":0,"14":0,"15":0,"16":0,"17":0,"18":0,"19":0,"20":0,"21":0,"22":0,"23":3,"24":3,"25":0,"26":3,"27":3,"28":3,"29":3,"30":0,"31":0,"32":0,"33":0,"34":0,"35":0,"36":0,"37":0,"38":0,"39":0,"40":0,"41":0,"42":0,"43":0,"44":0,"45":0,"46":0,"47":0,"48":0,"49":0,"50":0,"51":0,"52":0,"53":0,"54":0,"55":0,"56":0,"57":0,"58":0,"59":0,"60":0,"61":0,"62":2},"f":{"0":7,"1":12,"2":9,"3":3,"4":0,"5":0,"6":3,"7":0,"8":0,"9":0,"10":0,"11":0,"12":0,"13":0,"14":0},"b":{"0":[3,0],"1":[0,0],"2":[0,0],"3":[0,0],"4":[0,0],"5":[0,0],"6":[0],"7":[0,3],"8":[3,3],"9":[0,0],"10":[0,0],"11":[0,0],"12":[0,0],"13":[0,0],"14":[0,0],"15":[0,0],"16":[0,0],"17":[0,0],"18":[0,0]},"_coverageSchema":"1a1c01bbd47fc00a2c39e90264f33305004495a9","hash":"87ae3211443fb235d7ec92d309811bbf53b8cdb4"}
,"C:\\Users\\Sebi\\Desktop\\portal-lt1\\Web_Portal-LT1\\portal-lt1-backend\\src\\db\\mappers.js": {"path":"C:\\Users\\Sebi\\Desktop\\portal-lt1\\Web_Portal-LT1\\portal-lt1-backend\\src\\db\\mappers.js","statementMap":{"0":{"start":{"line":2,"column":2},"end":{"line":2,"column":24}},"1":{"start":{"line":2,"column":12},"end":{"line":2,"column":24}},"2":{"start":{"line":3,"column":2},"end":{"line":13,"column":4}},"3":{"start":{"line":17,"column":2},"end":{"line":17,"column":24}},"4":{"start":{"line":17,"column":12},"end":{"line":17,"column":24}},"5":{"start":{"line":18,"column":2},"end":{"line":27,"column":4}},"6":{"start":{"line":31,"column":2},"end":{"line":31,"column":24}},"7":{"start":{"line":31,"column":12},"end":{"line":31,"column":24}},"8":{"start":{"line":33,"column":4},"end":{"line":33,"column":86}},"9":{"start":{"line":33,"column":42},"end":{"line":33,"column":63}},"10":{"start":{"line":35,"column":2},"end":{"line":45,"column":4}},"11":{"start":{"line":49,"column":2},"end":{"line":49,"column":24}},"12":{"start":{"line":49,"column":12},"end":{"line":49,"column":24}},"13":{"start":{"line":50,"column":2},"end":{"line":55,"column":4}},"14":{"start":{"line":58,"column":0},"end":{"line":63,"column":2}}},"fnMap":{"0":{"name":"mapDocument","decl":{"start":{"line":1,"column":9},"end":{"line":1,"column":20}},"loc":{"start":{"line":1,"column":26},"end":{"line":14,"column":1}},"line":1},"1":{"name":"mapPost","decl":{"start":{"line":16,"column":9},"end":{"line":16,"column":16}},"loc":{"start":{"line":16,"column":22},"end":{"line":28,"column":1}},"line":16},"2":{"name":"mapUser","decl":{"start":{"line":30,"column":9},"end":{"line":30,"column":16}},"loc":{"start":{"line":30,"column":22},"end":{"line":46,"column":1}},"line":30},"3":{"name":"(anonymous_3)","decl":{"start":{"line":33,"column":31},"end":{"line":33,"column":32}},"loc":{"start":{"line":33,"column":42},"end":{"line":33,"column":63}},"line":33},"4":{"name":"mapContactMessage","decl":{"start":{"line":48,"column":9},"end":{"line":48,"column":26}},"loc":{"start":{"line":48,"column":32},"end":{"line":56,"column":1}},"line":48}},"branchMap":{"0":{"loc":{"start":{"line":2,"column":2},"end":{"line":2,"column":24}},"type":"if","locations":[{"start":{"line":2,"column":2},"end":{"line":2,"column":24}},{"start":{},"end":{}}],"line":2},"1":{"loc":{"start":{"line":11,"column":8},"end":{"line":11,"column":55}},"type":"cond-expr","locations":[{"start":{"line":11,"column":23},"end":{"line":11,"column":50}},{"start":{"line":11,"column":53},"end":{"line":11,"column":55}}],"line":11},"2":{"loc":{"start":{"line":12,"column":8},"end":{"line":12,"column":75}},"type":"cond-expr","locations":[{"start":{"line":12,"column":25},"end":{"line":12,"column":70}},{"start":{"line":12,"column":73},"end":{"line":12,"column":75}}],"line":12},"3":{"loc":{"start":{"line":17,"column":2},"end":{"line":17,"column":24}},"type":"if","locations":[{"start":{"line":17,"column":2},"end":{"line":17,"column":24}},{"start":{},"end":{}}],"line":17},"4":{"loc":{"start":{"line":31,"column":2},"end":{"line":31,"column":24}},"type":"if","locations":[{"start":{"line":31,"column":2},"end":{"line":31,"column":24}},{"start":{},"end":{}}],"line":31},"5":{"loc":{"start":{"line":33,"column":4},"end":{"line":33,"column":86}},"type":"binary-expr","locations":[{"start":{"line":33,"column":4},"end":{"line":33,"column":80}},{"start":{"line":33,"column":84},"end":{"line":33,"column":86}}],"line":33},"6":{"loc":{"start":{"line":40,"column":14},"end":{"line":40,"column":34}},"type":"binary-expr","locations":[{"start":{"line":40,"column":14},"end":{"line":40,"column":26}},{"start":{"line":40,"column":30},"end":{"line":40,"column":34}}],"line":40},"7":{"loc":{"start":{"line":41,"column":21},"end":{"line":41,"column":48}},"type":"binary-expr","locations":[{"start":{"line":41,"column":21},"end":{"line":41,"column":40}},{"start":{"line":41,"column":44},"end":{"line":41,"column":48}}],"line":41},"8":{"loc":{"start":{"line":43,"column":21},"end":{"line":43,"column":48}},"type":"binary-expr","locations":[{"start":{"line":43,"column":21},"end":{"line":43,"column":42}},{"start":{"line":43,"column":46},"end":{"line":43,"column":48}}],"line":43},"9":{"loc":{"start":{"line":49,"column":2},"end":{"line":49,"column":24}},"type":"if","locations":[{"start":{"line":49,"column":2},"end":{"line":49,"column":24}},{"start":{},"end":{}}],"line":49}},"s":{"0":0,"1":0,"2":0,"3":0,"4":0,"5":0,"6":24,"7":3,"8":21,"9":82,"10":21,"11":0,"12":0,"13":0,"14":2},"f":{"0":0,"1":0,"2":24,"3":82,"4":0},"b":{"0":[0,0],"1":[0,0],"2":[0,0],"3":[0,0],"4":[3,21],"5":[21,0],"6":[21,10],"7":[21,4],"8":[21,0],"9":[0,0]},"_coverageSchema":"1a1c01bbd47fc00a2c39e90264f33305004495a9","hash":"d1058d6a8c74606f8ff4117e9f087f4f82960040"}
,"C:\\Users\\Sebi\\Desktop\\portal-lt1\\Web_Portal-LT1\\portal-lt1-backend\\src\\db\\prisma.js": {"path":"C:\\Users\\Sebi\\Desktop\\portal-lt1\\Web_Portal-LT1\\portal-lt1-backend\\src\\db\\prisma.js","statementMap":{"0":{"start":{"line":1,"column":25},"end":{"line":1,"column":50}},"1":{"start":{"line":3,"column":24},"end":{"line":3,"column":30}},"2":{"start":{"line":5,"column":15},"end":{"line":5,"column":59}},"3":{"start":{"line":7,"column":0},"end":{"line":9,"column":1}},"4":{"start":{"line":8,"column":2},"end":{"line":8,"column":34}},"5":{"start":{"line":11,"column":0},"end":{"line":11,"column":28}}},"fnMap":{},"branchMap":{"0":{"loc":{"start":{"line":5,"column":15},"end":{"line":5,"column":59}},"type":"binary-expr","locations":[{"start":{"line":5,"column":15},"end":{"line":5,"column":37}},{"start":{"line":5,"column":41},"end":{"line":5,"column":59}}],"line":5},"1":{"loc":{"start":{"line":7,"column":0},"end":{"line":9,"column":1}},"type":"if","locations":[{"start":{"line":7,"column":0},"end":{"line":9,"column":1}},{"start":{},"end":{}}],"line":7}},"s":{"0":2,"1":2,"2":2,"3":2,"4":2,"5":2},"f":{},"b":{"0":[2,2],"1":[2,0]},"_coverageSchema":"1a1c01bbd47fc00a2c39e90264f33305004495a9","hash":"b7d9050231498784d65339fbfbae9f9d8625f2de"}
,"C:\\Users\\Sebi\\Desktop\\portal-lt1\\Web_Portal-LT1\\portal-lt1-backend\\src\\db\\reset.js": {"path":"C:\\Users\\Sebi\\Desktop\\portal-lt1\\Web_Portal-LT1\\portal-lt1-backend\\src\\db\\reset.js","statementMap":{"0":{"start":{"line":1,"column":21},"end":{"line":1,"column":45}},"1":{"start":{"line":2,"column":13},"end":{"line":2,"column":28}},"2":{"start":{"line":3,"column":19},"end":{"line":3,"column":38}},"3":{"start":{"line":6,"column":2},"end":{"line":6,"column":43}},"4":{"start":{"line":7,"column":2},"end":{"line":7,"column":33}},"5":{"start":{"line":8,"column":2},"end":{"line":8,"column":37}},"6":{"start":{"line":9,"column":2},"end":{"line":9,"column":40}},"7":{"start":{"line":10,"column":2},"end":{"line":10,"column":42}},"8":{"start":{"line":11,"column":2},"end":{"line":11,"column":33}},"9":{"start":{"line":12,"column":2},"end":{"line":12,"column":41}},"10":{"start":{"line":13,"column":2},"end":{"line":13,"column":45}},"11":{"start":{"line":14,"column":2},"end":{"line":14,"column":43}},"12":{"start":{"line":15,"column":2},"end":{"line":15,"column":43}},"13":{"start":{"line":16,"column":2},"end":{"line":16,"column":39}},"14":{"start":{"line":17,"column":2},"end":{"line":17,"column":33}},"15":{"start":{"line":21,"column":2},"end":{"line":21,"column":22}},"16":{"start":{"line":22,"column":22},"end":{"line":22,"column":51}},"17":{"start":{"line":23,"column":2},"end":{"line":27,"column":5}},"18":{"start":{"line":30,"column":0},"end":{"line":33,"column":2}}},"fnMap":{"0":{"name":"clearTables","decl":{"start":{"line":5,"column":15},"end":{"line":5,"column":26}},"loc":{"start":{"line":5,"column":29},"end":{"line":18,"column":1}},"line":5},"1":{"name":"resetDatabase","decl":{"start":{"line":20,"column":15},"end":{"line":20,"column":28}},"loc":{"start":{"line":20,"column":31},"end":{"line":28,"column":1}},"line":20}},"branchMap":{},"s":{"0":2,"1":2,"2":2,"3":7,"4":7,"5":7,"6":7,"7":7,"8":7,"9":7,"10":7,"11":7,"12":7,"13":7,"14":7,"15":7,"16":7,"17":7,"18":2},"f":{"0":7,"1":7},"b":{},"_coverageSchema":"1a1c01bbd47fc00a2c39e90264f33305004495a9","hash":"b6c73557a644254e2e4e3ec0d7fab2defa16c978"}
,"C:\\Users\\Sebi\\Desktop\\portal-lt1\\Web_Portal-LT1\\portal-lt1-backend\\src\\middleware\\auth.js": {"path":"C:\\Users\\Sebi\\Desktop\\portal-lt1\\Web_Portal-LT1\\portal-lt1-backend\\src\\middleware\\auth.js","statementMap":{"0":{"start":{"line":1,"column":12},"end":{"line":1,"column":35}},"1":{"start":{"line":3,"column":19},"end":{"line":3,"column":61}},"2":{"start":{"line":4,"column":25},"end":{"line":4,"column":62}},"3":{"start":{"line":7,"column":2},"end":{"line":17,"column":4}},"4":{"start":{"line":22,"column":2},"end":{"line":22,"column":32}},"5":{"start":{"line":26,"column":17},"end":{"line":26,"column":48}},"6":{"start":{"line":27,"column":26},"end":{"line":27,"column":43}},"7":{"start":{"line":29,"column":2},"end":{"line":31,"column":3}},"8":{"start":{"line":30,"column":4},"end":{"line":30,"column":73}},"9":{"start":{"line":33,"column":2},"end":{"line":42,"column":3}},"10":{"start":{"line":34,"column":20},"end":{"line":34,"column":49}},"11":{"start":{"line":35,"column":4},"end":{"line":37,"column":5}},"12":{"start":{"line":36,"column":6},"end":{"line":36,"column":91}},"13":{"start":{"line":38,"column":4},"end":{"line":38,"column":23}},"14":{"start":{"line":39,"column":4},"end":{"line":39,"column":18}},"15":{"start":{"line":41,"column":4},"end":{"line":41,"column":75}},"16":{"start":{"line":45,"column":0},"end":{"line":50,"column":2}}},"fnMap":{"0":{"name":"buildAccessToken","decl":{"start":{"line":6,"column":9},"end":{"line":6,"column":25}},"loc":{"start":{"line":6,"column":32},"end":{"line":18,"column":1}},"line":6},"1":{"name":"buildToken","decl":{"start":{"line":21,"column":9},"end":{"line":21,"column":19}},"loc":{"start":{"line":21,"column":26},"end":{"line":23,"column":1}},"line":21},"2":{"name":"requireAuth","decl":{"start":{"line":25,"column":9},"end":{"line":25,"column":20}},"loc":{"start":{"line":25,"column":37},"end":{"line":43,"column":1}},"line":25}},"branchMap":{"0":{"loc":{"start":{"line":3,"column":19},"end":{"line":3,"column":61}},"type":"binary-expr","locations":[{"start":{"line":3,"column":19},"end":{"line":3,"column":41}},{"start":{"line":3,"column":45},"end":{"line":3,"column":61}}],"line":3},"1":{"loc":{"start":{"line":4,"column":25},"end":{"line":4,"column":62}},"type":"binary-expr","locations":[{"start":{"line":4,"column":25},"end":{"line":4,"column":53}},{"start":{"line":4,"column":57},"end":{"line":4,"column":62}}],"line":4},"2":{"loc":{"start":{"line":12,"column":19},"end":{"line":12,"column":41}},"type":"binary-expr","locations":[{"start":{"line":12,"column":19},"end":{"line":12,"column":35}},{"start":{"line":12,"column":39},"end":{"line":12,"column":41}}],"line":12},"3":{"loc":{"start":{"line":26,"column":17},"end":{"line":26,"column":48}},"type":"binary-expr","locations":[{"start":{"line":26,"column":17},"end":{"line":26,"column":42}},{"start":{"line":26,"column":46},"end":{"line":26,"column":48}}],"line":26},"4":{"loc":{"start":{"line":29,"column":2},"end":{"line":31,"column":3}},"type":"if","locations":[{"start":{"line":29,"column":2},"end":{"line":31,"column":3}},{"start":{},"end":{}}],"line":29},"5":{"loc":{"start":{"line":29,"column":6},"end":{"line":29,"column":35}},"type":"binary-expr","locations":[{"start":{"line":29,"column":6},"end":{"line":29,"column":25}},{"start":{"line":29,"column":29},"end":{"line":29,"column":35}}],"line":29},"6":{"loc":{"start":{"line":35,"column":4},"end":{"line":37,"column":5}},"type":"if","locations":[{"start":{"line":35,"column":4},"end":{"line":37,"column":5}},{"start":{},"end":{}}],"line":35},"7":{"loc":{"start":{"line":35,"column":8},"end":{"line":35,"column":49}},"type":"binary-expr","locations":[{"start":{"line":35,"column":8},"end":{"line":35,"column":20}},{"start":{"line":35,"column":24},"end":{"line":35,"column":49}}],"line":35}},"s":{"0":2,"1":2,"2":2,"3":9,"4":0,"5":0,"6":0,"7":0,"8":0,"9":0,"10":0,"11":0,"12":0,"13":0,"14":0,"15":0,"16":2},"f":{"0":9,"1":0,"2":0},"b":{"0":[2,2],"1":[2,2],"2":[9,0],"3":[0,0],"4":[0,0],"5":[0,0],"6":[0,0],"7":[0,0]},"_coverageSchema":"1a1c01bbd47fc00a2c39e90264f33305004495a9","hash":"ed0634646f775b9391580de4fa8fbf3aedc00284"}
,"C:\\Users\\Sebi\\Desktop\\portal-lt1\\Web_Portal-LT1\\portal-lt1-backend\\src\\middleware\\permissions.js": {"path":"C:\\Users\\Sebi\\Desktop\\portal-lt1\\Web_Portal-LT1\\portal-lt1-backend\\src\\middleware\\permissions.js","statementMap":{"0":{"start":{"line":2,"column":2},"end":{"line":14,"column":4}},"1":{"start":{"line":3,"column":24},"end":{"line":3,"column":51}},"2":{"start":{"line":5,"column":4},"end":{"line":11,"column":5}},"3":{"start":{"line":6,"column":6},"end":{"line":10,"column":9}},"4":{"start":{"line":13,"column":4},"end":{"line":13,"column":18}},"5":{"start":{"line":18,"column":2},"end":{"line":31,"column":4}},"6":{"start":{"line":19,"column":24},"end":{"line":19,"column":51}},"7":{"start":{"line":20,"column":20},"end":{"line":20,"column":78}},"8":{"start":{"line":20,"column":51},"end":{"line":20,"column":77}},"9":{"start":{"line":22,"column":4},"end":{"line":28,"column":5}},"10":{"start":{"line":23,"column":6},"end":{"line":27,"column":9}},"11":{"start":{"line":30,"column":4},"end":{"line":30,"column":18}},"12":{"start":{"line":34,"column":0},"end":{"line":37,"column":2}}},"fnMap":{"0":{"name":"requirePermission","decl":{"start":{"line":1,"column":9},"end":{"line":1,"column":26}},"loc":{"start":{"line":1,"column":43},"end":{"line":15,"column":1}},"line":1},"1":{"name":"permissionGuard","decl":{"start":{"line":2,"column":18},"end":{"line":2,"column":33}},"loc":{"start":{"line":2,"column":50},"end":{"line":14,"column":3}},"line":2},"2":{"name":"requireAnyPermission","decl":{"start":{"line":17,"column":9},"end":{"line":17,"column":29}},"loc":{"start":{"line":17,"column":50},"end":{"line":32,"column":1}},"line":17},"3":{"name":"permissionGuard","decl":{"start":{"line":18,"column":18},"end":{"line":18,"column":33}},"loc":{"start":{"line":18,"column":50},"end":{"line":31,"column":3}},"line":18},"4":{"name":"(anonymous_4)","decl":{"start":{"line":20,"column":41},"end":{"line":20,"column":42}},"loc":{"start":{"line":20,"column":51},"end":{"line":20,"column":77}},"line":20}},"branchMap":{"0":{"loc":{"start":{"line":3,"column":24},"end":{"line":3,"column":51}},"type":"binary-expr","locations":[{"start":{"line":3,"column":24},"end":{"line":3,"column":45}},{"start":{"line":3,"column":49},"end":{"line":3,"column":51}}],"line":3},"1":{"loc":{"start":{"line":5,"column":4},"end":{"line":11,"column":5}},"type":"if","locations":[{"start":{"line":5,"column":4},"end":{"line":11,"column":5}},{"start":{},"end":{}}],"line":5},"2":{"loc":{"start":{"line":9,"column":14},"end":{"line":9,"column":36}},"type":"binary-expr","locations":[{"start":{"line":9,"column":14},"end":{"line":9,"column":28}},{"start":{"line":9,"column":32},"end":{"line":9,"column":36}}],"line":9},"3":{"loc":{"start":{"line":19,"column":24},"end":{"line":19,"column":51}},"type":"binary-expr","locations":[{"start":{"line":19,"column":24},"end":{"line":19,"column":45}},{"start":{"line":19,"column":49},"end":{"line":19,"column":51}}],"line":19},"4":{"loc":{"start":{"line":22,"column":4},"end":{"line":28,"column":5}},"type":"if","locations":[{"start":{"line":22,"column":4},"end":{"line":28,"column":5}},{"start":{},"end":{}}],"line":22},"5":{"loc":{"start":{"line":26,"column":14},"end":{"line":26,"column":36}},"type":"binary-expr","locations":[{"start":{"line":26,"column":14},"end":{"line":26,"column":28}},{"start":{"line":26,"column":32},"end":{"line":26,"column":36}}],"line":26}},"s":{"0":22,"1":0,"2":0,"3":0,"4":0,"5":0,"6":0,"7":0,"8":0,"9":0,"10":0,"11":0,"12":2},"f":{"0":22,"1":0,"2":0,"3":0,"4":0},"b":{"0":[0,0],"1":[0,0],"2":[0,0],"3":[0,0],"4":[0,0],"5":[0,0]},"_coverageSchema":"1a1c01bbd47fc00a2c39e90264f33305004495a9","hash":"52f90910e4509e91c33fcc181d3ca98b16f643a1"}
,"C:\\Users\\Sebi\\Desktop\\portal-lt1\\Web_Portal-LT1\\portal-lt1-backend\\src\\realtime\\wsHub.js": {"path":"C:\\Users\\Sebi\\Desktop\\portal-lt1\\Web_Portal-LT1\\portal-lt1-backend\\src\\realtime\\wsHub.js","statementMap":{"0":{"start":{"line":1,"column":16},"end":{"line":1,"column":25}},"1":{"start":{"line":4,"column":2},"end":{"line":4,"column":18}},"2":{"start":{"line":6,"column":18},"end":{"line":8,"column":3}},"3":{"start":{"line":7,"column":4},"end":{"line":7,"column":23}},"4":{"start":{"line":10,"column":2},"end":{"line":10,"column":26}},"5":{"start":{"line":11,"column":2},"end":{"line":11,"column":26}},"6":{"start":{"line":15,"column":15},"end":{"line":15,"column":78}},"7":{"start":{"line":17,"column":2},"end":{"line":24,"column":3}},"8":{"start":{"line":18,"column":4},"end":{"line":18,"column":38}},"9":{"start":{"line":18,"column":29},"end":{"line":18,"column":38}},"10":{"start":{"line":19,"column":4},"end":{"line":23,"column":5}},"11":{"start":{"line":20,"column":6},"end":{"line":20,"column":20}},"12":{"start":{"line":22,"column":6},"end":{"line":22,"column":25}},"13":{"start":{"line":27,"column":0},"end":{"line":30,"column":2}}},"fnMap":{"0":{"name":"addClient","decl":{"start":{"line":3,"column":9},"end":{"line":3,"column":18}},"loc":{"start":{"line":3,"column":23},"end":{"line":12,"column":1}},"line":3},"1":{"name":"(anonymous_1)","decl":{"start":{"line":6,"column":18},"end":{"line":6,"column":19}},"loc":{"start":{"line":6,"column":24},"end":{"line":8,"column":3}},"line":6},"2":{"name":"broadcast","decl":{"start":{"line":14,"column":9},"end":{"line":14,"column":18}},"loc":{"start":{"line":14,"column":28},"end":{"line":25,"column":1}},"line":14}},"branchMap":{"0":{"loc":{"start":{"line":15,"column":15},"end":{"line":15,"column":78}},"type":"cond-expr","locations":[{"start":{"line":15,"column":45},"end":{"line":15,"column":52}},{"start":{"line":15,"column":55},"end":{"line":15,"column":78}}],"line":15},"1":{"loc":{"start":{"line":18,"column":4},"end":{"line":18,"column":38}},"type":"if","locations":[{"start":{"line":18,"column":4},"end":{"line":18,"column":38}},{"start":{},"end":{}}],"line":18}},"s":{"0":2,"1":0,"2":0,"3":0,"4":0,"5":0,"6":0,"7":0,"8":0,"9":0,"10":0,"11":0,"12":0,"13":2},"f":{"0":0,"1":0,"2":0},"b":{"0":[0,0],"1":[0,0]},"_coverageSchema":"1a1c01bbd47fc00a2c39e90264f33305004495a9","hash":"2afc9c47ee2e8ef81f338f40df0002678f6bfa1b"}
,"C:\\Users\\Sebi\\Desktop\\portal-lt1\\Web_Portal-LT1\\portal-lt1-backend\\src\\routes\\auth.js": {"path":"C:\\Users\\Sebi\\Desktop\\portal-lt1\\Web_Portal-LT1\\portal-lt1-backend\\src\\routes\\auth.js","statementMap":{"0":{"start":{"line":1,"column":16},"end":{"line":1,"column":34}},"1":{"start":{"line":2,"column":14},"end":{"line":2,"column":44}},"2":{"start":{"line":3,"column":29},"end":{"line":3,"column":58}},"3":{"start":{"line":4,"column":26},"end":{"line":4,"column":67}},"4":{"start":{"line":5,"column":41},"end":{"line":5,"column":68}},"5":{"start":{"line":6,"column":23},"end":{"line":6,"column":56}},"6":{"start":{"line":8,"column":15},"end":{"line":8,"column":31}},"7":{"start":{"line":11,"column":29},"end":{"line":11,"column":73}},"8":{"start":{"line":12,"column":17},"end":{"line":12,"column":19}},"9":{"start":{"line":14,"column":2},"end":{"line":20,"column":3}},"10":{"start":{"line":15,"column":4},"end":{"line":15,"column":51}},"11":{"start":{"line":16,"column":9},"end":{"line":20,"column":3}},"12":{"start":{"line":17,"column":4},"end":{"line":17,"column":70}},"13":{"start":{"line":18,"column":9},"end":{"line":20,"column":3}},"14":{"start":{"line":19,"column":4},"end":{"line":19,"column":69}},"15":{"start":{"line":22,"column":2},"end":{"line":22,"column":47}},"16":{"start":{"line":26,"column":16},"end":{"line":26,"column":67}},"17":{"start":{"line":27,"column":17},"end":{"line":27,"column":19}},"18":{"start":{"line":29,"column":2},"end":{"line":35,"column":3}},"19":{"start":{"line":30,"column":4},"end":{"line":30,"column":45}},"20":{"start":{"line":31,"column":9},"end":{"line":35,"column":3}},"21":{"start":{"line":32,"column":4},"end":{"line":32,"column":64}},"22":{"start":{"line":33,"column":9},"end":{"line":35,"column":3}},"23":{"start":{"line":34,"column":4},"end":{"line":34,"column":63}},"24":{"start":{"line":37,"column":2},"end":{"line":37,"column":27}},"25":{"start":{"line":41,"column":2},"end":{"line":49,"column":4}},"26":{"start":{"line":53,"column":16},"end":{"line":53,"column":38}},"27":{"start":{"line":54,"column":18},"end":{"line":54,"column":65}},"28":{"start":{"line":55,"column":2},"end":{"line":60,"column":4}},"29":{"start":{"line":64,"column":0},"end":{"line":114,"column":3}},"30":{"start":{"line":65,"column":2},"end":{"line":113,"column":3}},"31":{"start":{"line":66,"column":32},"end":{"line":66,"column":46}},"32":{"start":{"line":67,"column":23},"end":{"line":67,"column":43}},"33":{"start":{"line":68,"column":26},"end":{"line":68,"column":64}},"34":{"start":{"line":69,"column":19},"end":{"line":72,"column":5}},"35":{"start":{"line":74,"column":4},"end":{"line":76,"column":5}},"36":{"start":{"line":75,"column":6},"end":{"line":75,"column":86}},"37":{"start":{"line":78,"column":17},"end":{"line":78,"column":61}},"38":{"start":{"line":79,"column":4},"end":{"line":81,"column":5}},"39":{"start":{"line":80,"column":6},"end":{"line":80,"column":76}},"40":{"start":{"line":83,"column":4},"end":{"line":97,"column":5}},"41":{"start":{"line":84,"column":27},"end":{"line":84,"column":101}},"42":{"start":{"line":85,"column":6},"end":{"line":87,"column":7}},"43":{"start":{"line":86,"column":8},"end":{"line":86,"column":69}},"44":{"start":{"line":89,"column":6},"end":{"line":96,"column":9}},"45":{"start":{"line":99,"column":22},"end":{"line":99,"column":84}},"46":{"start":{"line":100,"column":4},"end":{"line":102,"column":5}},"47":{"start":{"line":101,"column":6},"end":{"line":101,"column":64}},"48":{"start":{"line":104,"column":4},"end":{"line":110,"column":7}},"49":{"start":{"line":112,"column":4},"end":{"line":112,"column":23}},"50":{"start":{"line":117,"column":0},"end":{"line":143,"column":3}},"51":{"start":{"line":118,"column":2},"end":{"line":142,"column":3}},"52":{"start":{"line":119,"column":34},"end":{"line":119,"column":48}},"53":{"start":{"line":120,"column":4},"end":{"line":122,"column":5}},"54":{"start":{"line":121,"column":6},"end":{"line":121,"column":104}},"55":{"start":{"line":124,"column":19},"end":{"line":124,"column":94}},"56":{"start":{"line":125,"column":4},"end":{"line":127,"column":5}},"57":{"start":{"line":126,"column":6},"end":{"line":126,"column":61}},"58":{"start":{"line":129,"column":17},"end":{"line":129,"column":55}},"59":{"start":{"line":130,"column":4},"end":{"line":132,"column":5}},"60":{"start":{"line":131,"column":6},"end":{"line":131,"column":73}},"61":{"start":{"line":134,"column":19},"end":{"line":134,"column":49}},"62":{"start":{"line":135,"column":4},"end":{"line":139,"column":7}},"63":{"start":{"line":141,"column":4},"end":{"line":141,"column":23}},"64":{"start":{"line":145,"column":0},"end":{"line":199,"column":3}},"65":{"start":{"line":146,"column":2},"end":{"line":198,"column":3}},"66":{"start":{"line":147,"column":48},"end":{"line":147,"column":62}},"67":{"start":{"line":148,"column":23},"end":{"line":148,"column":43}},"68":{"start":{"line":149,"column":22},"end":{"line":149,"column":56}},"69":{"start":{"line":150,"column":26},"end":{"line":150,"column":64}},"70":{"start":{"line":151,"column":19},"end":{"line":155,"column":5}},"71":{"start":{"line":157,"column":4},"end":{"line":159,"column":5}},"72":{"start":{"line":158,"column":6},"end":{"line":158,"column":93}},"73":{"start":{"line":161,"column":21},"end":{"line":161,"column":65}},"74":{"start":{"line":162,"column":4},"end":{"line":164,"column":5}},"75":{"start":{"line":163,"column":6},"end":{"line":163,"column":86}},"76":{"start":{"line":167,"column":4},"end":{"line":179,"column":5}},"77":{"start":{"line":168,"column":6},"end":{"line":171,"column":9}},"78":{"start":{"line":173,"column":6},"end":{"line":178,"column":9}},"79":{"start":{"line":181,"column":25},"end":{"line":181,"column":99}},"80":{"start":{"line":182,"column":4},"end":{"line":184,"column":5}},"81":{"start":{"line":183,"column":6},"end":{"line":183,"column":67}},"82":{"start":{"line":186,"column":4},"end":{"line":192,"column":7}},"83":{"start":{"line":194,"column":4},"end":{"line":196,"column":5}},"84":{"start":{"line":195,"column":6},"end":{"line":195,"column":86}},"85":{"start":{"line":197,"column":4},"end":{"line":197,"column":23}},"86":{"start":{"line":201,"column":0},"end":{"line":227,"column":3}},"87":{"start":{"line":202,"column":2},"end":{"line":226,"column":3}},"88":{"start":{"line":203,"column":34},"end":{"line":203,"column":48}},"89":{"start":{"line":204,"column":4},"end":{"line":206,"column":5}},"90":{"start":{"line":205,"column":6},"end":{"line":205,"column":104}},"91":{"start":{"line":208,"column":19},"end":{"line":208,"column":94}},"92":{"start":{"line":209,"column":4},"end":{"line":211,"column":5}},"93":{"start":{"line":210,"column":6},"end":{"line":210,"column":61}},"94":{"start":{"line":213,"column":17},"end":{"line":213,"column":55}},"95":{"start":{"line":214,"column":4},"end":{"line":216,"column":5}},"96":{"start":{"line":215,"column":6},"end":{"line":215,"column":73}},"97":{"start":{"line":218,"column":19},"end":{"line":218,"column":49}},"98":{"start":{"line":219,"column":4},"end":{"line":223,"column":7}},"99":{"start":{"line":225,"column":4},"end":{"line":225,"column":23}},"100":{"start":{"line":229,"column":0},"end":{"line":254,"column":3}},"101":{"start":{"line":230,"column":2},"end":{"line":253,"column":3}},"102":{"start":{"line":231,"column":25},"end":{"line":231,"column":47}},"103":{"start":{"line":232,"column":4},"end":{"line":234,"column":5}},"104":{"start":{"line":233,"column":6},"end":{"line":233,"column":71}},"105":{"start":{"line":236,"column":20},"end":{"line":236,"column":71}},"106":{"start":{"line":237,"column":4},"end":{"line":239,"column":5}},"107":{"start":{"line":238,"column":6},"end":{"line":238,"column":81}},"108":{"start":{"line":241,"column":4},"end":{"line":241,"column":50}},"109":{"start":{"line":242,"column":17},"end":{"line":242,"column":56}},"110":{"start":{"line":243,"column":4},"end":{"line":245,"column":5}},"111":{"start":{"line":244,"column":6},"end":{"line":244,"column":73}},"112":{"start":{"line":247,"column":4},"end":{"line":250,"column":7}},"113":{"start":{"line":252,"column":4},"end":{"line":252,"column":23}},"114":{"start":{"line":256,"column":0},"end":{"line":266,"column":3}},"115":{"start":{"line":257,"column":2},"end":{"line":265,"column":3}},"116":{"start":{"line":258,"column":25},"end":{"line":258,"column":47}},"117":{"start":{"line":259,"column":4},"end":{"line":261,"column":5}},"118":{"start":{"line":260,"column":6},"end":{"line":260,"column":55}},
[...]
,"C:\\Users\\Sebi\\Desktop\\portal-lt1\\Web_Portal-LT1\\portal-lt1-backend\\src\\validation\\documentValidation.js": {"path":"C:\\Users\\Sebi\\Desktop\\portal-lt1\\Web_Portal-LT1\\portal-lt1-backend\\src\\validation\\documentValidation.js","statementMap":{"0":{"start":{"line":1,"column":24},"end":{"line":1,"column":55}},"1":{"start":{"line":4,"column":17},"end":{"line":4,"column":19}},"2":{"start":{"line":5,"column":16},"end":{"line":5,"column":88}},"3":{"start":{"line":6,"column":19},"end":{"line":6,"column":100}},"4":{"start":{"line":7,"column":17},"end":{"line":7,"column":92}},"5":{"start":{"line":8,"column":22},"end":{"line":8,"column":112}},"6":{"start":{"line":9,"column":17},"end":{"line":9,"column":92}},"7":{"start":{"line":11,"column":2},"end":{"line":15,"column":3}},"8":{"start":{"line":12,"column":4},"end":{"line":12,"column":46}},"9":{"start":{"line":13,"column":9},"end":{"line":15,"column":3}},"10":{"start":{"line":14,"column":4},"end":{"line":14,"column":73}},"11":{"start":{"line":17,"column":2},"end":{"line":21,"column":3}},"12":{"start":{"line":18,"column":4},"end":{"line":18,"column":52}},"13":{"start":{"line":19,"column":9},"end":{"line":21,"column":3}},"14":{"start":{"line":20,"column":4},"end":{"line":20,"column":78}},"15":{"start":{"line":23,"column":2},"end":{"line":27,"column":3}},"16":{"start":{"line":24,"column":4},"end":{"line":24,"column":50}},"17":{"start":{"line":25,"column":9},"end":{"line":27,"column":3}},"18":{"start":{"line":26,"column":4},"end":{"line":26,"column":76}},"19":{"start":{"line":29,"column":2},"end":{"line":33,"column":3}},"20":{"start":{"line":30,"column":4},"end":{"line":30,"column":56}},"21":{"start":{"line":31,"column":9},"end":{"line":33,"column":3}},"22":{"start":{"line":32,"column":4},"end":{"line":32,"column":54}},"23":{"start":{"line":35,"column":2},"end":{"line":39,"column":3}},"24":{"start":{"line":36,"column":4},"end":{"line":36,"column":49}},"25":{"start":{"line":37,"column":9},"end":{"line":39,"column":3}},"26":{"start":{"line":38,"column":4},"end":{"line":38,"column":55}},"27":{"start":{"line":41,"column":2},"end":{"line":45,"column":3}},"28":{"start":{"line":42,"column":4},"end":{"line":42,"column":56}},"29":{"start":{"line":43,"column":9},"end":{"line":45,"column":3}},"30":{"start":{"line":44,"column":4},"end":{"line":44,"column":85}},"31":{"start":{"line":47,"column":2},"end":{"line":47,"column":107}},"32":{"start":{"line":51,"column":15},"end":{"line":51,"column":50}},"33":{"start":{"line":52,"column":16},"end":{"line":52,"column":52}},"34":{"start":{"line":53,"column":17},"end":{"line":53,"column":19}},"35":{"start":{"line":55,"column":2},"end":{"line":57,"column":3}},"36":{"start":{"line":56,"column":4},"end":{"line":56,"column":69}},"37":{"start":{"line":59,"column":2},"end":{"line":61,"column":3}},"38":{"start":{"line":60,"column":4},"end":{"line":60,"column":69}},"39":{"start":{"line":63,"column":2},"end":{"line":63,"column":33}},"40":{"start":{"line":66,"column":0},"end":{"line":70,"column":2}}},"fnMap":{"0":{"name":"validateDocument","decl":{"start":{"line":3,"column":9},"end":{"line":3,"column":25}},"loc":{"start":{"line":3,"column":33},"end":{"line":48,"column":1}},"line":3},"1":{"name":"validatePagination","decl":{"start":{"line":50,"column":9},"end":{"line":50,"column":27}},"loc":{"start":{"line":50,"column":47},"end":{"line":64,"column":1}},"line":50}},"branchMap":{"0":{"loc":{"start":{"line":5,"column":16},"end":{"line":5,"column":88}},"type":"cond-expr","locations":[{"start":{"line":5,"column":65},"end":{"line":5,"column":83}},{"start":{"line":5,"column":86},"end":{"line":5,"column":88}}],"line":5},"1":{"loc":{"start":{"line":5,"column":16},"end":{"line":5,"column":62}},"type":"binary-expr","locations":[{"start":{"line":5,"column":16},"end":{"line":5,"column":27}},{"start":{"line":5,"column":31},"end":{"line":5,"column":62}}],"line":5},"2":{"loc":{"start":{"line":6,"column":19},"end":{"line":6,"column":100}},"type":"cond-expr","locations":[{"start":{"line":6,"column":74},"end":{"line":6,"column":95}},{"start":{"line":6,"column":98},"end":{"line":6,"column":100}}],"line":6},"3":{"loc":{"start":{"line":6,"column":19},"end":{"line":6,"column":71}},"type":"binary-expr","locations":[{"start":{"line":6,"column":19},"end":{"line":6,"column":33}},{"start":{"line":6,"column":37},"end":{"line":6,"column":71}}],"line":6},"4":{"loc":{"start":{"line":7,"column":17},"end":{"line":7,"column":92}},"type":"cond-expr","locations":[{"start":{"line":7,"column":68},"end":{"line":7,"column":87}},{"start":{"line":7,"column":90},"end":{"line":7,"column":92}}],"line":7},"5":{"loc":{"start":{"line":7,"column":17},"end":{"line":7,"column":65}},"type":"binary-expr","locations":[{"start":{"line":7,"column":17},"end":{"line":7,"column":29}},{"start":{"line":7,"column":33},"end":{"line":7,"column":65}}],"line":7},"6":{"loc":{"start":{"line":8,"column":22},"end":{"line":8,"column":112}},"type":"cond-expr","locations":[{"start":{"line":8,"column":83},"end":{"line":8,"column":107}},{"start":{"line":8,"column":110},"end":{"line":8,"column":112}}],"line":8},"7":{"loc":{"start":{"line":8,"column":22},"end":{"line":8,"column":80}},"type":"binary-expr","locations":[{"start":{"line":8,"column":22},"end":{"line":8,"column":39}},{"start":{"line":8,"column":43},"end":{"line":8,"column":80}}],"line":8},"8":{"loc":{"start":{"line":9,"column":17},"end":{"line":9,"column":92}},"type":"cond-expr","locations":[{"start":{"line":9,"column":68},"end":{"line":9,"column":87}},{"start":{"line":9,"column":90},"end":{"line":9,"column":92}}],"line":9},"9":{"loc":{"start":{"line":9,"column":17},"end":{"line":9,"column":65}},"type":"binary-expr","locations":[{"start":{"line":9,"column":17},"end":{"line":9,"column":29}},{"start":{"line":9,"column":33},"end":{"line":9,"column":65}}],"line":9},"10":{"loc":{"start":{"line":11,"column":2},"end":{"line":15,"column":3}},"type":"if","locations":[{"start":{"line":11,"column":2},"end":{"line":15,"column":3}},{"start":{"line":13,"column":9},"end":{"line":15,"column":3}}],"line":11},"11":{"loc":{"start":{"line":13,"column":9},"end":{"line":15,"column":3}},"type":"if","locations":[{"start":{"line":13,"column":9},"end":{"line":15,"column":3}},{"start":{},"end":{}}],"line":13},"12":{"loc":{"start":{"line":13,"column":13},"end":{"line":13,"column":51}},"type":"binary-expr","locations":[{"start":{"line":13,"column":13},"end":{"line":13,"column":29}},{"start":{"line":13,"column":33},"end":{"line":13,"column":51}}],"line":13},"13":{"loc":{"start":{"line":17,"column":2},"end":{"line":21,"column":3}},"type":"if","locations":[{"start":{"line":17,"column":2},"end":{"line":21,"column":3}},{"start":{"line":19,"column":9},"end":{"line":21,"column":3}}],"line":17},"14":{"loc":{"start":{"line":19,"column":9},"end":{"line":21,"column":3}},"type":"if","locations":[{"start":{"line":19,"column":9},"end":{"line":21,"column":3}},{"start":{},"end":{}}],"line":19},"15":{"loc":{"start":{"line":19,"column":13},"end":{"line":19,"column":56}},"type":"binary-expr","locations":[{"start":{"line":19,"column":13},"end":{"line":19,"column":32}},{"start":{"line":19,"column":36},"end":{"line":19,"column":56}}],"line":19},"16":{"loc":{"start":{"line":23,"column":2},"end":{"line":27,"column":3}},"type":"if","locations":[{"start":{"line":23,"column":2},"end":{"line":27,"column":3}},{"start":{"line":25,"column":9},"end":{"line":27,"column":3}}],"line":23},"17":{"loc":{"start":{"line":25,"column":9},"end":{"line":27,"column":3}},"type":"if","locations":[{"start":{"line":25,"column":9},"end":{"line":27,"column":3}},{"start":{},"end":{}}],"line":25},"18":{"loc":{"start":{"line":25,"column":13},"end":{"line":25,"column":52}},"type":"binary-expr","locations":[{"start":{"line":25,"column":13},"end":{"line":25,"column":30}},{"start":{"line":25,"column":34},"end":{"line":25,"column":52}}],"line":25},"19":{"loc":{"start":{"line":29,"column":2},"end":{"line":33,"column":3}},"type":"if","locations":[{"start":{"line":29,"column":2},"end":{"line":33,"column":3}},{"start":{"line":31,"column":9},"end":{"line":33,"column":3}}],"line":29},"20":{"loc":{"start":{"line":31,"column":9},"end":{"line":33,"column":3}},"type":"if","locations":[{"start":{"line":31,"column":9},"end":{"line":33,"column":3}},{"start":{},"end":{}}],"line":31},"21":{"loc":{"start":{"line":35,"column":2},"end":{"line":39,"column":3}},"type":"if","locations":[{"start":{"line":35,"column":2},"end":{"line":39,"column":3}},{"start":{"line":37,"column":9},"end":{"line":39,"column":3}}],"line":35},"22":{"loc":{"start":{"line":37,"column":9},"end":{"line":39,"column":3}},"type":"if","locations":[{"start":{"line":37,"column":9},"end":{"line":39,"column":3}},{"start":{},"end":{}}],"line":37},"23":{"loc":{"start":{"line":41,"column":2},"end":{"line":45,"column":3}},"type":"if","locations":[{"start":{"line":41,"column":2},"end":{"line":45,"column":3}},{"start":{"line":43,"column":9},"end":{"line":45,"column":3}}],"line":41},"24":{"loc":{"start":{"line":43,"column":9},"end":{"line":45,"column":3}},"type":"if","locations":[{"start":{"line":43,"column":9},"end":{"line":45,"column":3}},{"start":{},"end":{}}],"line":43},"25":{"loc":{"start":{"line":43,"column":13},"end":{"line":43,"column":65}},"type":"binary-expr","locations":[{"start":{"line":43,"column":13},"end":{"line":43,"column":36}},{"start":{"line":43,"column":40},"end":{"line":43,"column":65}}],"line":43},"26":{"loc":{"start":{"line":51,"column":31},"end":{"line":51,"column":45}},"type":"binary-expr","locations":[{"start":{"line":51,"column":31},"end":{"line":51,"column":38}},{"start":{"line":51,"column":42},"end":{"line":51,"column":45}}],"line":51},"27":{"loc":{"start":{"line":52,"column":32},"end":{"line":52,"column":47}},"type":"binary-expr","locations":[{"start":{"line":52,"column":32},"end":{"line":52,"column":40}},{"start":{"line":52,"column":44},"end":{"line":52,"column":47}}],"line":52},"28":{"loc":{"start":{"line":55,"column":2},"end":{"line":57,"column":3}},"type":"if","locations":[{"start":{"line":55,"column":2},"end":{"line":57,"column":3}},{"start":{},"end":{}}],"line":55},"29":{"loc":{"start":{"line":55,"column":6},"end":{"line":55,"column":36}},"type":"binary-expr","locations":[{"start":{"line":55,"column":6},"end":{"line":55,"column":24}},{"start":{"line":55,"column":28},"end":{"line":55,"column":36}}],"line":55},"30":{"loc":{"start":{"line":59,"column":2},"end":{"line":61,"column":3}},"type":"if","locations":[{"start":{"line":59,"column":2},"end":{"line":61,"column":3}},{"start":{},"end":{}}],"line":59},"31":{"loc":{"start":{"line":59,"column":6},"end":{"line":59,"column":53}},"type":"binary-expr","locations":[{"start":{"line":59,"column":6},"end":{"line":59,"column":25}},{"start":{"line":59,"column":29},"end":{"line":59,"column":38}},{"start":{"line":59,"column":42},"end":{"line":59,"column":53}}],"line":59}},"s":{"0":2,"1":0,"2":0,"3":0,"4":0,"5":0,"6":0,"7":0,"8":0,"9":0,"10":0,"11":0,"12":0,"13":0,"14":0,"15":0,"16":0,"17":0,"18":0,"19":0,"20":0,"21":0,"22":0,"23":0,"24":0,"25":0,"26":0,"27":0,"28":0,"29":0,"30":0,"31":0,"32":0,"33":0,"34":0,"35":0,"36":0,"37":0,"38":0,"39":0,"40":2},"f":{"0":0,"1":0},"b":{"0":[0,0],"1":[0,0],"2":[0,0],"3":[0,0],"4":[0,0],"5":[0,0],"6":[0,0],"7":[0,0],"8":[0,0],"9":[0,0],"10":[0,0],"11":[0,0],"12":[0,0],"13":[0,0],"14":[0,0],"15":[0,0],"16":[0,0],"17":[0,0],"18":[0,0],"19":[0,0],"20":[0,0],"21":[0,0],"22":[0,0],"23":[0,0],"24":[0,0],"25":[0,0],"26":[0,0],"27":[0,0],"28":[0,0],"29":[0,0],"30":[0,0],"31":[0,0,0]},"_coverageSchema":"1a1c01bbd47fc00a2c39e90264f33305004495a9","hash":"7fc6d1dc7146d07ff64ce6c50da38492148a81cc"}
,"C:\\Users\\Sebi\\Desktop\\portal-lt1\\Web_Portal-LT1\\portal-lt1-backend\\src\\validation\\postValidation.js": {"path":"C:\\Users\\Sebi\\Desktop\\portal-lt1\\Web_Portal-LT1\\portal-lt1-backend\\src\\validation\\postValidation.js","statementMap":{"0":{"start":{"line":2,"column":17},"end":{"line":2,"column":19}},"1":{"start":{"line":3,"column":16},"end":{"line":3,"column":88}},"2":{"start":{"line":4,"column":18},"end":{"line":4,"column":96}},"3":{"start":{"line":5,"column":22},"end":{"line":5,"column":112}},"4":{"start":{"line":6,"column":20},"end":{"line":6,"column":104}},"5":{"start":{"line":7,"column":23},"end":{"line":7,"column":51}},"6":{"start":{"line":9,"column":2},"end":{"line":13,"column":3}},"7":{"start":{"line":10,"column":4},"end":{"line":10,"column":46}},"8":{"start":{"line":11,"column":9},"end":{"line":13,"column":3}},"9":{"start":{"line":12,"column":4},"end":{"line":12,"column":73}},"10":{"start":{"line":15,"column":2},"end":{"line":19,"column":3}},"11":{"start":{"line":16,"column":4},"end":{"line":16,"column":52}},"12":{"start":{"line":17,"column":9},"end":{"line":19,"column":3}},"13":{"start":{"line":18,"column":4},"end":{"line":18,"column":81}},"14":{"start":{"line":21,"column":2},"end":{"line":25,"column":3}},"15":{"start":{"line":22,"column":4},"end":{"line":22,"column":55}},"16":{"start":{"line":23,"column":9},"end":{"line":25,"column":3}},"17":{"start":{"line":24,"column":4},"end":{"line":24,"column":81}},"18":{"start":{"line":27,"column":2},"end":{"line":29,"column":3}},"19":{"start":{"line":28,"column":4},"end":{"line":28,"column":58}},"20":{"start":{"line":31,"column":2},"end":{"line":31,"column":89}},"21":{"start":{"line":34,"column":0},"end":{"line":36,"column":2}}},"fnMap":{"0":{"name":"validatePost","decl":{"start":{"line":1,"column":9},"end":{"line":1,"column":21}},"loc":{"start":{"line":1,"column":29},"end":{"line":32,"column":1}},"line":1}},"branchMap":{"0":{"loc":{"start":{"line":3,"column":16},"end":{"line":3,"column":88}},"type":"cond-expr","locations":[{"start":{"line":3,"column":65},"end":{"line":3,"column":83}},{"start":{"line":3,"column":86},"end":{"line":3,"column":88}}],"line":3},"1":{"loc":{"start":{"line":3,"column":16},"end":{"line":3,"column":62}},"type":"binary-expr","locations":[{"start":{"line":3,"column":16},"end":{"line":3,"column":27}},{"start":{"line":3,"column":31},"end":{"line":3,"column":62}}],"line":3},"2":{"loc":{"start":{"line":4,"column":18},"end":{"line":4,"column":96}},"type":"cond-expr","locations":[{"start":{"line":4,"column":71},"end":{"line":4,"column":91}},{"start":{"line":4,"column":94},"end":{"line":4,"column":96}}],"line":4},"3":{"loc":{"start":{"line":4,"column":18},"end":{"line":4,"column":68}},"type":"binary-expr","locations":[{"start":{"line":4,"column":18},"end":{"line":4,"column":31}},{"start":{"line":4,"column":35},"end":{"line":4,"column":68}}],"line":4},"4":{"loc":{"start":{"line":5,"column":22},"end":{"line":5,"column":112}},"type":"cond-expr","locations":[{"start":{"line":5,"column":83},"end":{"line":5,"column":107}},{"start":{"line":5,"column":110},"end":{"line":5,"column":112}}],"line":5},"5":{"loc":{"start":{"line":5,"column":22},"end":{"line":5,"column":80}},"type":"binary-expr","locations":[{"start":{"line":5,"column":22},"end":{"line":5,"column":39}},{"start":{"line":5,"column":43},"end":{"line":5,"column":80}}],"line":5},"6":{"loc":{"start":{"line":6,"column":20},"end":{"line":6,"column":104}},"type":"cond-expr","locations":[{"start":{"line":6,"column":77},"end":{"line":6,"column":99}},{"start":{"line":6,"column":102},"end":{"line":6,"column":104}}],"line":6},"7":{"loc":{"start":{"line":6,"column":20},"end":{"line":6,"column":74}},"type":"binary-expr","locations":[{"start":{"line":6,"column":20},"end":{"line":6,"column":35}},{"start":{"line":6,"column":39},"end":{"line":6,"column":74}}],"line":6},"8":{"loc":{"start":{"line":9,"column":2},"end":{"line":13,"column":3}},"type":"if","locations":[{"start":{"line":9,"column":2},"end":{"line":13,"column":3}},{"start":{"line":11,"column":9},"end":{"line":13,"column":3}}],"line":9},"9":{"loc":{"start":{"line":11,"column":9},"end":{"line":13,"column":3}},"type":"if","locations":[{"start":{"line":11,"column":9},"end":{"line":13,"column":3}},{"start":{},"end":{}}],"line":11},"10":{"loc":{"start":{"line":11,"column":13},"end":{"line":11,"column":51}},"type":"binary-expr","locations":[{"start":{"line":11,"column":13},"end":{"line":11,"column":29}},{"start":{"line":11,"column":33},"end":{"line":11,"column":51}}],"line":11},"11":{"loc":{"start":{"line":15,"column":2},"end":{"line":19,"column":3}},"type":"if","locations":[{"start":{"line":15,"column":2},"end":{"line":19,"column":3}},{"start":{"line":17,"column":9},"end":{"line":19,"column":3}}],"line":15},"12":{"loc":{"start":{"line":17,"column":9},"end":{"line":19,"column":3}},"type":"if","locations":[{"start":{"line":17,"column":9},"end":{"line":19,"column":3}},{"start":{},"end":{}}],"line":17},"13":{"loc":{"start":{"line":17,"column":13},"end":{"line":17,"column":57}},"type":"binary-expr","locations":[{"start":{"line":17,"column":13},"end":{"line":17,"column":32}},{"start":{"line":17,"column":36},"end":{"line":17,"column":57}}],"line":17},"14":{"loc":{"start":{"line":21,"column":2},"end":{"line":25,"column":3}},"type":"if","locations":[{"start":{"line":21,"column":2},"end":{"line":25,"column":3}},{"start":{"line":23,"column":9},"end":{"line":25,"column":3}}],"line":21},"15":{"loc":{"start":{"line":23,"column":9},"end":{"line":25,"column":3}},"type":"if","locations":[{"start":{"line":23,"column":9},"end":{"line":25,"column":3}},{"start":{},"end":{}}],"line":23},"16":{"loc":{"start":{"line":23,"column":13},"end":{"line":23,"column":62}},"type":"binary-expr","locations":[{"start":{"line":23,"column":13},"end":{"line":23,"column":35}},{"start":{"line":23,"column":39},"end":{"line":23,"column":62}}],"line":23},"17":{"loc":{"start":{"line":27,"column":2},"end":{"line":29,"column":3}},"type":"if","locations":[{"start":{"line":27,"column":2},"end":{"line":29,"column":3}},{"start":{},"end":{}}],"line":27},"18":{"loc":{"start":{"line":27,"column":6},"end":{"line":27,"column":41}},"type":"binary-expr","locations":[{"start":{"line":27,"column":6},"end":{"line":27,"column":15}},{"start":{"line":27,"column":19},"end":{"line":27,"column":41}}],"line":27}},"s":{"0":0,"1":0,"2":0,"3":0,"4":0,"5":0,"6":0,"7":0,"8":0,"9":0,"10":0,"11":0,"12":0,"13":0,"14":0,"15":0,"16":0,"17":0,"18":0,"19":0,"20":0,"21":2},"f":{"0":0},"b":{"0":[0,0],"1":[0,0],"2":[0,0],"3":[0,0],"4":[0,0],"5":[0,0],"6":[0,0],"7":[0,0],"8":[0,0],"9":[0,0],"10":[0,0],"11":[0,0],"12":[0,0],"13":[0,0],"14":[0,0],"15":[0,0],"16":[0,0],"17":[0,0],"18":[0,0]},"_coverageSchema":"1a1c01bbd47fc00a2c39e90264f33305004495a9","hash":"c1408012ea227c8ddb275edf4d064ac8865e17ae"}
}
