{"C:\\Users\\Sebi\\Desktop\\portal-lt1\\Web_Portal-LT1\\portal-lt1-backend\\src\\app.js": {"path":"C:\\Users\\Sebi\\Desktop\\portal-lt1\\Web_Portal-LT1\\portal-lt1-backend\\src\\app.js","statementMap":{"0":{"start":{"line":1,"column":14},"end":{"line":1,"column":32}},"1":{"start":{"line":2,"column":19},"end":{"line":2,"column":43}},"2":{"start":{"line":3,"column":13},"end":{"line":3,"column":30}},"3":{"start":{"line":5,"column":10},"end":{"line":5,"column":19}},"4":{"start":{"line":6,"column":22},"end":{"line":6,"column":51}},"5":{"start":{"line":7,"column":23},"end":{"line":7,"column":53}},"6":{"start":{"line":8,"column":17},"end":{"line":8,"column":41}},"7":{"start":{"line":9,"column":18},"end":{"line":9,"column":43}},"8":{"start":{"line":10,"column":18},"end":{"line":10,"column":43}},"9":{"start":{"line":11,"column":20},"end":{"line":11,"column":47}},"10":{"start":{"line":12,"column":31},"end":{"line":12,"column":69}},"11":{"start":{"line":13,"column":18},"end":{"line":13,"column":43}},"12":{"start":{"line":14,"column":17},"end":{"line":14,"column":41}},"13":{"start":{"line":16,"column":0},"end":{"line":16,"column":23}},"14":{"start":{"line":19,"column":0},"end":{"line":45,"column":3}},"15":{"start":{"line":20,"column":15},"end":{"line":20,"column":33}},"16":{"start":{"line":21,"column":16},"end":{"line":26,"column":20}},"17":{"start":{"line":24,"column":6},"end":{"line":24,"column":26}},"18":{"start":{"line":29,"column":4},"end":{"line":31,"column":87}},"19":{"start":{"line":33,"column":2},"end":{"line":36,"column":3}},"20":{"start":{"line":34,"column":4},"end":{"line":34,"column":57}},"21":{"start":{"line":35,"column":4},"end":{"line":35,"column":36}},"22":{"start":{"line":37,"column":2},"end":{"line":37,"column":79}},"23":{"start":{"line":38,"column":2},"end":{"line":38,"column":79}},"24":{"start":{"line":39,"column":2},"end":{"line":39,"column":60}},"25":{"start":{"line":41,"column":2},"end":{"line":43,"column":3}},"26":{"start":{"line":42,"column":4},"end":{"line":42,"column":34}},"27":{"start":{"line":44,"column":2},"end":{"line":44,"column":16}},"28":{"start":{"line":47,"column":0},"end":{"line":47,"column":24}},"29":{"start":{"line":48,"column":0},"end":{"line":48,"column":49}},"30":{"start":{"line":49,"column":0},"end":{"line":49,"column":24}},"31":{"start":{"line":51,"column":0},"end":{"line":53,"column":3}},"32":{"start":{"line":52,"column":2},"end":{"line":52,"column":29}},"33":{"start":{"line":55,"column":0},"end":{"line":55,"column":43}},"34":{"start":{"line":56,"column":0},"end":{"line":56,"column":62}},"35":{"start":{"line":57,"column":0},"end":{"line":57,"column":45}},"36":{"start":{"line":58,"column":0},"end":{"line":58,"column":33}},"37":{"start":{"line":59,"column":0},"end":{"line":59,"column":35}},"38":{"start":{"line":60,"column":0},"end":{"line":60,"column":35}},"39":{"start":{"line":61,"column":0},"end":{"line":61,"column":39}},"40":{"start":{"line":62,"column":0},"end":{"line":62,"column":35}},"41":{"start":{"line":63,"column":0},"end":{"line":63,"column":33}},"42":{"start":{"line":65,"column":0},"end":{"line":69,"column":3}},"43":{"start":{"line":66,"column":2},"end":{"line":68,"column":5}},"44":{"start":{"line":71,"column":0},"end":{"line":74,"column":3}},"45":{"start":{"line":72,"column":2},"end":{"line":72,"column":21}},"46":{"start":{"line":73,"column":2},"end":{"line":73,"column":65}},"47":{"start":{"line":76,"column":0},"end":{"line":76,"column":21}}},"fnMap":{"0":{"name":"(anonymous_0)","decl":{"start":{"line":19,"column":8},"end":{"line":19,"column":9}},"loc":{"start":{"line":19,"column":34},"end":{"line":45,"column":1}},"line":19},"1":{"name":"(anonymous_1)","decl":{"start":{"line":23,"column":9},"end":{"line":23,"column":10}},"loc":{"start":{"line":23,"column":26},"end":{"line":25,"column":5}},"line":23},"2":{"name":"(anonymous_2)","decl":{"start":{"line":51,"column":19},"end":{"line":51,"column":20}},"loc":{"start":{"line":51,"column":39},"end":{"line":53,"column":1}},"line":51},"3":{"name":"(anonymous_3)","decl":{"start":{"line":65,"column":8},"end":{"line":65,"column":9}},"loc":{"start":{"line":65,"column":28},"end":{"line":69,"column":1}},"line":65},"4":{"name":"(anonymous_4)","decl":{"start":{"line":71,"column":8},"end":{"line":71,"column":9}},"loc":{"start":{"line":71,"column":39},"end":{"line":74,"column":1}},"line":71}},"branchMap":{"0":{"loc":{"start":{"line":21,"column":17},"end":{"line":21,"column":93}},"type":"binary-expr","locations":[{"start":{"line":21,"column":17},"end":{"line":21,"column":44}},{"start":{"line":21,"column":48},"end":{"line":21,"column":93}}],"line":21},"1":{"loc":{"start":{"line":29,"column":4},"end":{"line":31,"column":87}},"type":"binary-expr","locations":[{"start":{"line":29,"column":4},"end":{"line":29,"column":10}},{"start":{"line":30,"column":4},"end":{"line":30,"column":28}},{"start":{"line":31,"column":4},"end":{"line":31,"column":87}}],"line":29},"2":{"loc":{"start":{"line":33,"column":2},"end":{"line":36,"column":3}},"type":"if","locations":[{"start":{"line":33,"column":2},"end":{"line":36,"column":3}},{"start":{},"end":{}}],"line":33},"3":{"loc":{"start":{"line":33,"column":6},"end":{"line":33,"column":60}},"type":"binary-expr","locations":[{"start":{"line":33,"column":6},"end":{"line":33,"column":12}},{"start":{"line":33,"column":17},"end":{"line":33,"column":41}},{"start":{"line":33,"column":45},"end":{"line":33,"column":59}}],"line":33},"4":{"loc":{"start":{"line":41,"column":2},"end":{"line":43,"column":3}},"type":"if","locations":[{"start":{"line":41,"column":2},"end":{"line":43,"column":3}},{"start":{},"end":{}}],"line":41}},"s":{"0":5,"1":5,"2":5,"3":5,"4":5,"5":5,"6":5,"7":5,"8":5,"9":5,"10":5,"11":5,"12":5,"13":5,"14":5,"15":73,"16":73,"17":292,"18":73,"19":73,"20":0,"21":0,"22":73,"23":73,"24":73,"25":73,"26":0,"27":73,"28":5,"29":5,"30":5,"31":5,"32":0,"33":5,"34":5,"35":5,"36":5,"37":5,"38":5,"39":5,"40":5,"41":5,"42":5,"43":0,"44":5,"45":0,"46":0,"47":5},"f":{"0":73,"1":292,"2":0,"3":0,"4":0},"b":{"0":[73,0],"1":[73,0,0],"2":[0,73],"3":[73,0,0],"4":[0,73]},"_coverageSchema":"1a1c01bbd47fc00a2c39e90264f33305004495a9","hash":"464c21a0a050d22b9621b0723370fb19a78e0932"}
,"C:\\Users\\Sebi\\Desktop\\portal-lt1\\Web_Portal-LT1\\portal-lt1-backend\\src\\auth\\password.js": {"path":"C:\\Users\\Sebi\\Desktop\\portal-lt1\\Web_Portal-LT1\\portal-lt1-backend\\src\\auth\\password.js","statementMap":{"0":{"start":{"line":1,"column":15},"end":{"line":1,"column":34}},"1":{"start":{"line":3,"column":15},"end":{"line":3,"column":17}},"2":{"start":{"line":6,"column":2},"end":{"line":6,"column":36}},"3":{"start":{"line":10,"column":2},"end":{"line":10,"column":26}},"4":{"start":{"line":10,"column":13},"end":{"line":10,"column":26}},"5":{"start":{"line":11,"column":2},"end":{"line":13,"column":3}},"6":{"start":{"line":12,"column":4},"end":{"line":12,"column":26}},"7":{"start":{"line":14,"column":2},"end":{"line":14,"column":37}},"8":{"start":{"line":17,"column":0},"end":{"line":20,"column":2}}},"fnMap":{"0":{"name":"hashPassword","decl":{"start":{"line":5,"column":15},"end":{"line":5,"column":27}},"loc":{"start":{"line":5,"column":35},"end":{"line":7,"column":1}},"line":5},"1":{"name":"verifyPassword","decl":{"start":{"line":9,"column":15},"end":{"line":9,"column":29}},"loc":{"start":{"line":9,"column":43},"end":{"line":15,"column":1}},"line":9}},"branchMap":{"0":{"loc":{"start":{"line":10,"column":2},"end":{"line":10,"column":26}},"type":"if","locations":[{"start":{"line":10,"column":2},"end":{"line":10,"column":26}},{"start":{},"end":{}}],"line":10},"1":{"loc":{"start":{"line":11,"column":2},"end":{"line":13,"column":3}},"type":"if","locations":[{"start":{"line":11,"column":2},"end":{"line":13,"column":3}},{"start":{},"end":{}}],"line":11}},"s":{"0":5,"1":5,"2":3,"3":19,"4":0,"5":19,"6":0,"7":19,"8":5},"f":{"0":3,"1":19},"b":{"0":[0,19],"1":[0,19]},"_coverageSchema":"1a1c01bbd47fc00a2c39e90264f33305004495a9","hash":"0eafca7af6b984f4e4da055ab0a911c63bd2aa29"}
,"C:\\Users\\Sebi\\Desktop\\portal-lt1\\Web_Portal-LT1\\portal-lt1-backend\\src\\auth\\sessionService.js": {"path":"C:\\Users\\Sebi\\Desktop\\portal-lt1\\Web_Portal-LT1\\portal-lt1-backend\\src\\auth\\sessionService.js","statementMap":{"0":{"start":{"line":1,"column":19},"end":{"line":1,"column":42}},"1":{"start":{"line":2,"column":41},"end":{"line":2,"column":62}},"2":{"start":{"line":9,"column":4},"end":{"line":9,"column":27}},"3":{"start":{"line":11,"column":19},"end":{"line":11,"column":33}},"4":{"start":{"line":12,"column":21},"end":{"line":12,"column":35}},"5":{"start":{"line":13,"column":23},"end":{"line":13,"column":46}},"6":{"start":{"line":16,"column":19},"end":{"line":16,"column":52}},"7":{"start":{"line":17,"column":2},"end":{"line":20,"column":5}},"8":{"start":{"line":24,"column":15},"end":{"line":24,"column":32}},"9":{"start":{"line":25,"column":13},"end":{"line":25,"column":30}},"10":{"start":{"line":26,"column":20},"end":{"line":26,"column":53}},"11":{"start":{"line":28,"column":2},"end":{"line":36,"column":5}},"12":{"start":{"line":38,"column":18},"end":{"line":42,"column":3}},"13":{"start":{"line":44,"column":2},"end":{"line":48,"column":3}},"14":{"start":{"line":45,"column":4},"end":{"line":45,"column":27}},"15":{"start":{"line":47,"column":4},"end":{"line":47,"column":67}},"16":{"start":{"line":50,"column":2},"end":{"line":50,"column":17}},"17":{"start":{"line":54,"column":20},"end":{"line":56,"column":4}},"18":{"start":{"line":58,"column":2},"end":{"line":60,"column":3}},"19":{"start":{"line":59,"column":4},"end":{"line":59,"column":49}},"20":{"start":{"line":62,"column":2},"end":{"line":64,"column":3}},"21":{"start":{"line":63,"column":4},"end":{"line":63,"column":68}},"22":{"start":{"line":66,"column":2},"end":{"line":68,"column":3}},"23":{"start":{"line":67,"column":4},"end":{"line":67,"column":52}},"24":{"start":{"line":70,"column":2},"end":{"line":73,"column":5}},"25":{"start":{"line":75,"column":2},"end":{"line":75,"column":38}},"26":{"start":{"line":79,"column":16},"end":{"line":79,"column":36}},"27":{"start":{"line":80,"column":13},"end":{"line":80,"column":30}},"28":{"start":{"line":81,"column":20},"end":{"line":81,"column":55}},"29":{"start":{"line":83,"column":2},"end":{"line":91,"column":5}},"30":{"start":{"line":93,"column":18},"end":{"line":97,"column":3}},"31":{"start":{"line":99,"column":2},"end":{"line":103,"column":3}},"32":{"start":{"line":100,"column":4},"end":{"line":100,"column":33}},"33":{"start":{"line":102,"column":4},"end":{"line":102,"column":71}},"34":{"start":{"line":105,"column":2},"end":{"line":105,"column":17}},"35":{"start":{"line":109,"column":20},"end":{"line":111,"column":4}},"36":{"start":{"line":113,"column":2},"end":{"line":115,"column":3}},"37":{"start":{"line":114,"column":4},"end":{"line":114,"column":67}},"38":{"start":{"line":117,"column":2},"end":{"line":119,"column":3}},"39":{"start":{"line":118,"column":4},"end":{"line":118,"column":54}},"40":{"start":{"line":121,"column":2},"end":{"line":123,"column":3}},"41":{"start":{"line":122,"column":4},"end":{"line":122,"column":51}},"42":{"start":{"line":125,"column":2},"end":{"line":128,"column":5}},"43":{"start":{"line":130,"column":2},"end":{"line":130,"column":58}},"44":{"start":{"line":131,"column":2},"end":{"line":131,"column":48}},"45":{"start":{"line":133,"column":2},"end":{"line":133,"column":38}},"46":{"start":{"line":137,"column":23},"end":{"line":137,"column":66}},"47":{"start":{"line":138,"column":13},"end":{"line":138,"column":30}},"48":{"start":{"line":139,"column":20},"end":{"line":139,"column":57}},"49":{"start":{"line":141,"column":2},"end":{"line":148,"column":5}},"50":{"start":{"line":150,"column":2},"end":{"line":150,"column":52}},"51":{"start":{"line":154,"column":15},"end":{"line":154,"column":39}},"52":{"start":{"line":155,"column":18},"end":{"line":161,"column":4}},"53":{"start":{"line":162,"column":2},"end":{"line":162,"column":17}},"54":{"start":{"line":166,"column":2},"end":{"line":169,"column":5}},"55":{"start":{"line":173,"column":18},"end":{"line":173,"column":54}},"56":{"start":{"line":174,"column":2},"end":{"line":174,"column":29}},"57":{"start":{"line":174,"column":16},"end":{"line":174,"column":29}},"58":{"start":{"line":176,"column":2},"end":{"line":179,"column":5}},"59":{"start":{"line":180,"column":2},"end":{"line":180,"column":14}},"60":{"start":{"line":184,"column":2},"end":{"line":187,"column":5}},"61":{"start":{"line":190,"column":0},"end":{"line":204,"column":2}}},"fnMap":{"0":{"name":"updateUserPassword","decl":{"start":{"line":15,"column":15},"end":{"line":15,"column":33}},"loc":{"start":{"line":15,"column":57},"end":{"line":21,"column":1}},"line":15},"1":{"name":"createLoginChallenge","decl":{"start":{"line":23,"column":15},"end":{"line":23,"column":35}},"loc":{"start":{"line":23,"column":44},"end":{"line":51,"column":1}},"line":23},"2":{"name":"verifyLoginChallenge","decl":{"start":{"line":53,"column":15},"end":{"line":53,"column":35}},"loc":{"start":{"line":53,"column":55},"end":{"line":76,"column":1}},"line":53},"3":{"name":"createPasswordResetChallenge","decl":{"start":{"line":78,"column":15},"end":{"line":78,"column":43}},"loc":{"start":{"line":78,"column":52},"end":{"line":106,"column":1}},"line":78},"4":{"name":"verifyPasswordReset","decl":{"start":{"line":108,"column":15},"end":{"line":108,"column":34}},"loc":{"start":{"line":108,"column":69},"end":{"line":134,"column":1}},"line":108},"5":{"name":"createUserSession","decl":{"start":{"line":136,"column":15},"end":{"line":136,"column":32}},"loc":{"start":{"line":136,"column":41},"end":{"line":151,"column":1}},"line":136},"6":{"name":"findValidSession","decl":{"start":{"line":153,"column":15},"end":{"line":153,"column":31}},"loc":{"start":{"line":153,"column":46},"end":{"line":163,"column":1}},"line":153},"7":{"name":"touchSession","decl":{"start":{"line":165,"column":15},"end":{"line":165,"column":27}},"loc":{"start":{"line":165,"column":39},"end":{"line":170,"column":1}},"line":165},"8":{"name":"revokeSession","decl":{"start":{"line":172,"column":15},"end":{"line":172,"column":28}},"loc":{"start":{"line":172,"column":43},"end":{"line":181,"column":1}},"line":172},"9":{"name":"revokeAllUserSessions","decl":{"start":{"line":183,"column":15},"end":{"line":183,"column":36}},"loc":{"start":{"line":183,"column":45},"end":{"line":188,"column":1}},"line":183}},"branchMap":{"0":{"loc":{"start":{"line":44,"column":2},"end":{"line":48,"column":3}},"type":"if","locations":[{"start":{"line":44,"column":2},"end":{"line":48,"column":3}},{"start":{"line":46,"column":9},"end":{"line":48,"column":3}}],"line":44},"1":{"loc":{"start":{"line":58,"column":2},"end":{"line":60,"column":3}},"type":"if","locations":[{"start":{"line":58,"column":2},"end":{"line":60,"column":3}},{"start":{},"end":{}}],"line":58},"2":{"loc":{"start":{"line":58,"column":6},"end":{"line":58,"column":73}},"type":"binary-expr","locations":[{"start":{"line":58,"column":6},"end":{"line":58,"column":16}},{"start":{"line":58,"column":20},"end":{"line":58,"column":53}},{"start":{"line":58,"column":57},"end":{"line":58,"column":73}}],"line":58},"3":{"loc":{"start":{"line":62,"column":2},"end":{"line":64,"column":3}},"type":"if","locations":[{"start":{"line":62,"column":2},"end":{"line":64,"column":3}},{"start":{},"end":{}}],"line":62},"4":{"loc":{"start":{"line":66,"column":2},"end":{"line":68,"column":3}},"type":"if","locations":[{"start":{"line":66,"column":2},"end":{"line":68,"column":3}},{"start":{},"end":{}}],"line":66},"5":{"loc":{"start":{"line":99,"column":2},"end":{"line":103,"column":3}},"type":"if","locations":[{"start":{"line":99,"column":2},"end":{"line":103,"column":3}},{"start":{"line":101,"column":9},"end":{"line":103,"column":3}}],"line":99},"6":{"loc":{"start":{"line":113,"column":2},"end":{"line":115,"column":3}},"type":"if","locations":[{"start":{"line":113,"column":2},"end":{"line":115,"column":3}},{"start":{},"end":{}}],"line":113},"7":{"loc":{"start":{"line":113,"column":6},"end":{"line":113,"column":78}},"type":"binary-expr","locations":[{"start":{"line":113,"column":6},"end":{"line":113,"column":16}},{"start":{"line":113,"column":20},"end":{"line":113,"column":58}},{"start":{"line":113,"column":62},"end":{"line":113,"column":78}}],"line":113},"8":{"loc":{"start":{"line":117,"column":2},"end":{"line":119,"column":3}},"type":"if","locations":[{"start":{"line":117,"column":2},"end":{"line":119,"column":3}},{"start":{},"end":{}}],"line":117},"9":{"loc":{"start":{"line":121,"column":2},"end":{"line":123,"column":3}},"type":"if","locations":[{"start":{"line":121,"column":2},"end":{"line":123,"column":3}},{"start":{},"end":{}}],"line":121},"10":{"loc":{"start":{"line":174,"column":2},"end":{"line":174,"column":29}},"type":"if","locations":[{"start":{"line":174,"column":2},"end":{"line":174,"column":29}},{"start":{},"end":{}}],"line":174}},"s":{"0":5,"1":5,"2":5,"3":5,"4":5,"5":5,"6":1,"7":1,"8":17,"9":17,"10":17,"11":17,"12":17,"13":17,"14":17,"15":0,"16":17,"17":17,"18":17,"19":0,"20":17,"21":0,"22":17,"23":0,"24":17,"25":17,"26":1,"27":1,"28":1,"29":1,"30":1,"31":1,"32":1,"33":0,"34":1,"35":1,"36":1,"37":0,"38":1,"39":0,"40":1,"41":0,"42":1,"43":1,"44":1,"45":1,"46":19,"47":19,"48":19,"49":19,"50":19,"51":3,"52":3,"53":3,"54":1,"55":1,"56":1,"57":0,"58":1,"59":1,"60":1,"61":5},"f":{"0":1,"1":17,"2":17,"3":1,"4":1,"5":19,"6":3,"7":1,"8":1,"9":1},"b":{"0":[17,0],"1":[0,17],"2":[17,17,17],"3":[0,17],"4":[0,17],"5":[1,0],"6":[0,1],"7":[1,1,1],"8":[0,1],"9":[0,1],"10":[0,1]},"_coverageSchema":"1a1c01bbd47fc00a2c39e90264f33305004495a9","hash":"d78ffb6c89110d5c20d1bdfedd69a3de6d931f9c"}
,"C:\\Users\\Sebi\\Desktop\\portal-lt1\\Web_Portal-LT1\\portal-lt1-backend\\src\\auth\\tokenUtils.js": {"path":"C:\\Users\\Sebi\\Desktop\\portal-lt1\\Web_Portal-LT1\\portal-lt1-backend\\src\\auth\\tokenUtils.js","statementMap":{"0":{"start":{"line":1,"column":15},"end":{"line":1,"column":32}},"1":{"start":{"line":4,"column":2},"end":{"line":4,"column":73}},"2":{"start":{"line":8,"column":2},"end":{"line":8,"column":63}},"3":{"start":{"line":12,"column":2},"end":{"line":12,"column":61}},"4":{"start":{"line":16,"column":2},"end":{"line":16,"column":48}},"5":{"start":{"line":20,"column":2},"end":{"line":20,"column":89}},"6":{"start":{"line":23,"column":0},"end":{"line":29,"column":2}}},"fnMap":{"0":{"name":"hashSecret","decl":{"start":{"line":3,"column":9},"end":{"line":3,"column":19}},"loc":{"start":{"line":3,"column":27},"end":{"line":5,"column":1}},"line":3},"1":{"name":"generateId","decl":{"start":{"line":7,"column":9},"end":{"line":7,"column":19}},"loc":{"start":{"line":7,"column":28},"end":{"line":9,"column":1}},"line":7},"2":{"name":"generateOtpCode","decl":{"start":{"line":11,"column":9},"end":{"line":11,"column":24}},"loc":{"start":{"line":11,"column":27},"end":{"line":13,"column":1}},"line":11},"3":{"name":"generateResetToken","decl":{"start":{"line":15,"column":9},"end":{"line":15,"column":27}},"loc":{"start":{"line":15,"column":30},"end":{"line":17,"column":1}},"line":15},"4":{"name":"shouldExposeDevCodes","decl":{"start":{"line":19,"column":9},"end":{"line":19,"column":29}},"loc":{"start":{"line":19,"column":32},"end":{"line":21,"column":1}},"line":19}},"branchMap":{"0":{"loc":{"start":{"line":20,"column":9},"end":{"line":20,"column":88}},"type":"binary-expr","locations":[{"start":{"line":20,"column":9},"end":{"line":20,"column":40}},{"start":{"line":20,"column":44},"end":{"line":20,"column":88}}],"line":20}},"s":{"0":5,"1":58,"2":37,"3":17,"4":39,"5":18,"6":5},"f":{"0":58,"1":37,"2":17,"3":39,"4":18},"b":{"0":[18,0]},"_coverageSchema":"1a1c01bbd47fc00a2c39e90264f33305004495a9","hash":"683728a49cb10887d42223ed7b8b23e3f9fc30c8"}
,"C:\\Users\\Sebi\\Desktop\\portal-lt1\\Web_Portal-LT1\\portal-lt1-backend\\src\\chat\\chatStore.js": {"path":"C:\\Users\\Sebi\\Desktop\\portal-lt1\\Web_Portal-LT1\\portal-lt1-backend\\src\\chat\\chatStore.js","statementMap":{"0":{"start":{"line":1,"column":30},"end":{"line":1,"column":54}},"1":{"start":{"line":3,"column":21},"end":{"line":3,"column":30}},"2":{"start":{"line":4,"column":22},"end":{"line":4,"column":24}},"3":{"start":{"line":7,"column":21},"end":{"line":7,"column":46}},"4":{"start":{"line":8,"column":19},"end":{"line":15,"column":3}},"5":{"start":{"line":17,"column":17},"end":{"line":17,"column":53}},"6":{"start":{"line":19,"column":2},"end":{"line":27,"column":4}},"7":{"start":{"line":31,"column":21},"end":{"line":31,"column":46}},"8":{"start":{"line":32,"column":15},"end":{"line":36,"column":14}},"9":{"start":{"line":38,"column":2},"end":{"line":48,"column":8}},"10":{"start":{"line":40,"column":19},"end":{"line":48,"column":5}},"11":{"start":{"line":51,"column":0},"end":{"line":56,"column":2}}},"fnMap":{"0":{"name":"saveMessage","decl":{"start":{"line":6,"column":15},"end":{"line":6,"column":26}},"loc":{"start":{"line":6,"column":36},"end":{"line":28,"column":1}},"line":6},"1":{"name":"listRecentMessages","decl":{"start":{"line":30,"column":15},"end":{"line":30,"column":33}},"loc":{"start":{"line":30,"column":78},"end":{"line":49,"column":1}},"line":30},"2":{"name":"(anonymous_2)","decl":{"start":{"line":40,"column":9},"end":{"line":40,"column":10}},"loc":{"start":{"line":40,"column":19},"end":{"line":48,"column":5}},"line":40}},"branchMap":{"0":{"loc":{"start":{"line":9,"column":10},"end":{"line":9,"column":38}},"type":"binary-expr","locations":[{"start":{"line":9,"column":10},"end":{"line":9,"column":22}},{"start":{"line":9,"column":26},"end":{"line":9,"column":38}}],"line":9},"1":{"loc":{"start":{"line":12,"column":10},"end":{"line":12,"column":32}},"type":"binary-expr","locations":[{"start":{"line":12,"column":10},"end":{"line":12,"column":22}},{"start":{"line":12,"column":26},"end":{"line":12,"column":32}}],"line":12},"2":{"loc":{"start":{"line":30,"column":34},"end":{"line":30,"column":53}},"type":"default-arg","locations":[{"start":{"line":30,"column":41},"end":{"line":30,"column":53}}],"line":30},"3":{"loc":{"start":{"line":30,"column":55},"end":{"line":30,"column":76}},"type":"default-arg","locations":[{"start":{"line":30,"column":63},"end":{"line":30,"column":76}}],"line":30}},"s":{"0":5,"1":5,"2":5,"3":1,"4":1,"5":1,"6":1,"7":3,"8":3,"9":3,"10":1,"11":5},"f":{"0":1,"1":3,"2":1},"b":{"0":[1,1],"1":[1,0],"2":[3],"3":[3]},"_coverageSchema":"1a1c01bbd47fc00a2c39e90264f33305004495a9","hash":"388dc63f9ce6e6487f06f2952254bc8e9578b9a1"}
,"C:\\Users\\Sebi\\Desktop\\portal-lt1\\Web_Portal-LT1\\portal-lt1-backend\\src\\chat\\mongoClient.js": {"path":"C:\\Users\\Sebi\\Desktop\\portal-lt1\\Web_Portal-LT1\\portal-lt1-backend\\src\\chat\\mongoClient.js","statementMap":{"0":{"start":{"line":1,"column":24},"end":{"line":1,"column":42}},"1":{"start":{"line":7,"column":2},"end":{"line":7,"column":20}},"2":{"start":{"line":7,"column":10},"end":{"line":7,"column":20}},"3":{"start":{"line":9,"column":14},"end":{"line":9,"column":68}},"4":{"start":{"line":10,"column":17},"end":{"line":10,"column":60}},"5":{"start":{"line":12,"column":2},"end":{"line":12,"column":32}},"6":{"start":{"line":13,"column":2},"end":{"line":13,"column":25}},"7":{"start":{"line":14,"column":2},"end":{"line":14,"column":25}},"8":{"start":{"line":15,"column":2},"end":{"line":15,"column":12}},"9":{"start":{"line":19,"column":19},"end":{"line":19,"column":39}},"10":{"start":{"line":20,"column":21},"end":{"line":20,"column":52}},"11":{"start":{"line":21,"column":2},"end":{"line":21,"column":47}},"12":{"start":{"line":22,"column":2},"end":{"line":22,"column":20}},"13":{"start":{"line":26,"column":2},"end":{"line":30,"column":3}},"14":{"start":{"line":27,"column":4},"end":{"line":27,"column":25}},"15":{"start":{"line":28,"column":4},"end":{"line":28,"column":18}},"16":{"start":{"line":29,"column":4},"end":{"line":29,"column":14}},"17":{"start":{"line":33,"column":0},"end":{"line":37,"column":2}}},"fnMap":{"0":{"name":"connectMongo","decl":{"start":{"line":6,"column":15},"end":{"line":6,"column":27}},"loc":{"start":{"line":6,"column":30},"end":{"line":16,"column":1}},"line":6},"1":{"name":"getChatCollection","decl":{"start":{"line":18,"column":15},"end":{"line":18,"column":32}},"loc":{"start":{"line":18,"column":35},"end":{"line":23,"column":1}},"line":18},"2":{"name":"closeMongo","decl":{"start":{"line":25,"column":15},"end":{"line":25,"column":25}},"loc":{"start":{"line":25,"column":28},"end":{"line":31,"column":1}},"line":25}},"branchMap":{"0":{"loc":{"start":{"line":7,"column":2},"end":{"line":7,"column":20}},"type":"if","locations":[{"start":{"line":7,"column":2},"end":{"line":7,"column":20}},{"start":{},"end":{}}],"line":7},"1":{"loc":{"start":{"line":9,"column":14},"end":{"line":9,"column":68}},"type":"binary-expr","locations":[{"start":{"line":9,"column":14},"end":{"line":9,"column":37}},{"start":{"line":9,"column":41},"end":{"line":9,"column":68}}],"line":9},"2":{"loc":{"start":{"line":10,"column":17},"end":{"line":10,"column":60}},"type":"binary-expr","locations":[{"start":{"line":10,"column":17},"end":{"line":10,"column":39}},{"start":{"line":10,"column":43},"end":{"line":10,"column":60}}],"line":10},"3":{"loc":{"start":{"line":26,"column":2},"end":{"line":30,"column":3}},"type":"if","locations":[{"start":{"line":26,"column":2},"end":{"line":30,"column":3}},{"start":{},"end":{}}],"line":26}},"s":{"0":5,"1":4,"2":2,"3":2,"4":2,"5":2,"6":2,"7":2,"8":2,"9":4,"10":4,"11":4,"12":4,"13":0,"14":0,"15":0,"16":0,"17":5},"f":{"0":4,"1":4,"2":0},"b":{"0":[2,2],"1":[2,0],"2":[2,0],"3":[0,0]},"_coverageSchema":"1a1c01bbd47fc00a2c39e90264f33305004495a9","hash":"611c3f54188392aafc6e985a6bf19f14ef60955c"}
,"C:\\Users\\Sebi\\Desktop\\portal-lt1\\Web_Portal-LT1\\portal-lt1-backend\\src\\chat\\wsChat.js": {"path":"C:\\Users\\Sebi\\Desktop\\portal-lt1\\Web_Portal-LT1\\portal-lt1-backend\\src\\chat\\wsChat.js","statementMap":{"0":{"start":{"line":1,"column":12},"end":{"line":1,"column":35}},"1":{"start":{"line":2,"column":12},"end":{"line":2,"column":40}},"2":{"start":{"line":3,"column":18},"end":{"line":3,"column":40}},"3":{"start":{"line":4,"column":14},"end":{"line":4,"column":44}},"4":{"start":{"line":6,"column":19},"end":{"line":6,"column":61}},"5":{"start":{"line":9,"column":2},"end":{"line":13,"column":3}},"6":{"start":{"line":10,"column":4},"end":{"line":10,"column":27}},"7":{"start":{"line":12,"column":4},"end":{"line":12,"column":16}},"8":{"start":{"line":17,"column":2},"end":{"line":17,"column":26}},"9":{"start":{"line":17,"column":14},"end":{"line":17,"column":26}},"10":{"start":{"line":18,"column":2},"end":{"line":33,"column":3}},"11":{"start":{"line":19,"column":20},"end":{"line":19,"column":49}},"12":{"start":{"line":20,"column":22},"end":{"line":20,"column":47}},"13":{"start":{"line":22,"column":4},"end":{"line":25,"column":5}},"14":{"start":{"line":23,"column":19},"end":{"line":23,"column":55}},"15":{"start":{"line":24,"column":6},"end":{"line":24,"column":44}},"16":{"start":{"line":27,"column":4},"end":{"line":30,"column":6}},"17":{"start":{"line":32,"column":4},"end":{"line":32,"column":16}},"18":{"start":{"line":37,"column":18},"end":{"line":37,"column":35}},"19":{"start":{"line":38,"column":2},"end":{"line":38,"column":40}},"20":{"start":{"line":38,"column":33},"end":{"line":38,"column":40}},"21":{"start":{"line":40,"column":2},"end":{"line":57,"column":3}},"22":{"start":{"line":41,"column":17},"end":{"line":41,"column":55}},"23":{"start":{"line":42,"column":4},"end":{"line":45,"column":5}},"24":{"start":{"line":43,"column":6},"end":{"line":43,"column":102}},"25":{"start":{"line":44,"column":6},"end":{"line":44,"column":13}},"26":{"start":{"line":47,"column":4},"end":{"line":51,"column":6}},"27":{"start":{"line":53,"column":20},"end":{"line":53,"column":56}},"28":{"start":{"line":54,"column":4},"end":{"line":54,"column":73}},"29":{"start":{"line":55,"column":4},"end":{"line":55,"column":54}},"30":{"start":{"line":56,"column":4},"end":{"line":56,"column":11}},"31":{"start":{"line":59,"column":2},"end":{"line":85,"column":3}},"32":{"start":{"line":60,"column":4},"end":{"line":63,"column":5}},"33":{"start":{"line":61,"column":6},"end":{"line":61,"column":111}},"34":{"start":{"line":62,"column":6},"end":{"line":62,"column":13}},"35":{"start":{"line":65,"column":17},"end":{"line":65,"column":76}},"36":{"start":{"line":66,"column":4},"end":{"line":69,"column":5}},"37":{"start":{"line":67,"column":6},"end":{"line":67,"column":99}},"38":{"start":{"line":68,"column":6},"end":{"line":68,"column":13}},"39":{"start":{"line":71,"column":18},"end":{"line":76,"column":6}},"40":{"start":{"line":78,"column":20},"end":{"line":78,"column":60}},"41":{"start":{"line":79,"column":4},"end":{"line":83,"column":5}},"42":{"start":{"line":80,"column":6},"end":{"line":80,"column":39}},"43":{"start":{"line":84,"column":4},"end":{"line":84,"column":27}},"44":{"start":{"line":88,"column":0},"end":{"line":90,"column":2}}},"fnMap":{"0":{"name":"parseMessage","decl":{"start":{"line":8,"column":9},"end":{"line":8,"column":21}},"loc":{"start":{"line":8,"column":27},"end":{"line":14,"column":1}},"line":8},"1":{"name":"verifyClientToken","decl":{"start":{"line":16,"column":15},"end":{"line":16,"column":32}},"loc":{"start":{"line":16,"column":40},"end":{"line":34,"column":1}},"line":16},"2":{"name":"handleWsMessage","decl":{"start":{"line":36,"column":15},"end":{"line":36,"column":30}},"loc":{"start":{"line":36,"column":40},"end":{"line":86,"column":1}},"line":36}},"branchMap":{"0":{"loc":{"start":{"line":6,"column":19},"end":{"line":6,"column":61}},"type":"binary-expr","locations":[{"start":{"line":6,"column":19},"end":{"line":6,"column":41}},{"start":{"line":6,"column":45},"end":{"line":6,"column":61}}],"line":6},"1":{"loc":{"start":{"line":17,"column":2},"end":{"line":17,"column":26}},"type":"if","locations":[{"start":{"line":17,"column":2},"end":{"line":17,"column":26}},{"start":{},"end":{}}],"line":17},"2":{"loc":{"start":{"line":20,"column":22},"end":{"line":20,"column":47}},"type":"binary-expr","locations":[{"start":{"line":20,"column":22},"end":{"line":20,"column":41}},{"start":{"line":20,"column":45},"end":{"line":20,"column":47}}],"line":20},"3":{"loc":{"start":{"line":22,"column":4},"end":{"line":25,"column":5}},"type":"if","locations":[{"start":{"line":22,"column":4},"end":{"line":25,"column":5}},{"start":{},"end":{}}],"line":22},"4":{"loc":{"start":{"line":22,"column":8},"end":{"line":22,"column":47}},"type":"binary-expr","locations":[{"start":{"line":22,"column":8},"end":{"line":22,"column":32}},{"start":{"line":22,"column":36},"end":{"line":22,"column":47}}],"line":22},"5":{"loc":{"start":{"line":24,"column":20},"end":{"line":24,"column":43}},"type":"binary-expr","locations":[{"start":{"line":24,"column":20},"end":{"line":24,"column":37}},{"start":{"line":24,"column":41},"end":{"line":24,"column":43}}],"line":24},"6":{"loc":{"start":{"line":38,"column":2},"end":{"line":38,"column":40}},"type":"if","locations":[{"start":{"line":38,"column":2},"end":{"line":38,"column":40}},{"start":{},"end":{}}],"line":38},"7":{"loc":{"start":{"line":38,"column":6},"end":{"line":38,"column":31}},"type":"binary-expr","locations":[{"start":{"line":38,"column":6},"end":{"line":38,"column":14}},{"start":{"line":38,"column":18},"end":{"line":38,"column":31}}],"line":38},"8":{"loc":{"start":{"line":40,"column":2},"end":{"line":57,"column":3}},"type":"if","locations":[{"start":{"line":40,"column":2},"end":{"line":57,"column":3}},{"start":{},"end":{}}],"line":40},"9":{"loc":{"start":{"line":42,"column":4},"end":{"line":45,"column":5}},"type":"if","locations":[{"start":{"line":42,"column":4},"end":{"line":45,"column":5}},{"start":{},"end":{}}],"line":42},"10":{"loc":{"start":{"line":42,"column":8},"end":{"line":42,"column":63}},"type":"binary-expr","locations":[{"start":{"line":42,"column":8},"end":{"line":42,"column":13}},{"start":{"line":42,"column":17},"end":{"line":42,"column":63}}],"line":42},"11":{"loc":{"start":{"line":42,"column":19},"end":{"line":42,"column":41}},"type":"binary-expr","locations":[{"start":{"line":42,"column":19},"end":{"line":42,"column":35}},{"start":{"line":42,"column":39},"end":{"line":42,"column":41}}],"line":42},"12":{"loc":{"start":{"line":49,"column":19},"end":{"line":49,"column":52}},"type":"binary-expr","locations":[{"start":{"line":49,"column":19},"end":{"line":49,"column":38}},{"start":{"line":49,"column":42},"end":{"line":49,"column":52}}],"line":49},"13":{"loc":{"start":{"line":59,"column":2},"end":{"line":85,"column":3}},"type":"if","locations":[{"start":{"line":59,"column":2},"end":{"line":85,"column":3}},{"start":{},"end":{}}],"line":59},"14":{"loc":{"start":{"line":60,"column":4},"end":{"line":63,"column":5}},"type":"if","locations":[{"start":{"line":60,"column":4},"end":{"line":63,"column":5}},{"start":{},"end":{}}],"line":60},"15":{"loc":{"start":{"line":65,"column":17},"end":{"line":65,"column":76}},"type":"cond-expr","locations":[{"start":{"line":65,"column":52},"end":{"line":65,"column":71}},{"start":{"line":65,"column":74},"end":{"line":65,"column":76}}],"line":65},"16":{"loc":{"start":{"line":66,"column":4},"end":{"line":69,"column":5}},"type":"if","locations":[{"start":{"line":66,"column":4},"end":{"line":69,"column":5}},{"start":{},"end":{}}],"line":66},"17":{"loc":{"start":{"line":66,"column":8},"end":{"line":66,"column":34}},"type":"binary-expr","locations":[{"start":{"line":66,"column":8},"end":{"line":66,"column":13}},{"start":{"line":66,"column":17},"end":{"line":66,"column":34}}],"line":66}},"s":{"0":1,"1":1,"2":1,"3":1,"4":1,"5":3,"6":3,"7":0,"8":2,"9":0,"10":2,"11":2,"12":2,"13":2,"14":0,"15":0,"16":2,"17":0,"18":3,"19":3,"20":0,"21":3,"22":2,"23":2,"24":0,"25":0,"26":2,"27":2,"28":2,"29":2,"30":2,"31":1,"32":1,"33":0,"34":0,"35":1,"36":1,"37":0,"38":0,"39":1,"40":1,"41":1,"42":1,"43":1,"44":1},"f":{"0":3,"1":2,"2":3},"b":{"0":[1,1],"1":[0,2],"2":[2,0],"3":[0,2],"4":[2,0],"5":[0,0],"6":[0,3],"7":[3,3],"8":[2,1],"9":[0,2],"10":[2,2],"11":[2,0],"12":[2,0],"13":[1,0],"14":[0,1],"15":[1,0],"16":[0,1],"17":[1,1]},"_coverageSchema":"1a1c01bbd47fc00a2c39e90264f33305004495a9","hash":"e0ac13e1d0508f63c7d12aa03384788ccd94af57"}
,"C:\\Users\\Sebi\\Desktop\\portal-lt1\\Web_Portal-LT1\\portal-lt1-backend\\src\\data\\documentStore.js": {"path":"C:\\Users\\Sebi\\Desktop\\portal-lt1\\Web_Portal-LT1\\portal-lt1-backend\\src\\data\\documentStore.js","statementMap":{"0":{"start":{"line":1,"column":19},"end":{"line":1,"column":42}},"1":{"start":{"line":2,"column":24},"end":{"line":2,"column":48}},"2":{"start":{"line":4,"column":24},"end":{"line":7,"column":1}},"3":{"start":{"line":10,"column":2},"end":{"line":15,"column":27}},"4":{"start":{"line":19,"column":13},"end":{"line":19,"column":37}},"5":{"start":{"line":20,"column":2},"end":{"line":24,"column":5}},"6":{"start":{"line":25,"column":2},"end":{"line":25,"column":12}},"7":{"start":{"line":29,"column":17},"end":{"line":33,"column":4}},"8":{"start":{"line":34,"column":2},"end":{"line":34,"column":19}},"9":{"start":{"line":38,"column":15},"end":{"line":41,"column":4}},"10":{"start":{"line":43,"column":15},"end":{"line":43,"column":78}},"11":{"start":{"line":44,"column":2},"end":{"line":44,"column":48}},"12":{"start":{"line":48,"column":28},"end":{"line":48,"column":50}},"13":{"start":{"line":49,"column":2},"end":{"line":49,"column":24}},"14":{"start":{"line":53,"column":15},"end":{"line":56,"column":4}},"15":{"start":{"line":57,"column":2},"end":{"line":57,"column":31}},"16":{"start":{"line":61,"column":14},"end":{"line":64,"column":4}},"17":{"start":{"line":65,"column":2},"end":{"line":65,"column":26}},"18":{"start":{"line":69,"column":21},"end":{"line":69,"column":59}},"19":{"start":{"line":70,"column":19},"end":{"line":70,"column":53}},"20":{"start":{"line":71,"column":13},"end":{"line":71,"column":36}},"21":{"start":{"line":73,"column":14},"end":{"line":86,"column":4}},"22":{"start":{"line":88,"column":2},"end":{"line":88,"column":26}},"23":{"start":{"line":92,"column":19},"end":{"line":92,"column":70}},"24":{"start":{"line":93,"column":2},"end":{"line":95,"column":3}},"25":{"start":{"line":94,"column":4},"end":{"line":94,"column":16}},"26":{"start":{"line":97,"column":21},"end":{"line":97,"column":100}},"27":{"start":{"line":98,"column":19},"end":{"line":98,"column":90}},"28":{"start":{"line":100,"column":14},"end":{"line":113,"column":4}},"29":{"start":{"line":115,"column":2},"end":{"line":115,"column":26}},"30":{"start":{"line":119,"column":2},"end":{"line":125,"column":3}},"31":{"start":{"line":120,"column":4},"end":{"line":120,"column":52}},"32":{"start":{"line":121,"column":4},"end":{"line":121,"column":16}},"33":{"start":{"line":123,"column":4},"end":{"line":123,"column":45}},"34":{"start":{"line":123,"column":32},"end":{"line":123,"column":45}},"35":{"start":{"line":124,"column":4},"end":{"line":124,"column":16}},"36":{"start":{"line":128,"column":0},"end":{"line":135,"column":2}}},"fnMap":{"0":{"name":"categoryIdFromName","decl":{"start":{"line":9,"column":9},"end":{"line":9,"column":27}},"loc":{"start":{"line":9,"column":34},"end":{"line":16,"column":1}},"line":9},"1":{"name":"ensureCategory","decl":{"start":{"line":18,"column":15},"end":{"line":18,"column":29}},"loc":{"start":{"line":18,"column":36},"end":{"line":26,"column":1}},"line":18},"2":{"name":"ensureStatus","decl":{"start":{"line":28,"column":15},"end":{"line":28,"column":27}},"loc":{"start":{"line":28,"column":34},"end":{"line":35,"column":1}},"line":28},"3":{"name":"buildDocumentId","decl":{"start":{"line":37,"column":15},"end":{"line":37,"column":30}},"loc":{"start":{"line":37,"column":33},"end":{"line":45,"column":1}},"line":37},"4":{"name":"resetStore","decl":{"start":{"line":47,"column":15},"end":{"line":47,"column":25}},"loc":{"start":{"line":47,"column":28},"end":{"line":50,"column":1}},"line":47},"5":{"name":"getAllDocuments","decl":{"start":{"line":52,"column":15},"end":{"line":52,"column":30}},"loc":{"start":{"line":52,"column":33},"end":{"line":58,"column":1}},"line":52},"6":{"name":"getDocumentById","decl":{"start":{"line":60,"column":15},"end":{"line":60,"column":30}},"loc":{"start":{"line":60,"column":35},"end":{"line":66,"column":1}},"line":60},"7":{"name":"createDocument","decl":{"start":{"line":68,"column":15},"end":{"line":68,"column":29}},"loc":{"start":{"line":68,"column":39},"end":{"line":89,"column":1}},"line":68},"8":{"name":"updateDocument","decl":{"start":{"line":91,"column":15},"end":{"line":91,"column":29}},"loc":{"start":{"line":91,"column":43},"end":{"line":116,"column":1}},"line":91},"9":{"name":"deleteDocument","decl":{"start":{"line":118,"column":15},"end":{"line":118,"column":29}},"loc":{"start":{"line":118,"column":34},"end":{"line":126,"column":1}},"line":118}},"branchMap":{"0":{"loc":{"start":{"line":43,"column":15},"end":{"line":43,"column":78}},"type":"cond-expr","locations":[{"start":{"line":43,"column":22},"end":{"line":43,"column":74}},{"start":{"line":43,"column":77},"end":{"line":43,"column":78}}],"line":43},"1":{"loc":{"start":{"line":82,"column":16},"end":{"line":82,"column":41}},"type":"binary-expr","locations":[{"start":{"line":82,"column":16},"end":{"line":82,"column":33}},{"start":{"line":82,"column":37},"end":{"line":82,"column":41}}],"line":82},"2":{"loc":{"start":{"line":83,"column":18},"end":{"line":83,"column":76}},"type":"cond-expr","locations":[{"start":{"line":83,"column":40},"end":{"line":83,"column":69}},{"start":{"line":83,"column":72},"end":{"line":83,"column":76}}],"line":83},"3":{"loc":{"start":{"line":93,"column":2},"end":{"line":95,"column":3}},"type":"if","locations":[{"start":{"line":93,"column":2},"end":{"line":95,"column":3}},{"start":{},"end":{}}],"line":93},"4":{"loc":{"start":{"line":97,"column":21},"end":{"line":97,"column":100}},"type":"cond-expr","locations":[{"start":{"line":97,"column":40},"end":{"line":97,"column":78}},{"start":{"line":97,"column":81},"end":{"line":97,"column":100}}],"line":97},"5":{"loc":{"start":{"line":98,"column":19},"end":{"line":98,"column":90}},"type":"cond-expr","locations":[{"start":{"line":98,"column":36},"end":{"line":98,"column":70}},{"start":{"line":98,"column":73},"end":{"line":98,"column":90}}],"line":98},"6":{"loc":{"start":{"line":109,"column":16},"end":{"line":109,"column":87}},"type":"cond-expr","locations":[{"start":{"line":109,"column":50},"end":{"line":109,"column":67}},{"start":{"line":109,"column":70},"end":{"line":109,"column":87}}],"line":109},"7":{"loc":{"start":{"line":110,"column":18},"end":{"line":110,"column":91}},"type":"cond-expr","locations":[{"start":{"line":110,"column":40},"end":{"line":110,"column":69}},{"start":{"line":110,"column":72},"end":{"line":110,"column":91}}],"line":110},"8":{"loc":{"start":{"line":123,"column":4},"end":{"line":123,"column":45}},"type":"if","locations":[{"start":{"line":123,"column":4},"end":{"line":123,"column":45}},{"start":{},"end":{}}],"line":123}},"s":{"0":5,"1":5,"2":5,"3":8,"4":8,"5":8,"6":8,"7":8,"8":8,"9":7,"10":7,"11":7,"12":14,"13":14,"14":0,"15":0,"16":2,"17":2,"18":7,"19":7,"20":7,"21":7,"22":7,"23":1,"24":1,"25":0,"26":1,"27":1,"28":1,"29":1,"30":1,"31":1,"32":1,"33":0,"34":0,"35":0,"36":5},"f":{"0":8,"1":8,"2":8,"3":7,"4":14,"5":0,"6":2,"7":7,"8":1,"9":1},"b":{"0":[7,0],"1":[7,6],"2":[1,6],"3":[0,1],"4":[1,0],"5":[1,0],"6":[0,1],"7":[0,1],"8":[0,0]},"_coverageSchema":"1a1c01bbd47fc00a2c39e90264f33305004495a9","hash":"ced7634842472cddf38de841f1a08c736b5a1732"}
,"C:\\Users\\Sebi\\Desktop\\portal-lt1\\Web_Portal-LT1\\portal-lt1-backend\\src\\data\\extraStores.js": {"path":"C:\\Users\\Sebi\\Desktop\\portal-lt1\\Web_Portal-LT1\\portal-lt1-backend\\src\\data\\extraStores.js","statementMap":{"0":{"start":{"line":1,"column":19},"end":{"line":1,"column":42}},"1":{"start":{"line":2,"column":48},"end":{"line":2,"column":72}},"2":{"start":{"line":3,"column":25},"end":{"line":3,"column":52}},"3":{"start":{"line":6,"column":28},"end":{"line":6,"column":50}},"4":{"start":{"line":7,"column":2},"end":{"line":7,"column":24}},"5":{"start":{"line":10,"column":20},"end":{"line":18,"column":1}},"6":{"start":{"line":21,"column":14},"end":{"line":24,"column":4}},"7":{"start":{"line":25,"column":2},"end":{"line":25,"column":22}},"8":{"start":{"line":29,"column":14},"end":{"line":32,"column":4}},"9":{"start":{"line":33,"column":2},"end":{"line":33,"column":22}},"10":{"start":{"line":37,"column":15},"end":{"line":40,"column":4}},"11":{"start":{"line":41,"column":15},"end":{"line":41,"column":78}},"12":{"start":{"line":42,"column":2},"end":{"line":42,"column":48}},"13":{"start":{"line":46,"column":15},"end":{"line":46,"column":74}},"14":{"start":{"line":47,"column":2},"end":{"line":49,"column":3}},"15":{"start":{"line":48,"column":4},"end":{"line":48,"column":54}},"16":{"start":{"line":51,"column":13},"end":{"line":51,"column":32}},"17":{"start":{"line":52,"column":23},"end":{"line":52,"column":51}},"18":{"start":{"line":53,"column":14},"end":{"line":62,"column":4}},"19":{"start":{"line":63,"column":2},"end":{"line":63,"column":22}},"20":{"start":{"line":67,"column":15},"end":{"line":70,"column":4}},"21":{"start":{"line":71,"column":2},"end":{"line":71,"column":27}},"22":{"start":{"line":75,"column":15},"end":{"line":78,"column":4}},"23":{"start":{"line":79,"column":15},"end":{"line":79,"column":79}},"24":{"start":{"line":80,"column":2},"end":{"line":80,"column":49}},"25":{"start":{"line":84,"column":13},"end":{"line":84,"column":38}},"26":{"start":{"line":85,"column":2},"end":{"line":85,"column":21}},"27":{"start":{"line":85,"column":11},"end":{"line":85,"column":21}},"28":{"start":{"line":86,"column":2},"end":{"line":90,"column":5}},"29":{"start":{"line":91,"column":2},"end":{"line":91,"column":12}},"30":{"start":{"line":95,"column":21},"end":{"line":95,"column":66}},"31":{"start":{"line":96,"column":13},"end":{"line":96,"column":32}},"32":{"start":{"line":98,"column":14},"end":{"line":109,"column":4}},"33":{"start":{"line":111,"column":2},"end":{"line":111,"column":22}},"34":{"start":{"line":115,"column":19},"end":{"line":115,"column":66}},"35":{"start":{"line":116,"column":2},"end":{"line":116,"column":29}},"36":{"start":{"line":116,"column":17},"end":{"line":116,"column":29}},"37":{"start":{"line":118,"column":21},"end":{"line":120,"column":25}},"38":{"start":{"line":122,"column":14},"end":{"line":131,"column":4}},"39":{"start":{"line":133,"column":2},"end":{"line":133,"column":22}},"40":{"start":{"line":137,"column":2},"end":{"line":143,"column":3}},"41":{"start":{"line":138,"column":4},"end":{"line":138,"column":48}},"42":{"start":{"line":139,"column":4},"end":{"line":139,"column":16}},"43":{"start":{"line":141,"column":4},"end":{"line":141,"column":45}},"44":{"start":{"line":141,"column":32},"end":{"line":141,"column":45}},"45":{"start":{"line":142,"column":4},"end":{"line":142,"column":16}},"46":{"start":{"line":147,"column":15},"end":{"line":150,"column":4}},"47":{"start":{"line":151,"column":15},"end":{"line":151,"column":78}},"48":{"start":{"line":152,"column":2},"end":{"line":152,"column":48}},"49":{"start":{"line":156,"column":13},"end":{"line":156,"column":35}},"50":{"start":{"line":157,"column":14},"end":{"line":164,"column":4}},"51":{"start":{"line":165,"column":2},"end":{"line":165,"column":32}},"52":{"start":{"line":168,"column":0},"end":{"line":178,"column":2}}},"fnMap":{"0":{"name":"resetExtraStores","decl":{"start":{"line":5,"column":15},"end":{"line":5,"column":31}},"loc":{"start":{"line":5,"column":34},"end":{"line":8,"column":1}},"line":5},"1":{"name":"getUserByEmail","decl":{"start":{"line":20,"column":15},"end":{"line":20,"column":29}},"loc":{"start":{"line":20,"column":37},"end":{"line":26,"column":1}},"line":20},"2":{"name":"getUserById","decl":{"start":{"line":28,"column":15},"end":{"line":28,"column":26}},"loc":{"start":{"line":28,"column":31},"end":{"line":34,"column":1}},"line":28},"3":{"name":"buildUserId","decl":{"start":{"line":36,"column":15},"end":{"line":36,"column":26}},"loc":{"start":{"line":36,"column":29},"end":{"line":43,"column":1}},"line":36},"4":{"name":"createUser","decl":{"start":{"line":45,"column":15},"end":{"line":45,"column":25}},"loc":{"start":{"line":45,"column":76},"end":{"line":64,"column":1}},"line":45},"5":{"name":"listPosts","decl":{"start":{"line":66,"column":15},"end":{"line":66,"column":24}},"loc":{"start":{"line":66,"column":37},"end":{"line":72,"column":1}},"line":66},"6":{"name":"buildPostId","decl":{"start":{"line":74,"column":15},"end":{"line":74,"column":26}},"loc":{"start":{"line":74,"column":29},"end":{"line":81,"column":1}},"line":74},"7":{"name":"ensurePostCategory","decl":{"start":{"line":83,"column":15},"end":{"line":83,"column":33}},"loc":{"start":{"line":83,"column":46},"end":{"line":92,"column":1}},"line":83},"8":{"name":"createPost","decl":{"start":{"line":94,"column":15},"end":{"line":94,"column":25}},"loc":{"start":{"line":94,"column":35},"end":{"line":112,"column":1}},"line":94},"9":{"name":"updatePost","decl":{"start":{"line":114,"column":15},"end":{"line":114,"column":25}},"loc":{"start":{"line":114,"column":39},"end":{"line":134,"column":1}},"line":114},"10":{"name":"deletePost","decl":{"start":{"line":136,"column":15},"end":{"line":136,"column":25}},"loc":{"start":{"line":136,"column":30},"end":{"line":144,"column":1}},"line":136},"11":{"name":"buildMessageId","decl":{"start":{"line":146,"column":15},"end":{"line":146,"column":29}},"loc":{"start":{"line":146,"column":32},"end":{"line":153,"column":1}},"line":146},"12":{"name":"createContactMessage","decl":{"start":{"line":155,"column":15},"end":{"line":155,"column":35}},"loc":{"start":{"line":155,"column":45},"end":{"line":166,"column":1}},"line":155}},"branchMap":{"0":{"loc":{"start":{"line":41,"column":15},"end":{"line":41,"column":78}},"type":"cond-expr","locations":[{"start":{"line":41,"column":22},"end":{"line":41,"column":74}},{"start":{"line":41,"column":77},"end":{"line":41,"column":78}}],"line":41},"1":{"loc":{"start":{"line":45,"column":55},"end":{"line":45,"column":72}},"type":"default-arg","locations":[{"start":{"line":45,"column":66},"end":{"line":45,"column":72}}],"line":45},"2":{"loc":{"start":{"line":47,"column":2},"end":{"line":49,"column":3}},"type":"if","locations":[{"start":{"line":47,"column":2},"end":{"line":49,"column":3}},{"start":{},"end":{}}],"line":47},"3":{"loc":{"start":{"line":68,"column":11},"end":{"line":68,"column":70}},"type":"cond-expr","locations":[{"start":{"line":68,"column":24},"end":{"line":68,"column":58}},{"start":{"line":68,"column":61},"end":{"line":68,"column":70}}],"line":68},"4":{"loc":{"start":{"line":79,"column":15},"end":{"line":79,"column":79}},"type":"cond-expr","locations":[{"start":{"line":79,"column":22},"end":{"line":79,"column":75}},{"start":{"line":79,"column":78},"end":{"line":79,"column":79}}],"line":79},"5":{"loc":{"start":{"line":85,"column":2},"end":{"line":85,"column":21}},"type":"if","locations":[{"start":{"line":85,"column":2},"end":{"line":85,"column":21}},{"start":{},"end":{}}],"line":85},"6":{"loc":{"start":{"line":104,"column":16},"end":{"line":104,"column":39}},"type":"binary-expr","locations":[{"start":{"line":104,"column":16},"end":{"line":104,"column":33}},{"start":{"line":104,"column":37},"end":{"line":104,"column":39}}],"line":104},"7":{"loc":{"start":{"line":116,"column":2},"end":{"line":116,"column":29}},"type":"if","locations":[{"start":{"line":116,"column":2},"end":{"line":116,"column":29}},{"start":{},"end":{}}],"line":116},"8":{"loc":{"start":{"line":118,"column":21},"end":{"line":120,"column":25}},"type":"cond-expr","locations":[{"start":{"line":119,"column":6},"end":{"line":119,"column":51}},{"start":{"line":120,"column":6},"end":{"line":120,"column":25}}],"line":118},"9":{"loc":{"start":{"line":128,"column":16},"end":{"line":128,"column":87}},"type":"cond-expr","locations":[{"start":{"line":128,"column":50},"end":{"line":128,"column":67}},{"start":{"line":128,"column":70},"end":{"line":128,"column":87}}],"line":128},"10":{"loc":{"start":{"line":129,"column":19},"end":{"line":129,"column":99}},"type":"cond-expr","locations":[{"start":{"line":129,"column":56},"end":{"line":129,"column":76}},{"start":{"line":129,"column":79},"end":{"line":129,"column":99}}],"line":129},"11":{"loc":{"start":{"line":141,"column":4},"end":{"line":141,"column":45}},"type":"if","locations":[{"start":{"line":141,"column":4},"end":{"line":141,"column":45}},{"start":{},"end":{}}],"line":141},"12":{"loc":{"start":{"line":151,"column":15},"end":{"line":151,"column":78}},"type":"cond-expr","locations":[{"start":{"line":151,"column":22},"end":{"line":151,"column":74}},{"start":{"line":151,"column":77},"end":{"line":151,"column":78}}],"line":151}},"s":{"0":5,"1":5,"2":5,"3":6,"4":6,"5":5,"6":23,"7":23,"8":19,"9":19,"10":2,"11":2,"12":2,"13":2,"14":2,"15":0,"16":2,"17":2,"18":2,"19":2,"20":1,"21":1,"22":1,"23":1,"24":1,"25":2,"26":2,"27":0,"28":2,"29":2,"30":1,"31":1,"32":1,"33":1,"34":1,"35":1,"36":0,"37":1,"38":1,"39":1,"40":1,"41":1,"42":1,"43":0,"44":0,"45":0,"46":1,"47":1,"48":1,"49":1,"50":1,"51":1,"52":5},"f":{"0":6,"1":23,"2":19,"3":2,"4":2,"5":1,"6":1,"7":2,"8":1,"9":1,"10":1,"11":1,"12":1},"b":{"0":[2,0],"1":[0],"2":[0,2],"3":[0,1],"4":[1,0],"5":[0,2],"6":[1,1],"7":[0,1],"8":[1,0],"9":[1,0],"10":[1,0],"11":[0,0],"12":[0,1]},"_coverageSchema":"1a1c01bbd47fc00a2c39e90264f33305004495a9","hash":"1ae04f04236eb5c2196f5e374c34be0692b083b2"}
,"C:\\Users\\Sebi\\Desktop\\portal-lt1\\Web_Portal-LT1\\portal-lt1-backend\\src\\db\\mappers.js": {"path":"C:\\Users\\Sebi\\Desktop\\portal-lt1\\Web_Portal-LT1\\portal-lt1-backend\\src\\db\\mappers.js","statementMap":{"0":{"start":{"line":2,"column":2},"end":{"line":2,"column":24}},"1":{"start":{"line":2,"column":12},"end":{"line":2,"column":24}},"2":{"start":{"line":3,"column":2},"end":{"line":13,"column":4}},"3":{"start":{"line":17,"column":2},"end":{"line":17,"column":24}},"4":{"start":{"line":17,"column":12},"end":{"line":17,"column":24}},"5":{"start":{"line":18,"column":2},"end":{"line":27,"column":4}},"6":{"start":{"line":31,"column":2},"end":{"line":31,"column":24}},"7":{"start":{"line":31,"column":12},"end":{"line":31,"column":24}},"8":{"start":{"line":33,"column":4},"end":{"line":33,"column":86}},"9":{"start":{"line":33,"column":42},"end":{"line":33,"column":63}},"10":{"start":{"line":35,"column":2},"end":{"line":42,"column":4}},"11":{"start":{"line":46,"column":2},"end":{"line":46,"column":24}},"12":{"start":{"line":46,"column":12},"end":{"line":46,"column":24}},"13":{"start":{"line":47,"column":2},"end":{"line":52,"column":4}},"14":{"start":{"line":55,"column":0},"end":{"line":60,"column":2}}},"fnMap":{"0":{"name":"mapDocument","decl":{"start":{"line":1,"column":9},"end":{"line":1,"column":20}},"loc":{"start":{"line":1,"column":26},"end":{"line":14,"column":1}},"line":1},"1":{"name":"mapPost","decl":{"start":{"line":16,"column":9},"end":{"line":16,"column":16}},"loc":{"start":{"line":16,"column":22},"end":{"line":28,"column":1}},"line":16},"2":{"name":"mapUser","decl":{"start":{"line":30,"column":9},"end":{"line":30,"column":16}},"loc":{"start":{"line":30,"column":22},"end":{"line":43,"column":1}},"line":30},"3":{"name":"(anonymous_3)","decl":{"start":{"line":33,"column":31},"end":{"line":33,"column":32}},"loc":{"start":{"line":33,"column":42},"end":{"line":33,"column":63}},"line":33},"4":{"name":"mapContactMessage","decl":{"start":{"line":45,"column":9},"end":{"line":45,"column":26}},"loc":{"start":{"line":45,"column":32},"end":{"line":53,"column":1}},"line":45}},"branchMap":{"0":{"loc":{"start":{"line":2,"column":2},"end":{"line":2,"column":24}},"type":"if","locations":[{"start":{"line":2,"column":2},"end":{"line":2,"column":24}},{"start":{},"end":{}}],"line":2},"1":{"loc":{"start":{"line":11,"column":8},"end":{"line":11,"column":55}},"type":"cond-expr","locations":[{"start":{"line":11,"column":23},"end":{"line":11,"column":50}},{"start":{"line":11,"column":53},"end":{"line":11,"column":55}}],"line":11},"2":{"loc":{"start":{"line":12,"column":8},"end":{"line":12,"column":75}},"type":"cond-expr","locations":[{"start":{"line":12,"column":25},"end":{"line":12,"column":70}},{"start":{"line":12,"column":73},"end":{"line":12,"column":75}}],"line":12},"3":{"loc":{"start":{"line":17,"column":2},"end":{"line":17,"column":24}},"type":"if","locations":[{"start":{"line":17,"column":2},"end":{"line":17,"column":24}},{"start":{},"end":{}}],"line":17},"4":{"loc":{"start":{"line":31,"column":2},"end":{"line":31,"column":24}},"type":"if","locations":[{"start":{"line":31,"column":2},"end":{"line":31,"column":24}},{"start":{},"end":{}}],"line":31},"5":{"loc":{"start":{"line":33,"column":4},"end":{"line":33,"column":86}},"type":"binary-expr","locations":[{"start":{"line":33,"column":4},"end":{"line":33,"column":80}},{"start":{"line":33,"column":84},"end":{"line":33,"column":86}}],"line":33},"6":{"loc":{"start":{"line":46,"column":2},"end":{"line":46,"column":24}},"type":"if","locations":[{"start":{"line":46,"column":2},"end":{"line":46,"column":24}},{"start":{},"end":{}}],"line":46}},"s":{"0":10,"1":1,"2":9,"3":4,"4":0,"5":4,"6":44,"7":2,"8":42,"9":260,"10":42,"11":1,"12":0,"13":1,"14":5},"f":{"0":10,"1":4,"2":44,"3":260,"4":1},"b":{"0":[1,9],"1":[1,8],"2":[1,8],"3":[0,4],"4":[2,42],"5":[42,0],"6":[0,1]},"_coverageSchema":"1a1c01bbd47fc00a2c39e90264f33305004495a9","hash":"f470758c52dfb63aca937b9ab78682af75ef7270"}
,"C:\\Users\\Sebi\\Desktop\\portal-lt1\\Web_Portal-LT1\\portal-lt1-backend\\src\\db\\prisma.js": {"path":"C:\\Users\\Sebi\\Desktop\\portal-lt1\\Web_Portal-LT1\\portal-lt1-backend\\src\\db\\prisma.js","statementMap":{"0":{"start":{"line":1,"column":25},"end":{"line":1,"column":50}},"1":{"start":{"line":3,"column":24},"end":{"line":3,"column":30}},"2":{"start":{"line":5,"column":15},"end":{"line":5,"column":59}},"3":{"start":{"line":7,"column":0},"end":{"line":9,"column":1}},"4":{"start":{"line":8,"column":2},"end":{"line":8,"column":34}},"5":{"start":{"line":11,"column":0},"end":{"line":11,"column":28}}},"fnMap":{},"branchMap":{"0":{"loc":{"start":{"line":5,"column":15},"end":{"line":5,"column":59}},"type":"binary-expr","locations":[{"start":{"line":5,"column":15},"end":{"line":5,"column":37}},{"start":{"line":5,"column":41},"end":{"line":5,"column":59}}],"line":5},"1":{"loc":{"start":{"line":7,"column":0},"end":{"line":9,"column":1}},"type":"if","locations":[{"start":{"line":7,"column":0},"end":{"line":9,"column":1}},{"start":{},"end":{}}],"line":7}},"s":{"0":5,"1":5,"2":5,"3":5,"4":5,"5":5},"f":{},"b":{"0":[5,5],"1":[5,0]},"_coverageSchema":"1a1c01bbd47fc00a2c39e90264f33305004495a9","hash":"b7d9050231498784d65339fbfbae9f9d8625f2de"}
,"C:\\Users\\Sebi\\Desktop\\portal-lt1\\Web_Portal-LT1\\portal-lt1-backend\\src\\db\\reset.js": {"path":"C:\\Users\\Sebi\\Desktop\\portal-lt1\\Web_Portal-LT1\\portal-lt1-backend\\src\\db\\reset.js","statementMap":{"0":{"start":{"line":1,"column":21},"end":{"line":1,"column":45}},"1":{"start":{"line":2,"column":13},"end":{"line":2,"column":28}},"2":{"start":{"line":3,"column":19},"end":{"line":3,"column":38}},"3":{"start":{"line":6,"column":2},"end":{"line":6,"column":43}},"4":{"start":{"line":7,"column":2},"end":{"line":7,"column":33}},"5":{"start":{"line":8,"column":2},"end":{"line":8,"column":37}},"6":{"start":{"line":9,"column":2},"end":{"line":9,"column":40}},"7":{"start":{"line":10,"column":2},"end":{"line":10,"column":42}},"8":{"start":{"line":11,"column":2},"end":{"line":11,"column":33}},"9":{"start":{"line":12,"column":2},"end":{"line":12,"column":41}},"10":{"start":{"line":13,"column":2},"end":{"line":13,"column":45}},"11":{"start":{"line":14,"column":2},"end":{"line":14,"column":43}},"12":{"start":{"line":15,"column":2},"end":{"line":15,"column":43}},"13":{"start":{"line":16,"column":2},"end":{"line":16,"column":39}},"14":{"start":{"line":17,"column":2},"end":{"line":17,"column":33}},"15":{"start":{"line":21,"column":2},"end":{"line":21,"column":22}},"16":{"start":{"line":22,"column":22},"end":{"line":22,"column":51}},"17":{"start":{"line":23,"column":2},"end":{"line":27,"column":5}},"18":{"start":{"line":30,"column":0},"end":{"line":33,"column":2}}},"fnMap":{"0":{"name":"clearTables","decl":{"start":{"line":5,"column":15},"end":{"line":5,"column":26}},"loc":{"start":{"line":5,"column":29},"end":{"line":18,"column":1}},"line":5},"1":{"name":"resetDatabase","decl":{"start":{"line":20,"column":15},"end":{"line":20,"column":28}},"loc":{"start":{"line":20,"column":31},"end":{"line":28,"column":1}},"line":20}},"branchMap":{},"s":{"0":5,"1":5,"2":5,"3":20,"4":20,"5":20,"6":20,"7":20,"8":20,"9":20,"10":20,"11":20,"12":20,"13":20,"14":20,"15":20,"16":20,"17":20,"18":5},"f":{"0":20,"1":20},"b":{},"_coverageSchema":"1a1c01bbd47fc00a2c39e90264f33305004495a9","hash":"b6c73557a644254e2e4e3ec0d7fab2defa16c978"}
,"C:\\Users\\Sebi\\Desktop\\portal-lt1\\Web_Portal-LT1\\portal-lt1-backend\\src\\middleware\\auth.js": {"path":"C:\\Users\\Sebi\\Desktop\\portal-lt1\\Web_Portal-LT1\\portal-lt1-backend\\src\\middleware\\auth.js","statementMap":{"0":{"start":{"line":1,"column":12},"end":{"line":1,"column":35}},"1":{"start":{"line":3,"column":19},"end":{"line":3,"column":61}},"2":{"start":{"line":4,"column":25},"end":{"line":4,"column":62}},"3":{"start":{"line":7,"column":2},"end":{"line":17,"column":4}},"4":{"start":{"line":22,"column":2},"end":{"line":22,"column":32}},"5":{"start":{"line":26,"column":17},"end":{"line":26,"column":48}},"6":{"start":{"line":27,"column":26},"end":{"line":27,"column":43}},"7":{"start":{"line":29,"column":2},"end":{"line":31,"column":3}},"8":{"start":{"line":30,"column":4},"end":{"line":30,"column":73}},"9":{"start":{"line":33,"column":2},"end":{"line":42,"column":3}},"10":{"start":{"line":34,"column":20},"end":{"line":34,"column":49}},"11":{"start":{"line":35,"column":4},"end":{"line":37,"column":5}},"12":{"start":{"line":36,"column":6},"end":{"line":36,"column":91}},"13":{"start":{"line":38,"column":4},"end":{"line":38,"column":23}},"14":{"start":{"line":39,"column":4},"end":{"line":39,"column":18}},"15":{"start":{"line":41,"column":4},"end":{"line":41,"column":75}},"16":{"start":{"line":45,"column":0},"end":{"line":50,"column":2}}},"fnMap":{"0":{"name":"buildAccessToken","decl":{"start":{"line":6,"column":9},"end":{"line":6,"column":25}},"loc":{"start":{"line":6,"column":32},"end":{"line":18,"column":1}},"line":6},"1":{"name":"buildToken","decl":{"start":{"line":21,"column":9},"end":{"line":21,"column":19}},"loc":{"start":{"line":21,"column":26},"end":{"line":23,"column":1}},"line":21},"2":{"name":"requireAuth","decl":{"start":{"line":25,"column":9},"end":{"line":25,"column":20}},"loc":{"start":{"line":25,"column":37},"end":{"line":43,"column":1}},"line":25}},"branchMap":{"0":{"loc":{"start":{"line":3,"column":19},"end":{"line":3,"column":61}},"type":"binary-expr","locations":[{"start":{"line":3,"column":19},"end":{"line":3,"column":41}},{"start":{"line":3,"column":45},"end":{"line":3,"column":61}}],"line":3},"1":{"loc":{"start":{"line":4,"column":25},"end":{"line":4,"column":62}},"type":"binary-expr","locations":[{"start":{"line":4,"column":25},"end":{"line":4,"column":53}},{"start":{"line":4,"column":57},"end":{"line":4,"column":62}}],"line":4},"2":{"loc":{"start":{"line":12,"column":19},"end":{"line":12,"column":41}},"type":"binary-expr","locations":[{"start":{"line":12,"column":19},"end":{"line":12,"column":35}},{"start":{"line":12,"column":39},"end":{"line":12,"column":41}}],"line":12},"3":{"loc":{"start":{"line":26,"column":17},"end":{"line":26,"column":48}},"type":"binary-expr","locations":[{"start":{"line":26,"column":17},"end":{"line":26,"column":42}},{"start":{"line":26,"column":46},"end":{"line":26,"column":48}}],"line":26},"4":{"loc":{"start":{"line":29,"column":2},"end":{"line":31,"column":3}},"type":"if","locations":[{"start":{"line":29,"column":2},"end":{"line":31,"column":3}},{"start":{},"end":{}}],"line":29},"5":{"loc":{"start":{"line":29,"column":6},"end":{"line":29,"column":35}},"type":"binary-expr","locations":[{"start":{"line":29,"column":6},"end":{"line":29,"column":25}},{"start":{"line":29,"column":29},"end":{"line":29,"column":35}}],"line":29},"6":{"loc":{"start":{"line":35,"column":4},"end":{"line":37,"column":5}},"type":"if","locations":[{"start":{"line":35,"column":4},"end":{"line":37,"column":5}},{"start":{},"end":{}}],"line":35},"7":{"loc":{"start":{"line":35,"column":8},"end":{"line":35,"column":49}},"type":"binary-expr","locations":[{"start":{"line":35,"column":8},"end":{"line":35,"column":20}},{"start":{"line":35,"column":24},"end":{"line":35,"column":49}}],"line":35}},"s":{"0":5,"1":5,"2":5,"3":20,"4":0,"5":17,"6":17,"7":17,"8":0,"9":17,"10":17,"11":17,"12":0,"13":17,"14":17,"15":0,"16":5},"f":{"0":20,"1":0,"2":17},"b":{"0":[5,5],"1":[5,5],"2":[20,0],"3":[17,0],"4":[0,17],"5":[17,17],"6":[0,17],"7":[17,17]},"_coverageSchema":"1a1c01bbd47fc00a2c39e90264f33305004495a9","hash":"ed0634646f775b9391580de4fa8fbf3aedc00284"}
,"C:\\Users\\Sebi\\Desktop\\portal-lt1\\Web_Portal-LT1\\portal-lt1-backend\\src\\middleware\\permissions.js": {"path":"C:\\Users\\Sebi\\Desktop\\portal-lt1\\Web_Portal-LT1\\portal-lt1-backend\\src\\middleware\\permissions.js","statementMap":{"0":{"start":{"line":2,"column":2},"end":{"line":14,"column":4}},"1":{"start":{"line":3,"column":24},"end":{"line":3,"column":51}},"2":{"start":{"line":5,"column":4},"end":{"line":11,"column":5}},"3":{"start":{"line":6,"column":6},"end":{"line":10,"column":9}},"4":{"start":{"line":13,"column":4},"end":{"line":13,"column":18}},"5":{"start":{"line":18,"column":2},"end":{"line":31,"column":4}},"6":{"start":{"line":19,"column":24},"end":{"line":19,"column":51}},"7":{"start":{"line":20,"column":20},"end":{"line":20,"column":78}},"8":{"start":{"line":20,"column":51},"end":{"line":20,"column":77}},"9":{"start":{"line":22,"column":4},"end":{"line":28,"column":5}},"10":{"start":{"line":23,"column":6},"end":{"line":27,"column":9}},"11":{"start":{"line":30,"column":4},"end":{"line":30,"column":18}},"12":{"start":{"line":34,"column":0},"end":{"line":37,"column":2}}},"fnMap":{"0":{"name":"requirePermission","decl":{"start":{"line":1,"column":9},"end":{"line":1,"column":26}},"loc":{"start":{"line":1,"column":43},"end":{"line":15,"column":1}},"line":1},"1":{"name":"permissionGuard","decl":{"start":{"line":2,"column":18},"end":{"line":2,"column":33}},"loc":{"start":{"line":2,"column":50},"end":{"line":14,"column":3}},"line":2},"2":{"name":"requireAnyPermission","decl":{"start":{"line":17,"column":9},"end":{"line":17,"column":29}},"loc":{"start":{"line":17,"column":50},"end":{"line":32,"column":1}},"line":17},"3":{"name":"permissionGuard","decl":{"start":{"line":18,"column":18},"end":{"line":18,"column":33}},"loc":{"start":{"line":18,"column":50},"end":{"line":31,"column":3}},"line":18},"4":{"name":"(anonymous_4)","decl":{"start":{"line":20,"column":41},"end":{"line":20,"column":42}},"loc":{"start":{"line":20,"column":51},"end":{"line":20,"column":77}},"line":20}},"branchMap":{"0":{"loc":{"start":{"line":3,"column":24},"end":{"line":3,"column":51}},"type":"binary-expr","locations":[{"start":{"line":3,"column":24},"end":{"line":3,"column":45}},{"start":{"line":3,"column":49},"end":{"line":3,"column":51}}],"line":3},"1":{"loc":{"start":{"line":5,"column":4},"end":{"line":11,"column":5}},"type":"if","locations":[{"start":{"line":5,"column":4},"end":{"line":11,"column":5}},{"start":{},"end":{}}],"line":5},"2":{"loc":{"start":{"line":9,"column":14},"end":{"line":9,"column":36}},"type":"binary-expr","locations":[{"start":{"line":9,"column":14},"end":{"line":9,"column":28}},{"start":{"line":9,"column":32},"end":{"line":9,"column":36}}],"line":9},"3":{"loc":{"start":{"line":19,"column":24},"end":{"line":19,"column":51}},"type":"binary-expr","locations":[{"start":{"line":19,"column":24},"end":{"line":19,"column":45}},{"start":{"line":19,"column":49},"end":{"line":19,"column":51}}],"line":19},"4":{"loc":{"start":{"line":22,"column":4},"end":{"line":28,"column":5}},"type":"if","locations":[{"start":{"line":22,"column":4},"end":{"line":28,"column":5}},{"start":{},"end":{}}],"line":22},"5":{"loc":{"start":{"line":26,"column":14},"end":{"line":26,"column":36}},"type":"binary-expr","locations":[{"start":{"line":26,"column":14},"end":{"line":26,"column":28}},{"start":{"line":26,"column":32},"end":{"line":26,"column":36}}],"line":26}},"s":{"0":55,"1":16,"2":16,"3":2,"4":14,"5":0,"6":0,"7":0,"8":0,"9":0,"10":0,"11":0,"12":5},"f":{"0":55,"1":16,"2":0,"3":0,"4":0},"b":{"0":[16,0],"1":[2,14],"2":[2,0],"3":[0,0],"4":[0,0],"5":[0,0]},"_coverageSchema":"1a1c01bbd47fc00a2c39e90264f33305004495a9","hash":"52f90910e4509e91c33fcc181d3ca98b16f643a1"}
,"C:\\Users\\Sebi\\Desktop\\portal-lt1\\Web_Portal-LT1\\portal-lt1-backend\\src\\realtime\\wsHub.js": {"path":"C:\\Users\\Sebi\\Desktop\\portal-lt1\\Web_Portal-LT1\\portal-lt1-backend\\src\\realtime\\wsHub.js","statementMap":{"0":{"start":{"line":1,"column":16},"end":{"line":1,"column":25}},"1":{"start":{"line":4,"column":2},"end":{"line":4,"column":18}},"2":{"start":{"line":6,"column":18},"end":{"line":8,"column":3}},"3":{"start":{"line":7,"column":4},"end":{"line":7,"column":23}},"4":{"start":{"line":10,"column":2},"end":{"line":10,"column":26}},"5":{"start":{"line":11,"column":2},"end":{"line":11,"column":26}},"6":{"start":{"line":15,"column":15},"end":{"line":15,"column":78}},"7":{"start":{"line":17,"column":2},"end":{"line":24,"column":3}},"8":{"start":{"line":18,"column":4},"end":{"line":18,"column":38}},"9":{"start":{"line":18,"column":29},"end":{"line":18,"column":38}},"10":{"start":{"line":19,"column":4},"end":{"line":23,"column":5}},"11":{"start":{"line":20,"column":6},"end":{"line":20,"column":20}},"12":{"start":{"line":22,"column":6},"end":{"line":22,"column":25}},"13":{"start":{"line":27,"column":0},"end":{"line":30,"column":2}}},"fnMap":{"0":{"name":"addClient","decl":{"start":{"line":3,"column":9},"end":{"line":3,"column":18}},"loc":{"start":{"line":3,"column":23},"end":{"line":12,"column":1}},"line":3},"1":{"name":"(anonymous_1)","decl":{"start":{"line":6,"column":18},"end":{"line":6,"column":19}},"loc":{"start":{"line":6,"column":24},"end":{"line":8,"column":3}},"line":6},"2":{"name":"broadcast","decl":{"start":{"line":14,"column":9},"end":{"line":14,"column":18}},"loc":{"start":{"line":14,"column":28},"end":{"line":25,"column":1}},"line":14}},"branchMap":{"0":{"loc":{"start":{"line":15,"column":15},"end":{"line":15,"column":78}},"type":"cond-expr","locations":[{"start":{"line":15,"column":45},"end":{"line":15,"column":52}},{"start":{"line":15,"column":55},"end":{"line":15,"column":78}}],"line":15},"1":{"loc":{"start":{"line":18,"column":4},"end":{"line":18,"column":38}},"type":"if","locations":[{"start":{"line":18,"column":4},"end":{"line":18,"column":38}},{"start":{},"end":{}}],"line":18}},"s":{"0":5,"1":2,"2":2,"3":0,"4":2,"5":2,"6":3,"7":3,"8":2,"9":0,"10":2,"11":2,"12":0,"13":5},"f":{"0":2,"1":0,"2":3},"b":{"0":[0,3],"1":[0,2]},"_coverageSchema":"1a1c01bbd47fc00a2c39e90264f33305004495a9","hash":"2afc9c47ee2e8ef81f338f40df0002678f6bfa1b"}
,"C:\\Users\\Sebi\\Desktop\\portal-lt1\\Web_Portal-LT1\\portal-lt1-backend\\src\\routes\\auth.js": {"path":"C:\\Users\\Sebi\\Desktop\\portal-lt1\\Web_Portal-LT1\\portal-lt1-backend\\src\\routes\\auth.js","statementMap":{"0":{"start":{"line":1,"column":16},"end":{"line":1,"column":34}},"1":{"start":{"line":2,"column":14},"end":{"line":2,"column":44}},"2":{"start":{"line":3,"column":29},"end":{"line":3,"column":58}},"3":{"start":{"line":4,"column":26},"end":{"line":4,"column":67}},"4":{"start":{"line":5,"column":41},"end":{"line":5,"column":68}},"5":{"start":{"line":6,"column":23},"end":{"line":6,"column":56}},"6":{"start":{"line":8,"column":15},"end":{"line":8,"column":31}},"7":{"start":{"line":11,"column":29},"end":{"line":11,"column":73}},"8":{"start":{"line":12,"column":17},"end":{"line":12,"column":19}},"9":{"start":{"line":14,"column":2},"end":{"line":20,"column":3}},"10":{"start":{"line":15,"column":4},"end":{"line":15,"column":51}},"11":{"start":{"line":16,"column":9},"end":{"line":20,"column":3}},"12":{"start":{"line":17,"column":4},"end":{"line":17,"column":70}},"13":{"start":{"line":18,"column":9},"end":{"line":20,"column":3}},"14":{"start":{"line":19,"column":4},"end":{"line":19,"column":69}},"15":{"start":{"line":22,"column":2},"end":{"line":22,"column":47}},"16":{"start":{"line":26,"column":16},"end":{"line":26,"column":67}},"17":{"start":{"line":27,"column":17},"end":{"line":27,"column":19}},"18":{"start":{"line":29,"column":2},"end":{"line":35,"column":3}},"19":{"start":{"line":30,"column":4},"end":{"line":30,"column":45}},"20":{"start":{"line":31,"column":9},"end":{"line":35,"column":3}},"21":{"start":{"line":32,"column":4},"end":{"line":32,"column":64}},"22":{"start":{"line":33,"column":9},"end":{"line":35,"column":3}},"23":{"start":{"line":34,"column":4},"end":{"line":34,"column":63}},"24":{"start":{"line":37,"column":2},"end":{"line":37,"column":27}},"25":{"start":{"line":41,"column":2},"end":{"line":47,"column":4}},"26":{"start":{"line":51,"column":16},"end":{"line":51,"column":38}},"27":{"start":{"line":52,"column":18},"end":{"line":52,"column":65}},"28":{"start":{"line":53,"column":2},"end":{"line":58,"column":4}},"29":{"start":{"line":62,"column":0},"end":{"line":92,"column":3}},"30":{"start":{"line":63,"column":2},"end":{"line":91,"column":3}},"31":{"start":{"line":64,"column":32},"end":{"line":64,"column":46}},"32":{"start":{"line":65,"column":23},"end":{"line":65,"column":43}},"33":{"start":{"line":66,"column":26},"end":{"line":66,"column":64}},"34":{"start":{"line":67,"column":19},"end":{"line":70,"column":5}},"35":{"start":{"line":72,"column":4},"end":{"line":74,"column":5}},"36":{"start":{"line":73,"column":6},"end":{"line":73,"column":86}},"37":{"start":{"line":76,"column":17},"end":{"line":76,"column":61}},"38":{"start":{"line":77,"column":4},"end":{"line":79,"column":5}},"39":{"start":{"line":78,"column":6},"end":{"line":78,"column":72}},"40":{"start":{"line":81,"column":22},"end":{"line":81,"column":72}},"41":{"start":{"line":82,"column":4},"end":{"line":88,"column":7}},"42":{"start":{"line":90,"column":4},"end":{"line":90,"column":23}},"43":{"start":{"line":95,"column":0},"end":{"line":121,"column":3}},"44":{"start":{"line":96,"column":2},"end":{"line":120,"column":3}},"45":{"start":{"line":97,"column":34},"end":{"line":97,"column":48}},"46":{"start":{"line":98,"column":4},"end":{"line":100,"column":5}},"47":{"start":{"line":99,"column":6},"end":{"line":99,"column":104}},"48":{"start":{"line":102,"column":19},"end":{"line":102,"column":94}},"49":{"start":{"line":103,"column":4},"end":{"line":105,"column":5}},"50":{"start":{"line":104,"column":6},"end":{"line":104,"column":61}},"51":{"start":{"line":107,"column":17},"end":{"line":107,"column":55}},"52":{"start":{"line":108,"column":4},"end":{"line":110,"column":5}},"53":{"start":{"line":109,"column":6},"end":{"line":109,"column":73}},"54":{"start":{"line":112,"column":19},"end":{"line":112,"column":49}},"55":{"start":{"line":113,"column":4},"end":{"line":117,"column":7}},"56":{"start":{"line":119,"column":4},"end":{"line":119,"column":23}},"57":{"start":{"line":123,"column":0},"end":{"line":159,"column":3}},"58":{"start":{"line":124,"column":2},"end":{"line":158,"column":3}},"59":{"start":{"line":125,"column":48},"end":{"line":125,"column":62}},"60":{"start":{"line":126,"column":23},"end":{"line":126,"column":43}},"61":{"start":{"line":127,"column":22},"end":{"line":127,"column":56}},"62":{"start":{"line":128,"column":26},"end":{"line":128,"column":64}},"63":{"start":{"line":129,"column":19},"end":{"line":133,"column":5}},"64":{"start":{"line":135,"column":4},"end":{"line":137,"column":5}},"65":{"start":{"line":136,"column":6},"end":{"line":136,"column":93}},"66":{"start":{"line":139,"column":21},"end":{"line":139,"column":65}},"67":{"start":{"line":140,"column":4},"end":{"line":142,"column":5}},"68":{"start":{"line":141,"column":6},"end":{"line":141,"column":86}},"69":{"start":{"line":144,"column":17},"end":{"line":149,"column":6}},"70":{"start":{"line":151,"column":19},"end":{"line":151,"column":49}},"71":{"start":{"line":152,"column":4},"end":{"line":152,"column":40}},"72":{"start":{"line":154,"column":4},"end":{"line":156,"column":5}},"73":{"start":{"line":155,"column":6},"end":{"line":155,"column":86}},"74":{"start":{"line":157,"column":4},"end":{"line":157,"column":23}},"75":{"start":{"line":161,"column":0},"end":{"line":186,"column":3}},"76":{"start":{"line":162,"column":2},"end":{"line":185,"column":3}},"77":{"start":{"line":163,"column":25},"end":{"line":163,"column":47}},"78":{"start":{"line":164,"column":4},"end":{"line":166,"column":5}},"79":{"start":{"line":165,"column":6},"end":{"line":165,"column":71}},"80":{"start":{"line":168,"column":20},"end":{"line":168,"column":71}},"81":{"start":{"line":169,"column":4},"end":{"line":171,"column":5}},"82":{"start":{"line":170,"column":6},"end":{"line":170,"column":81}},"83":{"start":{"line":173,"column":4},"end":{"line":173,"column":50}},"84":{"start":{"line":174,"column":17},"end":{"line":174,"column":56}},"85":{"start":{"line":175,"column":4},"end":{"line":177,"column":5}},"86":{"start":{"line":176,"column":6},"end":{"line":176,"column":73}},"87":{"start":{"line":179,"column":4},"end":{"line":182,"column":7}},"88":{"start":{"line":184,"column":4},"end":{"line":184,"column":23}},"89":{"start":{"line":188,"column":0},"end":{"line":198,"column":3}},"90":{"start":{"line":189,"column":2},"end":{"line":197,"column":3}},"91":{"start":{"line":190,"column":25},"end":{"line":190,"column":47}},"92":{"start":{"line":191,"column":4},"end":{"line":193,"column":5}},"93":{"start":{"line":192,"column":6},"end":{"line":192,"column":55}},"94":{"start":{"line":194,"column":4},"end":{"line":194,"column":55}},"95":{"start":{"line":196,"column":4},"end":{"line":196,"column":23}},"96":{"start":{"line":200,"column":0},"end":{"line":224,"column":3}},"97":{"start":{"line":201,"column":2},"end":{"line":223,"column":3}},"98":{"start":{"line":202,"column":23},"end":{"line":202,"column":53}},"99":{"start":{"line":203,"column":4},"end":{"line":205,"column":5}},"100":{"start":{"line":204,"column":6},"end":{"line":204,"column":92}},"101":{"start":{"line":207,"column":17},"end":{"line":207,"column":61}},"102":{"start":{"line":208,"column":4},"end":{"line":212,"column":5}},"103":{"start":{"line":209,"column":6},"end":{"line":211,"column":9}},"104":{"start":{"line":214,"column":18},"end":{"line":214,"column":76}},"105":{"start":{"line":215,"column":4},"end":{"line":220,"column":7}},"106":{"start":{"line":222,"column":4},"end":{"line":222,"column":23}},"107":{"start":{"line":226,"column":0},"end":{"line":253,"column":3}},"108":{"start":{"line":227,"column":2},"end":{"line":252,"column":3}},"109":{"start":{"line":228,"column":44},"end":{"line":228,"column":58}},"110":{"start":{"line":229,"column":26},"end":{"line":229,"column":64}},"111":{"start":{"line":231,"column":4},"end":{"line":233,"column":5}},"112":{"start":{"line":232,"column":6},"end":{"line":232,"column":88}},"113":{"start":{"line":235,"column":4},"end":{"line":237,"column":5}},"114":{"start":{"line":236,"column":6},"end":{"line":236,"column":97}},"115":{"start":{"line":239,"column":19},"end":{"line":243,"column":5}},"116":{"start":{"line":245,"column":4},"end":{"line":247,"column":5}},"117":{"start":{"line":246,"column":6},"end":{"line":246,"column":61}},"118":{"start":{"line":249,"column":4},"end":{"line":249,"column":84}},"119":{"start":{"line":251,"column":4},"end":{"line":251,"column":23}},"120":{"start":{"line":255,"column":0},"end":{"line":255,"column":24}}},"fnMap":{"0":{"name":"validatePassword","decl":{"start":{"line":10,"column":9},"end":{"line":10,"column":25}},"loc":{"start":{"line":10,"column":47},"end":{"line":23,"column":1}},"line":10},"1":{"name":"validateFullName","decl":{"start":{"line":25,"column":9},"end":{"line":25,"column":25}},"loc":{"start":{"line":25,"column":36},"end":{"line":38,"column":1}},"line":25},"2":{"name":"toPublicUser","decl":{"start":{"line":40,"column":9},"end":{"line":40,"column":21}},"loc":{"start":{"line":40,"column":28},"end":{"line":48,"column":1}},"line":40},"3":{"name":"issueSessionTokens","decl":{"start":{"line":50,"column":15},"end":{"line":50,"column":33}},"loc":{"start":{"line":50,"column":40},"end":{"line":59,"column":1}},"line":50},"4":{"name":"(anonymous_4)","decl":{"start":{"line":62,"column":22},"end":{"line":62,"column":23}},"loc":{"start":{"line":62,"column":54},"end":{"line":92,"column":1}},"line":62},"5":{"name":"(anonymous_5)","decl":{"start":{"line":95,"column":27},"end":{"line":95,"column":28}},"loc":{"start":{"line":95,"column":59},"end":{"line":121,"column":1}},"line":95},"6":{"name":"(anonymous_6)","decl":{"start":{"line":123,"column":25},"end":{"line":123,"column":26}},"loc":{"start":{"line":123,"column":57},"end":{"line":159,"column":1}},"line":123},"7":{"name":"(anonymous_7)","decl":{"start":{"line":161,"column":24},"end":{"line":161,"column":25}},"loc":{"start":{"line":161,"column":56},"end":{"line":186,"column":1}},"line":161},"8":{"name":"(anonymous_8)","decl":{"start":{"line":188,"column":23},"end":{"line":188,"column":24}},"loc":{"start":{"line":188,"column":55},"end":{"line":198,"column":1}},"line":188},"9":{"name":"(anonymous_9)","decl":{"start":{"line":200,"column":32},"end":{"line":200,"column":33}},"loc":{"start":{"line":200,"column":64},"end":{"line":224,"column":1}},"line":200},"10":{"name":"(anonymous_10)","decl":{"start":{"line":226,"column":31},"end":{"line":226,"column":32}},"loc":{"start":{"line":226,"column":63},"end":{"line":253,"column":1}},"line":226}},"branchMap":{"0":{"loc":{"start":{"line":11,"column":29},"end":{"line":11,"column":73}},"type":"cond-expr","locations":[{"start":{"line":11,"column":60},"end":{"line":11,"column":68}},{"start":{"line":11,"column":71},"end":{"line":11,"column":73}}],"line":11},"1":{"loc":{"start":{"line":14,"column":2},"end":{"line":20,"column":3}},"type":"if","locations":[{"start":{"line":14,"column":2},"end":{"line":20,"column":3}},{"start":{"line":16,"column":9},"end":{"line":20,"column":3}
[...]
,"C:\\Users\\Sebi\\Desktop\\portal-lt1\\Web_Portal-LT1\\portal-lt1-backend\\src\\validation\\documentValidation.js": {"path":"C:\\Users\\Sebi\\Desktop\\portal-lt1\\Web_Portal-LT1\\portal-lt1-backend\\src\\validation\\documentValidation.js","statementMap":{"0":{"start":{"line":1,"column":24},"end":{"line":1,"column":55}},"1":{"start":{"line":4,"column":17},"end":{"line":4,"column":19}},"2":{"start":{"line":5,"column":16},"end":{"line":5,"column":88}},"3":{"start":{"line":6,"column":19},"end":{"line":6,"column":100}},"4":{"start":{"line":7,"column":17},"end":{"line":7,"column":92}},"5":{"start":{"line":8,"column":22},"end":{"line":8,"column":112}},"6":{"start":{"line":9,"column":17},"end":{"line":9,"column":92}},"7":{"start":{"line":11,"column":2},"end":{"line":15,"column":3}},"8":{"start":{"line":12,"column":4},"end":{"line":12,"column":46}},"9":{"start":{"line":13,"column":9},"end":{"line":15,"column":3}},"10":{"start":{"line":14,"column":4},"end":{"line":14,"column":73}},"11":{"start":{"line":17,"column":2},"end":{"line":21,"column":3}},"12":{"start":{"line":18,"column":4},"end":{"line":18,"column":52}},"13":{"start":{"line":19,"column":9},"end":{"line":21,"column":3}},"14":{"start":{"line":20,"column":4},"end":{"line":20,"column":78}},"15":{"start":{"line":23,"column":2},"end":{"line":27,"column":3}},"16":{"start":{"line":24,"column":4},"end":{"line":24,"column":50}},"17":{"start":{"line":25,"column":9},"end":{"line":27,"column":3}},"18":{"start":{"line":26,"column":4},"end":{"line":26,"column":76}},"19":{"start":{"line":29,"column":2},"end":{"line":33,"column":3}},"20":{"start":{"line":30,"column":4},"end":{"line":30,"column":56}},"21":{"start":{"line":31,"column":9},"end":{"line":33,"column":3}},"22":{"start":{"line":32,"column":4},"end":{"line":32,"column":54}},"23":{"start":{"line":35,"column":2},"end":{"line":39,"column":3}},"24":{"start":{"line":36,"column":4},"end":{"line":36,"column":49}},"25":{"start":{"line":37,"column":9},"end":{"line":39,"column":3}},"26":{"start":{"line":38,"column":4},"end":{"line":38,"column":55}},"27":{"start":{"line":41,"column":2},"end":{"line":45,"column":3}},"28":{"start":{"line":42,"column":4},"end":{"line":42,"column":56}},"29":{"start":{"line":43,"column":9},"end":{"line":45,"column":3}},"30":{"start":{"line":44,"column":4},"end":{"line":44,"column":85}},"31":{"start":{"line":47,"column":2},"end":{"line":47,"column":107}},"32":{"start":{"line":51,"column":15},"end":{"line":51,"column":50}},"33":{"start":{"line":52,"column":16},"end":{"line":52,"column":52}},"34":{"start":{"line":53,"column":17},"end":{"line":53,"column":19}},"35":{"start":{"line":55,"column":2},"end":{"line":57,"column":3}},"36":{"start":{"line":56,"column":4},"end":{"line":56,"column":69}},"37":{"start":{"line":59,"column":2},"end":{"line":61,"column":3}},"38":{"start":{"line":60,"column":4},"end":{"line":60,"column":69}},"39":{"start":{"line":63,"column":2},"end":{"line":63,"column":33}},"40":{"start":{"line":66,"column":0},"end":{"line":70,"column":2}}},"fnMap":{"0":{"name":"validateDocument","decl":{"start":{"line":3,"column":9},"end":{"line":3,"column":25}},"loc":{"start":{"line":3,"column":33},"end":{"line":48,"column":1}},"line":3},"1":{"name":"validatePagination","decl":{"start":{"line":50,"column":9},"end":{"line":50,"column":27}},"loc":{"start":{"line":50,"column":47},"end":{"line":64,"column":1}},"line":50}},"branchMap":{"0":{"loc":{"start":{"line":5,"column":16},"end":{"line":5,"column":88}},"type":"cond-expr","locations":[{"start":{"line":5,"column":65},"end":{"line":5,"column":83}},{"start":{"line":5,"column":86},"end":{"line":5,"column":88}}],"line":5},"1":{"loc":{"start":{"line":5,"column":16},"end":{"line":5,"column":62}},"type":"binary-expr","locations":[{"start":{"line":5,"column":16},"end":{"line":5,"column":27}},{"start":{"line":5,"column":31},"end":{"line":5,"column":62}}],"line":5},"2":{"loc":{"start":{"line":6,"column":19},"end":{"line":6,"column":100}},"type":"cond-expr","locations":[{"start":{"line":6,"column":74},"end":{"line":6,"column":95}},{"start":{"line":6,"column":98},"end":{"line":6,"column":100}}],"line":6},"3":{"loc":{"start":{"line":6,"column":19},"end":{"line":6,"column":71}},"type":"binary-expr","locations":[{"start":{"line":6,"column":19},"end":{"line":6,"column":33}},{"start":{"line":6,"column":37},"end":{"line":6,"column":71}}],"line":6},"4":{"loc":{"start":{"line":7,"column":17},"end":{"line":7,"column":92}},"type":"cond-expr","locations":[{"start":{"line":7,"column":68},"end":{"line":7,"column":87}},{"start":{"line":7,"column":90},"end":{"line":7,"column":92}}],"line":7},"5":{"loc":{"start":{"line":7,"column":17},"end":{"line":7,"column":65}},"type":"binary-expr","locations":[{"start":{"line":7,"column":17},"end":{"line":7,"column":29}},{"start":{"line":7,"column":33},"end":{"line":7,"column":65}}],"line":7},"6":{"loc":{"start":{"line":8,"column":22},"end":{"line":8,"column":112}},"type":"cond-expr","locations":[{"start":{"line":8,"column":83},"end":{"line":8,"column":107}},{"start":{"line":8,"column":110},"end":{"line":8,"column":112}}],"line":8},"7":{"loc":{"start":{"line":8,"column":22},"end":{"line":8,"column":80}},"type":"binary-expr","locations":[{"start":{"line":8,"column":22},"end":{"line":8,"column":39}},{"start":{"line":8,"column":43},"end":{"line":8,"column":80}}],"line":8},"8":{"loc":{"start":{"line":9,"column":17},"end":{"line":9,"column":92}},"type":"cond-expr","locations":[{"start":{"line":9,"column":68},"end":{"line":9,"column":87}},{"start":{"line":9,"column":90},"end":{"line":9,"column":92}}],"line":9},"9":{"loc":{"start":{"line":9,"column":17},"end":{"line":9,"column":65}},"type":"binary-expr","locations":[{"start":{"line":9,"column":17},"end":{"line":9,"column":29}},{"start":{"line":9,"column":33},"end":{"line":9,"column":65}}],"line":9},"10":{"loc":{"start":{"line":11,"column":2},"end":{"line":15,"column":3}},"type":"if","locations":[{"start":{"line":11,"column":2},"end":{"line":15,"column":3}},{"start":{"line":13,"column":9},"end":{"line":15,"column":3}}],"line":11},"11":{"loc":{"start":{"line":13,"column":9},"end":{"line":15,"column":3}},"type":"if","locations":[{"start":{"line":13,"column":9},"end":{"line":15,"column":3}},{"start":{},"end":{}}],"line":13},"12":{"loc":{"start":{"line":13,"column":13},"end":{"line":13,"column":51}},"type":"binary-expr","locations":[{"start":{"line":13,"column":13},"end":{"line":13,"column":29}},{"start":{"line":13,"column":33},"end":{"line":13,"column":51}}],"line":13},"13":{"loc":{"start":{"line":17,"column":2},"end":{"line":21,"column":3}},"type":"if","locations":[{"start":{"line":17,"column":2},"end":{"line":21,"column":3}},{"start":{"line":19,"column":9},"end":{"line":21,"column":3}}],"line":17},"14":{"loc":{"start":{"line":19,"column":9},"end":{"line":21,"column":3}},"type":"if","locations":[{"start":{"line":19,"column":9},"end":{"line":21,"column":3}},{"start":{},"end":{}}],"line":19},"15":{"loc":{"start":{"line":19,"column":13},"end":{"line":19,"column":56}},"type":"binary-expr","locations":[{"start":{"line":19,"column":13},"end":{"line":19,"column":32}},{"start":{"line":19,"column":36},"end":{"line":19,"column":56}}],"line":19},"16":{"loc":{"start":{"line":23,"column":2},"end":{"line":27,"column":3}},"type":"if","locations":[{"start":{"line":23,"column":2},"end":{"line":27,"column":3}},{"start":{"line":25,"column":9},"end":{"line":27,"column":3}}],"line":23},"17":{"loc":{"start":{"line":25,"column":9},"end":{"line":27,"column":3}},"type":"if","locations":[{"start":{"line":25,"column":9},"end":{"line":27,"column":3}},{"start":{},"end":{}}],"line":25},"18":{"loc":{"start":{"line":25,"column":13},"end":{"line":25,"column":52}},"type":"binary-expr","locations":[{"start":{"line":25,"column":13},"end":{"line":25,"column":30}},{"start":{"line":25,"column":34},"end":{"line":25,"column":52}}],"line":25},"19":{"loc":{"start":{"line":29,"column":2},"end":{"line":33,"column":3}},"type":"if","locations":[{"start":{"line":29,"column":2},"end":{"line":33,"column":3}},{"start":{"line":31,"column":9},"end":{"line":33,"column":3}}],"line":29},"20":{"loc":{"start":{"line":31,"column":9},"end":{"line":33,"column":3}},"type":"if","locations":[{"start":{"line":31,"column":9},"end":{"line":33,"column":3}},{"start":{},"end":{}}],"line":31},"21":{"loc":{"start":{"line":35,"column":2},"end":{"line":39,"column":3}},"type":"if","locations":[{"start":{"line":35,"column":2},"end":{"line":39,"column":3}},{"start":{"line":37,"column":9},"end":{"line":39,"column":3}}],"line":35},"22":{"loc":{"start":{"line":37,"column":9},"end":{"line":39,"column":3}},"type":"if","locations":[{"start":{"line":37,"column":9},"end":{"line":39,"column":3}},{"start":{},"end":{}}],"line":37},"23":{"loc":{"start":{"line":41,"column":2},"end":{"line":45,"column":3}},"type":"if","locations":[{"start":{"line":41,"column":2},"end":{"line":45,"column":3}},{"start":{"line":43,"column":9},"end":{"line":45,"column":3}}],"line":41},"24":{"loc":{"start":{"line":43,"column":9},"end":{"line":45,"column":3}},"type":"if","locations":[{"start":{"line":43,"column":9},"end":{"line":45,"column":3}},{"start":{},"end":{}}],"line":43},"25":{"loc":{"start":{"line":43,"column":13},"end":{"line":43,"column":65}},"type":"binary-expr","locations":[{"start":{"line":43,"column":13},"end":{"line":43,"column":36}},{"start":{"line":43,"column":40},"end":{"line":43,"column":65}}],"line":43},"26":{"loc":{"start":{"line":51,"column":31},"end":{"line":51,"column":45}},"type":"binary-expr","locations":[{"start":{"line":51,"column":31},"end":{"line":51,"column":38}},{"start":{"line":51,"column":42},"end":{"line":51,"column":45}}],"line":51},"27":{"loc":{"start":{"line":52,"column":32},"end":{"line":52,"column":47}},"type":"binary-expr","locations":[{"start":{"line":52,"column":32},"end":{"line":52,"column":40}},{"start":{"line":52,"column":44},"end":{"line":52,"column":47}}],"line":52},"28":{"loc":{"start":{"line":55,"column":2},"end":{"line":57,"column":3}},"type":"if","locations":[{"start":{"line":55,"column":2},"end":{"line":57,"column":3}},{"start":{},"end":{}}],"line":55},"29":{"loc":{"start":{"line":55,"column":6},"end":{"line":55,"column":36}},"type":"binary-expr","locations":[{"start":{"line":55,"column":6},"end":{"line":55,"column":24}},{"start":{"line":55,"column":28},"end":{"line":55,"column":36}}],"line":55},"30":{"loc":{"start":{"line":59,"column":2},"end":{"line":61,"column":3}},"type":"if","locations":[{"start":{"line":59,"column":2},"end":{"line":61,"column":3}},{"start":{},"end":{}}],"line":59},"31":{"loc":{"start":{"line":59,"column":6},"end":{"line":59,"column":53}},"type":"binary-expr","locations":[{"start":{"line":59,"column":6},"end":{"line":59,"column":25}},{"start":{"line":59,"column":29},"end":{"line":59,"column":38}},{"start":{"line":59,"column":42},"end":{"line":59,"column":53}}],"line":59}},"s":{"0":5,"1":8,"2":8,"3":8,"4":8,"5":8,"6":8,"7":8,"8":0,"9":8,"10":1,"11":8,"12":1,"13":7,"14":0,"15":8,"16":1,"17":7,"18":0,"19":8,"20":1,"21":7,"22":0,"23":8,"24":1,"25":7,"26":0,"27":8,"28":1,"29":7,"30":0,"31":8,"32":3,"33":3,"34":3,"35":3,"36":1,"37":3,"38":1,"39":3,"40":5},"f":{"0":8,"1":3},"b":{"0":[8,0],"1":[8,8],"2":[7,1],"3":[8,7],"4":[7,1],"5":[8,7],"6":[7,1],"7":[8,7],"8":[7,1],"9":[8,7],"10":[0,8],"11":[1,7],"12":[8,7],"13":[1,7],"14":[0,7],"15":[7,7],"16":[1,7],"17":[0,7],"18":[7,7],"19":[1,7],"20":[0,7],"21":[1,7],"22":[0,7],"23":[1,7],"24":[0,7],"25":[7,7],"26":[3,0],"27":[3,0],"28":[1,2],"29":[3,3],"30":[1,2],"31":[3,3,3]},"_coverageSchema":"1a1c01bbd47fc00a2c39e90264f33305004495a9","hash":"7fc6d1dc7146d07ff64ce6c50da38492148a81cc"}
,"C:\\Users\\Sebi\\Desktop\\portal-lt1\\Web_Portal-LT1\\portal-lt1-backend\\src\\validation\\postValidation.js": {"path":"C:\\Users\\Sebi\\Desktop\\portal-lt1\\Web_Portal-LT1\\portal-lt1-backend\\src\\validation\\postValidation.js","statementMap":{"0":{"start":{"line":2,"column":17},"end":{"line":2,"column":19}},"1":{"start":{"line":3,"column":16},"end":{"line":3,"column":88}},"2":{"start":{"line":4,"column":18},"end":{"line":4,"column":96}},"3":{"start":{"line":5,"column":22},"end":{"line":5,"column":112}},"4":{"start":{"line":6,"column":20},"end":{"line":6,"column":104}},"5":{"start":{"line":7,"column":23},"end":{"line":7,"column":51}},"6":{"start":{"line":9,"column":2},"end":{"line":13,"column":3}},"7":{"start":{"line":10,"column":4},"end":{"line":10,"column":46}},"8":{"start":{"line":11,"column":9},"end":{"line":13,"column":3}},"9":{"start":{"line":12,"column":4},"end":{"line":12,"column":73}},"10":{"start":{"line":15,"column":2},"end":{"line":19,"column":3}},"11":{"start":{"line":16,"column":4},"end":{"line":16,"column":52}},"12":{"start":{"line":17,"column":9},"end":{"line":19,"column":3}},"13":{"start":{"line":18,"column":4},"end":{"line":18,"column":81}},"14":{"start":{"line":21,"column":2},"end":{"line":25,"column":3}},"15":{"start":{"line":22,"column":4},"end":{"line":22,"column":55}},"16":{"start":{"line":23,"column":9},"end":{"line":25,"column":3}},"17":{"start":{"line":24,"column":4},"end":{"line":24,"column":81}},"18":{"start":{"line":27,"column":2},"end":{"line":29,"column":3}},"19":{"start":{"line":28,"column":4},"end":{"line":28,"column":58}},"20":{"start":{"line":31,"column":2},"end":{"line":31,"column":89}},"21":{"start":{"line":34,"column":0},"end":{"line":36,"column":2}}},"fnMap":{"0":{"name":"validatePost","decl":{"start":{"line":1,"column":9},"end":{"line":1,"column":21}},"loc":{"start":{"line":1,"column":29},"end":{"line":32,"column":1}},"line":1}},"branchMap":{"0":{"loc":{"start":{"line":3,"column":16},"end":{"line":3,"column":88}},"type":"cond-expr","locations":[{"start":{"line":3,"column":65},"end":{"line":3,"column":83}},{"start":{"line":3,"column":86},"end":{"line":3,"column":88}}],"line":3},"1":{"loc":{"start":{"line":3,"column":16},"end":{"line":3,"column":62}},"type":"binary-expr","locations":[{"start":{"line":3,"column":16},"end":{"line":3,"column":27}},{"start":{"line":3,"column":31},"end":{"line":3,"column":62}}],"line":3},"2":{"loc":{"start":{"line":4,"column":18},"end":{"line":4,"column":96}},"type":"cond-expr","locations":[{"start":{"line":4,"column":71},"end":{"line":4,"column":91}},{"start":{"line":4,"column":94},"end":{"line":4,"column":96}}],"line":4},"3":{"loc":{"start":{"line":4,"column":18},"end":{"line":4,"column":68}},"type":"binary-expr","locations":[{"start":{"line":4,"column":18},"end":{"line":4,"column":31}},{"start":{"line":4,"column":35},"end":{"line":4,"column":68}}],"line":4},"4":{"loc":{"start":{"line":5,"column":22},"end":{"line":5,"column":112}},"type":"cond-expr","locations":[{"start":{"line":5,"column":83},"end":{"line":5,"column":107}},{"start":{"line":5,"column":110},"end":{"line":5,"column":112}}],"line":5},"5":{"loc":{"start":{"line":5,"column":22},"end":{"line":5,"column":80}},"type":"binary-expr","locations":[{"start":{"line":5,"column":22},"end":{"line":5,"column":39}},{"start":{"line":5,"column":43},"end":{"line":5,"column":80}}],"line":5},"6":{"loc":{"start":{"line":6,"column":20},"end":{"line":6,"column":104}},"type":"cond-expr","locations":[{"start":{"line":6,"column":77},"end":{"line":6,"column":99}},{"start":{"line":6,"column":102},"end":{"line":6,"column":104}}],"line":6},"7":{"loc":{"start":{"line":6,"column":20},"end":{"line":6,"column":74}},"type":"binary-expr","locations":[{"start":{"line":6,"column":20},"end":{"line":6,"column":35}},{"start":{"line":6,"column":39},"end":{"line":6,"column":74}}],"line":6},"8":{"loc":{"start":{"line":9,"column":2},"end":{"line":13,"column":3}},"type":"if","locations":[{"start":{"line":9,"column":2},"end":{"line":13,"column":3}},{"start":{"line":11,"column":9},"end":{"line":13,"column":3}}],"line":9},"9":{"loc":{"start":{"line":11,"column":9},"end":{"line":13,"column":3}},"type":"if","locations":[{"start":{"line":11,"column":9},"end":{"line":13,"column":3}},{"start":{},"end":{}}],"line":11},"10":{"loc":{"start":{"line":11,"column":13},"end":{"line":11,"column":51}},"type":"binary-expr","locations":[{"start":{"line":11,"column":13},"end":{"line":11,"column":29}},{"start":{"line":11,"column":33},"end":{"line":11,"column":51}}],"line":11},"11":{"loc":{"start":{"line":15,"column":2},"end":{"line":19,"column":3}},"type":"if","locations":[{"start":{"line":15,"column":2},"end":{"line":19,"column":3}},{"start":{"line":17,"column":9},"end":{"line":19,"column":3}}],"line":15},"12":{"loc":{"start":{"line":17,"column":9},"end":{"line":19,"column":3}},"type":"if","locations":[{"start":{"line":17,"column":9},"end":{"line":19,"column":3}},{"start":{},"end":{}}],"line":17},"13":{"loc":{"start":{"line":17,"column":13},"end":{"line":17,"column":57}},"type":"binary-expr","locations":[{"start":{"line":17,"column":13},"end":{"line":17,"column":32}},{"start":{"line":17,"column":36},"end":{"line":17,"column":57}}],"line":17},"14":{"loc":{"start":{"line":21,"column":2},"end":{"line":25,"column":3}},"type":"if","locations":[{"start":{"line":21,"column":2},"end":{"line":25,"column":3}},{"start":{"line":23,"column":9},"end":{"line":25,"column":3}}],"line":21},"15":{"loc":{"start":{"line":23,"column":9},"end":{"line":25,"column":3}},"type":"if","locations":[{"start":{"line":23,"column":9},"end":{"line":25,"column":3}},{"start":{},"end":{}}],"line":23},"16":{"loc":{"start":{"line":23,"column":13},"end":{"line":23,"column":62}},"type":"binary-expr","locations":[{"start":{"line":23,"column":13},"end":{"line":23,"column":35}},{"start":{"line":23,"column":39},"end":{"line":23,"column":62}}],"line":23},"17":{"loc":{"start":{"line":27,"column":2},"end":{"line":29,"column":3}},"type":"if","locations":[{"start":{"line":27,"column":2},"end":{"line":29,"column":3}},{"start":{},"end":{}}],"line":27},"18":{"loc":{"start":{"line":27,"column":6},"end":{"line":27,"column":41}},"type":"binary-expr","locations":[{"start":{"line":27,"column":6},"end":{"line":27,"column":15}},{"start":{"line":27,"column":19},"end":{"line":27,"column":41}}],"line":27}},"s":{"0":3,"1":3,"2":3,"3":3,"4":3,"5":3,"6":3,"7":0,"8":3,"9":1,"10":3,"11":0,"12":3,"13":1,"14":3,"15":1,"16":2,"17":0,"18":3,"19":0,"20":3,"21":5},"f":{"0":3},"b":{"0":[3,0],"1":[3,3],"2":[3,0],"3":[3,3],"4":[2,1],"5":[3,2],"6":[0,3],"7":[3,0],"8":[0,3],"9":[1,2],"10":[3,2],"11":[0,3],"12":[1,2],"13":[3,2],"14":[1,2],"15":[0,2],"16":[2,2],"17":[0,3],"18":[3,0]},"_coverageSchema":"1a1c01bbd47fc00a2c39e90264f33305004495a9","hash":"c1408012ea227c8ddb275edf4d064ac8865e17ae"}
}
