TN:
SF:src\app.js
FN:19,(anonymous_0)
FN:23,(anonymous_1)
FN:51,(anonymous_2)
FN:61,(anonymous_3)
FN:75,(anonymous_4)
FN:81,(anonymous_5)
FNF:6
FNH:2
FNDA:24,(anonymous_0)
FNDA:48,(anonymous_1)
FNDA:0,(anonymous_2)
FNDA:0,(anonymous_3)
FNDA:0,(anonymous_4)
FNDA:0,(anonymous_5)
DA:1,2
DA:2,2
DA:3,2
DA:5,2
DA:6,2
DA:7,2
DA:8,2
DA:9,2
DA:10,2
DA:11,2
DA:12,2
DA:13,2
DA:14,2
DA:16,2
DA:19,2
DA:20,24
DA:21,24
DA:24,48
DA:29,24
DA:33,24
DA:34,0
DA:35,0
DA:37,24
DA:38,24
DA:39,24
DA:41,24
DA:42,0
DA:44,24
DA:47,2
DA:48,2
DA:49,2
DA:51,2
DA:52,0
DA:61,2
DA:62,0
DA:65,2
DA:66,2
DA:67,2
DA:68,2
DA:69,2
DA:70,2
DA:71,2
DA:72,2
DA:73,2
DA:75,2
DA:76,0
DA:81,2
DA:82,0
DA:83,0
DA:86,2
LF:50
LH:42
BRDA:21,0,0,24
BRDA:21,0,1,0
BRDA:29,1,0,24
BRDA:29,1,1,0
BRDA:29,1,2,0
BRDA:33,2,0,0
BRDA:33,2,1,24
BRDA:33,3,0,24
BRDA:33,3,1,0
BRDA:33,3,2,0
BRDA:41,4,0,0
BRDA:41,4,1,24
BRF:12
BRH:5
end_of_record
TN:
SF:src\auth\password.js
FN:5,hashPassword
FN:9,verifyPassword
FNF:2
FNH:2
FNDA:3,hashPassword
FNDA:7,verifyPassword
DA:1,2
DA:3,2
DA:6,3
DA:10,7
DA:11,7
DA:12,0
DA:14,7
DA:17,2
LF:8
LH:7
BRDA:10,0,0,0
BRDA:10,0,1,7
BRDA:11,1,0,0
BRDA:11,1,1,7
BRF:4
BRH:2
end_of_record
TN:
SF:src\auth\sessionService.js
FN:16,updateUserPassword
FN:24,createLoginChallenge
FN:69,createEmailVerificationChallenge
FN:114,verifyEmailChallenge
FN:145,verifyLoginChallenge
FN:170,createPasswordResetChallenge
FN:213,verifyPasswordReset
FN:241,createUserSession
FN:258,findValidSession
FN:270,touchSession
FN:277,revokeSession
FN:288,revokeAllUserSessions
FNF:12
FNH:9
FNDA:0,updateUserPassword
FNDA:5,createLoginChallenge
FNDA:4,createEmailVerificationChallenge
FNDA:3,verifyEmailChallenge
FNDA:5,verifyLoginChallenge
FNDA:1,createPasswordResetChallenge
FNDA:0,verifyPasswordReset
FNDA:8,createUserSession
FNDA:3,findValidSession
FNDA:1,touchSession
FNDA:1,revokeSession
FNDA:0,revokeAllUserSessions
DA:1,2
DA:2,2
DA:3,2
DA:10,2
DA:12,2
DA:13,2
DA:14,2
DA:17,0
DA:18,0
DA:25,5
DA:26,5
DA:27,5
DA:28,5
DA:30,5
DA:40,5
DA:46,5
DA:47,5
DA:48,5
DA:49,5
DA:50,5
DA:52,5
DA:54,0
DA:55,0
DA:59,0
DA:60,0
DA:61,0
DA:62,0
DA:65,0
DA:66,0
DA:70,4
DA:71,4
DA:72,4
DA:73,4
DA:75,4
DA:85,4
DA:91,4
DA:92,4
DA:93,4
DA:94,4
DA:95,4
DA:97,4
DA:99,0
DA:100,0
DA:104,0
DA:105,0
DA:106,0
DA:107,0
DA:110,0
DA:111,0
DA:115,3
DA:119,3
DA:120,0
DA:123,3
DA:124,0
DA:127,3
DA:128,0
DA:131,3
DA:142,3
DA:146,5
DA:150,5
DA:151,0
DA:154,5
DA:155,0
DA:158,5
DA:159,0
DA:162,5
DA:167,5
DA:171,1
DA:172,1
DA:173,1
DA:174,1
DA:176,1
DA:186,1
DA:187,1
DA:188,1
DA:190,1
DA:191,1
DA:192,1
DA:193,1
DA:195,0
DA:196,0
DA:200,0
DA:201,0
DA:209,0
DA:210,0
DA:214,0
DA:218,0
DA:219,0
DA:222,0
DA:223,0
DA:226,0
DA:227,0
DA:230,0
DA:235,0
DA:236,0
DA:238,0
DA:242,8
DA:243,8
DA:244,8
DA:246,8
DA:255,8
DA:259,3
DA:260,3
DA:267,3
DA:271,1
DA:278,1
DA:279,1
DA:281,1
DA:285,1
DA:289,0
DA:295,2
LF:111
LH:69
BRDA:46,0,0,5
BRDA:46,0,1,0
BRDA:46,1,0,5
BRDA:46,1,1,5
BRDA:49,2,0,5
BRDA:49,2,1,0
BRDA:59,3,0,0
BRDA:59,3,1,0
BRDA:91,4,0,4
BRDA:91,4,1,0
BRDA:91,5,0,4
BRDA:91,5,1,4
BRDA:94,6,0,4
BRDA:94,6,1,0
BRDA:104,7,0,0
BRDA:104,7,1,0
BRDA:119,8,0,0
BRDA:119,8,1,3
BRDA:119,9,0,3
BRDA:119,9,1,3
BRDA:119,9,2,3
BRDA:123,10,0,0
BRDA:123,10,1,3
BRDA:127,11,0,0
BRDA:127,11,1,3
BRDA:150,12,0,0
BRDA:150,12,1,5
BRDA:150,13,0,5
BRDA:150,13,1,5
BRDA:150,13,2,5
BRDA:154,14,0,0
BRDA:154,14,1,5
BRDA:158,15,0,0
BRDA:158,15,1,5
BRDA:187,16,0,1
BRDA:187,16,1,1
BRDA:190,17,0,1
BRDA:190,17,1,0
BRDA:190,18,0,1
BRDA:190,18,1,1
BRDA:200,19,0,0
BRDA:200,19,1,0
BRDA:218,20,0,0
BRDA:218,20,1,0
BRDA:218,21,0,0
BRDA:218,21,1,0
BRDA:218,21,2,0
BRDA:222,22,0,0
BRDA:222,22,1,0
BRDA:226,23,0,0
BRDA:226,23,1,0
BRDA:279,24,0,0
BRDA:279,24,1,1
BRF:53
BRH:26
end_of_record
TN:
SF:src\auth\tokenUtils.js
FN:3,hashSecret
FN:7,generateId
FN:11,generateOtpCode
FN:15,generateResetToken
FN:19,shouldExposeDevCodes
FNF:5
FNH:5
FNDA:29,hashSecret
FNDA:18,generateId
FNDA:9,generateOtpCode
FNDA:17,generateResetToken
FNDA:9,shouldExposeDevCodes
DA:1,2
DA:4,29
DA:8,18
DA:12,9
DA:16,17
DA:20,9
DA:23,2
LF:7
LH:7
BRDA:20,0,0,9
BRDA:20,0,1,0
BRF:2
BRH:1
end_of_record
TN:
SF:src\chat\chatStore.js
FN:6,saveMessage
FN:30,listRecentMessages
FN:40,(anonymous_2)
FNF:3
FNH:0
FNDA:0,saveMessage
FNDA:0,listRecentMessages
FNDA:0,(anonymous_2)
DA:1,2
DA:3,2
DA:4,2
DA:7,0
DA:8,0
DA:17,0
DA:19,0
DA:31,0
DA:32,0
DA:38,0
DA:40,0
DA:51,2
LF:12
LH:4
BRDA:9,0,0,0
BRDA:9,0,1,0
BRDA:12,1,0,0
BRDA:12,1,1,0
BRDA:30,2,0,0
BRDA:30,3,0,0
BRF:6
BRH:0
end_of_record
TN:
SF:src\chat\mongoClient.js
FN:6,connectMongo
FN:18,getChatCollection
FN:25,closeMongo
FNF:3
FNH:0
FNDA:0,connectMongo
FNDA:0,getChatCollection
FNDA:0,closeMongo
DA:1,2
DA:7,0
DA:9,0
DA:10,0
DA:12,0
DA:13,0
DA:14,0
DA:15,0
DA:19,0
DA:20,0
DA:21,0
DA:22,0
DA:26,0
DA:27,0
DA:28,0
DA:29,0
DA:33,2
LF:17
LH:2
BRDA:7,0,0,0
BRDA:7,0,1,0
BRDA:9,1,0,0
BRDA:9,1,1,0
BRDA:10,2,0,0
BRDA:10,2,1,0
BRDA:26,3,0,0
BRDA:26,3,1,0
BRF:8
BRH:0
end_of_record
TN:
SF:src\data\documentStore.js
FN:9,categoryIdFromName
FN:18,ensureCategory
FN:28,ensureStatus
FN:37,buildDocumentId
FN:47,resetStore
FN:52,getAllDocuments
FN:60,getDocumentById
FN:68,createDocument
FN:91,updateDocument
FN:118,deleteDocument
FNF:10
FNH:0
FNDA:0,categoryIdFromName
FNDA:0,ensureCategory
FNDA:0,ensureStatus
FNDA:0,buildDocumentId
FNDA:0,resetStore
FNDA:0,getAllDocuments
FNDA:0,getDocumentById
FNDA:0,createDocument
FNDA:0,updateDocument
FNDA:0,deleteDocument
DA:1,2
DA:2,2
DA:4,2
DA:10,0
DA:19,0
DA:20,0
DA:25,0
DA:29,0
DA:34,0
DA:38,0
DA:43,0
DA:44,0
DA:48,0
DA:49,0
DA:53,0
DA:57,0
DA:61,0
DA:65,0
DA:69,0
DA:70,0
DA:71,0
DA:73,0
DA:88,0
DA:92,0
DA:93,0
DA:94,0
DA:97,0
DA:98,0
DA:100,0
DA:115,0
DA:119,0
DA:120,0
DA:121,0
DA:123,0
DA:124,0
DA:128,2
LF:36
LH:4
BRDA:43,0,0,0
BRDA:43,0,1,0
BRDA:82,1,0,0
BRDA:82,1,1,0
BRDA:83,2,0,0
BRDA:83,2,1,0
BRDA:93,3,0,0
BRDA:93,3,1,0
BRDA:97,4,0,0
BRDA:97,4,1,0
BRDA:98,5,0,0
BRDA:98,5,1,0
BRDA:109,6,0,0
BRDA:109,6,1,0
BRDA:110,7,0,0
BRDA:110,7,1,0
BRDA:123,8,0,0
BRDA:123,8,1,0
BRF:18
BRH:0
end_of_record
TN:
SF:src\data\extraStores.js
FN:5,resetExtraStores
FN:20,getUserByEmail
FN:28,getUserById
FN:36,buildUserId
FN:45,updateUserProfile
FN:55,updatePendingRegistration
FN:72,createUser
FN:94,listPosts
FN:102,buildPostId
FN:111,ensurePostCategory
FN:122,createPost
FN:142,updatePost
FN:164,deletePost
FN:174,buildMessageId
FN:183,createContactMessage
FNF:15
FNH:5
FNDA:7,resetExtraStores
FNDA:12,getUserByEmail
FNDA:9,getUserById
FNDA:3,buildUserId
FNDA:0,updateUserProfile
FNDA:0,updatePendingRegistration
FNDA:3,createUser
FNDA:0,listPosts
FNDA:0,buildPostId
FNDA:0,ensurePostCategory
FNDA:0,createPost
FNDA:0,updatePost
FNDA:0,deletePost
FNDA:0,buildMessageId
FNDA:0,createContactMessage
DA:1,2
DA:2,2
DA:3,2
DA:6,7
DA:7,7
DA:10,2
DA:21,12
DA:25,12
DA:29,9
DA:33,9
DA:37,3
DA:41,3
DA:42,3
DA:46,0
DA:47,0
DA:52,0
DA:56,0
DA:57,0
DA:58,0
DA:60,0
DA:61,0
DA:64,0
DA:69,0
DA:73,3
DA:74,3
DA:75,0
DA:78,3
DA:79,3
DA:80,3
DA:91,3
DA:95,0
DA:99,0
DA:103,0
DA:107,0
DA:108,0
DA:112,0
DA:113,0
DA:114,0
DA:119,0
DA:123,0
DA:124,0
DA:126,0
DA:139,0
DA:143,0
DA:144,0
DA:146,0
DA:150,0
DA:161,0
DA:165,0
DA:166,0
DA:167,0
DA:169,0
DA:170,0
DA:175,0
DA:179,0
DA:180,0
DA:184,0
DA:185,0
DA:193,0
DA:196,2
LF:60
LH:20
BRDA:41,0,0,3
BRDA:41,0,1,0
BRDA:46,1,0,0
BRDA:46,1,1,0
BRDA:49,2,0,0
BRDA:49,2,1,0
BRDA:57,3,0,0
BRDA:57,3,1,0
BRDA:57,4,0,0
BRDA:57,4,1,0
BRDA:60,5,0,0
BRDA:60,5,1,0
BRDA:72,6,0,0
BRDA:74,7,0,0
BRDA:74,7,1,3
BRDA:86,8,0,3
BRDA:86,8,1,3
BRDA:96,9,0,0
BRDA:96,9,1,0
BRDA:107,10,0,0
BRDA:107,10,1,0
BRDA:113,11,0,0
BRDA:113,11,1,0
BRDA:132,12,0,0
BRDA:132,12,1,0
BRDA:144,13,0,0
BRDA:144,13,1,0
BRDA:146,14,0,0
BRDA:146,14,1,0
BRDA:156,15,0,0
BRDA:156,15,1,0
BRDA:157,16,0,0
BRDA:157,16,1,0
BRDA:169,17,0,0
BRDA:169,17,1,0
BRDA:179,18,0,0
BRDA:179,18,1,0
BRF:37
BRH:4
end_of_record
TN:
SF:src\db\mappers.js
FN:1,mapDocument
FN:16,mapPost
FN:30,mapUser
FN:33,(anonymous_3)
FN:48,mapContactMessage
FNF:5
FNH:2
FNDA:0,mapDocument
FNDA:0,mapPost
FNDA:24,mapUser
FNDA:82,(anonymous_3)
FNDA:0,mapContactMessage
DA:2,0
DA:3,0
DA:17,0
DA:18,0
DA:31,24
DA:33,82
DA:35,21
DA:49,0
DA:50,0
DA:58,2
LF:10
LH:4
BRDA:2,0,0,0
BRDA:2,0,1,0
BRDA:11,1,0,0
BRDA:11,1,1,0
BRDA:12,2,0,0
BRDA:12,2,1,0
BRDA:17,3,0,0
BRDA:17,3,1,0
BRDA:31,4,0,3
BRDA:31,4,1,21
BRDA:33,5,0,21
BRDA:33,5,1,0
BRDA:40,6,0,21
BRDA:40,6,1,10
BRDA:41,7,0,21
BRDA:41,7,1,4
BRDA:43,8,0,21
BRDA:43,8,1,0
BRDA:49,9,0,0
BRDA:49,9,1,0
BRF:20
BRH:8
end_of_record
TN:
SF:src\db\prisma.js
FNF:0
FNH:0
DA:1,2
DA:3,2
DA:5,2
DA:7,2
DA:8,2
DA:11,2
LF:6
LH:6
BRDA:5,0,0,2
BRDA:5,0,1,2
BRDA:7,1,0,2
BRDA:7,1,1,0
BRF:4
BRH:3
end_of_record
TN:
SF:src\db\reset.js
FN:5,clearTables
FN:20,resetDatabase
FNF:2
FNH:2
FNDA:7,clearTables
FNDA:7,resetDatabase
DA:1,2
DA:2,2
DA:3,2
DA:6,7
DA:7,7
DA:8,7
DA:9,7
DA:10,7
DA:11,7
DA:12,7
DA:13,7
DA:14,7
DA:15,7
DA:16,7
DA:17,7
DA:21,7
DA:22,7
DA:23,7
DA:30,2
LF:19
LH:19
BRF:0
BRH:0
end_of_record
TN:
SF:src\middleware\auth.js
FN:6,buildAccessToken
FN:21,buildToken
FN:25,requireAuth
FNF:3
FNH:1
FNDA:9,buildAccessToken
FNDA:0,buildToken
FNDA:0,requireAuth
DA:1,2
DA:3,2
DA:4,2
DA:7,9
DA:22,0
DA:26,0
DA:27,0
DA:29,0
DA:30,0
DA:33,0
DA:34,0
DA:35,0
DA:36,0
DA:38,0
DA:39,0
DA:41,0
DA:45,2
LF:17
LH:5
BRDA:3,0,0,2
BRDA:3,0,1,2
BRDA:4,1,0,2
BRDA:4,1,1,2
BRDA:12,2,0,9
BRDA:12,2,1,0
BRDA:26,3,0,0
BRDA:26,3,1,0
BRDA:29,4,0,0
BRDA:29,4,1,0
BRDA:29,5,0,0
BRDA:29,5,1,0
BRDA:35,6,0,0
BRDA:35,6,1,0
BRDA:35,7,0,0
BRDA:35,7,1,0
BRF:16
BRH:5
end_of_record
TN:
SF:src\middleware\permissions.js
FN:1,requirePermission
FN:2,permissionGuard
FN:17,requireAnyPermission
FN:18,permissionGuard
FN:20,(anonymous_4)
FNF:5
FNH:1
FNDA:22,requirePermission
FNDA:0,permissionGuard
FNDA:0,requireAnyPermission
FNDA:0,permissionGuard
FNDA:0,(anonymous_4)
DA:2,22
DA:3,0
DA:5,0
DA:6,0
DA:13,0
DA:18,0
DA:19,0
DA:20,0
DA:22,0
DA:23,0
DA:30,0
DA:34,2
LF:12
LH:2
BRDA:3,0,0,0
BRDA:3,0,1,0
BRDA:5,1,0,0
BRDA:5,1,1,0
BRDA:9,2,0,0
BRDA:9,2,1,0
BRDA:19,3,0,0
BRDA:19,3,1,0
BRDA:22,4,0,0
BRDA:22,4,1,0
BRDA:26,5,0,0
BRDA:26,5,1,0
BRF:12
BRH:0
end_of_record
TN:
SF:src\realtime\wsHub.js
FN:3,addClient
FN:6,(anonymous_1)
FN:14,broadcast
FNF:3
FNH:0
FNDA:0,addClient
FNDA:0,(anonymous_1)
FNDA:0,broadcast
DA:1,2
DA:4,0
DA:6,0
DA:7,0
DA:10,0
DA:11,0
DA:15,0
DA:17,0
DA:18,0
DA:19,0
DA:20,0
DA:22,0
DA:27,2
LF:13
LH:2
BRDA:15,0,0,0
BRDA:15,0,1,0
BRDA:18,1,0,0
BRDA:18,1,1,0
BRF:4
BRH:0
end_of_record
TN:
SF:src\routes\auth.js
FN:10,validatePassword
FN:25,validateFullName
FN:40,toPublicUser
FN:52,issueSessionTokens
FN:64,(anonymous_4)
FN:117,(anonymous_5)
FN:145,(anonymous_6)
FN:201,(anonymous_7)
FN:229,(anonymous_8)
FN:256,(anonymous_9)
FN:268,(anonymous_10)
FN:297,(anonymous_11)
FNF:12
FNH:11
FNDA:12,validatePassword
FNDA:5,validateFullName
FNDA:9,toPublicUser
FNDA:8,issueSessionTokens
FNDA:7,(anonymous_4)
FNDA:5,(anonymous_5)
FNDA:5,(anonymous_6)
FNDA:3,(anonymous_7)
FNDA:2,(anonymous_8)
FNDA:1,(anonymous_9)
FNDA:1,(anonymous_10)
FNDA:0,(anonymous_11)
DA:1,2
DA:2,2
DA:3,2
DA:4,2
DA:5,2
DA:6,2
DA:8,2
DA:11,12
DA:12,12
DA:14,12
DA:15,0
DA:16,12
DA:17,1
DA:18,11
DA:19,0
DA:22,12
DA:26,5
DA:27,5
DA:29,5
DA:30,0
DA:31,5
DA:32,1
DA:33,4
DA:34,0
DA:37,5
DA:41,9
DA:53,8
DA:54,8
DA:55,8
DA:64,2
DA:65,7
DA:66,7
DA:67,7
DA:68,7
DA:69,7
DA:74,7
DA:75,0
DA:78,7
DA:79,7
DA:80,1
DA:83,6
DA:84,1
DA:85,1
DA:86,0
DA:89,1
DA:99,5
DA:100,5
DA:101,0
DA:104,5
DA:112,0
DA:117,2
DA:118,5
DA:119,5
DA:120,5
DA:121,0
DA:124,5
DA:125,5
DA:126,0
DA:129,5
DA:130,5
DA:131,0
DA:134,5
DA:135,5
DA:141,0
DA:145,2
DA:146,5
DA:147,5
DA:148,5
DA:149,5
DA:150,5
DA:151,5
DA:157,5
DA:158,1
DA:161,4
DA:162,4
DA:163,1
DA:167,3
DA:168,0
DA:173,3
DA:181,3
DA:182,3
DA:183,0
DA:186,3
DA:194,0
DA:195,0
DA:197,0
DA:201,2
DA:202,3
DA:203,3
DA:204,3
DA:205,0
DA:208,3
DA:209,3
DA:210,0
DA:213,3
DA:214,3
DA:215,0
DA:218,3
DA:219,3
DA:225,0
DA:229,2
DA:230,2
DA:231,2
DA:232,2
DA:233,0
DA:236,2
DA:237,2
DA:238,1
DA:241,1
DA:242,1
DA:243,1
DA:244,0
DA:247,1
DA:252,0
DA:256,2
DA:257,1
DA:258,1
DA:259,1
DA:260,1
DA:262,1
DA:264,0
DA:268,2
DA:269,1
DA:270,1
DA:271,1
DA:272,0
DA:275,1
DA:276,1
DA:277,0
DA:282,1
DA:283,1
DA:284,0
DA:287,1
DA:288,1
DA:289,1
DA:290,1
DA:291,1
DA:293,0
DA:297,2
DA:298,0
DA:299,0
DA:300,0
DA:302,0
DA:303,0
DA:306,0
DA:307,0
DA:310,0
DA:316,0
DA:317,0
DA:320,0
DA:322,0
DA:326,2
LF:152
LH:111
BRDA:11,0,0,12
BRDA:11,0,1,0
BRDA:14,1,0,0
BRDA:14,1,1,12
BRDA:16,2,0,1
BRDA:16,2,1,11
BRDA:18,3,0,0
BRDA:18,3,1,11
BRDA:26,4,0,5
BRDA:26,4,1,0
BRDA:29,5,0,0
BRDA:29,5,1,5
BRDA:31,6,0,1
BRDA:31,6,1,4
BRDA:33,7,0,0
BRDA:33,7,1,4
BRDA:66,8,0,7
BRDA:66,8,1,0
BRDA:74,9,0,0
BRDA:74,9,1,7
BRDA:79,10,0,1
BRDA:79,10,1,6
BRDA:79,11,0,7
BRDA:79,11,1,7
BRDA:83,12,0,1
BRDA:83,12,1,5
BRDA:85,13,0,0
BRDA:85,13,1,1
BRDA:100,14,0,0
BRDA:100,14,1,5
BRDA:119,15,0,5
BRDA:119,15,1,0
BRDA:120,16,0,0
BRDA:120,16,1,5
BRDA:120,17,0,5
BRDA:120,17,1,5
BRDA:125,18,0,0
BRDA:125,18,1,5
BRDA:130,19,0,0
BRDA:130,19,1,5
BRDA:147,20,0,5
BRDA:147,20,1,0
BRDA:149,21,0,5
BRDA:149,21,1,0
BRDA:157,22,0,1
BRDA:157,22,1,4
BRDA:162,23,0,1
BRDA:162,23,1,3
BRDA:167,24,0,0
BRDA:167,24,1,3
BRDA:167,25,0,3
BRDA:167,25,1,0
BRDA:182,26,0,0
BRDA:182,26,1,3
BRDA:194,27,0,0
BRDA:194,27,1,0
BRDA:203,28,0,3
BRDA:203,28,1,0
BRDA:204,29,0,0
BRDA:204,29,1,3
BRDA:204,30,0,3
BRDA:204,30,1,3
BRDA:209,31,0,0
BRDA:209,31,1,3
BRDA:214,32,0,0
BRDA:214,32,1,3
BRDA:232,33,0,0
BRDA:232,33,1,2
BRDA:237,34,0,1
BRDA:237,34,1,1
BRDA:243,35,0,0
BRDA:243,35,1,1
BRDA:259,36,0,1
BRDA:259,36,1,0
BRDA:271,37,0,0
BRDA:271,37,1,1
BRDA:276,38,0,0
BRDA:276,38,1,1
BRDA:283,39,0,0
BRDA:283,39,1,1
BRDA:288,40,0,0
BRDA:288,40,1,1
BRDA:289,41,0,0
BRDA:289,41,1,1
BRDA:290,42,0,0
BRDA:290,42,1,1
BRDA:299,43,0,0
BRDA:299,43,1,0
BRDA:302,44,0,0
BRDA:302,44,1,0
BRDA:302,45,0,0
BRDA:302,45,1,0
BRDA:306,46,0,0
BRDA:306,46,1,0
BRDA:316,47,0,0
BRDA:316,47,1,0
BRF:96
BRH:52
end_of_record
TN:
SF:src\routes\chat.js
FN:9,(anonymous_0)
FN:18,(anonymous_1)
FNF:2
FNH:0
FNDA:0,(anonymous_0)
FNDA:0,(anonymous_1)
DA:1,2
DA:2,2
DA:3,2
DA:4,2
DA:6,2
DA:7,2
DA:9,2
DA:10,0
DA:11,0
DA:12,0
DA:14,0
DA:18,2
DA:19,0
DA:20,0
DA:21,0
DA:23,0
DA:27,2
LF:17
LH:9
BRF:0
BRH:0
end_of_record
TN:
SF:src\routes\contact.js
FN:7,(anonymous_0)
FNF:1
FNH:0
FNDA:0,(anonymous_0)
DA:1,2
DA:2,2
DA:3,2
DA:5,2
DA:7,2
DA:8,0
DA:9,0
DA:10,0
DA:11,0
DA:14,0
DA:16,0
DA:18,0
DA:22,2
LF:13
LH:6
BRDA:9,0,0,0
BRDA:9,0,1,0
BRDA:10,1,0,0
BRDA:10,1,1,0
BRF:4
BRH:0
end_of_record
TN:
SF:src\routes\documents.js
FN:9,(anonymous_0)
FN:29,(anonymous_1)
FN:42,(anonymous_2)
FN:56,(anonymous_3)
FN:75,(anonymous_4)
FN:88,(anonymous_5)
FNF:6
FNH:0
FNDA:0,(anonymous_0)
FNDA:0,(anonymous_1)
FNDA:0,(anonymous_2)
FNDA:0,(anonymous_3)
FNDA:0,(anonymous_4)
FNDA:0,(anonymous_5)
DA:1,2
DA:2,2
DA:3,2
DA:4,2
DA:5,2
DA:7,2
DA:9,2
DA:10,0
DA:11,0
DA:12,0
DA:13,0
DA:16,0
DA:23,0
DA:25,0
DA:29,2
DA:30,0
DA:31,0
DA:32,0
DA:33,0
DA:36,0
DA:38,0
DA:42,2
DA:43,0
DA:44,0
DA:45,0
DA:46,0
DA:49,0
DA:50,0
DA:52,0
DA:56,2
DA:57,0
DA:58,0
DA:59,0
DA:60,0
DA:63,0
DA:64,0
DA:65,0
DA:68,0
DA:69,0
DA:71,0
DA:75,2
DA:76,0
DA:77,0
DA:78,0
DA:79,0
DA:82,0
DA:84,0
DA:88,2
DA:89,0
DA:90,0
DA:91,0
DA:92,0
DA:93,0
DA:94,0
DA:96,0
DA:97,0
DA:98,0
DA:100,0
DA:101,0
DA:104,0
DA:105,0
DA:108,0
DA:109,0
DA:112,0
DA:113,0
DA:116,0
DA:123,0
DA:125,0
DA:129,2
LF:69
LH:13
BRDA:12,0,0,0
BRDA:12,0,1,0
BRDA:19,1,0,0
BRDA:19,1,1,0
BRDA:20,2,0,0
BRDA:20,2,1,0
BRDA:32,3,0,0
BRDA:32,3,1,0
BRDA:44,4,0,0
BRDA:44,4,1,0
BRDA:45,5,0,0
BRDA:45,5,1,0
BRDA:59,6,0,0
BRDA:59,6,1,0
BRDA:63,7,0,0
BRDA:63,7,1,0
BRDA:64,8,0,0
BRDA:64,8,1,0
BRDA:78,9,0,0
BRDA:78,9,1,0
BRDA:90,10,0,0
BRDA:90,10,1,0
BRDA:92,11,0,0
BRDA:92,11,1,0
BRDA:93,12,0,0
BRDA:93,12,1,0
BRDA:94,13,0,0
BRDA:94,13,1,0
BRDA:96,14,0,0
BRDA:96,14,1,0
BRDA:97,15,0,0
BRDA:97,15,1,0
BRDA:98,16,0,0
BRDA:98,16,1,0
BRDA:100,17,0,0
BRDA:100,17,1,0
BRDA:100,18,0,0
BRDA:100,18,1,0
BRDA:104,19,0,0
BRDA:104,19,1,0
BRDA:104,20,0,0
BRDA:104,20,1,0
BRDA:104,20,2,0
BRDA:108,21,0,0
BRDA:108,21,1,0
BRDA:108,22,0,0
BRDA:108,22,1,0
BRDA:108,22,2,0
BRDA:112,23,0,0
BRDA:112,23,1,0
BRF:50
BRH:0
end_of_record
TN:
SF:src\routes\documentsGenerator.js
FN:21,pick
FN:25,toIsoDate
FN:29,randomSchoolDate
FN:37,generateValidDocument
FN:130,tick
FN:136,(anonymous_5)
FN:139,(anonymous_6)
FN:162,(anonymous_7)
FN:163,(anonymous_8)
FN:173,(anonymous_9)
FN:183,(anonymous_10)
FNF:11
FNH:0
FNDA:0,pick
FNDA:0,toIsoDate
FNDA:0,randomSchoolDate
FNDA:0,generateValidDocument
FNDA:0,tick
FNDA:0,(anonymous_5)
FNDA:0,(anonymous_6)
FNDA:0,(anonymous_7)
FNDA:0,(anonymous_8)
FNDA:0,(anonymous_9)
FNDA:0,(anonymous_10)
DA:1,2
DA:2,2
DA:3,2
DA:4,2
DA:5,2
DA:6,2
DA:7,2
DA:9,2
DA:11,2
DA:12,2
DA:22,0
DA:26,0
DA:31,0
DA:32,0
DA:33,0
DA:34,0
DA:38,0
DA:39,0
DA:51,0
DA:53,0
DA:79,0
DA:80,0
DA:82,0
DA:86,0
DA:99,0
DA:105,0
DA:114,0
DA:115,0
DA:117,0
DA:127,0
DA:131,0
DA:132,0
DA:133,0
DA:135,0
DA:136,0
DA:139,2
DA:140,0
DA:141,0
DA:143,0
DA:144,0
DA:145,0
DA:147,0
DA:148,0
DA:150,0
DA:151,0
DA:154,0
DA:155,0
DA:158,0
DA:159,0
DA:161,0
DA:162,0
DA:163,0
DA:164,0
DA:167,0
DA:168,0
DA:170,0
DA:173,2
DA:174,0
DA:175,0
DA:176,0
DA:178,0
DA:179,0
DA:180,0
DA:183,2
DA:184,0
DA:187,2
LF:66
LH:14
BRDA:82,0,0,0
BRDA:82,0,1,0
BRDA:110,1,0,0
BRDA:110,1,1,0
BRDA:111,2,0,0
BRDA:111,2,1,0
BRDA:115,3,0,0
BRDA:115,3,1,0
BRDA:143,4,0,0
BRDA:143,4,1,0
BRDA:144,5,0,0
BRDA:144,5,1,0
BRDA:147,6,0,0
BRDA:147,6,1,0
BRDA:147,7,0,0
BRDA:147,7,1,0
BRDA:147,7,2,0
BRDA:150,8,0,0
BRDA:150,8,1,0
BRDA:150,9,0,0
BRDA:150,9,1,0
BRDA:150,9,2,0
BRDA:154,10,0,0
BRDA:154,10,1,0
BRDA:161,11,0,0
BRDA:161,11,1,0
BRDA:174,12,0,0
BRDA:174,12,1,0
BRF:28
BRH:0
end_of_record
TN:
SF:src\routes\posts.js
FN:9,(anonymous_0)
FN:18,(anonymous_1)
FN:36,(anonymous_2)
FN:53,(anonymous_3)
FNF:4
FNH:0
FNDA:0,(anonymous_0)
FNDA:0,(anonymous_1)
FNDA:0,(anonymous_2)
FNDA:0,(anonymous_3)
DA:1,2
DA:2,2
DA:3,2
DA:4,2
DA:5,2
DA:7,2
DA:9,2
DA:10,0
DA:11,0
DA:12,0
DA:14,0
DA:18,2
DA:19,0
DA:20,0
DA:21,0
DA:22,0
DA:25,0
DA:30,0
DA:32,0
DA:36,2
DA:37,0
DA:38,0
DA:39,0
DA:40,0
DA:43,0
DA:44,0
DA:45,0
DA:47,0
DA:49,0
DA:53,2
DA:54,0
DA:55,0
DA:56,0
DA:57,0
DA:59,0
DA:61,0
DA:65,2
LF:37
LH:11
BRDA:11,0,0,0
BRDA:11,0,1,0
BRDA:20,1,0,0
BRDA:20,1,1,0
BRDA:21,2,0,0
BRDA:21,2,1,0
BRDA:38,3,0,0
BRDA:38,3,1,0
BRDA:39,4,0,0
BRDA:39,4,1,0
BRDA:44,5,0,0
BRDA:44,5,1,0
BRDA:56,6,0,0
BRDA:56,6,1,0
BRF:14
BRH:0
end_of_record
TN:
SF:src\routes\roles.js
FN:6,(anonymous_0)
FN:18,(anonymous_1)
FN:22,(anonymous_2)
FNF:3
FNH:0
FNDA:0,(anonymous_0)
FNDA:0,(anonymous_1)
FNDA:0,(anonymous_2)
DA:1,2
DA:2,2
DA:4,2
DA:6,2
DA:7,0
DA:8,0
DA:17,0
DA:18,0
DA:22,0
DA:29,0
DA:33,2
LF:11
LH:5
BRF:0
BRH:0
end_of_record
TN:
SF:src\routes\statistics.js
FN:6,(anonymous_0)
FNF:1
FNH:0
FNDA:0,(anonymous_0)
DA:1,2
DA:2,2
DA:4,2
DA:6,2
DA:7,0
DA:8,0
DA:9,0
DA:11,0
DA:15,2
LF:9
LH:5
BRF:0
BRH:0
end_of_record
TN:
SF:src\routes\users.js
FN:7,toProfile
FN:19,validateNickname
FN:38,(anonymous_2)
FN:51,(anonymous_3)
FNF:4
FNH:0
FNDA:0,toProfile
FNDA:0,validateNickname
FNDA:0,(anonymous_2)
FNDA:0,(anonymous_3)
DA:1,2
DA:2,2
DA:3,2
DA:5,2
DA:8,0
DA:20,0
DA:21,0
DA:23,0
DA:24,0
DA:27,0
DA:28,0
DA:29,0
DA:30,0
DA:31,0
DA:32,0
DA:35,0
DA:38,2
DA:39,0
DA:40,0
DA:41,0
DA:42,0
DA:45,0
DA:47,0
DA:51,2
DA:52,0
DA:53,0
DA:54,0
DA:55,0
DA:58,0
DA:59,0
DA:61,0
DA:65,2
LF:32
LH:7
BRDA:20,0,0,0
BRDA:20,0,1,0
BRDA:23,1,0,0
BRDA:23,1,1,0
BRDA:27,2,0,0
BRDA:27,2,1,0
BRDA:29,3,0,0
BRDA:29,3,1,0
BRDA:31,4,0,0
BRDA:31,4,1,0
BRDA:41,5,0,0
BRDA:41,5,1,0
BRDA:54,6,0,0
BRDA:54,6,1,0
BRF:14
BRH:0
end_of_record
TN:
SF:src\services\documentService.js
FN:5,listDocuments
FN:38,(anonymous_1)
FN:63,getDocument
FN:67,addDocument
FN:71,addUploadedDocument
FN:84,editDocument
FN:88,removeDocument
FN:92,buildStatistics
FN:107,(anonymous_8)
FN:108,(anonymous_9)
FN:110,(anonymous_10)
FN:116,(anonymous_11)
FNF:12
FNH:0
FNDA:0,listDocuments
FNDA:0,(anonymous_1)
FNDA:0,getDocument
FNDA:0,addDocument
FNDA:0,addUploadedDocument
FNDA:0,editDocument
FNDA:0,removeDocument
FNDA:0,buildStatistics
FNDA:0,(anonymous_8)
FNDA:0,(anonymous_9)
FNDA:0,(anonymous_10)
FNDA:0,(anonymous_11)
DA:1,2
DA:2,2
DA:3,2
DA:6,0
DA:7,0
DA:9,0
DA:10,0
DA:11,0
DA:12,0
DA:13,0
DA:17,0
DA:18,0
DA:26,0
DA:27,0
DA:28,0
DA:30,0
DA:38,0
DA:50,0
DA:64,0
DA:68,0
DA:72,0
DA:85,0
DA:89,0
DA:93,0
DA:105,0
DA:106,0
DA:107,0
DA:108,0
DA:110,0
DA:111,0
DA:112,0
DA:113,0
DA:116,0
DA:117,0
DA:118,0
DA:119,0
DA:122,0
DA:129,2
LF:38
LH:4
BRDA:6,0,0,0
BRDA:6,0,1,0
BRDA:7,1,0,0
BRDA:7,1,1,0
BRDA:10,2,0,0
BRDA:10,2,1,0
BRDA:10,3,0,0
BRDA:10,3,1,0
BRDA:12,4,0,0
BRDA:12,4,1,0
BRDA:17,5,0,0
BRDA:17,5,1,0
BRDA:27,6,0,0
BRDA:27,6,1,0
BRDA:46,7,0,0
BRDA:46,7,1,0
BRDA:47,8,0,0
BRDA:47,8,1,0
BRDA:58,9,0,0
BRDA:58,9,1,0
BRDA:78,10,0,0
BRDA:78,10,1,0
BRDA:112,11,0,0
BRDA:112,11,1,0
BRDA:118,12,0,0
BRDA:118,12,1,0
BRF:26
BRH:0
end_of_record
TN:
SF:src\services\mailService.js
FN:3,isMailConfigured
FN:14,getTransporter
FN:32,sendLoginOtpEmail
FN:63,sendEmailVerificationEmail
FN:95,sendPasswordResetEmail
FNF:5
FNH:5
FNDA:20,isMailConfigured
FNDA:10,getTransporter
FNDA:5,sendLoginOtpEmail
FNDA:4,sendEmailVerificationEmail
FNDA:1,sendPasswordResetEmail
DA:1,2
DA:4,20
DA:15,10
DA:16,0
DA:18,10
DA:19,2
DA:29,10
DA:33,5
DA:34,5
DA:35,0
DA:38,5
DA:39,5
DA:47,5
DA:54,5
DA:64,4
DA:65,4
DA:66,0
DA:69,4
DA:70,4
DA:79,4
DA:86,4
DA:96,1
DA:97,1
DA:98,0
DA:101,1
DA:102,1
DA:111,1
DA:117,1
DA:126,2
LF:29
LH:25
BRDA:5,0,0,20
BRDA:5,0,1,20
BRDA:5,0,2,20
BRDA:5,0,3,20
BRDA:15,1,0,0
BRDA:15,1,1,10
BRDA:18,2,0,2
BRDA:18,2,1,8
BRDA:21,3,0,2
BRDA:21,3,1,0
BRDA:32,4,0,0
BRDA:34,5,0,0
BRDA:34,5,1,5
BRDA:63,6,0,0
BRDA:65,7,0,0
BRDA:65,7,1,4
BRDA:95,8,0,0
BRDA:97,9,0,0
BRDA:97,9,1,1
BRF:19
BRH:11
end_of_record
TN:
SF:src\validation\commonValidation.js
FN:1,validateEmail
FNF:1
FNH:1
FNDA:13,validateEmail
DA:2,13
DA:3,13
DA:5,13
DA:6,0
DA:7,13
DA:8,0
DA:11,13
DA:12,13
DA:13,1
DA:17,13
DA:20,2
LF:11
LH:9
BRDA:3,0,0,13
BRDA:3,0,1,0
BRDA:5,1,0,0
BRDA:5,1,1,13
BRDA:7,2,0,0
BRDA:7,2,1,13
BRDA:12,3,0,1
BRDA:12,3,1,12
BRF:8
BRH:5
end_of_record
TN:
SF:src\validation\contactValidation.js
FN:3,validateContactMessage
FNF:1
FNH:0
FNDA:0,validateContactMessage
DA:1,2
DA:4,0
DA:5,0
DA:6,0
DA:7,0
DA:9,0
DA:10,0
DA:11,0
DA:14,0
DA:15,0
DA:16,0
DA:17,0
DA:20,0
DA:30,2
LF:14
LH:2
BRDA:6,0,0,0
BRDA:6,0,1,0
BRDA:6,1,0,0
BRDA:6,1,1,0
BRDA:7,2,0,0
BRDA:7,2,1,0
BRDA:7,3,0,0
BRDA:7,3,1,0
BRDA:10,4,0,0
BRDA:10,4,1,0
BRDA:14,5,0,0
BRDA:14,5,1,0
BRDA:16,6,0,0
BRDA:16,6,1,0
BRDA:16,7,0,0
BRDA:16,7,1,0
BRF:16
BRH:0
end_of_record
TN:
SF:src\validation\documentValidation.js
FN:3,validateDocument
FN:50,validatePagination
FNF:2
FNH:0
FNDA:0,validateDocument
FNDA:0,validatePagination
DA:1,2
DA:4,0
DA:5,0
DA:6,0
DA:7,0
DA:8,0
DA:9,0
DA:11,0
DA:12,0
DA:13,0
DA:14,0
DA:17,0
DA:18,0
DA:19,0
DA:20,0
DA:23,0
DA:24,0
DA:25,0
DA:26,0
DA:29,0
DA:30,0
DA:31,0
DA:32,0
DA:35,0
DA:36,0
DA:37,0
DA:38,0
DA:41,0
DA:42,0
DA:43,0
DA:44,0
DA:47,0
DA:51,0
DA:52,0
DA:53,0
DA:55,0
DA:56,0
DA:59,0
DA:60,0
DA:63,0
DA:66,2
LF:41
LH:2
BRDA:5,0,0,0
BRDA:5,0,1,0
BRDA:5,1,0,0
BRDA:5,1,1,0
BRDA:6,2,0,0
BRDA:6,2,1,0
BRDA:6,3,0,0
BRDA:6,3,1,0
BRDA:7,4,0,0
BRDA:7,4,1,0
BRDA:7,5,0,0
BRDA:7,5,1,0
BRDA:8,6,0,0
BRDA:8,6,1,0
BRDA:8,7,0,0
BRDA:8,7,1,0
BRDA:9,8,0,0
BRDA:9,8,1,0
BRDA:9,9,0,0
BRDA:9,9,1,0
BRDA:11,10,0,0
BRDA:11,10,1,0
BRDA:13,11,0,0
BRDA:13,11,1,0
BRDA:13,12,0,0
BRDA:13,12,1,0
BRDA:17,13,0,0
BRDA:17,13,1,0
BRDA:19,14,0,0
BRDA:19,14,1,0
BRDA:19,15,0,0
BRDA:19,15,1,0
BRDA:23,16,0,0
BRDA:23,16,1,0
BRDA:25,17,0,0
BRDA:25,17,1,0
BRDA:25,18,0,0
BRDA:25,18,1,0
BRDA:29,19,0,0
BRDA:29,19,1,0
BRDA:31,20,0,0
BRDA:31,20,1,0
BRDA:35,21,0,0
BRDA:35,21,1,0
BRDA:37,22,0,0
BRDA:37,22,1,0
BRDA:41,23,0,0
BRDA:41,23,1,0
BRDA:43,24,0,0
BRDA:43,24,1,0
BRDA:43,25,0,0
BRDA:43,25,1,0
BRDA:51,26,0,0
BRDA:51,26,1,0
BRDA:52,27,0,0
BRDA:52,27,1,0
BRDA:55,28,0,0
BRDA:55,28,1,0
BRDA:55,29,0,0
BRDA:55,29,1,0
BRDA:59,30,0,0
BRDA:59,30,1,0
BRDA:59,31,0,0
BRDA:59,31,1,0
BRDA:59,31,2,0
BRF:65
BRH:0
end_of_record
TN:
SF:src\validation\postValidation.js
FN:1,validatePost
FNF:1
FNH:0
FNDA:0,validatePost
DA:2,0
DA:3,0
DA:4,0
DA:5,0
DA:6,0
DA:7,0
DA:9,0
DA:10,0
DA:11,0
DA:12,0
DA:15,0
DA:16,0
DA:17,0
DA:18,0
DA:21,0
DA:22,0
DA:23,0
DA:24,0
DA:27,0
DA:28,0
DA:31,0
DA:34,2
LF:22
LH:1
BRDA:3,0,0,0
BRDA:3,0,1,0
BRDA:3,1,0,0
BRDA:3,1,1,0
BRDA:4,2,0,0
BRDA:4,2,1,0
BRDA:4,3,0,0
BRDA:4,3,1,0
BRDA:5,4,0,0
BRDA:5,4,1,0
BRDA:5,5,0,0
BRDA:5,5,1,0
BRDA:6,6,0,0
BRDA:6,6,1,0
BRDA:6,7,0,0
BRDA:6,7,1,0
BRDA:9,8,0,0
BRDA:9,8,1,0
BRDA:11,9,0,0
BRDA:11,9,1,0
BRDA:11,10,0,0
BRDA:11,10,1,0
BRDA:15,11,0,0
BRDA:15,11,1,0
BRDA:17,12,0,0
BRDA:17,12,1,0
BRDA:17,13,0,0
BRDA:17,13,1,0
BRDA:21,14,0,0
BRDA:21,14,1,0
BRDA:23,15,0,0
BRDA:23,15,1,0
BRDA:23,16,0,0
BRDA:23,16,1,0
BRDA:27,17,0,0
BRDA:27,17,1,0
BRDA:27,18,0,0
BRDA:27,18,1,0
BRF:38
BRH:0
end_of_record
