TN:
SF:src\app.js
FN:20,(anonymous_0)
FN:24,(anonymous_1)
FN:54,(anonymous_2)
FN:64,(anonymous_3)
FN:78,(anonymous_4)
FN:84,(anonymous_5)
FNF:6
FNH:2
FNDA:78,(anonymous_0)
FNDA:156,(anonymous_1)
FNDA:0,(anonymous_2)
FNDA:0,(anonymous_3)
FNDA:0,(anonymous_4)
FNDA:0,(anonymous_5)
DA:1,5
DA:2,5
DA:3,5
DA:4,5
DA:6,5
DA:7,5
DA:8,5
DA:9,5
DA:10,5
DA:11,5
DA:12,5
DA:13,5
DA:14,5
DA:15,5
DA:17,5
DA:20,5
DA:21,78
DA:22,78
DA:25,156
DA:30,78
DA:34,78
DA:35,0
DA:36,0
DA:38,78
DA:39,78
DA:40,78
DA:42,78
DA:43,0
DA:45,78
DA:48,5
DA:49,5
DA:50,5
DA:52,5
DA:54,5
DA:55,0
DA:64,5
DA:65,0
DA:68,5
DA:69,5
DA:70,5
DA:71,5
DA:72,5
DA:73,5
DA:74,5
DA:75,5
DA:76,5
DA:78,5
DA:79,0
DA:84,5
DA:85,0
DA:86,0
DA:87,0
DA:89,0
DA:92,5
LF:54
LH:44
BRDA:22,0,0,78
BRDA:22,0,1,0
BRDA:30,1,0,78
BRDA:30,1,1,0
BRDA:30,1,2,0
BRDA:34,2,0,0
BRDA:34,2,1,78
BRDA:34,3,0,78
BRDA:34,3,1,0
BRDA:34,3,2,0
BRDA:42,4,0,0
BRDA:42,4,1,78
BRDA:86,5,0,0
BRDA:86,5,1,0
BRDA:86,6,0,0
BRDA:86,6,1,0
BRF:16
BRH:5
end_of_record
TN:
SF:src\auth\password.js
FN:5,hashPassword
FN:9,verifyPassword
FNF:2
FNH:2
FNDA:4,hashPassword
FNDA:20,verifyPassword
DA:1,5
DA:3,5
DA:6,4
DA:10,20
DA:11,20
DA:12,0
DA:14,20
DA:17,5
LF:8
LH:7
BRDA:10,0,0,0
BRDA:10,0,1,20
BRDA:11,1,0,0
BRDA:11,1,1,20
BRF:4
BRH:2
end_of_record
TN:
SF:src\auth\sessionService.js
FN:16,updateUserPassword
FN:24,createLoginChallenge
FN:69,createEmailVerificationChallenge
FN:114,verifyEmailChallenge
FN:145,verifyLoginChallenge
FN:170,createPasswordResetChallenge
FN:213,verifyPasswordReset
FN:241,createUserSession
FN:259,findValidSession
FN:271,touchSession
FN:278,revokeSession
FN:289,revokeAllUserSessions
FNF:12
FNH:12
FNDA:1,updateUserPassword
FNDA:17,createLoginChallenge
FNDA:4,createEmailVerificationChallenge
FNDA:3,verifyEmailChallenge
FNDA:17,verifyLoginChallenge
FNDA:1,createPasswordResetChallenge
FNDA:1,verifyPasswordReset
FNDA:20,createUserSession
FNDA:3,findValidSession
FNDA:1,touchSession
FNDA:1,revokeSession
FNDA:1,revokeAllUserSessions
DA:1,5
DA:2,5
DA:3,5
DA:10,5
DA:12,5
DA:13,5
DA:14,5
DA:17,1
DA:18,1
DA:25,17
DA:26,17
DA:27,17
DA:28,17
DA:30,17
DA:40,17
DA:46,17
DA:47,0
DA:48,0
DA:49,0
DA:50,0
DA:52,0
DA:54,0
DA:55,0
DA:59,17
DA:60,17
DA:61,17
DA:62,17
DA:65,0
DA:66,0
DA:70,4
DA:71,4
DA:72,4
DA:73,4
DA:75,4
DA:85,4
DA:91,4
DA:92,0
DA:93,0
DA:94,0
DA:95,0
DA:97,0
DA:99,0
DA:100,0
DA:104,4
DA:105,4
DA:106,4
DA:107,4
DA:110,0
DA:111,0
DA:115,3
DA:119,3
DA:120,0
DA:123,3
DA:124,0
DA:127,3
DA:128,0
DA:131,3
DA:142,3
DA:146,17
DA:150,17
DA:151,0
DA:154,17
DA:155,0
DA:158,17
DA:159,0
DA:162,17
DA:167,17
DA:171,1
DA:172,1
DA:173,1
DA:174,1
DA:176,1
DA:186,1
DA:187,1
DA:188,1
DA:190,1
DA:191,0
DA:192,0
DA:193,0
DA:195,0
DA:196,0
DA:200,1
DA:201,1
DA:209,0
DA:210,0
DA:214,1
DA:218,1
DA:219,0
DA:222,1
DA:223,0
DA:226,1
DA:227,0
DA:230,1
DA:235,1
DA:236,1
DA:238,1
DA:242,20
DA:243,20
DA:244,20
DA:246,20
DA:256,20
DA:260,3
DA:261,3
DA:268,3
DA:272,1
DA:279,1
DA:280,1
DA:282,1
DA:286,1
DA:290,1
DA:296,5
LF:111
LH:77
BRDA:46,0,0,0
BRDA:46,0,1,17
BRDA:46,1,0,17
BRDA:46,1,1,0
BRDA:49,2,0,0
BRDA:49,2,1,0
BRDA:59,3,0,17
BRDA:59,3,1,0
BRDA:91,4,0,0
BRDA:91,4,1,4
BRDA:91,5,0,4
BRDA:91,5,1,0
BRDA:94,6,0,0
BRDA:94,6,1,0
BRDA:104,7,0,4
BRDA:104,7,1,0
BRDA:119,8,0,0
BRDA:119,8,1,3
BRDA:119,9,0,3
BRDA:119,9,1,3
BRDA:119,9,2,3
BRDA:123,10,0,0
BRDA:123,10,1,3
BRDA:127,11,0,0
BRDA:127,11,1,3
BRDA:150,12,0,0
BRDA:150,12,1,17
BRDA:150,13,0,17
BRDA:150,13,1,17
BRDA:150,13,2,17
BRDA:154,14,0,0
BRDA:154,14,1,17
BRDA:158,15,0,0
BRDA:158,15,1,17
BRDA:187,16,0,1
BRDA:187,16,1,1
BRDA:190,17,0,0
BRDA:190,17,1,1
BRDA:190,18,0,1
BRDA:190,18,1,0
BRDA:200,19,0,1
BRDA:200,19,1,0
BRDA:218,20,0,0
BRDA:218,20,1,1
BRDA:218,21,0,1
BRDA:218,21,1,1
BRDA:218,21,2,1
BRDA:222,22,0,0
BRDA:222,22,1,1
BRDA:226,23,0,0
BRDA:226,23,1,1
BRDA:280,24,0,0
BRDA:280,24,1,1
BRF:53
BRH:30
end_of_record
TN:
SF:src\auth\tokenUtils.js
FN:3,hashSecret
FN:7,generateId
FN:11,generateOtpCode
FN:15,generateResetToken
FN:19,shouldExposeDevCodes
FNF:5
FNH:5
FNDA:66,hashSecret
FNDA:42,generateId
FNDA:21,generateOtpCode
FNDA:41,generateResetToken
FNDA:22,shouldExposeDevCodes
DA:1,5
DA:4,66
DA:8,42
DA:12,21
DA:16,41
DA:20,22
DA:23,5
LF:7
LH:7
BRDA:20,0,0,22
BRDA:20,0,1,0
BRF:2
BRH:1
end_of_record
TN:
SF:src\chat\chatStore.js
FN:6,saveMessage
FN:30,listRecentMessages
FN:40,(anonymous_2)
FNF:3
FNH:3
FNDA:1,saveMessage
FNDA:3,listRecentMessages
FNDA:1,(anonymous_2)
DA:1,5
DA:3,5
DA:4,5
DA:7,1
DA:8,1
DA:17,1
DA:19,1
DA:31,3
DA:32,3
DA:38,3
DA:40,1
DA:51,5
LF:12
LH:12
BRDA:9,0,0,1
BRDA:9,0,1,1
BRDA:12,1,0,1
BRDA:12,1,1,0
BRDA:30,2,0,3
BRDA:30,3,0,3
BRF:6
BRH:5
end_of_record
TN:
SF:src\chat\mongoClient.js
FN:6,connectMongo
FN:18,getChatCollection
FN:25,closeMongo
FNF:3
FNH:2
FNDA:4,connectMongo
FNDA:4,getChatCollection
FNDA:0,closeMongo
DA:1,5
DA:7,4
DA:9,2
DA:10,2
DA:12,2
DA:13,2
DA:14,2
DA:15,2
DA:19,4
DA:20,4
DA:21,4
DA:22,4
DA:26,0
DA:27,0
DA:28,0
DA:29,0
DA:33,5
LF:17
LH:13
BRDA:7,0,0,2
BRDA:7,0,1,2
BRDA:9,1,0,2
BRDA:9,1,1,0
BRDA:10,2,0,2
BRDA:10,2,1,0
BRDA:26,3,0,0
BRDA:26,3,1,0
BRF:8
BRH:4
end_of_record
TN:
SF:src\chat\wsChat.js
FN:8,parseMessage
FN:16,verifyClientToken
FN:36,handleWsMessage
FNF:3
FNH:3
FNDA:3,parseMessage
FNDA:2,verifyClientToken
FNDA:3,handleWsMessage
DA:1,1
DA:2,1
DA:3,1
DA:4,1
DA:6,1
DA:9,3
DA:10,3
DA:12,0
DA:17,2
DA:18,2
DA:19,2
DA:20,2
DA:22,2
DA:23,0
DA:24,0
DA:27,2
DA:32,0
DA:37,3
DA:38,3
DA:40,3
DA:41,2
DA:42,2
DA:43,0
DA:44,0
DA:47,2
DA:53,2
DA:54,2
DA:55,2
DA:56,2
DA:59,1
DA:60,1
DA:61,0
DA:62,0
DA:65,1
DA:66,1
DA:67,0
DA:68,0
DA:71,1
DA:78,1
DA:79,1
DA:80,1
DA:84,1
DA:88,1
LF:43
LH:33
BRDA:6,0,0,1
BRDA:6,0,1,0
BRDA:17,1,0,0
BRDA:17,1,1,2
BRDA:20,2,0,2
BRDA:20,2,1,0
BRDA:22,3,0,0
BRDA:22,3,1,2
BRDA:22,4,0,2
BRDA:22,4,1,0
BRDA:24,5,0,0
BRDA:24,5,1,0
BRDA:38,6,0,0
BRDA:38,6,1,3
BRDA:38,7,0,3
BRDA:38,7,1,3
BRDA:40,8,0,2
BRDA:40,8,1,1
BRDA:42,9,0,0
BRDA:42,9,1,2
BRDA:42,10,0,2
BRDA:42,10,1,2
BRDA:42,11,0,2
BRDA:42,11,1,0
BRDA:49,12,0,2
BRDA:49,12,1,0
BRDA:59,13,0,1
BRDA:59,13,1,0
BRDA:60,14,0,0
BRDA:60,14,1,1
BRDA:65,15,0,1
BRDA:65,15,1,0
BRDA:66,16,0,0
BRDA:66,16,1,1
BRDA:66,17,0,1
BRDA:66,17,1,1
BRF:36
BRH:21
end_of_record
TN:
SF:src\data\documentStore.js
FN:9,categoryIdFromName
FN:18,ensureCategory
FN:28,ensureStatus
FN:37,buildDocumentId
FN:47,resetStore
FN:52,getAllDocuments
FN:60,getDocumentById
FN:68,createDocument
FN:91,updateDocument
FN:118,deleteDocument
FNF:10
FNH:9
FNDA:8,categoryIdFromName
FNDA:8,ensureCategory
FNDA:8,ensureStatus
FNDA:7,buildDocumentId
FNDA:14,resetStore
FNDA:0,getAllDocuments
FNDA:2,getDocumentById
FNDA:7,createDocument
FNDA:1,updateDocument
FNDA:1,deleteDocument
DA:1,5
DA:2,5
DA:4,5
DA:10,8
DA:19,8
DA:20,8
DA:25,8
DA:29,8
DA:34,8
DA:38,7
DA:43,7
DA:44,7
DA:48,14
DA:49,14
DA:53,0
DA:57,0
DA:61,2
DA:65,2
DA:69,7
DA:70,7
DA:71,7
DA:73,7
DA:88,7
DA:92,1
DA:93,1
DA:94,0
DA:97,1
DA:98,1
DA:100,1
DA:115,1
DA:119,1
DA:120,1
DA:121,1
DA:123,0
DA:124,0
DA:128,5
LF:36
LH:31
BRDA:43,0,0,7
BRDA:43,0,1,0
BRDA:82,1,0,7
BRDA:82,1,1,6
BRDA:83,2,0,1
BRDA:83,2,1,6
BRDA:93,3,0,0
BRDA:93,3,1,1
BRDA:97,4,0,1
BRDA:97,4,1,0
BRDA:98,5,0,1
BRDA:98,5,1,0
BRDA:109,6,0,0
BRDA:109,6,1,1
BRDA:110,7,0,0
BRDA:110,7,1,1
BRDA:123,8,0,0
BRDA:123,8,1,0
BRF:18
BRH:10
end_of_record
TN:
SF:src\data\extraStores.js
FN:5,resetExtraStores
FN:20,getUserByEmail
FN:28,getUserById
FN:36,buildUserId
FN:45,updateUserProfile
FN:55,updatePendingRegistration
FN:72,createUser
FN:97,listPosts
FN:105,buildPostId
FN:114,ensurePostCategory
FN:125,createPost
FN:145,updatePost
FN:167,deletePost
FN:177,buildMessageId
FN:186,createContactMessage
FN:199,listUsers
FN:207,(anonymous_16)
FN:213,getUserLastLoginAt
FN:221,getUserAdminDetails
FN:228,listUsersWithLastLogin
FN:231,(anonymous_20)
FN:239,setUserRole
FNF:22
FNH:13
FNDA:7,resetExtraStores
FNDA:25,getUserByEmail
FNDA:22,getUserById
FNDA:3,buildUserId
FNDA:0,updateUserProfile
FNDA:0,updatePendingRegistration
FNDA:3,createUser
FNDA:1,listPosts
FNDA:1,buildPostId
FNDA:2,ensurePostCategory
FNDA:1,createPost
FNDA:1,updatePost
FNDA:1,deletePost
FNDA:1,buildMessageId
FNDA:1,createContactMessage
FNDA:0,listUsers
FNDA:0,(anonymous_16)
FNDA:0,getUserLastLoginAt
FNDA:0,getUserAdminDetails
FNDA:0,listUsersWithLastLogin
FNDA:0,(anonymous_20)
FNDA:0,setUserRole
DA:1,5
DA:2,5
DA:3,5
DA:6,7
DA:7,7
DA:10,5
DA:21,25
DA:25,25
DA:29,22
DA:33,22
DA:37,3
DA:41,3
DA:42,3
DA:46,0
DA:47,0
DA:52,0
DA:56,0
DA:57,0
DA:58,0
DA:60,0
DA:61,0
DA:64,0
DA:69,0
DA:73,3
DA:74,3
DA:75,0
DA:77,3
DA:78,0
DA:81,3
DA:82,3
DA:83,3
DA:94,3
DA:98,1
DA:102,1
DA:106,1
DA:110,1
DA:111,1
DA:115,2
DA:116,2
DA:117,2
DA:122,2
DA:126,1
DA:127,1
DA:129,1
DA:142,1
DA:146,1
DA:147,1
DA:149,1
DA:153,1
DA:164,1
DA:168,1
DA:169,1
DA:170,1
DA:172,0
DA:173,0
DA:178,1
DA:182,1
DA:183,1
DA:187,1
DA:188,1
DA:196,1
DA:200,0
DA:204,0
DA:208,0
DA:209,0
DA:214,0
DA:218,0
DA:222,0
DA:223,0
DA:224,0
DA:225,0
DA:229,0
DA:230,0
DA:232,0
DA:233,0
DA:236,0
DA:241,0
DA:242,0
DA:243,0
DA:244,0
DA:246,0
DA:247,0
DA:249,0
DA:250,0
DA:252,0
DA:256,0
DA:259,5
LF:87
LH:48
BRDA:41,0,0,3
BRDA:41,0,1,0
BRDA:46,1,0,0
BRDA:46,1,1,0
BRDA:49,2,0,0
BRDA:49,2,1,0
BRDA:57,3,0,0
BRDA:57,3,1,0
BRDA:57,4,0,0
BRDA:57,4,1,0
BRDA:60,5,0,0
BRDA:60,5,1,0
BRDA:72,6,0,0
BRDA:74,7,0,0
BRDA:74,7,1,3
BRDA:74,8,0,3
BRDA:74,8,1,0
BRDA:77,9,0,0
BRDA:77,9,1,3
BRDA:89,10,0,3
BRDA:89,10,1,3
BRDA:99,11,0,0
BRDA:99,11,1,1
BRDA:110,12,0,1
BRDA:110,12,1,0
BRDA:116,13,0,0
BRDA:116,13,1,2
BRDA:135,14,0,1
BRDA:135,14,1,1
BRDA:147,15,0,0
BRDA:147,15,1,1
BRDA:149,16,0,1
BRDA:149,16,1,0
BRDA:159,17,0,1
BRDA:159,17,1,0
BRDA:160,18,0,1
BRDA:160,18,1,0
BRDA:172,19,0,0
BRDA:172,19,1,0
BRDA:182,20,0,0
BRDA:182,20,1,1
BRDA:218,21,0,0
BRDA:218,21,1,0
BRDA:218,21,2,0
BRDA:223,22,0,0
BRDA:223,22,1,0
BRDA:225,23,0,0
BRDA:225,23,1,0
BRDA:233,24,0,0
BRDA:233,24,1,0
BRDA:241,25,0,0
BRDA:241,25,1,0
BRDA:241,26,0,0
BRDA:241,26,1,0
BRDA:243,27,0,0
BRDA:243,27,1,0
BRDA:243,28,0,0
BRDA:243,28,1,0
BRDA:246,29,0,0
BRDA:246,29,1,0
BRDA:246,30,0,0
BRDA:246,30,1,0
BRDA:249,31,0,0
BRDA:249,31,1,0
BRF:64
BRH:16
end_of_record
TN:
SF:src\db\mappers.js
FN:1,mapDocument
FN:16,mapPost
FN:30,mapUser
FN:33,(anonymous_3)
FN:52,mapContactMessage
FNF:5
FNH:5
FNDA:10,mapDocument
FNDA:4,mapPost
FNDA:50,mapUser
FNDA:300,(anonymous_3)
FNDA:1,mapContactMessage
DA:2,10
DA:3,9
DA:17,4
DA:18,4
DA:31,50
DA:33,300
DA:35,47
DA:37,47
DA:39,47
DA:53,1
DA:54,1
DA:62,5
LF:12
LH:12
BRDA:2,0,0,1
BRDA:2,0,1,9
BRDA:11,1,0,1
BRDA:11,1,1,8
BRDA:12,2,0,1
BRDA:12,2,1,8
BRDA:17,3,0,0
BRDA:17,3,1,4
BRDA:31,4,0,3
BRDA:31,4,1,47
BRDA:33,5,0,47
BRDA:33,5,1,0
BRDA:35,6,0,47
BRDA:35,6,1,0
BRDA:37,7,0,0
BRDA:37,7,1,47
BRDA:37,8,0,0
BRDA:37,8,1,47
BRDA:44,9,0,47
BRDA:44,9,1,10
BRDA:45,10,0,47
BRDA:45,10,1,4
BRDA:47,11,0,47
BRDA:47,11,1,0
BRDA:53,12,0,0
BRDA:53,12,1,1
BRF:26
BRH:19
end_of_record
TN:
SF:src\db\prisma.js
FN:13,resolveDatabaseUrl
FN:24,createPrismaClient
FNF:2
FNH:2
FNDA:5,resolveDatabaseUrl
FNDA:5,createPrismaClient
DA:1,5
DA:2,5
DA:3,5
DA:5,5
DA:6,5
DA:14,5
DA:15,0
DA:17,5
DA:18,5
DA:19,0
DA:21,5
DA:25,5
DA:26,5
DA:27,5
DA:28,5
DA:31,5
DA:33,5
DA:34,5
DA:37,5
LF:19
LH:17
BRDA:14,0,0,0
BRDA:14,0,1,5
BRDA:18,1,0,0
BRDA:18,1,1,5
BRDA:25,2,0,5
BRDA:25,2,1,0
BRDA:31,3,0,5
BRDA:31,3,1,5
BRDA:33,4,0,5
BRDA:33,4,1,0
BRF:10
BRH:6
end_of_record
TN:
SF:src\db\reset.js
FN:5,clearTables
FN:20,resetDatabase
FNF:2
FNH:2
FNDA:21,clearTables
FNDA:21,resetDatabase
DA:1,5
DA:2,5
DA:3,5
DA:6,21
DA:7,21
DA:8,21
DA:9,21
DA:10,21
DA:11,21
DA:12,21
DA:13,21
DA:14,21
DA:15,21
DA:16,21
DA:17,21
DA:21,21
DA:22,21
DA:23,21
DA:30,5
LF:19
LH:19
BRF:0
BRH:0
end_of_record
TN:
SF:src\middleware\auth.js
FN:6,buildAccessToken
FN:21,buildToken
FN:25,requireAuth
FNF:3
FNH:2
FNDA:21,buildAccessToken
FNDA:0,buildToken
FNDA:17,requireAuth
DA:1,5
DA:3,5
DA:4,5
DA:7,21
DA:22,0
DA:26,17
DA:27,17
DA:29,17
DA:30,0
DA:33,17
DA:34,17
DA:35,17
DA:36,0
DA:38,17
DA:39,17
DA:41,0
DA:45,5
LF:17
LH:13
BRDA:3,0,0,5
BRDA:3,0,1,0
BRDA:4,1,0,5
BRDA:4,1,1,5
BRDA:12,2,0,21
BRDA:12,2,1,0
BRDA:26,3,0,17
BRDA:26,3,1,0
BRDA:29,4,0,0
BRDA:29,4,1,17
BRDA:29,5,0,17
BRDA:29,5,1,17
BRDA:35,6,0,0
BRDA:35,6,1,17
BRDA:35,7,0,17
BRDA:35,7,1,17
BRF:16
BRH:11
end_of_record
TN:
SF:src\middleware\permissions.js
FN:1,requirePermission
FN:2,permissionGuard
FN:17,requireAnyPermission
FN:18,permissionGuard
FN:20,(anonymous_4)
FNF:5
FNH:2
FNDA:60,requirePermission
FNDA:16,permissionGuard
FNDA:0,requireAnyPermission
FNDA:0,permissionGuard
FNDA:0,(anonymous_4)
DA:2,60
DA:3,16
DA:5,16
DA:6,2
DA:13,14
DA:18,0
DA:19,0
DA:20,0
DA:22,0
DA:23,0
DA:30,0
DA:34,5
LF:12
LH:6
BRDA:3,0,0,16
BRDA:3,0,1,0
BRDA:5,1,0,2
BRDA:5,1,1,14
BRDA:9,2,0,2
BRDA:9,2,1,0
BRDA:19,3,0,0
BRDA:19,3,1,0
BRDA:22,4,0,0
BRDA:22,4,1,0
BRDA:26,5,0,0
BRDA:26,5,1,0
BRF:12
BRH:4
end_of_record
TN:
SF:src\realtime\wsHub.js
FN:3,addClient
FN:6,(anonymous_1)
FN:14,broadcast
FNF:3
FNH:2
FNDA:2,addClient
FNDA:0,(anonymous_1)
FNDA:7,broadcast
DA:1,5
DA:4,2
DA:6,2
DA:7,0
DA:10,2
DA:11,2
DA:15,7
DA:17,7
DA:18,2
DA:19,2
DA:20,2
DA:22,0
DA:27,5
LF:13
LH:11
BRDA:15,0,0,0
BRDA:15,0,1,7
BRDA:18,1,0,0
BRDA:18,1,1,2
BRF:4
BRH:2
end_of_record
TN:
SF:src\routes\auth.js
FN:10,validatePassword
FN:25,validateFullName
FN:40,toPublicUser
FN:52,issueSessionTokens
FN:64,(anonymous_4)
FN:117,(anonymous_5)
FN:145,(anonymous_6)
FN:201,(anonymous_7)
FN:229,(anonymous_8)
FN:256,(anonymous_9)
FN:268,(anonymous_10)
FN:297,(anonymous_11)
FNF:12
FNH:12
FNDA:27,validatePassword
FNDA:5,validateFullName
FNDA:21,toPublicUser
FNDA:20,issueSessionTokens
FNDA:21,(anonymous_4)
FNDA:17,(anonymous_5)
FNDA:5,(anonymous_6)
FNDA:3,(anonymous_7)
FNDA:2,(anonymous_8)
FNDA:1,(anonymous_9)
FNDA:1,(anonymous_10)
FNDA:1,(anonymous_11)
DA:1,5
DA:2,5
DA:3,5
DA:4,5
DA:5,5
DA:6,5
DA:8,5
DA:11,27
DA:12,27
DA:14,27
DA:15,0
DA:16,27
DA:17,2
DA:18,25
DA:19,0
DA:22,27
DA:26,5
DA:27,5
DA:29,5
DA:30,0
DA:31,5
DA:32,1
DA:33,4
DA:34,0
DA:37,5
DA:41,21
DA:53,20
DA:54,20
DA:55,20
DA:64,5
DA:65,21
DA:66,21
DA:67,21
DA:68,21
DA:69,21
DA:74,21
DA:75,1
DA:78,20
DA:79,20
DA:80,2
DA:83,18
DA:84,1
DA:85,1
DA:86,0
DA:89,1
DA:99,17
DA:100,17
DA:101,0
DA:104,17
DA:112,0
DA:117,5
DA:118,17
DA:119,17
DA:120,17
DA:121,0
DA:124,17
DA:125,17
DA:126,0
DA:129,17
DA:130,17
DA:131,0
DA:134,17
DA:135,17
DA:141,0
DA:145,5
DA:146,5
DA:147,5
DA:148,5
DA:149,5
DA:150,5
DA:151,5
DA:157,5
DA:158,1
DA:161,4
DA:162,4
DA:163,1
DA:167,3
DA:168,0
DA:173,3
DA:181,3
DA:182,3
DA:183,0
DA:186,3
DA:194,0
DA:195,0
DA:197,0
DA:201,5
DA:202,3
DA:203,3
DA:204,3
DA:205,0
DA:208,3
DA:209,3
DA:210,0
DA:213,3
DA:214,3
DA:215,0
DA:218,3
DA:219,3
DA:225,0
DA:229,5
DA:230,2
DA:231,2
DA:232,2
DA:233,0
DA:236,2
DA:237,2
DA:238,1
DA:241,1
DA:242,1
DA:243,1
DA:244,0
DA:247,1
DA:252,0
DA:256,5
DA:257,1
DA:258,1
DA:259,1
DA:260,1
DA:262,1
DA:264,0
DA:268,5
DA:269,1
DA:270,1
DA:271,1
DA:272,0
DA:275,1
DA:276,1
DA:277,0
DA:282,1
DA:283,1
DA:284,0
DA:287,1
DA:288,1
DA:289,1
DA:290,1
DA:291,1
DA:293,0
DA:297,5
DA:298,1
DA:299,1
DA:300,1
DA:302,1
DA:303,0
DA:306,1
DA:307,0
DA:310,1
DA:316,1
DA:317,0
DA:320,1
DA:322,0
DA:326,5
LF:152
LH:120
BRDA:11,0,0,27
BRDA:11,0,1,0
BRDA:14,1,0,0
BRDA:14,1,1,27
BRDA:16,2,0,2
BRDA:16,2,1,25
BRDA:18,3,0,0
BRDA:18,3,1,25
BRDA:26,4,0,5
BRDA:26,4,1,0
BRDA:29,5,0,0
BRDA:29,5,1,5
BRDA:31,6,0,1
BRDA:31,6,1,4
BRDA:33,7,0,0
BRDA:33,7,1,4
BRDA:66,8,0,21
BRDA:66,8,1,0
BRDA:74,9,0,1
BRDA:74,9,1,20
BRDA:79,10,0,2
BRDA:79,10,1,18
BRDA:79,11,0,20
BRDA:79,11,1,20
BRDA:83,12,0,1
BRDA:83,12,1,17
BRDA:85,13,0,0
BRDA:85,13,1,1
BRDA:100,14,0,0
BRDA:100,14,1,17
BRDA:119,15,0,17
BRDA:119,15,1,0
BRDA:120,16,0,0
BRDA:120,16,1,17
BRDA:120,17,0,17
BRDA:120,17,1,17
BRDA:125,18,0,0
BRDA:125,18,1,17
BRDA:130,19,0,0
BRDA:130,19,1,17
BRDA:147,20,0,5
BRDA:147,20,1,0
BRDA:149,21,0,5
BRDA:149,21,1,0
BRDA:157,22,0,1
BRDA:157,22,1,4
BRDA:162,23,0,1
BRDA:162,23,1,3
BRDA:167,24,0,0
BRDA:167,24,1,3
BRDA:167,25,0,3
BRDA:167,25,1,0
BRDA:182,26,0,0
BRDA:182,26,1,3
BRDA:194,27,0,0
BRDA:194,27,1,0
BRDA:203,28,0,3
BRDA:203,28,1,0
BRDA:204,29,0,0
BRDA:204,29,1,3
BRDA:204,30,0,3
BRDA:204,30,1,3
BRDA:209,31,0,0
BRDA:209,31,1,3
BRDA:214,32,0,0
BRDA:214,32,1,3
BRDA:232,33,0,0
BRDA:232,33,1,2
BRDA:237,34,0,1
BRDA:237,34,1,1
BRDA:243,35,0,0
BRDA:243,35,1,1
BRDA:259,36,0,1
BRDA:259,36,1,0
BRDA:271,37,0,0
BRDA:271,37,1,1
BRDA:276,38,0,0
BRDA:276,38,1,1
BRDA:283,39,0,0
BRDA:283,39,1,1
BRDA:288,40,0,1
BRDA:288,40,1,0
BRDA:289,41,0,1
BRDA:289,41,1,0
BRDA:290,42,0,1
BRDA:290,42,1,0
BRDA:299,43,0,1
BRDA:299,43,1,0
BRDA:302,44,0,0
BRDA:302,44,1,1
BRDA:302,45,0,1
BRDA:302,45,1,1
BRDA:306,46,0,0
BRDA:306,46,1,1
BRDA:316,47,0,0
BRDA:316,47,1,1
BRF:96
BRH:59
end_of_record
TN:
SF:src\routes\chat.js
FN:14,(anonymous_0)
FN:18,(anonymous_1)
FN:27,(anonymous_2)
FNF:3
FNH:1
FNDA:0,(anonymous_0)
FNDA:0,(anonymous_1)
FNDA:1,(anonymous_2)
DA:1,5
DA:2,5
DA:3,5
DA:4,5
DA:6,5
DA:7,5
DA:11,5
DA:13,5
DA:14,0
DA:15,0
DA:18,5
DA:19,0
DA:20,0
DA:21,0
DA:23,0
DA:27,5
DA:28,1
DA:29,1
DA:30,1
DA:32,0
DA:37,5
LF:21
LH:14
BRDA:13,0,0,0
BRDA:13,0,1,5
BRF:2
BRH:1
end_of_record
TN:
SF:src\routes\contact.js
FN:8,(anonymous_0)
FNF:1
FNH:1
FNDA:2,(anonymous_0)
DA:1,5
DA:2,5
DA:3,5
DA:4,5
DA:6,5
DA:8,5
DA:9,2
DA:10,2
DA:11,2
DA:12,1
DA:15,1
DA:17,1
DA:18,1
DA:19,0
DA:26,0
DA:28,1
DA:33,1
DA:35,0
DA:39,5
LF:19
LH:16
BRDA:10,0,0,2
BRDA:10,0,1,0
BRDA:11,1,0,1
BRDA:11,1,1,1
BRDA:18,2,0,0
BRDA:18,2,1,1
BRF:6
BRH:4
end_of_record
TN:
SF:src\routes\documents.js
FN:10,notifyDocumentsChanged
FN:16,blockFileUploadOnServerless
FN:25,(anonymous_2)
FN:45,(anonymous_3)
FN:71,(anonymous_4)
FN:84,(anonymous_5)
FN:99,(anonymous_6)
FN:119,(anonymous_7)
FN:133,(anonymous_8)
FNF:9
FNH:8
FNDA:4,notifyDocumentsChanged
FNDA:2,blockFileUploadOnServerless
FNDA:3,(anonymous_2)
FNDA:0,(anonymous_3)
FNDA:1,(anonymous_4)
FNDA:3,(anonymous_5)
FNDA:1,(anonymous_6)
FNDA:1,(anonymous_7)
FNDA:2,(anonymous_8)
DA:1,5
DA:2,5
DA:3,5
DA:4,5
DA:5,5
DA:6,5
DA:8,5
DA:11,4
DA:17,2
DA:18,0
DA:22,2
DA:25,5
DA:26,3
DA:27,3
DA:28,3
DA:29,1
DA:32,2
DA:39,2
DA:41,0
DA:45,5
DA:46,0
DA:47,0
DA:48,0
DA:49,0
DA:52,0
DA:53,0
DA:54,0
DA:56,0
DA:57,0
DA:60,0
DA:61,0
DA:62,0
DA:64,0
DA:65,0
DA:67,0
DA:71,5
DA:72,1
DA:73,1
DA:74,1
DA:75,1
DA:78,0
DA:80,0
DA:84,5
DA:85,3
DA:86,3
DA:87,3
DA:88,1
DA:91,2
DA:92,2
DA:93,2
DA:95,0
DA:99,5
DA:100,1
DA:101,1
DA:102,1
DA:103,0
DA:106,1
DA:107,1
DA:108,0
DA:111,1
DA:112,1
DA:113,1
DA:115,0
DA:119,5
DA:120,1
DA:121,1
DA:122,1
DA:123,0
DA:126,1
DA:127,1
DA:129,0
DA:133,5
DA:134,2
DA:135,2
DA:136,2
DA:137,2
DA:138,2
DA:139,2
DA:141,2
DA:142,2
DA:143,2
DA:145,2
DA:146,1
DA:149,2
DA:150,1
DA:153,2
DA:154,0
DA:157,2
DA:158,1
DA:161,1
DA:168,1
DA:170,0
DA:174,5
LF:93
LH:66
BRDA:17,0,0,0
BRDA:17,0,1,2
BRDA:28,1,0,1
BRDA:28,1,1,2
BRDA:35,2,0,2
BRDA:35,2,1,1
BRDA:36,3,0,2
BRDA:36,3,1,1
BRDA:48,4,0,0
BRDA:48,4,1,0
BRDA:56,5,0,0
BRDA:56,5,1,0
BRDA:56,6,0,0
BRDA:56,6,1,0
BRDA:64,7,0,0
BRDA:64,7,1,0
BRDA:74,8,0,1
BRDA:74,8,1,0
BRDA:86,9,0,3
BRDA:86,9,1,0
BRDA:87,10,0,1
BRDA:87,10,1,2
BRDA:102,11,0,0
BRDA:102,11,1,1
BRDA:106,12,0,1
BRDA:106,12,1,0
BRDA:107,13,0,0
BRDA:107,13,1,1
BRDA:122,14,0,0
BRDA:122,14,1,1
BRDA:135,15,0,2
BRDA:135,15,1,0
BRDA:137,16,0,2
BRDA:137,16,1,0
BRDA:138,17,0,2
BRDA:138,17,1,0
BRDA:139,18,0,2
BRDA:139,18,1,0
BRDA:141,19,0,0
BRDA:141,19,1,2
BRDA:142,20,0,0
BRDA:142,20,1,2
BRDA:143,21,0,1
BRDA:143,21,1,1
BRDA:145,22,0,1
BRDA:145,22,1,1
BRDA:145,23,0,2
BRDA:145,23,1,2
BRDA:149,24,0,1
BRDA:149,24,1,1
BRDA:149,25,0,2
BRDA:149,25,1,2
BRDA:149,25,2,1
BRDA:153,26,0,0
BRDA:153,26,1,2
BRDA:153,27,0,2
BRDA:153,27,1,1
BRDA:153,27,2,1
BRDA:157,28,0,1
BRDA:157,28,1,1
BRF:60
BRH:38
end_of_record
TN:
SF:src\routes\documentsGenerator.js
FN:21,pick
FN:25,toIsoDate
FN:29,randomSchoolDate
FN:37,generateValidDocument
FN:130,tick
FN:136,(anonymous_5)
FN:139,(anonymous_6)
FN:162,(anonymous_7)
FN:163,(anonymous_8)
FN:173,(anonymous_9)
FN:183,(anonymous_10)
FNF:11
FNH:9
FNDA:12,pick
FNDA:4,toIsoDate
FNDA:4,randomSchoolDate
FNDA:4,generateValidDocument
FNDA:2,tick
FNDA:4,(anonymous_5)
FNDA:1,(anonymous_6)
FNDA:2,(anonymous_7)
FNDA:0,(anonymous_8)
FNDA:1,(anonymous_9)
FNDA:0,(anonymous_10)
DA:1,5
DA:2,5
DA:3,5
DA:4,5
DA:5,5
DA:6,5
DA:7,5
DA:9,5
DA:11,5
DA:12,5
DA:22,12
DA:26,4
DA:31,4
DA:32,4
DA:33,4
DA:34,4
DA:38,4
DA:39,4
DA:51,4
DA:53,4
DA:79,4
DA:80,4
DA:82,4
DA:86,4
DA:99,4
DA:105,4
DA:114,4
DA:115,4
DA:117,0
DA:127,4
DA:131,2
DA:132,2
DA:133,4
DA:135,2
DA:136,4
DA:139,5
DA:140,1
DA:141,1
DA:143,1
DA:144,1
DA:145,1
DA:147,1
DA:148,0
DA:150,1
DA:151,0
DA:154,1
DA:155,0
DA:158,1
DA:159,1
DA:161,1
DA:162,1
DA:163,2
DA:164,0
DA:167,1
DA:168,1
DA:170,1
DA:173,5
DA:174,1
DA:175,1
DA:176,1
DA:178,1
DA:179,1
DA:180,1
DA:183,5
DA:184,0
DA:187,5
LF:66
LH:60
BRDA:82,0,0,4
BRDA:82,0,1,0
BRDA:110,1,0,4
BRDA:110,1,1,0
BRDA:111,2,0,4
BRDA:111,2,1,0
BRDA:115,3,0,0
BRDA:115,3,1,4
BRDA:143,4,0,1
BRDA:143,4,1,0
BRDA:144,5,0,1
BRDA:144,5,1,0
BRDA:147,6,0,0
BRDA:147,6,1,1
BRDA:147,7,0,1
BRDA:147,7,1,1
BRDA:147,7,2,1
BRDA:150,8,0,0
BRDA:150,8,1,1
BRDA:150,9,0,1
BRDA:150,9,1,1
BRDA:150,9,2,1
BRDA:154,10,0,0
BRDA:154,10,1,1
BRDA:161,11,0,0
BRDA:161,11,1,1
BRDA:174,12,0,1
BRDA:174,12,1,0
BRF:28
BRH:17
end_of_record
TN:
SF:src\routes\posts.js
FN:9,(anonymous_0)
FN:18,(anonymous_1)
FN:36,(anonymous_2)
FN:53,(anonymous_3)
FNF:4
FNH:4
FNDA:1,(anonymous_0)
FNDA:2,(anonymous_1)
FNDA:1,(anonymous_2)
FNDA:1,(anonymous_3)
DA:1,5
DA:2,5
DA:3,5
DA:4,5
DA:5,5
DA:7,5
DA:9,5
DA:10,1
DA:11,1
DA:12,1
DA:14,0
DA:18,5
DA:19,2
DA:20,2
DA:21,2
DA:22,1
DA:25,1
DA:30,1
DA:32,0
DA:36,5
DA:37,1
DA:38,1
DA:39,1
DA:40,0
DA:43,1
DA:44,1
DA:45,0
DA:47,1
DA:49,0
DA:53,5
DA:54,1
DA:55,1
DA:56,1
DA:57,0
DA:59,1
DA:61,0
DA:65,5
LF:37
LH:30
BRDA:11,0,0,1
BRDA:11,0,1,1
BRDA:20,1,0,2
BRDA:20,1,1,0
BRDA:21,2,0,1
BRDA:21,2,1,1
BRDA:38,3,0,1
BRDA:38,3,1,0
BRDA:39,4,0,0
BRDA:39,4,1,1
BRDA:44,5,0,0
BRDA:44,5,1,1
BRDA:56,6,0,0
BRDA:56,6,1,1
BRF:14
BRH:9
end_of_record
TN:
SF:src\routes\roles.js
FN:6,(anonymous_0)
FN:18,(anonymous_1)
FN:22,(anonymous_2)
FNF:3
FNH:3
FNDA:1,(anonymous_0)
FNDA:4,(anonymous_1)
FNDA:20,(anonymous_2)
DA:1,5
DA:2,5
DA:4,5
DA:6,5
DA:7,1
DA:8,1
DA:17,1
DA:18,4
DA:22,20
DA:29,0
DA:33,5
LF:11
LH:10
BRF:0
BRH:0
end_of_record
TN:
SF:src\routes\statistics.js
FN:6,(anonymous_0)
FNF:1
FNH:1
FNDA:2,(anonymous_0)
DA:1,5
DA:2,5
DA:4,5
DA:6,5
DA:7,2
DA:8,2
DA:9,2
DA:11,0
DA:15,5
LF:9
LH:8
BRF:0
BRH:0
end_of_record
TN:
SF:src\routes\users.js
FN:7,toProfile
FN:19,requireAdmin
FN:28,validateRoleName
FN:36,validateNickname
FN:55,(anonymous_4)
FN:68,(anonymous_5)
FN:72,(anonymous_6)
FN:82,(anonymous_7)
FN:97,(anonymous_8)
FN:113,(anonymous_9)
FNF:10
FNH:2
FNDA:1,toProfile
FNDA:0,requireAdmin
FNDA:0,validateRoleName
FNDA:0,validateNickname
FNDA:1,(anonymous_4)
FNDA:0,(anonymous_5)
FNDA:0,(anonymous_6)
FNDA:0,(anonymous_7)
FNDA:0,(anonymous_8)
FNDA:0,(anonymous_9)
DA:1,5
DA:2,5
DA:3,5
DA:5,5
DA:8,1
DA:20,0
DA:21,0
DA:23,0
DA:26,5
DA:29,0
DA:30,0
DA:31,0
DA:33,0
DA:37,0
DA:38,0
DA:40,0
DA:41,0
DA:44,0
DA:45,0
DA:46,0
DA:47,0
DA:48,0
DA:49,0
DA:52,0
DA:55,5
DA:56,1
DA:57,1
DA:58,1
DA:59,0
DA:62,1
DA:64,0
DA:68,5
DA:69,0
DA:70,0
DA:71,0
DA:72,0
DA:78,0
DA:82,5
DA:83,0
DA:84,0
DA:85,0
DA:86,0
DA:88,0
DA:93,0
DA:97,5
DA:98,0
DA:99,0
DA:100,0
DA:101,0
DA:103,0
DA:104,0
DA:105,0
DA:107,0
DA:109,0
DA:113,5
DA:114,0
DA:115,0
DA:116,0
DA:117,0
DA:120,0
DA:121,0
DA:123,0
DA:127,5
LF:63
LH:16
BRDA:20,0,0,0
BRDA:20,0,1,0
BRDA:29,1,0,0
BRDA:29,1,1,0
BRDA:30,2,0,0
BRDA:30,2,1,0
BRDA:37,3,0,0
BRDA:37,3,1,0
BRDA:40,4,0,0
BRDA:40,4,1,0
BRDA:44,5,0,0
BRDA:44,5,1,0
BRDA:46,6,0,0
BRDA:46,6,1,0
BRDA:48,7,0,0
BRDA:48,7,1,0
BRDA:58,8,0,0
BRDA:58,8,1,1
BRDA:74,9,0,0
BRDA:74,9,1,0
BRDA:85,10,0,0
BRDA:85,10,1,0
BRDA:90,11,0,0
BRDA:90,11,1,0
BRDA:100,12,0,0
BRDA:100,12,1,0
BRDA:104,13,0,0
BRDA:104,13,1,0
BRDA:116,14,0,0
BRDA:116,14,1,0
BRF:30
BRH:1
end_of_record
TN:
SF:src\services\documentService.js
FN:5,listDocuments
FN:38,(anonymous_1)
FN:63,getDocument
FN:67,addDocument
FN:71,addUploadedDocument
FN:84,editDocument
FN:88,removeDocument
FN:92,attachDocumentFile
FN:98,buildStatistics
FN:113,(anonymous_9)
FN:114,(anonymous_10)
FN:116,(anonymous_11)
FN:122,(anonymous_12)
FNF:13
FNH:12
FNDA:2,listDocuments
FNDA:6,(anonymous_1)
FNDA:2,getDocument
FNDA:2,addDocument
FNDA:1,addUploadedDocument
FNDA:1,editDocument
FNDA:1,removeDocument
FNDA:0,attachDocumentFile
FNDA:2,buildStatistics
FNDA:6,(anonymous_9)
FNDA:23,(anonymous_10)
FNDA:6,(anonymous_11)
FNDA:23,(anonymous_12)
DA:1,5
DA:2,5
DA:3,5
DA:6,2
DA:7,2
DA:9,2
DA:10,2
DA:11,1
DA:12,1
DA:13,1
DA:17,2
DA:18,1
DA:26,2
DA:27,2
DA:28,2
DA:30,2
DA:38,6
DA:50,2
DA:64,2
DA:68,2
DA:72,1
DA:85,1
DA:89,1
DA:93,0
DA:94,0
DA:95,0
DA:99,2
DA:111,2
DA:112,2
DA:113,6
DA:114,23
DA:116,2
DA:117,6
DA:118,6
DA:119,6
DA:122,2
DA:123,23
DA:124,23
DA:125,23
DA:128,2
DA:135,5
LF:41
LH:38
BRDA:6,0,0,1
BRDA:6,0,1,1
BRDA:7,1,0,1
BRDA:7,1,1,1
BRDA:10,2,0,1
BRDA:10,2,1,1
BRDA:10,3,0,2
BRDA:10,3,1,1
BRDA:12,4,0,1
BRDA:12,4,1,0
BRDA:17,5,0,1
BRDA:17,5,1,1
BRDA:27,6,0,0
BRDA:27,6,1,2
BRDA:46,7,0,0
BRDA:46,7,1,6
BRDA:47,8,0,0
BRDA:47,8,1,6
BRDA:58,9,0,2
BRDA:58,9,1,0
BRDA:78,10,0,1
BRDA:78,10,1,1
BRDA:118,11,0,6
BRDA:118,11,1,0
BRDA:124,12,0,23
BRDA:124,12,1,0
BRF:26
BRH:19
end_of_record
TN:
SF:src\services\mailService.js
FN:3,escapeHtml
FN:12,isMailConfigured
FN:21,getContactMailTo
FN:26,(anonymous_3)
FN:30,isContactMailConfigured
FN:36,getTransporter
FN:54,sendLoginOtpEmail
FN:85,sendEmailVerificationEmail
FN:117,sendPasswordResetEmail
FN:148,sendContactMessageEmail
FNF:10
FNH:2
FNDA:0,escapeHtml
FNDA:23,isMailConfigured
FNDA:0,getContactMailTo
FNDA:0,(anonymous_3)
FNDA:1,isContactMailConfigured
FNDA:0,getTransporter
FNDA:0,sendLoginOtpEmail
FNDA:0,sendEmailVerificationEmail
FNDA:0,sendPasswordResetEmail
FNDA:0,sendContactMessageEmail
DA:1,5
DA:4,0
DA:13,23
DA:23,0
DA:24,0
DA:26,0
DA:31,1
DA:37,0
DA:38,0
DA:40,0
DA:41,0
DA:51,0
DA:55,0
DA:56,0
DA:57,0
DA:60,0
DA:61,0
DA:69,0
DA:76,0
DA:86,0
DA:87,0
DA:88,0
DA:91,0
DA:92,0
DA:101,0
DA:108,0
DA:118,0
DA:119,0
DA:120,0
DA:123,0
DA:124,0
DA:133,0
DA:139,0
DA:149,0
DA:150,0
DA:151,0
DA:153,0
DA:154,0
DA:155,0
DA:158,0
DA:159,0
DA:160,0
DA:161,0
DA:162,0
DA:164,0
DA:178,0
DA:192,0
DA:202,5
LF:48
LH:4
BRDA:4,0,0,0
BRDA:4,0,1,0
BRDA:14,1,0,23
BRDA:14,1,1,0
BRDA:14,1,2,0
BRDA:14,1,3,0
BRDA:23,2,0,0
BRDA:23,2,1,0
BRDA:23,2,2,0
BRDA:23,2,3,0
BRDA:31,3,0,1
BRDA:31,3,1,0
BRDA:37,4,0,0
BRDA:37,4,1,0
BRDA:40,5,0,0
BRDA:40,5,1,0
BRDA:43,6,0,0
BRDA:43,6,1,0
BRDA:54,7,0,0
BRDA:56,8,0,0
BRDA:56,8,1,0
BRDA:85,9,0,0
BRDA:87,10,0,0
BRDA:87,10,1,0
BRDA:117,11,0,0
BRDA:119,12,0,0
BRDA:119,12,1,0
BRDA:150,13,0,0
BRDA:150,13,1,0
BRDA:154,14,0,0
BRDA:154,14,1,0
BRDA:159,15,0,0
BRDA:159,15,1,0
BRDA:160,16,0,0
BRDA:160,16,1,0
BRDA:161,17,0,0
BRDA:161,17,1,0
BRDA:162,18,0,0
BRDA:162,18,1,0
BRDA:168,19,0,0
BRDA:168,19,1,0
BRDA:169,20,0,0
BRDA:169,20,1,0
BRDA:170,21,0,0
BRDA:170,21,1,0
BRDA:182,22,0,0
BRDA:182,22,1,0
BRDA:183,23,0,0
BRDA:183,23,1,0
BRDA:184,24,0,0
BRDA:184,24,1,0
BRDA:195,25,0,0
BRDA:195,25,1,0
BRF:53
BRH:2
end_of_record
TN:
SF:src\validation\commonValidation.js
FN:1,validateEmail
FNF:1
FNH:1
FNDA:29,validateEmail
DA:2,29
DA:3,29
DA:5,29
DA:6,0
DA:7,29
DA:8,0
DA:11,29
DA:12,29
DA:13,3
DA:17,29
DA:20,5
LF:11
LH:9
BRDA:3,0,0,29
BRDA:3,0,1,0
BRDA:5,1,0,0
BRDA:5,1,1,29
BRDA:7,2,0,0
BRDA:7,2,1,29
BRDA:12,3,0,3
BRDA:12,3,1,26
BRF:8
BRH:5
end_of_record
TN:
SF:src\validation\contactValidation.js
FN:3,validateContactMessage
FNF:1
FNH:1
FNDA:2,validateContactMessage
DA:1,5
DA:4,2
DA:5,2
DA:6,2
DA:7,2
DA:9,2
DA:10,2
DA:11,1
DA:14,2
DA:15,0
DA:16,2
DA:17,1
DA:20,2
DA:30,5
LF:14
LH:13
BRDA:6,0,0,0
BRDA:6,0,1,2
BRDA:6,1,0,2
BRDA:6,1,1,0
BRDA:7,2,0,2
BRDA:7,2,1,0
BRDA:7,3,0,2
BRDA:7,3,1,2
BRDA:10,4,0,1
BRDA:10,4,1,1
BRDA:14,5,0,0
BRDA:14,5,1,2
BRDA:16,6,0,1
BRDA:16,6,1,1
BRDA:16,7,0,2
BRDA:16,7,1,1
BRF:16
BRH:12
end_of_record
TN:
SF:src\validation\documentValidation.js
FN:3,validateDocument
FN:50,validatePagination
FNF:2
FNH:2
FNDA:8,validateDocument
FNDA:3,validatePagination
DA:1,5
DA:4,8
DA:5,8
DA:6,8
DA:7,8
DA:8,8
DA:9,8
DA:11,8
DA:12,0
DA:13,8
DA:14,1
DA:17,8
DA:18,1
DA:19,7
DA:20,0
DA:23,8
DA:24,1
DA:25,7
DA:26,0
DA:29,8
DA:30,1
DA:31,7
DA:32,0
DA:35,8
DA:36,1
DA:37,7
DA:38,0
DA:41,8
DA:42,1
DA:43,7
DA:44,0
DA:47,8
DA:51,3
DA:52,3
DA:53,3
DA:55,3
DA:56,1
DA:59,3
DA:60,1
DA:63,3
DA:66,5
LF:41
LH:35
BRDA:5,0,0,8
BRDA:5,0,1,0
BRDA:5,1,0,8
BRDA:5,1,1,8
BRDA:6,2,0,7
BRDA:6,2,1,1
BRDA:6,3,0,8
BRDA:6,3,1,7
BRDA:7,4,0,7
BRDA:7,4,1,1
BRDA:7,5,0,8
BRDA:7,5,1,7
BRDA:8,6,0,7
BRDA:8,6,1,1
BRDA:8,7,0,8
BRDA:8,7,1,7
BRDA:9,8,0,7
BRDA:9,8,1,1
BRDA:9,9,0,8
BRDA:9,9,1,7
BRDA:11,10,0,0
BRDA:11,10,1,8
BRDA:13,11,0,1
BRDA:13,11,1,7
BRDA:13,12,0,8
BRDA:13,12,1,7
BRDA:17,13,0,1
BRDA:17,13,1,7
BRDA:19,14,0,0
BRDA:19,14,1,7
BRDA:19,15,0,7
BRDA:19,15,1,7
BRDA:23,16,0,1
BRDA:23,16,1,7
BRDA:25,17,0,0
BRDA:25,17,1,7
BRDA:25,18,0,7
BRDA:25,18,1,7
BRDA:29,19,0,1
BRDA:29,19,1,7
BRDA:31,20,0,0
BRDA:31,20,1,7
BRDA:35,21,0,1
BRDA:35,21,1,7
BRDA:37,22,0,0
BRDA:37,22,1,7
BRDA:41,23,0,1
BRDA:41,23,1,7
BRDA:43,24,0,0
BRDA:43,24,1,7
BRDA:43,25,0,7
BRDA:43,25,1,7
BRDA:51,26,0,3
BRDA:51,26,1,0
BRDA:52,27,0,3
BRDA:52,27,1,0
BRDA:55,28,0,1
BRDA:55,28,1,2
BRDA:55,29,0,3
BRDA:55,29,1,3
BRDA:59,30,0,1
BRDA:59,30,1,2
BRDA:59,31,0,3
BRDA:59,31,1,3
BRDA:59,31,2,3
BRF:65
BRH:56
end_of_record
TN:
SF:src\validation\postValidation.js
FN:1,validatePost
FNF:1
FNH:1
FNDA:3,validatePost
DA:2,3
DA:3,3
DA:4,3
DA:5,3
DA:6,3
DA:7,3
DA:9,3
DA:10,0
DA:11,3
DA:12,1
DA:15,3
DA:16,0
DA:17,3
DA:18,1
DA:21,3
DA:22,1
DA:23,2
DA:24,0
DA:27,3
DA:28,0
DA:31,3
DA:34,5
LF:22
LH:18
BRDA:3,0,0,3
BRDA:3,0,1,0
BRDA:3,1,0,3
BRDA:3,1,1,3
BRDA:4,2,0,3
BRDA:4,2,1,0
BRDA:4,3,0,3
BRDA:4,3,1,3
BRDA:5,4,0,2
BRDA:5,4,1,1
BRDA:5,5,0,3
BRDA:5,5,1,2
BRDA:6,6,0,0
BRDA:6,6,1,3
BRDA:6,7,0,3
BRDA:6,7,1,0
BRDA:9,8,0,0
BRDA:9,8,1,3
BRDA:11,9,0,1
BRDA:11,9,1,2
BRDA:11,10,0,3
BRDA:11,10,1,2
BRDA:15,11,0,0
BRDA:15,11,1,3
BRDA:17,12,0,1
BRDA:17,12,1,2
BRDA:17,13,0,3
BRDA:17,13,1,2
BRDA:21,14,0,1
BRDA:21,14,1,2
BRDA:23,15,0,0
BRDA:23,15,1,2
BRDA:23,16,0,2
BRDA:23,16,1,2
BRDA:27,17,0,0
BRDA:27,17,1,3
BRDA:27,18,0,3
BRDA:27,18,1,0
BRF:38
BRH:29
end_of_record
