{"C:\\Users\\Sebi\\Desktop\\portal-lt1\\webpage\\portal-lt1-frontend\\playwright.config.js": {"path":"C:\\Users\\Sebi\\Desktop\\portal-lt1\\webpage\\portal-lt1-frontend\\playwright.config.js","all":true,"statementMap":{"0":{"start":{"line":1,"column":0},"end":{"line":1,"column":48}},"1":{"start":{"line":2,"column":0},"end":{"line":2,"column":0}},"2":{"start":{"line":3,"column":0},"end":{"line":3,"column":29}},"3":{"start":{"line":4,"column":0},"end":{"line":4,"column":25}},"4":{"start":{"line":5,"column":0},"end":{"line":5,"column":8}},"5":{"start":{"line":6,"column":0},"end":{"line":6,"column":36}},"6":{"start":{"line":7,"column":0},"end":{"line":7,"column":4}},"7":{"start":{"line":8,"column":0},"end":{"line":8,"column":14}},"8":{"start":{"line":9,"column":0},"end":{"line":9,"column":59}},"9":{"start":{"line":10,"column":0},"end":{"line":10,"column":33}},"10":{"start":{"line":11,"column":0},"end":{"line":11,"column":41}},"11":{"start":{"line":12,"column":0},"end":{"line":12,"column":19}},"12":{"start":{"line":13,"column":0},"end":{"line":13,"column":3}},"13":{"start":{"line":14,"column":0},"end":{"line":14,"column":3}}},"s":{"0":0,"1":0,"2":0,"3":0,"4":0,"5":0,"6":0,"7":0,"8":0,"9":0,"10":0,"11":0,"12":0,"13":0},"branchMap":{"0":{"type":"branch","line":1,"loc":{"start":{"line":1,"column":0},"end":{"line":14,"column":-96}},"locations":[{"start":{"line":1,"column":0},"end":{"line":14,"column":-96}}]}},"b":{"0":[0]},"fnMap":{"0":{"name":"(empty-report)","decl":{"start":{"line":1,"column":0},"end":{"line":14,"column":-96}},"loc":{"start":{"line":1,"column":0},"end":{"line":14,"column":-96}},"line":1}},"f":{"0":0}}
,"C:\\Users\\Sebi\\Desktop\\portal-lt1\\webpage\\portal-lt1-frontend\\src\\App.jsx": {"path":"C:\\Users\\Sebi\\Desktop\\portal-lt1\\webpage\\portal-lt1-frontend\\src\\App.jsx","all":false,"statementMap":{"0":{"start":{"line":1,"column":0},"end":{"line":1,"column":44}},"1":{"start":{"line":2,"column":0},"end":{"line":2,"column":77}},"2":{"start":{"line":3,"column":0},"end":{"line":3,"column":44}},"3":{"start":{"line":4,"column":0},"end":{"line":4,"column":60}},"4":{"start":{"line":5,"column":0},"end":{"line":5,"column":70}},"5":{"start":{"line":6,"column":0},"end":{"line":6,"column":64}},"6":{"start":{"line":7,"column":0},"end":{"line":7,"column":60}},"7":{"start":{"line":8,"column":0},"end":{"line":8,"column":46}},"8":{"start":{"line":9,"column":0},"end":{"line":9,"column":52}},"9":{"start":{"line":10,"column":0},"end":{"line":10,"column":46}},"10":{"start":{"line":11,"column":0},"end":{"line":11,"column":50}},"11":{"start":{"line":12,"column":0},"end":{"line":12,"column":52}},"12":{"start":{"line":13,"column":0},"end":{"line":13,"column":52}},"13":{"start":{"line":14,"column":0},"end":{"line":14,"column":57}},"14":{"start":{"line":15,"column":0},"end":{"line":15,"column":61}},"15":{"start":{"line":16,"column":0},"end":{"line":16,"column":53}},"16":{"start":{"line":17,"column":0},"end":{"line":17,"column":55}},"18":{"start":{"line":19,"column":0},"end":{"line":19,"column":16}},"19":{"start":{"line":20,"column":0},"end":{"line":20,"column":33}},"20":{"start":{"line":21,"column":0},"end":{"line":21,"column":98}},"22":{"start":{"line":23,"column":0},"end":{"line":23,"column":19}},"23":{"start":{"line":24,"column":0},"end":{"line":24,"column":24}},"24":{"start":{"line":25,"column":0},"end":{"line":25,"column":86}},"25":{"start":{"line":26,"column":0},"end":{"line":26,"column":5}},"26":{"start":{"line":27,"column":0},"end":{"line":27,"column":41}},"28":{"start":{"line":29,"column":0},"end":{"line":29,"column":60}},"30":{"start":{"line":31,"column":0},"end":{"line":31,"column":31}},"31":{"start":{"line":32,"column":0},"end":{"line":32,"column":83}},"32":{"start":{"line":33,"column":0},"end":{"line":33,"column":27}},"33":{"start":{"line":34,"column":0},"end":{"line":34,"column":4}},"35":{"start":{"line":36,"column":0},"end":{"line":36,"column":10}},"36":{"start":{"line":37,"column":0},"end":{"line":37,"column":23}},"37":{"start":{"line":38,"column":0},"end":{"line":38,"column":30}},"38":{"start":{"line":39,"column":0},"end":{"line":39,"column":35}},"39":{"start":{"line":40,"column":0},"end":{"line":40,"column":40}},"40":{"start":{"line":41,"column":0},"end":{"line":41,"column":43}},"41":{"start":{"line":42,"column":0},"end":{"line":42,"column":70}},"42":{"start":{"line":43,"column":0},"end":{"line":43,"column":44}},"43":{"start":{"line":44,"column":0},"end":{"line":44,"column":105}},"45":{"start":{"line":46,"column":0},"end":{"line":46,"column":26}},"46":{"start":{"line":47,"column":0},"end":{"line":47,"column":24}},"47":{"start":{"line":48,"column":0},"end":{"line":48,"column":33}},"48":{"start":{"line":49,"column":0},"end":{"line":49,"column":86}},"49":{"start":{"line":50,"column":0},"end":{"line":50,"column":17}},"51":{"start":{"line":52,"column":0},"end":{"line":52,"column":26}},"52":{"start":{"line":53,"column":0},"end":{"line":53,"column":24}},"53":{"start":{"line":54,"column":0},"end":{"line":54,"column":34}},"54":{"start":{"line":55,"column":0},"end":{"line":55,"column":86}},"55":{"start":{"line":56,"column":0},"end":{"line":56,"column":17}},"57":{"start":{"line":58,"column":0},"end":{"line":58,"column":26}},"58":{"start":{"line":59,"column":0},"end":{"line":59,"column":24}},"59":{"start":{"line":60,"column":0},"end":{"line":60,"column":31}},"60":{"start":{"line":61,"column":0},"end":{"line":61,"column":86}},"61":{"start":{"line":62,"column":0},"end":{"line":62,"column":17}},"63":{"start":{"line":64,"column":0},"end":{"line":64,"column":26}},"64":{"start":{"line":65,"column":0},"end":{"line":65,"column":24}},"65":{"start":{"line":66,"column":0},"end":{"line":66,"column":32}},"66":{"start":{"line":67,"column":0},"end":{"line":67,"column":86}},"67":{"start":{"line":68,"column":0},"end":{"line":68,"column":17}},"69":{"start":{"line":70,"column":0},"end":{"line":70,"column":26}},"70":{"start":{"line":71,"column":0},"end":{"line":71,"column":20}},"71":{"start":{"line":72,"column":0},"end":{"line":72,"column":18}},"73":{"start":{"line":74,"column":0},"end":{"line":74,"column":41}},"74":{"start":{"line":75,"column":0},"end":{"line":75,"column":63}},"76":{"start":{"line":77,"column":0},"end":{"line":77,"column":21}},"77":{"start":{"line":78,"column":0},"end":{"line":78,"column":69}},"79":{"start":{"line":80,"column":0},"end":{"line":80,"column":21}},"80":{"start":{"line":81,"column":0},"end":{"line":81,"column":18}},"81":{"start":{"line":82,"column":0},"end":{"line":82,"column":16}},"82":{"start":{"line":83,"column":0},"end":{"line":83,"column":17}},"84":{"start":{"line":85,"column":0},"end":{"line":85,"column":27}},"85":{"start":{"line":86,"column":0},"end":{"line":86,"column":41}},"86":{"start":{"line":87,"column":0},"end":{"line":87,"column":100}},"87":{"start":{"line":88,"column":0},"end":{"line":88,"column":74}},"89":{"start":{"line":90,"column":0},"end":{"line":90,"column":21}},"90":{"start":{"line":91,"column":0},"end":{"line":91,"column":16}},"91":{"start":{"line":92,"column":0},"end":{"line":92,"column":17}},"93":{"start":{"line":94,"column":0},"end":{"line":94,"column":34}},"94":{"start":{"line":95,"column":0},"end":{"line":95,"column":18}},"95":{"start":{"line":96,"column":0},"end":{"line":96,"column":53}},"96":{"start":{"line":97,"column":0},"end":{"line":97,"column":70}},"97":{"start":{"line":98,"column":0},"end":{"line":98,"column":76}},"98":{"start":{"line":99,"column":0},"end":{"line":99,"column":91}},"99":{"start":{"line":100,"column":0},"end":{"line":100,"column":76}},"100":{"start":{"line":101,"column":0},"end":{"line":101,"column":91}},"101":{"start":{"line":102,"column":0},"end":{"line":102,"column":64}},"102":{"start":{"line":103,"column":0},"end":{"line":103,"column":63}},"103":{"start":{"line":104,"column":0},"end":{"line":104,"column":65}},"104":{"start":{"line":105,"column":0},"end":{"line":105,"column":59}},"105":{"start":{"line":106,"column":0},"end":{"line":106,"column":65}},"106":{"start":{"line":107,"column":0},"end":{"line":107,"column":57}},"107":{"start":{"line":108,"column":0},"end":{"line":108,"column":19}},"108":{"start":{"line":109,"column":0},"end":{"line":109,"column":15}},"110":{"start":{"line":111,"column":0},"end":{"line":111,"column":24}},"111":{"start":{"line":112,"column":0},"end":{"line":112,"column":12}},"112":{"start":{"line":113,"column":0},"end":{"line":113,"column":24}},"114":{"start":{"line":115,"column":0},"end":{"line":115,"column":1}},"116":{"start":{"line":117,"column":0},"end":{"line":117,"column":19}}},"s":{"0":1,"1":1,"2":1,"3":1,"4":1,"5":1,"6":1,"7":1,"8":1,"9":1,"10":1,"11":1,"12":1,"13":1,"14":1,"15":1,"16":1,"18":5,"19":5,"20":5,"22":5,"23":5,"24":0,"25":0,"26":5,"28":5,"30":5,"31":0,"32":0,"33":0,"35":5,"36":5,"37":5,"38":5,"39":5,"40":5,"41":5,"42":5,"43":5,"45":5,"46":5,"47":5,"48":5,"49":5,"51":5,"52":5,"53":5,"54":5,"55":5,"57":5,"58":5,"59":5,"60":5,"61":5,"63":5,"64":5,"65":5,"66":5,"67":5,"69":5,"70":5,"71":5,"73":5,"74":5,"76":5,"77":5,"79":5,"80":5,"81":5,"82":5,"84":5,"85":5,"86":5,"87":5,"89":5,"90":5,"91":0,"93":5,"94":5,"95":5,"96":5,"97":5,"98":5,"99":5,"100":5,"101":5,"102":5,"103":5,"104":5,"105":5,"106":5,"107":5,"108":5,"110":5,"111":5,"112":5,"114":5,"116":1},"branchMap":{"0":{"type":"branch","line":19,"loc":{"start":{"line":19,"column":0},"end":{"line":115,"column":1}},"locations":[{"start":{"line":19,"column":0},"end":{"line":115,"column":1}}]},"1":{"type":"branch","line":91,"loc":{"start":{"line":91,"column":10},"end":{"line":92,"column":17}},"locations":[{"start":{"line":91,"column":10},"end":{"line":92,"column":17}}]},"2":{"type":"branch","line":23,"loc":{"start":{"line":23,"column":12},"end":{"line":27,"column":5}},"locations":[{"start":{"line":23,"column":12},"end":{"line":27,"column":5}}]},"3":{"type":"branch","line":24,"loc":{"start":{"line":24,"column":23},"end":{"line":26,"column":5}},"locations":[{"start":{"line":24,"column":23},"end":{"line":26,"column":5}}]},"4":{"type":"branch","line":44,"loc":{"start":{"line":44,"column":47},"end":{"line":44,"column":105}},"locations":[{"start":{"line":44,"column":47},"end":{"line":44,"column":105}}]},"5":{"type":"branch","line":44,"loc":{"start":{"line":44,"column":76},"end":{"line":44,"column":99}},"locations":[{"start":{"line":44,"column":76},"end":{"line":44,"column":99}}]},"6":{"type":"branch","line":44,"loc":{"start":{"line":44,"column":87},"end":{"line":44,"column":101}},"locations":[{"start":{"line":44,"column":87},"end":{"line":44,"column":101}}]},"7":{"type":"branch","line":49,"loc":{"start":{"line":49,"column":29},"end":{"line":49,"column":86}},"locations":[{"start":{"line":49,"column":29},"end":{"line":49,"column":86}}]},"8":{"type":"branch","line":49,"loc":{"start":{"line":49,"column":58},"end":{"line":49,"column":81}},"locations":[{"start":{"line":49,"column":58},"end":{"line":49,"column":81}}]},"9":{"type":"branch","line":55,"loc":{"start":{"line":55,"column":29},"end":{"line":55,"column":86}},"locations":[{"start":{"line":55,"column":29},"end":{"line":55,"column":86}}]},"10":{"type":"branch","line":55,"loc":{"start":{"line":55,"column":58},"end":{"line":55,"column":81}},"locations":[{"start":{"line":55,"column":58},"end":{"line":55,"column":81}}]},"11":{"type":"branch","line":55,"loc":{"start":{"line":55,"column":69},"end":{"line":55,"column":83}},"locations":[{"start":{"line":55,"column":69},"end":{"line":55,"column":83}}]},"12":{"type":"branch","line":61,"loc":{"start":{"line":61,"column":29},"end":{"line":61,"column":86}},"locations":[{"start":{"line":61,"column":29},"end":{"line":61,"column":86}}]},"13":{"type":"branch","line":61,"loc":{"start":{"line":61,"column":58},"end":{"line":61,"column":81}},"locations":[{"start":{"line":61,"column":58},"end":{"line":61,"column":81}}]},"14":{"type":"branch","line":61,"loc":{"start":{"line":61,"column":69},"end":{"line":61,"column":83}},"locations":[{"start":{"line":61,"column":69},"end":{"line":61,"column":83}}]},"15":{"type":"branch","line":67,"loc":{"start":{"line":67,"column":29},"end":{"line":67,"column":86}},"locations":[{"start":{"line":67,"column":29},"end":{"line":67,"column":86}}]},"16":{"type":"branch","line":67,"loc":{"start":{"line":67,"column":58},"end":{"line":67,"column":81}},"locations":[{"start":{"line":67,"column":58},"end":{"line":67,"column":81}}]},"17":{"type":"branch","line":67,"loc":{"start":{"line":67,"column":69},"end":{"line":67,"column":83}},"locations":[{"start":{"line":67,"column":69},"end":{"line":67,"column":83}}]}},"b":{"0":[5],"1":[0],"2":[5],"3":[0],"4":[5],"5":[1],"6":[4],"7":[5],"8":[0],"9":[5],"10":[1],"11":[4],"12":[5],"13":[1],"14":[4],"15":[5],"16":[1],"17":[4]},"fnMap":{"0":{"name":"App","decl":{"start":{"line":19,"column":0},"end":{"line":115,"column":1}},"loc":{"start":{"line":19,"column":0},"end":{"line":115,"column":1}},"line":19},"1":{"name":"acceptCookies","decl":{"start":{"line":31,"column":24},"end":{"line":34,"column":4}},"loc":{"start":{"line":31,"column":24},"end":{"line":34,"column":4}},"line":31},"2":{"name":"className","decl":{"start":{"line":44,"column":47},"end":{"line":44,"column":105}},"loc":{"start":{"line":44,"column":47},"end":{"line":44,"column":105}},"line":44},"3":{"name":"className","decl":{"start":{"line":49,"column":29},"end":{"line":49,"column":86}},"loc":{"start":{"line":49,"column":29},"end":{"line":49,"column":86}},"line":49},"4":{"name":"className","decl":{"start":{"line":55,"column":29},"end":{"line":55,"column":86}},"loc":{"start":{"line":55,"column":29},"end":{"line":55,"column":86}},"line":55},"5":{"name":"className","decl":{"start":{"line":61,"column":29},"end":{"line":61,"column":86}},"loc":{"start":{"line":61,"column":29},"end":{"line":61,"column":86}},"line":61},"6":{"name":"className","decl":{"start":{"line":67,"column":29},"end":{"line":67,"column":86}},"loc":{"start":{"line":67,"column":29},"end":{"line":67,"column":86}},"line":67}},"f":{"0":5,"1":0,"2":5,"3":5,"4":5,"5":5,"6":5}}
,"C:\\Users\\Sebi\\Desktop\\portal-lt1\\webpage\\portal-lt1-frontend\\src\\main.jsx": {"path":"C:\\Users\\Sebi\\Desktop\\portal-lt1\\webpage\\portal-lt1-frontend\\src\\main.jsx","all":true,"statementMap":{"0":{"start":{"line":1,"column":0},"end":{"line":1,"column":26}},"1":{"start":{"line":2,"column":0},"end":{"line":2,"column":40}},"2":{"start":{"line":3,"column":0},"end":{"line":3,"column":49}},"3":{"start":{"line":4,"column":0},"end":{"line":4,"column":24}},"4":{"start":{"line":5,"column":0},"end":{"line":5,"column":22}},"6":{"start":{"line":7,"column":0},"end":{"line":7,"column":60}},"7":{"start":{"line":8,"column":0},"end":{"line":8,"column":20}},"8":{"start":{"line":9,"column":0},"end":{"line":9,"column":19}},"9":{"start":{"line":10,"column":0},"end":{"line":10,"column":13}},"10":{"start":{"line":11,"column":0},"end":{"line":11,"column":20}},"11":{"start":{"line":12,"column":0},"end":{"line":12,"column":21}},"12":{"start":{"line":13,"column":0},"end":{"line":13,"column":2}}},"s":{"0":0,"1":0,"2":0,"3":0,"4":0,"6":0,"7":0,"8":0,"9":0,"10":0,"11":0,"12":0},"branchMap":{"0":{"type":"branch","line":1,"loc":{"start":{"line":1,"column":340},"end":{"line":13,"column":2}},"locations":[{"start":{"line":1,"column":340},"end":{"line":13,"column":2}}]}},"b":{"0":[0]},"fnMap":{"0":{"name":"(empty-report)","decl":{"start":{"line":1,"column":340},"end":{"line":13,"column":2}},"loc":{"start":{"line":1,"column":340},"end":{"line":13,"column":2}},"line":1}},"f":{"0":0}}
,"C:\\Users\\Sebi\\Desktop\\portal-lt1\\webpage\\portal-lt1-frontend\\src\\components\\SchoolFooter.jsx": {"path":"C:\\Users\\Sebi\\Desktop\\portal-lt1\\webpage\\portal-lt1-frontend\\src\\components\\SchoolFooter.jsx","all":false,"statementMap":{"0":{"start":{"line":1,"column":0},"end":{"line":1,"column":60}},"2":{"start":{"line":3,"column":0},"end":{"line":3,"column":25}},"3":{"start":{"line":4,"column":0},"end":{"line":4,"column":10}},"4":{"start":{"line":5,"column":0},"end":{"line":5,"column":38}},"5":{"start":{"line":6,"column":0},"end":{"line":6,"column":43}},"6":{"start":{"line":7,"column":0},"end":{"line":7,"column":35}},"7":{"start":{"line":8,"column":0},"end":{"line":8,"column":52}},"8":{"start":{"line":9,"column":0},"end":{"line":9,"column":12}},"10":{"start":{"line":11,"column":0},"end":{"line":11,"column":42}},"11":{"start":{"line":12,"column":0},"end":{"line":12,"column":45}},"12":{"start":{"line":13,"column":0},"end":{"line":13,"column":93}},"13":{"start":{"line":14,"column":0},"end":{"line":14,"column":52}},"14":{"start":{"line":15,"column":0},"end":{"line":15,"column":52}},"15":{"start":{"line":16,"column":0},"end":{"line":16,"column":46}},"16":{"start":{"line":17,"column":0},"end":{"line":17,"column":16}},"17":{"start":{"line":18,"column":0},"end":{"line":18,"column":14}},"19":{"start":{"line":20,"column":0},"end":{"line":20,"column":46}},"20":{"start":{"line":21,"column":0},"end":{"line":21,"column":91}},"21":{"start":{"line":22,"column":0},"end":{"line":22,"column":62}},"22":{"start":{"line":23,"column":0},"end":{"line":23,"column":47}},"23":{"start":{"line":24,"column":0},"end":{"line":24,"column":45}},"24":{"start":{"line":25,"column":0},"end":{"line":25,"column":13}},"25":{"start":{"line":26,"column":0},"end":{"line":26,"column":12}},"26":{"start":{"line":27,"column":0},"end":{"line":27,"column":13}},"28":{"start":{"line":29,"column":0},"end":{"line":29,"column":1}},"30":{"start":{"line":31,"column":0},"end":{"line":31,"column":28}}},"s":{"0":1,"2":5,"3":5,"4":5,"5":5,"6":5,"7":5,"8":5,"10":5,"11":5,"12":5,"13":5,"14":5,"15":5,"16":5,"17":5,"19":5,"20":5,"21":5,"22":5,"23":5,"24":5,"25":5,"26":5,"28":5,"30":1},"branchMap":{"0":{"type":"branch","line":3,"loc":{"start":{"line":3,"column":0},"end":{"line":29,"column":1}},"locations":[{"start":{"line":3,"column":0},"end":{"line":29,"column":1}}]}},"b":{"0":[5]},"fnMap":{"0":{"name":"SchoolFooter","decl":{"start":{"line":3,"column":0},"end":{"line":29,"column":1}},"loc":{"start":{"line":3,"column":0},"end":{"line":29,"column":1}},"line":3}},"f":{"0":5}}
,"C:\\Users\\Sebi\\Desktop\\portal-lt1\\webpage\\portal-lt1-frontend\\src\\data\\seedDocuments.js": {"path":"C:\\Users\\Sebi\\Desktop\\portal-lt1\\webpage\\portal-lt1-frontend\\src\\data\\seedDocuments.js","all":false,"statementMap":{"0":{"start":{"line":1,"column":0},"end":{"line":1,"column":30}},"1":{"start":{"line":2,"column":0},"end":{"line":2,"column":3}},"2":{"start":{"line":3,"column":0},"end":{"line":3,"column":18}},"3":{"start":{"line":4,"column":0},"end":{"line":4,"column":42}},"4":{"start":{"line":5,"column":0},"end":{"line":5,"column":27}},"5":{"start":{"line":6,"column":0},"end":{"line":6,"column":41}},"6":{"start":{"line":7,"column":0},"end":{"line":7,"column":27}},"7":{"start":{"line":8,"column":0},"end":{"line":8,"column":20}},"8":{"start":{"line":9,"column":0},"end":{"line":9,"column":95}},"9":{"start":{"line":10,"column":0},"end":{"line":10,"column":4}},"10":{"start":{"line":11,"column":0},"end":{"line":11,"column":3}},"11":{"start":{"line":12,"column":0},"end":{"line":12,"column":18}},"12":{"start":{"line":13,"column":0},"end":{"line":13,"column":46}},"13":{"start":{"line":14,"column":0},"end":{"line":14,"column":26}},"14":{"start":{"line":15,"column":0},"end":{"line":15,"column":26}},"15":{"start":{"line":16,"column":0},"end":{"line":16,"column":27}},"16":{"start":{"line":17,"column":0},"end":{"line":17,"column":20}},"17":{"start":{"line":18,"column":0},"end":{"line":18,"column":98}},"18":{"start":{"line":19,"column":0},"end":{"line":19,"column":4}},"19":{"start":{"line":20,"column":0},"end":{"line":20,"column":3}},"20":{"start":{"line":21,"column":0},"end":{"line":21,"column":18}},"21":{"start":{"line":22,"column":0},"end":{"line":22,"column":40}},"22":{"start":{"line":23,"column":0},"end":{"line":23,"column":27}},"23":{"start":{"line":24,"column":0},"end":{"line":24,"column":25}},"24":{"start":{"line":25,"column":0},"end":{"line":25,"column":27}},"25":{"start":{"line":26,"column":0},"end":{"line":26,"column":22}},"26":{"start":{"line":27,"column":0},"end":{"line":27,"column":98}},"27":{"start":{"line":28,"column":0},"end":{"line":28,"column":4}},"28":{"start":{"line":29,"column":0},"end":{"line":29,"column":3}},"29":{"start":{"line":30,"column":0},"end":{"line":30,"column":18}},"30":{"start":{"line":31,"column":0},"end":{"line":31,"column":38}},"31":{"start":{"line":32,"column":0},"end":{"line":32,"column":25}},"32":{"start":{"line":33,"column":0},"end":{"line":33,"column":34}},"33":{"start":{"line":34,"column":0},"end":{"line":34,"column":27}},"34":{"start":{"line":35,"column":0},"end":{"line":35,"column":20}},"35":{"start":{"line":36,"column":0},"end":{"line":36,"column":94}},"36":{"start":{"line":37,"column":0},"end":{"line":37,"column":4}},"37":{"start":{"line":38,"column":0},"end":{"line":38,"column":3}},"38":{"start":{"line":39,"column":0},"end":{"line":39,"column":18}},"39":{"start":{"line":40,"column":0},"end":{"line":40,"column":47}},"40":{"start":{"line":41,"column":0},"end":{"line":41,"column":29}},"41":{"start":{"line":42,"column":0},"end":{"line":42,"column":38}},"42":{"start":{"line":43,"column":0},"end":{"line":43,"column":27}},"43":{"start":{"line":44,"column":0},"end":{"line":44,"column":20}},"44":{"start":{"line":45,"column":0},"end":{"line":45,"column":110}},"45":{"start":{"line":46,"column":0},"end":{"line":46,"column":4}},"46":{"start":{"line":47,"column":0},"end":{"line":47,"column":3}},"47":{"start":{"line":48,"column":0},"end":{"line":48,"column":18}},"48":{"start":{"line":49,"column":0},"end":{"line":49,"column":52}},"49":{"start":{"line":50,"column":0},"end":{"line":50,"column":28}},"50":{"start":{"line":51,"column":0},"end":{"line":51,"column":31}},"51":{"start":{"line":52,"column":0},"end":{"line":52,"column":27}},"52":{"start":{"line":53,"column":0},"end":{"line":53,"column":20}},"53":{"start":{"line":54,"column":0},"end":{"line":54,"column":105}},"54":{"start":{"line":55,"column":0},"end":{"line":55,"column":4}},"55":{"start":{"line":56,"column":0},"end":{"line":56,"column":3}},"56":{"start":{"line":57,"column":0},"end":{"line":57,"column":18}},"57":{"start":{"line":58,"column":0},"end":{"line":58,"column":47}},"58":{"start":{"line":59,"column":0},"end":{"line":59,"column":21}},"59":{"start":{"line":60,"column":0},"end":{"line":60,"column":30}},"60":{"start":{"line":61,"column":0},"end":{"line":61,"column":27}},"61":{"start":{"line":62,"column":0},"end":{"line":62,"column":20}},"62":{"start":{"line":63,"column":0},"end":{"line":63,"column":89}},"63":{"start":{"line":64,"column":0},"end":{"line":64,"column":4}},"64":{"start":{"line":65,"column":0},"end":{"line":65,"column":3}},"65":{"start":{"line":66,"column":0},"end":{"line":66,"column":18}},"66":{"start":{"line":67,"column":0},"end":{"line":67,"column":42}},"67":{"start":{"line":68,"column":0},"end":{"line":68,"column":26}},"68":{"start":{"line":69,"column":0},"end":{"line":69,"column":31}},"69":{"start":{"line":70,"column":0},"end":{"line":70,"column":27}},"70":{"start":{"line":71,"column":0},"end":{"line":71,"column":22}},"71":{"start":{"line":72,"column":0},"end":{"line":72,"column":96}},"72":{"start":{"line":73,"column":0},"end":{"line":73,"column":4}},"73":{"start":{"line":74,"column":0},"end":{"line":74,"column":3}},"74":{"start":{"line":75,"column":0},"end":{"line":75,"column":18}},"75":{"start":{"line":76,"column":0},"end":{"line":76,"column":45}},"76":{"start":{"line":77,"column":0},"end":{"line":77,"column":26}},"77":{"start":{"line":78,"column":0},"end":{"line":78,"column":30}},"78":{"start":{"line":79,"column":0},"end":{"line":79,"column":27}},"79":{"start":{"line":80,"column":0},"end":{"line":80,"column":20}},"80":{"start":{"line":81,"column":0},"end":{"line":81,"column":97}},"81":{"start":{"line":82,"column":0},"end":{"line":82,"column":4}},"82":{"start":{"line":83,"column":0},"end":{"line":83,"column":3}},"83":{"start":{"line":84,"column":0},"end":{"line":84,"column":18}},"84":{"start":{"line":85,"column":0},"end":{"line":85,"column":43}},"85":{"start":{"line":86,"column":0},"end":{"line":86,"column":27}},"86":{"start":{"line":87,"column":0},"end":{"line":87,"column":32}},"87":{"start":{"line":88,"column":0},"end":{"line":88,"column":27}},"88":{"start":{"line":89,"column":0},"end":{"line":89,"column":22}},"89":{"start":{"line":90,"column":0},"end":{"line":90,"column":98}},"90":{"start":{"line":91,"column":0},"end":{"line":91,"column":4}},"91":{"start":{"line":92,"column":0},"end":{"line":92,"column":3}},"92":{"start":{"line":93,"column":0},"end":{"line":93,"column":18}},"93":{"start":{"line":94,"column":0},"end":{"line":94,"column":48}},"94":{"start":{"line":95,"column":0},"end":{"line":95,"column":26}},"95":{"start":{"line":96,"column":0},"end":{"line":96,"column":35}},"96":{"start":{"line":97,"column":0},"end":{"line":97,"column":27}},"97":{"start":{"line":98,"column":0},"end":{"line":98,"column":20}},"98":{"start":{"line":99,"column":0},"end":{"line":99,"column":103}},"99":{"start":{"line":100,"column":0},"end":{"line":100,"column":4}},"100":{"start":{"line":101,"column":0},"end":{"line":101,"column":3}},"101":{"start":{"line":102,"column":0},"end":{"line":102,"column":18}},"102":{"start":{"line":103,"column":0},"end":{"line":103,"column":47}},"103":{"start":{"line":104,"column":0},"end":{"line":104,"column":29}},"104":{"start":{"line":105,"column":0},"end":{"line":105,"column":35}},"105":{"start":{"line":106,"column":0},"end":{"line":106,"column":27}},"106":{"start":{"line":107,"column":0},"end":{"line":107,"column":22}},"107":{"start":{"line":108,"column":0},"end":{"line":108,"column":102}},"108":{"start":{"line":109,"column":0},"end":{"line":109,"column":3}},"109":{"start":{"line":110,"column":0},"end":{"line":110,"column":2}}},"s":{"0":1,"1":1,"2":1,"3":1,"4":1,"5":1,"6":1,"7":1,"8":1,"9":1,"10":1,"11":1,"12":1,"13":1,"14":1,"15":1,"16":1,"17":1,"18":1,"19":1,"20":1,"21":1,"22":1,"23":1,"24":1,"25":1,"26":1,"27":1,"28":1,"29":1,"30":1,"31":1,"32":1,"33":1,"34":1,"35":1,"36":1,"37":1,"38":1,"39":1,"40":1,"41":1,"42":1,"43":1,"44":1,"45":1,"46":1,"47":1,"48":1,"49":1,"50":1,"51":1,"52":1,"53":1,"54":1,"55":1,"56":1,"57":1,"58":1,"59":1,"60":1,"61":1,"62":1,"63":1,"64":1,"65":1,"66":1,"67":1,"68":1,"69":1,"70":1,"71":1,"72":1,"73":1,"74":1,"75":1,"76":1,"77":1,"78":1,"79":1,"80":1,"81":1,"82":1,"83":1,"84":1,"85":1,"86":1,"87":1,"88":1,"89":1,"90":1,"91":1,"92":1,"93":1,"94":1,"95":1,"96":1,"97":1,"98":1,"99":1,"100":1,"101":1,"102":1,"103":1,"104":1,"105":1,"106":1,"107":1,"108":1,"109":1},"branchMap":{},"b":{},"fnMap":{},"f":{}}
,"C:\\Users\\Sebi\\Desktop\\portal-lt1\\webpage\\portal-lt1-frontend\\src\\pages\\AboutPage.jsx": {"path":"C:\\Users\\Sebi\\Desktop\\portal-lt1\\webpage\\portal-lt1-frontend\\src\\pages\\AboutPage.jsx","all":false,"statementMap":{"0":{"start":{"line":1,"column":0},"end":{"line":1,"column":22}},"1":{"start":{"line":2,"column":0},"end":{"line":2,"column":10}},"2":{"start":{"line":3,"column":0},"end":{"line":3,"column":47}},"3":{"start":{"line":4,"column":0},"end":{"line":4,"column":10}},"4":{"start":{"line":5,"column":0},"end":{"line":5,"column":37}},"5":{"start":{"line":6,"column":0},"end":{"line":6,"column":48}},"6":{"start":{"line":7,"column":0},"end":{"line":7,"column":36}},"7":{"start":{"line":8,"column":0},"end":{"line":8,"column":8}},"9":{"start":{"line":10,"column":0},"end":{"line":10,"column":51}},"11":{"start":{"line":12,"column":0},"end":{"line":12,"column":39}},"12":{"start":{"line":13,"column":0},"end":{"line":13,"column":29}},"13":{"start":{"line":14,"column":0},"end":{"line":14,"column":11}},"19":{"start":{"line":20,"column":0},"end":{"line":20,"column":12}},"20":{"start":{"line":21,"column":0},"end":{"line":21,"column":16}},"21":{"start":{"line":22,"column":0},"end":{"line":22,"column":14}},"23":{"start":{"line":24,"column":0},"end":{"line":24,"column":1}},"25":{"start":{"line":26,"column":0},"end":{"line":26,"column":25}}},"s":{"0":1,"1":1,"2":1,"3":1,"4":1,"5":1,"6":1,"7":1,"9":1,"11":1,"12":1,"13":1,"19":1,"20":1,"21":1,"23":1,"25":1},"branchMap":{"0":{"type":"branch","line":1,"loc":{"start":{"line":1,"column":0},"end":{"line":24,"column":1}},"locations":[{"start":{"line":1,"column":0},"end":{"line":24,"column":1}}]}},"b":{"0":[1]},"fnMap":{"0":{"name":"AboutPage","decl":{"start":{"line":1,"column":0},"end":{"line":24,"column":1}},"loc":{"start":{"line":1,"column":0},"end":{"line":24,"column":1}},"line":1}},"f":{"0":1}}
,"C:\\Users\\Sebi\\Desktop\\portal-lt1\\webpage\\portal-lt1-frontend\\src\\pages\\CalendarPage.jsx": {"path":"C:\\Users\\Sebi\\Desktop\\portal-lt1\\webpage\\portal-lt1-frontend\\src\\pages\\CalendarPage.jsx","all":false,"statementMap":{"0":{"start":{"line":1,"column":0},"end":{"line":1,"column":14}},"1":{"start":{"line":2,"column":0},"end":{"line":2,"column":27}},"2":{"start":{"line":3,"column":0},"end":{"line":3,"column":27}},"3":{"start":{"line":4,"column":0},"end":{"line":4,"column":27}},"4":{"start":{"line":5,"column":0},"end":{"line":5,"column":27}},"5":{"start":{"line":6,"column":0},"end":{"line":6,"column":27}},"6":{"start":{"line":7,"column":0},"end":{"line":7,"column":27}},"7":{"start":{"line":8,"column":0},"end":{"line":8,"column":27}},"8":{"start":{"line":9,"column":0},"end":{"line":9,"column":27}},"9":{"start":{"line":10,"column":0},"end":{"line":10,"column":28}},"10":{"start":{"line":11,"column":0},"end":{"line":11,"column":28}},"11":{"start":{"line":12,"column":0},"end":{"line":12,"column":42}},"12":{"start":{"line":13,"column":0},"end":{"line":13,"column":28}},"13":{"start":{"line":14,"column":0},"end":{"line":14,"column":28}},"14":{"start":{"line":15,"column":0},"end":{"line":15,"column":28}},"15":{"start":{"line":16,"column":0},"end":{"line":16,"column":28}},"16":{"start":{"line":17,"column":0},"end":{"line":17,"column":2}},"18":{"start":{"line":19,"column":0},"end":{"line":19,"column":18}},"19":{"start":{"line":20,"column":0},"end":{"line":20,"column":19}},"20":{"start":{"line":21,"column":0},"end":{"line":21,"column":22}},"21":{"start":{"line":22,"column":0},"end":{"line":22,"column":19}},"22":{"start":{"line":23,"column":0},"end":{"line":23,"column":17}},"23":{"start":{"line":24,"column":0},"end":{"line":24,"column":20}},"24":{"start":{"line":25,"column":0},"end":{"line":25,"column":20}},"25":{"start":{"line":26,"column":0},"end":{"line":26,"column":15}},"26":{"start":{"line":27,"column":0},"end":{"line":27,"column":17}},"27":{"start":{"line":28,"column":0},"end":{"line":28,"column":2}},"29":{"start":{"line":30,"column":0},"end":{"line":30,"column":16}},"30":{"start":{"line":31,"column":0},"end":{"line":31,"column":96}},"31":{"start":{"line":32,"column":0},"end":{"line":32,"column":74}},"32":{"start":{"line":33,"column":0},"end":{"line":33,"column":76}},"33":{"start":{"line":34,"column":0},"end":{"line":34,"column":96}},"34":{"start":{"line":35,"column":0},"end":{"line":35,"column":77}},"35":{"start":{"line":36,"column":0},"end":{"line":36,"column":96}},"36":{"start":{"line":37,"column":0},"end":{"line":37,"column":96}},"37":{"start":{"line":38,"column":0},"end":{"line":38,"column":74}},"38":{"start":{"line":39,"column":0},"end":{"line":39,"column":2}},"40":{"start":{"line":41,"column":0},"end":{"line":41,"column":25}},"41":{"start":{"line":42,"column":0},"end":{"line":42,"column":10}},"42":{"start":{"line":43,"column":0},"end":{"line":43,"column":50}},"43":{"start":{"line":44,"column":0},"end":{"line":44,"column":40}},"44":{"start":{"line":45,"column":0},"end":{"line":45,"column":81}},"46":{"start":{"line":47,"column":0},"end":{"line":47,"column":44}},"47":{"start":{"line":48,"column":0},"end":{"line":48,"column":46}},"48":{"start":{"line":49,"column":0},"end":{"line":49,"column":35}},"49":{"start":{"line":50,"column":0},"end":{"line":50,"column":45}},"50":{"start":{"line":51,"column":0},"end":{"line":51,"column":95}},"52":{"start":{"line":53,"column":0},"end":{"line":53,"column":23}},"53":{"start":{"line":54,"column":0},"end":{"line":54,"column":94}},"55":{"start":{"line":56,"column":0},"end":{"line":56,"column":23}},"56":{"start":{"line":57,"column":0},"end":{"line":57,"column":18}},"57":{"start":{"line":58,"column":0},"end":{"line":58,"column":16}},"59":{"start":{"line":60,"column":0},"end":{"line":60,"column":66}},"61":{"start":{"line":62,"column":0},"end":{"line":62,"column":19}},"63":{"start":{"line":64,"column":0},"end":{"line":64,"column":64}},"65":{"start":{"line":66,"column":0},"end":{"line":66,"column":19}},"66":{"start":{"line":67,"column":0},"end":{"line":67,"column":17}},"68":{"start":{"line":69,"column":0},"end":{"line":69,"column":59}},"69":{"start":{"line":70,"column":0},"end":{"line":70,"column":162}},"70":{"start":{"line":71,"column":0},"end":{"line":71,"column":19}},"71":{"start":{"line":72,"column":0},"end":{"line":72,"column":25}},"72":{"start":{"line":73,"column":0},"end":{"line":73,"column":27}},"73":{"start":{"line":74,"column":0},"end":{"line":74,"column":84}},"75":{"start":{"line":76,"column":0},"end":{"line":76,"column":21}},"76":{"start":{"line":77,"column":0},"end":{"line":77,"column":21}},"77":{"start":{"line":78,"column":0},"end":{"line":78,"column":13}},"78":{"start":{"line":79,"column":0},"end":{"line":79,"column":14}},"80":{"start":{"line":81,"column":0},"end":{"line":81,"column":72}},"81":{"start":{"line":82,"column":0},"end":{"line":82,"column":47}},"82":{"start":{"line":83,"column":0},"end":{"line":83,"column":46}},"83":{"start":{"line":84,"column":0},"end":{"line":84,"column":33}},"84":{"start":{"line":85,"column":0},"end":{"line":85,"column":16}},"86":{"start":{"line":87,"column":0},"end":{"line":87,"column":45}},"87":{"start":{"line":88,"column":0},"end":{"line":88,"column":49}},"88":{"start":{"line":89,"column":0},"end":{"line":89,"column":102}},"89":{"start":{"line":90,"column":0},"end":{"line":90,"column":37}},"90":{"start":{"line":91,"column":0},"end":{"line":91,"column":37}},"91":{"start":{"line":92,"column":0},"end":{"line":92,"column":37}},"92":{"start":{"line":93,"column":0},"end":{"line":93,"column":37}},"93":{"start":{"line":94,"column":0},"end":{"line":94,"column":18}},"94":{"start":{"line":95,"column":0},"end":{"line":95,"column":16}},"96":{"start":{"line":97,"column":0},"end":{"line":97,"column":42}},"97":{"start":{"line":98,"column":0},"end":{"line":98,"column":33}},"98":{"start":{"line":99,"column":0},"end":{"line":99,"column":35}},"99":{"start":{"line":100,"column":0},"end":{"line":100,"column":16}},"100":{"start":{"line":101,"column":0},"end":{"line":101,"column":18}},"102":{"start":{"line":103,"column":0},"end":{"line":103,"column":45}},"103":{"start":{"line":104,"column":0},"end":{"line":104,"column":43}},"104":{"start":{"line":105,"column":0},"end":{"line":105,"column":80}},"105":{"start":{"line":106,"column":0},"end":{"line":106,"column":65}},"106":{"start":{"line":107,"column":0},"end":{"line":107,"column":67}},"107":{"start":{"line":108,"column":0},"end":{"line":108,"column":16}},"109":{"start":{"line":110,"column":0},"end":{"line":110,"column":66}},"111":{"start":{"line":112,"column":0},"end":{"line":112,"column":19}},"112":{"start":{"line":113,"column":0},"end":{"line":113,"column":14}},"114":{"start":{"line":115,"column":0},"end":{"line":115,"column":79}},"115":{"start":{"line":116,"column":0},"end":{"line":116,"column":49}},"116":{"start":{"line":117,"column":0},"end":{"line":117,"column":49}},"117":{"start":{"line":118,"column":0},"end":{"line":118,"column":32}},"118":{"start":{"line":119,"column":0},"end":{"line":119,"column":29}},"119":{"start":{"line":120,"column":0},"end":{"line":120,"column":18}},"121":{"start":{"line":122,"column":0},"end":{"line":122,"column":69}},"122":{"start":{"line":123,"column":0},"end":{"line":123,"column":49}},"123":{"start":{"line":124,"column":0},"end":{"line":124,"column":62}},"124":{"start":{"line":125,"column":0},"end":{"line":125,"column":41}},"125":{"start":{"line":126,"column":0},"end":{"line":126,"column":43}},"126":{"start":{"line":127,"column":0},"end":{"line":127,"column":35}},"127":{"start":{"line":128,"column":0},"end":{"line":128,"column":22}},"128":{"start":{"line":129,"column":0},"end":{"line":129,"column":15}},"130":{"start":{"line":131,"column":0},"end":{"line":131,"column":67}},"131":{"start":{"line":132,"column":0},"end":{"line":132,"column":49}},"132":{"start":{"line":133,"column":0},"end":{"line":133,"column":39}},"133":{"start":{"line":134,"column":0},"end":{"line":134,"column":41}},"134":{"start":{"line":135,"column":0},"end":{"line":135,"column":40}},"135":{"start":{"line":136,"column":0},"end":{"line":136,"column":20}},"136":{"start":{"line":137,"column":0},"end":{"line":137,"column":18}},"138":{"start":{"line":139,"column":0},"end":{"line":139,"column":45}},"139":{"start":{"line":140,"column":0},"end":{"line":140,"column":43}},"140":{"start":{"line":141,"column":0},"end":{"line":141,"column":36}},"141":{"start":{"line":142,"column":0},"end":{"line":142,"column":23}},"142":{"start":{"line":143,"column":0},"end":{"line":143,"column":53}},"143":{"start":{"line":144,"column":0},"end":{"line":144,"column":31}},"144":{"start":{"line":145,"column":0},"end":{"line":145,"column":79}},"146":{"start":{"line":147,"column":0},"end":{"line":147,"column":46}},"147":{"start":{"line":148,"column":0},"end":{"line":148,"column":44}},"148":{"start":{"line":149,"column":0},"end":{"line":149,"column":25}},"149":{"start":{"line":150,"column":0},"end":{"line":150,"column":17}},"150":{"start":{"line":151,"column":0},"end":{"line":151,"column":18}},"152":{"start":{"line":153,"column":0},"end":{"line":153,"column":43}},"153":{"start":{"line":154,"column":0},"end":{"line":154,"column":52}},"154":{"start":{"line":155,"column":0},"end":{"line":155,"column":65}},"155":{"start":{"line":156,"column":0},"end":{"line":156,"column":78}},"156":{"start":{"line":157,"column":0},"end":{"line":157,"column":85}},"157":{"start":{"line":158,"column":0},"end":{"line":158,"column":21}},"159":{"start":{"line":160,"column":0},"end":{"line":160,"column":25}},"160":{"start":{"line":161,"column":0},"end":{"line":161,"column":62}},"161":{"start":{"line":162,"column":0},"end":{"line":162,"column":37}},"162":{"start":{"line":163,"column":0},"end":{"line":163,"column":30}},"163":{"start":{"line":164,"column":0},"end":{"line":164,"column":75}},"164":{"start":{"line":165,"column":0},"end":{"line":165,"column":66}},"165":{"start":{"line":166,"column":0},"end":{"line":166,"column":32}},"166":{"start":{"line":167,"column":0},"end":{"line":167,"column":82}},"167":{"start":{"line":168,"column":0},"end":{"line":168,"column":26}},"169":{"start":{"line":170,"column":0},"end":{"line":170,"column":54}},"170":{"start":{"line":171,"column":0},"end":{"line":171,"column":71}},"171":{"start":{"line":172,"column":0},"end":{"line":172,"column":32}},"172":{"start":{"line":173,"column":0},"end":{"line":173,"column":23}},"173":{"start":{"line":174,"column":0},"end":{"line":174,"column":22}},"174":{"start":{"line":175,"column":0},"end":{"line":175,"column":17}},"175":{"start":{"line":176,"column":0},"end":{"line":176,"column":18}},"176":{"start":{"line":177,"column":0},"end":{"line":177,"column":16}},"177":{"start":{"line":178,"column":0},"end":{"line":178,"column":18}},"178":{"start":{"line":179,"column":0},"end":{"line":179,"column":12}},"179":{"start":{"line":180,"column":0},"end":{"line":180,"column":14}},"181":{"start":{"line":182,"column":0},"end":{"line":182,"column":1}},"183":{"start":{"line":184,"column":0},"end":{"line":184,"column":28}}},"s":{"0":1,"1":1,"2":1,"3":1,"4":1,"5":1,"6":1,"7":1,"8":1,"9":1,"10":1,"11":1,"12":1,"13":1,"14":1,"15":1,"16":1,"18":1,"19":1,"20":1,"21":1,"22":1,"23":1,"24":1,"25":1,"26":1,"27":1,"29":1,"30":1,"31":1,"32":1,"33":1,"34":1,"35":1,"36":1,"37":1,"38":1,"40":1,"41":1,"42":1,"43":1,"44":1,"46":1,"47":1,"48":1,"49":1,"50":1,"52":1,"53":1,"55":1,"56":1,"57":1,"59":1,"61":1,"63":1,"65":1,"66":1,"68":1,"69":1,"70":12,"71":12,"72":12,"73":12,"75":12,"76":12,"77":1,"78":1,"80":1,"81":1,"82":1,"83":1,"84":1,"86":1,"87":1,"88":1,"89":1,"90":1,"91":1,"92":1,"93":1,"94":1,"96":1,"97":1,"98":1,"99":1,"100":1,"102":1,"103":1,"104":1,"105":1,"106":1,"107":1,"109":1,"111":1,"112":1,"114":1,"115":1,"116":1,"117":1,"118":1,"119":1,"121":1,"122":1,"123":7,"124":7,"125":7,"126":7,"127":7,"128":1,"130":1,"131":1,"132":1,"133":1,"134":1,"135":1,"136":1,"138":1,"139":1,"140":1,"141":15,"142":15,"143":15,"144":15,"146":15,"147":15,"148":15,"149":1,"150":1,"152":1,"153":1,"154":8,"155":8,"156":120,"157":8,"159":8,"160":8,"161":8,"162":8,"163":8,"164":8,"165":8,"166":8,"167":8,"169":8,"170":8,"171":8,"172":8,"173":8,"174":1,"175":1,"176":1,"177":1,"178":1,"179":1,"181":1,"183":1},"branchMap":{"0":{"type":"branch","line":41,"loc":{"start":{"line":41,"column":0},"end":{"line":182,"column":1}},"locations":[{"start":{"line":41,"column":0},"end":{"line":182,"column":1}}]},"1":{"type":"branch","line":70,"loc":{"start":{"line":70,"column":150},"end":{"line":77,"column":21}},"locations":[{"start":{"line":70,"column":150},"end":{"line":77,"column":21}}]},"2":{"type":"branch","line":74,"loc":{"start":{"line":74,"column":52},"end":{"line":74,"column":79}},"locations":[{"start":{"line":74,"column":52},"end":{"line":74,"column":79}}]},"3":{"type":"branch","line":74,"loc":{"start":{"line":74,"column":64},"end":{"line":74,"column":81}},"locations":[{"start":{"line":74,"column":64},"end":{"line":74,"column":81}}]},"4":{"type":"branch","line":123,"loc":{"start":{"line":123,"column":38},"end":{"line":128,"column":22}},"locations":[{"start":{"line":123,"column":38},"end":{"line":128,"column":22}}]},"5":{"type":"branch","line":141,"loc":{"start":{"line":141,"column":24},"end":{"line":149,"column":25}},"locations":[{"start":{"line":141,"column":24},"end":{"line":149,"column":25}}]},"6":{"type":"branch","line":145,"loc":{"start":{"line":145,"column":50},"end":{"line":145,"column":74}},"locations":[{"start":{"line":145,"column":50},"end":{"line":145,"column":74}}]},"7":{"type":"branch","line":145,"loc":{"start":{"line":145,"column":59},"end":{"line":145,"column":76}},"locations":[{"start":{"line":145,"column":59},"end":{"line":145,"column":76}}]},"8":{"type":"branch","line":154,"loc":{"start":{"line":154,"column":28},"end":{"line":174,"column":22}},"locations":[{"start":{"line":154,"column":28},"end":{"line":174,"column":22}}]},"9":{"type":"branch","line":156,"loc":{"start":{"line":156,"column":59},"end":{"line":157,"column":85}},"locations":[{"start":{"line":156,"column":59},"end":{"line":157,"column":85}}]},"10":{"type":"branch","line":161,"loc":{"start":{"line":161,"column":28},"end":{"line":161,"column":61}},"locations":[{"start":{"line":161,"column":28},"end":{"line":161,"column":61}}]},"11":{"type":"branch","line":162,"loc":{"start":{"line":162,"column":25},"end":{"line":172,"column":32}},"locations":[{"start":{"line":162,"column":25},"end":{"line":172,"column":32}}]},"12":{"type":"branch","line":171,"loc":{"start":{"line":171,"column":31},"end":{"line":171,"column":66}},"locations":[{"start":{"line":171,"column":31},"end":{"line":171,"column":66}}]},"13":{"type":"branch","line":171,"loc":{"start":{"line":171,"column":56},"end":{"line":171,"column":71}},"locations":[{"start":{"line":171,"column":56},"end":{"line":171,"column":71}}]}},"b":{"0":[1],"1":[12],"2":[1],"3":[11],"4":[7],"5":[15],"6":[1],"7":[14],"8":[8],"9":[120],"10":[64],"11":[8],"12":[4],"13":[4]},"fnMap":{"0":{"name":"CalendarPage","decl":{"start":{"line":41,"column":0},"end":{"line":182,"column":1}},"loc":{"start":{"line":41,"column":0},"end":{"line":182,"column":1}},"line":41}},"f":{"0":1}}
,"C:\\Users\\Sebi\\Desktop\\portal-lt1\\webpage\\portal-lt1-frontend\\src\\pages\\ContactPage.jsx": {"path":"C:\\Users\\Sebi\\Desktop\\portal-lt1\\webpage\\portal-lt1-frontend\\src\\pages\\ContactPage.jsx","all":false,"statementMap":{"0":{"start":{"line":1,"column":0},"end":{"line":1,"column":33}},"1":{"start":{"line":2,"column":0},"end":{"line":2,"column":56}},"2":{"start":{"line":3,"column":0},"end":{"line":3,"column":58}},"4":{"start":{"line":5,"column":0},"end":{"line":5,"column":24}},"5":{"start":{"line":6,"column":0},"end":{"line":6,"column":81}},"6":{"start":{"line":7,"column":0},"end":{"line":7,"column":43}},"7":{"start":{"line":8,"column":0},"end":{"line":8,"column":57}},"9":{"start":{"line":10,"column":0},"end":{"line":10,"column":42}},"10":{"start":{"line":11,"column":0},"end":{"line":11,"column":57}},"11":{"start":{"line":12,"column":0},"end":{"line":12,"column":24}},"12":{"start":{"line":13,"column":0},"end":{"line":13,"column":61}},"13":{"start":{"line":14,"column":0},"end":{"line":14,"column":5}},"14":{"start":{"line":15,"column":0},"end":{"line":15,"column":4}},"16":{"start":{"line":17,"column":0},"end":{"line":17,"column":35}},"17":{"start":{"line":18,"column":0},"end":{"line":18,"column":27}},"18":{"start":{"line":19,"column":0},"end":{"line":19,"column":49}},"19":{"start":{"line":20,"column":0},"end":{"line":20,"column":26}},"20":{"start":{"line":21,"column":0},"end":{"line":21,"column":32}},"21":{"start":{"line":22,"column":0},"end":{"line":22,"column":27}},"22":{"start":{"line":23,"column":0},"end":{"line":23,"column":13}},"23":{"start":{"line":24,"column":0},"end":{"line":24,"column":5}},"25":{"start":{"line":26,"column":0},"end":{"line":26,"column":57}},"26":{"start":{"line":27,"column":0},"end":{"line":27,"column":54}},"27":{"start":{"line":28,"column":0},"end":{"line":28,"column":4}},"29":{"start":{"line":30,"column":0},"end":{"line":30,"column":10}},"30":{"start":{"line":31,"column":0},"end":{"line":31,"column":49}},"31":{"start":{"line":32,"column":0},"end":{"line":32,"column":41}},"32":{"start":{"line":33,"column":0},"end":{"line":33,"column":74}},"33":{"start":{"line":34,"column":0},"end":{"line":34,"column":41}},"34":{"start":{"line":35,"column":0},"end":{"line":35,"column":65}},"35":{"start":{"line":36,"column":0},"end":{"line":36,"column":18}},"36":{"start":{"line":37,"column":0},"end":{"line":37,"column":31}},"37":{"start":{"line":38,"column":0},"end":{"line":38,"column":25}},"38":{"start":{"line":39,"column":0},"end":{"line":39,"column":35}},"39":{"start":{"line":40,"column":0},"end":{"line":40,"column":76}},"40":{"start":{"line":41,"column":0},"end":{"line":41,"column":56}},"41":{"start":{"line":42,"column":0},"end":{"line":42,"column":28}},"42":{"start":{"line":43,"column":0},"end":{"line":43,"column":49}},"43":{"start":{"line":44,"column":0},"end":{"line":44,"column":14}},"44":{"start":{"line":45,"column":0},"end":{"line":45,"column":73}},"45":{"start":{"line":46,"column":0},"end":{"line":46,"column":16}},"47":{"start":{"line":48,"column":0},"end":{"line":48,"column":41}},"48":{"start":{"line":49,"column":0},"end":{"line":49,"column":66}},"49":{"start":{"line":50,"column":0},"end":{"line":50,"column":18}},"50":{"start":{"line":51,"column":0},"end":{"line":51,"column":32}},"51":{"start":{"line":52,"column":0},"end":{"line":52,"column":26}},"52":{"start":{"line":53,"column":0},"end":{"line":53,"column":36}},"53":{"start":{"line":54,"column":0},"end":{"line":54,"column":77}},"54":{"start":{"line":55,"column":0},"end":{"line":55,"column":56}},"55":{"start":{"line":56,"column":0},"end":{"line":56,"column":29}},"56":{"start":{"line":57,"column":0},"end":{"line":57,"column":50}},"57":{"start":{"line":58,"column":0},"end":{"line":58,"column":14}},"58":{"start":{"line":59,"column":0},"end":{"line":59,"column":75}},"59":{"start":{"line":60,"column":0},"end":{"line":60,"column":16}},"61":{"start":{"line":62,"column":0},"end":{"line":62,"column":41}},"62":{"start":{"line":63,"column":0},"end":{"line":63,"column":64}},"63":{"start":{"line":64,"column":0},"end":{"line":64,"column":21}},"64":{"start":{"line":65,"column":0},"end":{"line":65,"column":34}},"65":{"start":{"line":66,"column":0},"end":{"line":66,"column":22}},"66":{"start":{"line":67,"column":0},"end":{"line":67,"column":38}},"67":{"start":{"line":68,"column":0},"end":{"line":68,"column":79}},"68":{"start":{"line":69,"column":0},"end":{"line":69,"column":77}},"69":{"start":{"line":70,"column":0},"end":{"line":70,"column":30}},"70":{"start":{"line":71,"column":0},"end":{"line":71,"column":52}},"71":{"start":{"line":72,"column":0},"end":{"line":72,"column":14}},"72":{"start":{"line":73,"column":0},"end":{"line":73,"column":79}},"73":{"start":{"line":74,"column":0},"end":{"line":74,"column":16}},"75":{"start":{"line":76,"column":0},"end":{"line":76,"column":59}},"77":{"start":{"line":78,"column":0},"end":{"line":78,"column":19}},"79":{"start":{"line":80,"column":0},"end":{"line":80,"column":84}},"80":{"start":{"line":81,"column":0},"end":{"line":81,"column":15}},"81":{"start":{"line":82,"column":0},"end":{"line":82,"column":16}},"82":{"start":{"line":83,"column":0},"end":{"line":83,"column":14}},"84":{"start":{"line":85,"column":0},"end":{"line":85,"column":1}},"86":{"start":{"line":87,"column":0},"end":{"line":87,"column":27}}},"s":{"0":1,"1":1,"2":1,"4":1,"5":1,"6":1,"7":1,"9":1,"10":0,"11":0,"12":0,"13":0,"14":0,"16":1,"17":0,"18":0,"19":0,"20":0,"21":0,"22":0,"23":0,"25":0,"26":0,"27":0,"29":1,"30":1,"31":1,"32":1,"33":1,"34":1,"35":1,"36":1,"37":1,"38":1,"39":1,"40":1,"41":1,"42":1,"43":1,"44":1,"45":1,"47":1,"48":1,"49":1,"50":1,"51":1,"52":1,"53":1,"54":1,"55":1,"56":1,"57":1,"58":1,"59":1,"61":1,"62":1,"63":1,"64":1,"65":1,"66":1,"67":1,"68":1,"69":1,"70":1,"71":1,"72":1,"73":1,"75":1,"77":1,"79":1,"80":1,"81":1,"82":1,"84":1,"86":1},"branchMap":{"0":{"type":"branch","line":5,"loc":{"start":{"line":5,"column":0},"end":{"line":85,"column":1}},"locations":[{"start":{"line":5,"column":0},"end":{"line":85,"column":1}}]},"1":{"type":"branch","line":45,"loc":{"start":{"line":45,"column":20},"end":{"line":45,"column":68}},"locations":[{"start":{"line":45,"column":20},"end":{"line":45,"column":68}}]},"2":{"type":"branch","line":59,"loc":{"start":{"line":59,"column":20},"end":{"line":59,"column":70}},"locations":[{"start":{"line":59,"column":20},"end":{"line":59,"column":70}}]},"3":{"type":"branch","line":73,"loc":{"start":{"line":73,"column":20},"end":{"line":73,"column":74}},"locations":[{"start":{"line":73,"column":20},"end":{"line":73,"column":74}}]},"4":{"type":"branch","line":80,"loc":{"start":{"line":80,"column":11},"end":{"line":80,"column":79}},"locations":[{"start":{"line":80,"column":11},"end":{"line":80,"column":79}}]}},"b":{"0":[1],"1":[0],"2":[0],"3":[0],"4":[0]},"fnMap":{"0":{"name":"ContactPage","decl":{"start":{"line":5,"column":0},"end":{"line":85,"column":1}},"loc":{"start":{"line":5,"column":0},"end":{"line":85,"column":1}},"line":5},"1":{"name":"handleChange","decl":{"start":{"line":10,"column":23},"end":{"line":15,"column":4}},"loc":{"start":{"line":10,"column":23},"end":{"line":15,"column":4}},"line":10},"2":{"name":"handleSubmit","decl":{"start":{"line":17,"column":23},"end":{"line":28,"column":4}},"loc":{"start":{"line":17,"column":23},"end":{"line":28,"column":4}},"line":17},"3":{"name":"onChange","decl":{"start":{"line":40,"column":24},"end":{"line":40,"column":76}},"loc":{"start":{"line":40,"column":24},"end":{"line":40,"column":76}},"line":40},"4":{"name":"onChange","decl":{"start":{"line":54,"column":24},"end":{"line":54,"column":77}},"loc":{"start":{"line":54,"column":24},"end":{"line":54,"column":77}},"line":54},"5":{"name":"onChange","decl":{"start":{"line":68,"column":24},"end":{"line":68,"column":79}},"loc":{"start":{"line":68,"column":24},"end":{"line":68,"column":79}},"line":68}},"f":{"0":1,"1":0,"2":0,"3":0,"4":0,"5":0}}
,"C:\\Users\\Sebi\\Desktop\\portal-lt1\\webpage\\portal-lt1-frontend\\src\\pages\\DocumentAnalyticsPage.jsx": {"path":"C:\\Users\\Sebi\\Desktop\\portal-lt1\\webpage\\portal-lt1-frontend\\src\\pages\\DocumentAnalyticsPage.jsx","all":false,"statementMap":{"0":{"start":{"line":1,"column":0},"end":{"line":1,"column":32}},"1":{"start":{"line":2,"column":0},"end":{"line":2,"column":40}},"2":{"start":{"line":3,"column":0},"end":{"line":3,"column":57}},"4":{"start":{"line":5,"column":0},"end":{"line":5,"column":23}},"5":{"start":{"line":6,"column":0},"end":{"line":6,"column":19}},"6":{"start":{"line":7,"column":0},"end":{"line":7,"column":21}},"7":{"start":{"line":8,"column":0},"end":{"line":8,"column":21}},"8":{"start":{"line":9,"column":0},"end":{"line":9,"column":2}},"10":{"start":{"line":11,"column":0},"end":{"line":11,"column":94}},"12":{"start":{"line":13,"column":0},"end":{"line":13,"column":34}},"13":{"start":{"line":14,"column":0},"end":{"line":14,"column":39}},"15":{"start":{"line":16,"column":0},"end":{"line":16,"column":37}},"16":{"start":{"line":17,"column":0},"end":{"line":17,"column":36}},"17":{"start":{"line":18,"column":0},"end":{"line":18,"column":21}},"18":{"start":{"line":19,"column":0},"end":{"line":19,"column":53}},"19":{"start":{"line":20,"column":0},"end":{"line":20,"column":19}},"20":{"start":{"line":21,"column":0},"end":{"line":21,"column":8}},"21":{"start":{"line":22,"column":0},"end":{"line":22,"column":42}},"22":{"start":{"line":23,"column":0},"end":{"line":23,"column":6}},"24":{"start":{"line":25,"column":0},"end":{"line":25,"column":78}},"25":{"start":{"line":26,"column":0},"end":{"line":26,"column":22}},"26":{"start":{"line":27,"column":0},"end":{"line":27,"column":66}},"27":{"start":{"line":28,"column":0},"end":{"line":28,"column":118}},"28":{"start":{"line":29,"column":0},"end":{"line":29,"column":90}},"29":{"start":{"line":30,"column":0},"end":{"line":30,"column":17}},"31":{"start":{"line":32,"column":0},"end":{"line":32,"column":32}},"32":{"start":{"line":33,"column":0},"end":{"line":33,"column":18}},"34":{"start":{"line":35,"column":0},"end":{"line":35,"column":38}},"35":{"start":{"line":36,"column":0},"end":{"line":36,"column":56}},"36":{"start":{"line":37,"column":0},"end":{"line":37,"column":56}},"38":{"start":{"line":39,"column":0},"end":{"line":39,"column":49}},"39":{"start":{"line":40,"column":0},"end":{"line":40,"column":12}},"40":{"start":{"line":41,"column":0},"end":{"line":41,"column":32}},"41":{"start":{"line":42,"column":0},"end":{"line":42,"column":30}},"42":{"start":{"line":43,"column":0},"end":{"line":43,"column":8}},"43":{"start":{"line":44,"column":0},"end":{"line":44,"column":9}},"45":{"start":{"line":46,"column":0},"end":{"line":46,"column":100}},"47":{"start":{"line":48,"column":0},"end":{"line":48,"column":10}},"48":{"start":{"line":49,"column":0},"end":{"line":49,"column":65}},"49":{"start":{"line":50,"column":0},"end":{"line":50,"column":48}},"50":{"start":{"line":51,"column":0},"end":{"line":51,"column":34}},"51":{"start":{"line":52,"column":0},"end":{"line":52,"column":65}},"52":{"start":{"line":53,"column":0},"end":{"line":53,"column":112}},"53":{"start":{"line":54,"column":0},"end":{"line":54,"column":16}},"55":{"start":{"line":56,"column":0},"end":{"line":56,"column":53}},"56":{"start":{"line":57,"column":0},"end":{"line":57,"column":48}},"57":{"start":{"line":58,"column":0},"end":{"line":58,"column":44}},"58":{"start":{"line":59,"column":0},"end":{"line":59,"column":18}},"59":{"start":{"line":60,"column":0},"end":{"line":60,"column":61}},"60":{"start":{"line":61,"column":0},"end":{"line":61,"column":19}},"61":{"start":{"line":62,"column":0},"end":{"line":62,"column":18}},"62":{"start":{"line":63,"column":0},"end":{"line":63,"column":62}},"63":{"start":{"line":64,"column":0},"end":{"line":64,"column":19}},"64":{"start":{"line":65,"column":0},"end":{"line":65,"column":18}},"65":{"start":{"line":66,"column":0},"end":{"line":66,"column":63}},"66":{"start":{"line":67,"column":0},"end":{"line":67,"column":19}},"67":{"start":{"line":68,"column":0},"end":{"line":68,"column":18}},"68":{"start":{"line":69,"column":0},"end":{"line":69,"column":66}},"69":{"start":{"line":70,"column":0},"end":{"line":70,"column":19}},"70":{"start":{"line":71,"column":0},"end":{"line":71,"column":18}},"71":{"start":{"line":72,"column":0},"end":{"line":72,"column":60}},"72":{"start":{"line":73,"column":0},"end":{"line":73,"column":19}},"73":{"start":{"line":74,"column":0},"end":{"line":74,"column":16}},"75":{"start":{"line":76,"column":0},"end":{"line":76,"column":14}},"76":{"start":{"line":77,"column":0},"end":{"line":77,"column":37}},"77":{"start":{"line":78,"column":0},"end":{"line":78,"column":20}},"78":{"start":{"line":79,"column":0},"end":{"line":79,"column":68}},"79":{"start":{"line":80,"column":0},"end":{"line":80,"column":14}},"80":{"start":{"line":81,"column":0},"end":{"line":81,"column":22}},"81":{"start":{"line":82,"column":0},"end":{"line":82,"column":62}},"82":{"start":{"line":83,"column":0},"end":{"line":83,"column":12}},"83":{"start":{"line":84,"column":0},"end":{"line":84,"column":18}},"85":{"start":{"line":86,"column":0},"end":{"line":86,"column":48}},"86":{"start":{"line":87,"column":0},"end":{"line":87,"column":57}},"88":{"start":{"line":89,"column":0},"end":{"line":89,"column":48}},"89":{"start":{"line":90,"column":0},"end":{"line":90,"column":18}},"90":{"start":{"line":91,"column":0},"end":{"line":91,"column":59}},"91":{"start":{"line":92,"column":0},"end":{"line":92,"column":19}},"92":{"start":{"line":93,"column":0},"end":{"line":93,"column":18}},"93":{"start":{"line":94,"column":0},"end":{"line":94,"column":69}},"94":{"start":{"line":95,"column":0},"end":{"line":95,"column":19}},"95":{"start":{"line":96,"column":0},"end":{"line":96,"column":16}},"97":{"start":{"line":98,"column":0},"end":{"line":98,"column":42}},"98":{"start":{"line":99,"column":0},"end":{"line":99,"column":42}},"99":{"start":{"line":100,"column":0},"end":{"line":100,"column":65}},"100":{"start":{"line":101,"column":0},"end":{"line":101,"column":51}},"101":{"start":{"line":102,"column":0},"end":{"line":102,"column":22}},"102":{"start":{"line":103,"column":0},"end":{"line":103,"column":54}},"103":{"start":{"line":104,"column":0},"end":{"line":104,"column":82}},"104":{"start":{"line":105,"column":0},"end":{"line":105,"column":57}},"105":{"start":{"line":106,"column":0},"end":{"line":106,"column":20}},"106":{"start":{"line":107,"column":0},"end":{"line":107,"column":22}},"107":{"start":{"line":108,"column":0},"end":{"line":108,"column":53}},"108":{"start":{"line":109,"column":0},"end":{"line":109,"column":81}},"109":{"start":{"line":110,"column":0},"end":{"line":110,"column":67}},"110":{"start":{"line":111,"column":0},"end":{"line":111,"column":20}},"111":{"start":{"line":112,"column":0},"end":{"line":112,"column":22}},"112":{"start":{"line":113,"column":0},"end":{"line":113,"column":42}},"113":{"start":{"line":114,"column":0},"end":{"line":114,"column":20}},"114":{"start":{"line":115,"column":0},"end":{"line":115,"column":15}},"115":{"start":{"line":116,"column":0},"end":{"line":116,"column":16}},"116":{"start":{"line":117,"column":0},"end":{"line":117,"column":18}},"117":{"start":{"line":118,"column":0},"end":{"line":118,"column":16}},"118":{"start":{"line":119,"column":0},"end":{"line":119,"column":14}},"120":{"start":{"line":121,"column":0},"end":{"line":121,"column":1}},"122":{"start":{"line":123,"column":0},"end":{"line":123,"column":37}}},"s":{"0":1,"1":1,"2":1,"4":1,"5":1,"6":1,"7":1,"8":1,"10":1,"12":1,"13":1,"15":1,"16":1,"17":1,"18":12,"19":12,"20":12,"21":1,"22":1,"24":1,"25":1,"26":1,"27":1,"28":1,"29":1,"31":1,"32":1,"34":1,"35":1,"36":1,"38":1,"39":7,"40":7,"41":7,"42":1,"43":1,"45":1,"47":1,"48":1,"49":1,"50":1,"51":1,"52":1,"53":1,"55":1,"56":1,"57":1,"58":1,"59":1,"60":1,"61":1,"62":1,"63":1,"64":1,"65":1,"66":1,"67":1,"68":1,"69":1,"70":1,"71":1,"72":1,"73":1,"75":1,"76":1,"77":1,"78":1,"79":1,"80":1,"81":1,"82":1,"83":1,"85":1,"86":1,"88":1,"89":1,"90":1,"91":1,"92":1,"93":1,"94":1,"95":1,"97":1,"98":1,"99":7,"100":7,"101":7,"102":7,"103":7,"104":7,"105":7,"106":7,"107":7,"108":7,"109":7,"110":7,"111":7,"112":7,"113":7,"114":1,"115":1,"116":1,"117":1,"118":1,"120":1,"122":1},"branchMap":{"0":{"type":"branch","line":13,"loc":{"start":{"line":13,"column":0},"end":{"line":121,"column":1}},"locations":[{"start":{"line":13,"column":0},"end":{"line":121,"column":1}}]},"1":{"type":"branch","line":16,"loc":{"start":{"line":16,"column":30},"end":{"line":33,"column":5}},"locations":[{"start":{"line":16,"column":30},"end":{"line":33,"column":5}}]},"2":{"type":"branch","line":18,"loc":{"start":{"line":18,"column":6},"end":{"line":21,"column":8}},"locations":[{"start":{"line":18,"column":6},"end":{"line":21,"column":8}}]},"3":{"type":"branch","line":19,"loc":{"start":{"line":19,"column":41},"end":{"line":19,"column":51}},"locations":[{"start":{"line":19,"column":41},"end":{"line":19,"column":51}}]},"4":{"type":"branch","line":35,"loc":{"start":{"line":35,"column":31},"end":{"line":44,"column":5}},"locations":[{"start":{"line":35,"column":31},"end":{"line":44,"column":5}}]},"5":{"type":"branch","line":39,"loc":{"start":{"line":39,"column":29},"end":{"line":43,"column":6}},"locations":[{"start":{"line":39,"column":29},"end":{"line":43,"column":6}}]},"6":{"type":"branch","line":46,"loc":{"start":{"line":46,"column":55},"end":{"line":46,"column":94}},"locations":[{"start":{"line":46,"column":55},"end":{"line":46,"column":94}}]},"7":{"type":"branch","line":99,"loc":{"start":{"line":99,"column":30},"end":{"line":114,"column":20}},"locations":[{"start":{"line":99,"column":30},"end":{"line":114,"column":20}}]}},"b":{"0":[1],"1":[1],"2":[12],"3":[3],"4":[1],"5":[7],"6":[7],"7":[7]},"fnMap":{"0":{"name":"DocumentAnalyticsPage","decl":{"start":{"line":13,"column":0},"end":{"line":121,"column":1}},"loc":{"start":{"line":13,"column":0},"end":{"line":121,"column":1}},"line":13},"1":{"name":"documents.reduce.Activ","decl":{"start":{"line":18,"column":6},"end":{"line":21,"column":8}},"loc":{"start":{"line":18,"column":6},"end":{"line":21,"column":8}},"line":18}},"f":{"0":1,"1":12}}
,"C:\\Users\\Sebi\\Desktop\\portal-lt1\\webpage\\portal-lt1-frontend\\src\\pages\\DocumentDetailPage.jsx": {"path":"C:\\Users\\Sebi\\Desktop\\portal-lt1\\webpage\\portal-lt1-frontend\\src\\pages\\DocumentDetailPage.jsx","all":false,"statementMap":{"0":{"start":{"line":1,"column":0},"end":{"line":1,"column":64}},"1":{"start":{"line":2,"column":0},"end":{"line":2,"column":57}},"3":{"start":{"line":4,"column":0},"end":{"line":4,"column":31}},"4":{"start":{"line":5,"column":0},"end":{"line":5,"column":29}},"5":{"start":{"line":6,"column":0},"end":{"line":6,"column":33}},"6":{"start":{"line":7,"column":0},"end":{"line":7,"column":61}},"8":{"start":{"line":9,"column":0},"end":{"line":9,"column":39}},"10":{"start":{"line":11,"column":0},"end":{"line":11,"column":18}},"11":{"start":{"line":12,"column":0},"end":{"line":12,"column":12}},"12":{"start":{"line":13,"column":0},"end":{"line":13,"column":32}},"13":{"start":{"line":14,"column":0},"end":{"line":14,"column":36}},"14":{"start":{"line":15,"column":0},"end":{"line":15,"column":83}},"15":{"start":{"line":16,"column":0},"end":{"line":16,"column":56}},"17":{"start":{"line":18,"column":0},"end":{"line":18,"column":15}},"18":{"start":{"line":19,"column":0},"end":{"line":19,"column":16}},"20":{"start":{"line":21,"column":0},"end":{"line":21,"column":3}},"22":{"start":{"line":23,"column":0},"end":{"line":23,"column":30}},"23":{"start":{"line":24,"column":0},"end":{"line":24,"column":85}},"24":{"start":{"line":25,"column":0},"end":{"line":25,"column":21}},"25":{"start":{"line":26,"column":0},"end":{"line":26,"column":13}},"26":{"start":{"line":27,"column":0},"end":{"line":27,"column":5}},"28":{"start":{"line":29,"column":0},"end":{"line":29,"column":32}},"29":{"start":{"line":30,"column":0},"end":{"line":30,"column":27}},"30":{"start":{"line":31,"column":0},"end":{"line":31,"column":4}},"32":{"start":{"line":33,"column":0},"end":{"line":33,"column":10}},"33":{"start":{"line":34,"column":0},"end":{"line":34,"column":36}},"34":{"start":{"line":35,"column":0},"end":{"line":35,"column":47}},"35":{"start":{"line":36,"column":0},"end":{"line":36,"column":13}},"36":{"start":{"line":37,"column":0},"end":{"line":37,"column":45}},"37":{"start":{"line":38,"column":0},"end":{"line":38,"column":35}},"38":{"start":{"line":39,"column":0},"end":{"line":39,"column":14}},"39":{"start":{"line":40,"column":0},"end":{"line":40,"column":33}},"40":{"start":{"line":41,"column":0},"end":{"line":41,"column":80}},"42":{"start":{"line":43,"column":0},"end":{"line":43,"column":17}},"43":{"start":{"line":44,"column":0},"end":{"line":44,"column":74}},"45":{"start":{"line":46,"column":0},"end":{"line":46,"column":19}},"46":{"start":{"line":47,"column":0},"end":{"line":47,"column":14}},"47":{"start":{"line":48,"column":0},"end":{"line":48,"column":16}},"49":{"start":{"line":50,"column":0},"end":{"line":50,"column":44}},"50":{"start":{"line":51,"column":0},"end":{"line":51,"column":11}},"51":{"start":{"line":52,"column":0},"end":{"line":52,"column":44}},"52":{"start":{"line":53,"column":0},"end":{"line":53,"column":12}},"53":{"start":{"line":54,"column":0},"end":{"line":54,"column":11}},"54":{"start":{"line":55,"column":0},"end":{"line":55,"column":57}},"55":{"start":{"line":56,"column":0},"end":{"line":56,"column":12}},"56":{"start":{"line":57,"column":0},"end":{"line":57,"column":11}},"57":{"start":{"line":58,"column":0},"end":{"line":58,"column":53}},"58":{"start":{"line":59,"column":0},"end":{"line":59,"column":12}},"59":{"start":{"line":60,"column":0},"end":{"line":60,"column":11}},"60":{"start":{"line":61,"column":0},"end":{"line":61,"column":61}},"61":{"start":{"line":62,"column":0},"end":{"line":62,"column":12}},"62":{"start":{"line":63,"column":0},"end":{"line":63,"column":11}},"63":{"start":{"line":64,"column":0},"end":{"line":64,"column":39}},"64":{"start":{"line":65,"column":0},"end":{"line":65,"column":106}},"65":{"start":{"line":66,"column":0},"end":{"line":66,"column":12}},"66":{"start":{"line":67,"column":0},"end":{"line":67,"column":16}},"68":{"start":{"line":69,"column":0},"end":{"line":69,"column":32}},"69":{"start":{"line":70,"column":0},"end":{"line":70,"column":26}},"70":{"start":{"line":71,"column":0},"end":{"line":71,"column":37}},"71":{"start":{"line":72,"column":0},"end":{"line":72,"column":16}},"73":{"start":{"line":74,"column":0},"end":{"line":74,"column":50}},"75":{"start":{"line":76,"column":0},"end":{"line":76,"column":13}},"76":{"start":{"line":77,"column":0},"end":{"line":77,"column":14}},"78":{"start":{"line":79,"column":0},"end":{"line":79,"column":1}},"80":{"start":{"line":81,"column":0},"end":{"line":81,"column":34}}},"s":{"0":1,"1":1,"3":6,"4":6,"5":6,"6":6,"8":6,"10":6,"11":1,"12":1,"13":1,"14":1,"15":1,"17":1,"18":1,"20":1,"22":5,"23":2,"24":2,"25":1,"26":1,"28":1,"29":1,"30":2,"32":5,"33":5,"34":5,"35":5,"36":5,"37":5,"38":5,"39":5,"40":5,"42":5,"43":5,"45":5,"46":5,"47":5,"49":5,"50":5,"51":5,"52":5,"53":5,"54":5,"55":5,"56":5,"57":5,"58":5,"59":5,"60":5,"61":5,"62":5,"63":5,"64":5,"65":5,"66":5,"68":5,"69":5,"70":5,"71":5,"73":5,"75":5,"76":5,"78":5,"80":1},"branchMap":{"0":{"type":"branch","line":4,"loc":{"start":{"line":4,"column":0},"end":{"line":79,"column":1}},"locations":[{"start":{"line":4,"column":0},"end":{"line":79,"column":1}}]},"1":{"type":"branch","line":11,"loc":{"start":{"line":11,"column":17},"end":{"line":21,"column":3}},"locations":[{"start":{"line":11,"column":17},"end":{"line":21,"column":3}}]},"2":{"type":"branch","line":21,"loc":{"start":{"line":21,"column":2},"end":{"line":79,"column":1}},"locations":[{"start":{"line":21,"column":2},"end":{"line":79,"column":1}}]},"3":{"type":"branch","line":23,"loc":{"start":{"line":23,"column":23},"end":{"line":31,"column":4}},"locations":[{"start":{"line":23,"column":23},"end":{"line":31,"column":4}}]},"4":{"type":"branch","line":25,"loc":{"start":{"line":25,"column":20},"end":{"line":30,"column":27}},"locations":[{"start":{"line":25,"column":20},"end":{"line":30,"column":27}}]}},"b":{"0":[6],"1":[1],"2":[5],"3":[2],"4":[1]},"fnMap":{"0":{"name":"DocumentDetailPage","decl":{"start":{"line":4,"column":0},"end":{"line":79,"column":1}},"loc":{"start":{"line":4,"column":0},"end":{"line":79,"column":1}},"line":4},"1":{"name":"handleDelete","decl":{"start":{"line":23,"column":23},"end":{"line":31,"column":4}},"loc":{"start":{"line":23,"column":23},"end":{"line":31,"column":4}},"line":23}},"f":{"0":6,"1":2}}
,"C:\\Users\\Sebi\\Desktop\\portal-lt1\\webpage\\portal-lt1-frontend\\src\\pages\\DocumentFormPage.jsx": {"path":"C:\\Users\\Sebi\\Desktop\\portal-lt1\\webpage\\portal-lt1-frontend\\src\\pages\\DocumentFormPage.jsx","all":false,"statementMap":{"0":{"start":{"line":1,"column":0},"end":{"line":1,"column":42}},"1":{"start":{"line":2,"column":0},"end":{"line":2,"column":64}},"2":{"start":{"line":3,"column":0},"end":{"line":3,"column":57}},"3":{"start":{"line":4,"column":0},"end":{"line":4,"column":74}},"5":{"start":{"line":6,"column":0},"end":{"line":6,"column":23}},"6":{"start":{"line":7,"column":0},"end":{"line":7,"column":12}},"7":{"start":{"line":8,"column":0},"end":{"line":8,"column":15}},"8":{"start":{"line":9,"column":0},"end":{"line":9,"column":13}},"9":{"start":{"line":10,"column":0},"end":{"line":10,"column":15}},"10":{"start":{"line":11,"column":0},"end":{"line":11,"column":18}},"11":{"start":{"line":12,"column":0},"end":{"line":12,"column":17}},"12":{"start":{"line":13,"column":0},"end":{"line":13,"column":2}},"14":{"start":{"line":15,"column":0},"end":{"line":15,"column":37}},"15":{"start":{"line":16,"column":0},"end":{"line":16,"column":29}},"16":{"start":{"line":17,"column":0},"end":{"line":17,"column":33}},"17":{"start":{"line":18,"column":0},"end":{"line":18,"column":74}},"19":{"start":{"line":20,"column":0},"end":{"line":20,"column":37}},"20":{"start":{"line":21,"column":0},"end":{"line":21,"column":26}},"21":{"start":{"line":22,"column":0},"end":{"line":22,"column":18}},"22":{"start":{"line":23,"column":0},"end":{"line":23,"column":5}},"23":{"start":{"line":24,"column":0},"end":{"line":24,"column":39}},"24":{"start":{"line":25,"column":0},"end":{"line":25,"column":34}},"26":{"start":{"line":27,"column":0},"end":{"line":27,"column":73}},"27":{"start":{"line":28,"column":0},"end":{"line":28,"column":43}},"29":{"start":{"line":30,"column":0},"end":{"line":30,"column":40}},"30":{"start":{"line":31,"column":0},"end":{"line":31,"column":12}},"31":{"start":{"line":32,"column":0},"end":{"line":32,"column":32}},"32":{"start":{"line":33,"column":0},"end":{"line":33,"column":36}},"33":{"start":{"line":34,"column":0},"end":{"line":34,"column":78}},"34":{"start":{"line":35,"column":0},"end":{"line":35,"column":56}},"36":{"start":{"line":37,"column":0},"end":{"line":37,"column":15}},"37":{"start":{"line":38,"column":0},"end":{"line":38,"column":16}},"39":{"start":{"line":40,"column":0},"end":{"line":40,"column":3}},"41":{"start":{"line":42,"column":0},"end":{"line":42,"column":42}},"42":{"start":{"line":43,"column":0},"end":{"line":43,"column":57}},"43":{"start":{"line":44,"column":0},"end":{"line":44,"column":24}},"44":{"start":{"line":45,"column":0},"end":{"line":45,"column":61}},"45":{"start":{"line":46,"column":0},"end":{"line":46,"column":5}},"46":{"start":{"line":47,"column":0},"end":{"line":47,"column":4}},"48":{"start":{"line":49,"column":0},"end":{"line":49,"column":35}},"49":{"start":{"line":50,"column":0},"end":{"line":50,"column":27}},"50":{"start":{"line":51,"column":0},"end":{"line":51,"column":28}},"51":{"start":{"line":52,"column":0},"end":{"line":52,"column":18}},"52":{"start":{"line":53,"column":0},"end":{"line":53,"column":35}},"53":{"start":{"line":54,"column":0},"end":{"line":54,"column":41}},"54":{"start":{"line":55,"column":0},"end":{"line":55,"column":37}},"55":{"start":{"line":56,"column":0},"end":{"line":56,"column":46}},"56":{"start":{"line":57,"column":0},"end":{"line":57,"column":6}},"58":{"start":{"line":59,"column":0},"end":{"line":59,"column":56}},"59":{"start":{"line":60,"column":0},"end":{"line":60,"column":26}},"61":{"start":{"line":62,"column":0},"end":{"line":62,"column":32}},"62":{"start":{"line":63,"column":0},"end":{"line":63,"column":13}},"63":{"start":{"line":64,"column":0},"end":{"line":64,"column":5}},"65":{"start":{"line":66,"column":0},"end":{"line":66,"column":26}},"66":{"start":{"line":67,"column":0},"end":{"line":67,"column":41}},"67":{"start":{"line":68,"column":0},"end":{"line":68,"column":35}},"68":{"start":{"line":69,"column":0},"end":{"line":69,"column":13}},"69":{"start":{"line":70,"column":0},"end":{"line":70,"column":5}},"71":{"start":{"line":72,"column":0},"end":{"line":72,"column":46}},"72":{"start":{"line":73,"column":0},"end":{"line":73,"column":36}},"73":{"start":{"line":74,"column":0},"end":{"line":74,"column":4}},"75":{"start":{"line":76,"column":0},"end":{"line":76,"column":10}},"76":{"start":{"line":77,"column":0},"end":{"line":77,"column":36}},"77":{"start":{"line":78,"column":0},"end":{"line":78,"column":47}},"78":{"start":{"line":79,"column":0},"end":{"line":79,"column":13}},"79":{"start":{"line":80,"column":0},"end":{"line":80,"column":45}},"80":{"start":{"line":81,"column":0},"end":{"line":81,"column":82}},"81":{"start":{"line":82,"column":0},"end":{"line":82,"column":14}},"82":{"start":{"line":83,"column":0},"end":{"line":83,"column":16}},"84":{"start":{"line":85,"column":0},"end":{"line":85,"column":32}},"85":{"start":{"line":86,"column":0},"end":{"line":86,"column":49}},"86":{"start":{"line":87,"column":0},"end":{"line":87,"column":37}},"87":{"start":{"line":88,"column":0},"end":{"line":88,"column":17}},"88":{"start":{"line":89,"column":0},"end":{"line":89,"column":50}},"89":{"start":{"line":90,"column":0},"end":{"line":90,"column":20}},"90":{"start":{"line":91,"column":0},"end":{"line":91,"column":26}},"91":{"start":{"line":92,"column":0},"end":{"line":92,"column":38}},"92":{"start":{"line":93,"column":0},"end":{"line":93,"column":79}},"93":{"start":{"line":94,"column":0},"end":{"line":94,"column":31}},"94":{"start":{"line":95,"column":0},"end":{"line":95,"column":52}},"95":{"start":{"line":96,"column":0},"end":{"line":96,"column":16}},"96":{"start":{"line":97,"column":0},"end":{"line":97,"column":77}},"97":{"start":{"line":98,"column":0},"end":{"line":98,"column":18}},"99":{"start":{"line":100,"column":0},"end":{"line":100,"column":17}},"100":{"start":{"line":101,"column":0},"end":{"line":101,"column":57}},"101":{"start":{"line":102,"column":0},"end":{"line":102,"column":20}},"102":{"start":{"line":103,"column":0},"end":{"line":103,"column":29}},"103":{"start":{"line":104,"column":0},"end":{"line":104,"column":41}},"104":{"start":{"line":105,"column":0},"end":{"line":105,"column":82}},"105":{"start":{"line":106,"column":0},"end":{"line":106,"column":30}},"106":{"start":{"line":107,"column":0},"end":{"line":107,"column":55}},"107":{"start":{"line":108,"column":0},"end":{"line":108,"column":16}},"108":{"start":{"line":109,"column":0},"end":{"line":109,"column":83}},"109":{"start":{"line":110,"column":0},"end":{"line":110,"column":18}},"111":{"start":{"line":112,"column":0},"end":{"line":112,"column":17}},"112":{"start":{"line":113,"column":0},"end":{"line":113,"column":53}},"113":{"start":{"line":114,"column":0},"end":{"line":114,"column":20}},"114":{"start":{"line":115,"column":0},"end":{"line":115,"column":27}},"115":{"start":{"line":116,"column":0},"end":{"line":116,"column":39}},"116":{"start":{"line":117,"column":0},"end":{"line":117,"column":80}},"117":{"start":{"line":118,"column":0},"end":{"line":118,"column":30}},"118":{"start":{"line":119,"column":0},"end":{"line":119,"column":53}},"119":{"start":{"line":120,"column":0},"end":{"line":120,"column":16}},"120":{"start":{"line":121,"column":0},"end":{"line":121,"column":79}},"121":{"start":{"line":122,"column":0},"end":{"line":122,"column":18}},"123":{"start":{"line":124,"column":0},"end":{"line":124,"column":17}},"124":{"start":{"line":125,"column":0},"end":{"line":125,"column":61}},"125":{"start":{"line":126,"column":0},"end":{"line":126,"column":20}},"126":{"start":{"line":127,"column":0},"end":{"line":127,"column":29}},"127":{"start":{"line":128,"column":0},"end":{"line":128,"column":27}},"128":{"start":{"line":129,"column":0},"end":{"line":129,"column":41}},"129":{"start":{"line":130,"column":0},"end":{"line":130,"column":82}},"130":{"start":{"line":131,"column":0},"end":{"line":131,"column":55}},"131":{"start":{"line":132,"column":0},"end":{"line":132,"column":16}},"132":{"start":{"line":133,"column":0},"end":{"line":133,"column":83}},"133":{"start":{"line":134,"column":0},"end":{"line":134,"column":18}},"135":{"start":{"line":136,"column":0},"end":{"line":136,"column":17}},"136":{"start":{"line":137,"column":0},"end":{"line":137,"column":52}},"137":{"start":{"line":138,"column":0},"end":{"line":138,"column":21}},"138":{"start":{"line":139,"column":0},"end":{"line":139,"column":27}},"139":{"start":{"line":140,"column":0},"end":{"line":140,"column":39}},"140":{"start":{"line":141,"column":0},"end":{"line":141,"column":80}},"141":{"start":{"line":142,"column":0},"end":{"line":142,"column":53}},"143":{"start":{"line":144,"column":0},"end":{"line":144,"column":52}},"144":{"start":{"line":145,"column":0},"end":{"line":145,"column":56}},"145":{"start":{"line":146,"column":0},"end":{"line":146,"column":56}},"146":{"start":{"line":147,"column":0},"end":{"line":147,"column":23}},"147":{"start":{"line":148,"column":0},"end":{"line":148,"column":79}},"148":{"start":{"line":149,"column":0},"end":{"line":149,"column":18}},"149":{"start":{"line":150,"column":0},"end":{"line":150,"column":16}},"151":{"start":{"line":152,"column":0},"end":{"line":152,"column":33}},"152":{"start":{"line":153,"column":0},"end":{"line":153,"column":58}},"153":{"start":{"line":154,"column":0},"end":{"line":154,"column":21}},"154":{"start":{"line":155,"column":0},"end":{"line":155,"column":30}},"155":{"start":{"line":156,"column":0},"end":{"line":156,"column":22}},"156":{"start":{"line":157,"column":0},"end":{"line":157,"column":42}},"157":{"start":{"line":158,"column":0},"end":{"line":158,"column":83}},"158":{"start":{"line":159,"column":0},"end":{"line":159,"column":30}},"159":{"start":{"line":160,"column":0},"end":{"line":160,"column":56}},"160":{"start":{"line":161,"column":0},"end":{"line":161,"column":14}},"161":{"start":{"line":162,"column":0},"end":{"line":162,"column":87}},"162":{"start":{"line":163,"column":0},"end":{"line":163,"column":16}},"164":{"start":{"line":165,"column":0},"end":{"line":165,"column":37}},"165":{"start":{"line":166,"column":0},"end":{"line":166,"column":107}},"166":{"start":{"line":167,"column":0},"end":{"line":167,"column":97}},"168":{"start":{"line":169,"column":0},"end":{"line":169,"column":19}},"169":{"start":{"line":170,"column":0},"end":{"line":170,"column":16}},"170":{"start":{"line":171,"column":0},"end":{"line":171,"column":15}},"171":{"start":{"line":172,"column":0},"end":{"line":172,"column":16}},"172":{"start":{"line":173,"column":0},"end":{"line":173,"column":14}},"174":{"start":{"line":175,"column":0},"end":{"line":175,"column":1}},"176":{"start":{"line":177,"column":0},"end":{"line":177,"column":32}}},"s":{"0":1,"1":1,"2":1,"3":1,"5":1,"6":1,"7":1,"8":1,"9":1,"10":1,"11":1,"12":1,"14":299,"15":299,"16":299,"17":299,"19":299,"20":4,"21":2,"22":2,"23":4,"24":299,"26":299,"27":299,"29":299,"30":1,"31":1,"32":1,"33":1,"34":1,"36":1,"37":1,"39":1,"41":298,"42":293,"43":293,"44":6,"45":6,"46":293,"48":298,"49":5,"50":5,"51":5,"52":5,"53":5,"54":5,"55":5,"56":5,"58":5,"59":5,"61":5,"62":2,"63":2,"65":5,"66":1,"67":1,"68":1,"69":1,"71":2,"72":2,"73":5,"75":298,"76":298,"77":298,"78":298,"79":298,"80":299,"81":299,"82":299,"84":299,"85":299,"86":299,"87":299,"88":299,"89":299,"90":299,"91":299,"92":299,"93":299,"94":299,"95":299,"96":299,"97":299,"99":299,"100":299,"101":299,"102":299,"103":299,"104":299,"105":299,"106":299,"107":299,"108":299,"109":299,"111":299,"112":299,"113":299,"114":299,"115":299,"116":299,"117":299,"118":299,"119":299,"120":299,"121":299,"123":299,"124":299,"125":299,"126":299,"127":299,"128":299,"129":299,"130":299,"131":299,"132":299,"133":299,"135":299,"136":299,"137":299,"138":299,"139":299,"140":299,"141":299,"143":299,"144":299,"145":299,"146":299,"147":299,"148":299,"149":299,"151":299,"152":299,"153":299,"154":299,"155":299,"156":299,"157":299,"158":299,"159":299,"160":299,"161":299,"162":299,"164":299,"165":299,"166":299,"168"
[...]
ine":44,"column":0},"end":{"line":44,"column":0}},"44":{"start":{"line":45,"column":0},"end":{"line":45,"column":21}},"45":{"start":{"line":46,"column":0},"end":{"line":46,"column":56}},"46":{"start":{"line":47,"column":0},"end":{"line":47,"column":39}},"47":{"start":{"line":48,"column":0},"end":{"line":48,"column":76}},"48":{"start":{"line":49,"column":0},"end":{"line":49,"column":41}},"49":{"start":{"line":50,"column":0},"end":{"line":50,"column":76}},"50":{"start":{"line":51,"column":0},"end":{"line":51,"column":3}},"51":{"start":{"line":52,"column":0},"end":{"line":52,"column":0}},"52":{"start":{"line":53,"column":0},"end":{"line":53,"column":16}},"53":{"start":{"line":54,"column":0},"end":{"line":54,"column":1}},"54":{"start":{"line":55,"column":0},"end":{"line":55,"column":0}},"55":{"start":{"line":56,"column":0},"end":{"line":56,"column":35}},"56":{"start":{"line":57,"column":0},"end":{"line":57,"column":40}},"57":{"start":{"line":58,"column":0},"end":{"line":58,"column":1}}},"s":{"0":1,"1":8,"2":8,"3":8,"4":8,"5":8,"6":8,"7":8,"8":8,"9":3,"10":8,"11":1,"12":4,"13":0,"14":0,"15":8,"16":8,"17":3,"18":8,"19":1,"20":4,"21":0,"22":0,"23":8,"24":8,"25":3,"26":8,"27":1,"28":4,"29":0,"30":0,"31":8,"32":8,"33":3,"34":8,"35":1,"36":1,"37":8,"38":8,"39":2,"40":8,"41":1,"42":1,"43":8,"44":8,"45":2,"46":8,"47":1,"48":6,"49":0,"50":0,"51":8,"52":8,"53":8,"54":1,"55":1,"56":8,"57":8},"branchMap":{"0":{"type":"branch","line":1,"loc":{"start":{"line":1,"column":7},"end":{"line":54,"column":1}},"locations":[{"start":{"line":1,"column":7},"end":{"line":54,"column":1}}]},"1":{"type":"branch","line":4,"loc":{"start":{"line":4,"column":36},"end":{"line":4,"column":41}},"locations":[{"start":{"line":4,"column":36},"end":{"line":4,"column":41}}]},"2":{"type":"branch","line":5,"loc":{"start":{"line":5,"column":42},"end":{"line":5,"column":47}},"locations":[{"start":{"line":5,"column":42},"end":{"line":5,"column":47}}]},"3":{"type":"branch","line":6,"loc":{"start":{"line":6,"column":38},"end":{"line":6,"column":43}},"locations":[{"start":{"line":6,"column":38},"end":{"line":6,"column":43}}]},"4":{"type":"branch","line":7,"loc":{"start":{"line":7,"column":48},"end":{"line":7,"column":53}},"locations":[{"start":{"line":7,"column":48},"end":{"line":7,"column":53}}]},"5":{"type":"branch","line":9,"loc":{"start":{"line":9,"column":14},"end":{"line":11,"column":3}},"locations":[{"start":{"line":9,"column":14},"end":{"line":11,"column":3}}]},"6":{"type":"branch","line":11,"loc":{"start":{"line":11,"column":3},"end":{"line":15,"column":3}},"locations":[{"start":{"line":11,"column":3},"end":{"line":15,"column":3}}]},"7":{"type":"branch","line":11,"loc":{"start":{"line":11,"column":31},"end":{"line":15,"column":3}},"locations":[{"start":{"line":11,"column":31},"end":{"line":15,"column":3}}]},"8":{"type":"branch","line":11,"loc":{"start":{"line":11,"column":31},"end":{"line":13,"column":3}},"locations":[{"start":{"line":11,"column":31},"end":{"line":13,"column":3}}]},"9":{"type":"branch","line":13,"loc":{"start":{"line":13,"column":33},"end":{"line":15,"column":3}},"locations":[{"start":{"line":13,"column":33},"end":{"line":15,"column":3}}]},"10":{"type":"branch","line":17,"loc":{"start":{"line":17,"column":17},"end":{"line":19,"column":3}},"locations":[{"start":{"line":17,"column":17},"end":{"line":19,"column":3}}]},"11":{"type":"branch","line":19,"loc":{"start":{"line":19,"column":3},"end":{"line":23,"column":3}},"locations":[{"start":{"line":19,"column":3},"end":{"line":23,"column":3}}]},"12":{"type":"branch","line":19,"loc":{"start":{"line":19,"column":34},"end":{"line":23,"column":3}},"locations":[{"start":{"line":19,"column":34},"end":{"line":23,"column":3}}]},"13":{"type":"branch","line":19,"loc":{"start":{"line":19,"column":34},"end":{"line":21,"column":3}},"locations":[{"start":{"line":19,"column":34},"end":{"line":21,"column":3}}]},"14":{"type":"branch","line":21,"loc":{"start":{"line":21,"column":35},"end":{"line":23,"column":3}},"locations":[{"start":{"line":21,"column":35},"end":{"line":23,"column":3}}]},"15":{"type":"branch","line":25,"loc":{"start":{"line":25,"column":15},"end":{"line":27,"column":3}},"locations":[{"start":{"line":25,"column":15},"end":{"line":27,"column":3}}]},"16":{"type":"branch","line":27,"loc":{"start":{"line":27,"column":3},"end":{"line":31,"column":3}},"locations":[{"start":{"line":27,"column":3},"end":{"line":31,"column":3}}]},"17":{"type":"branch","line":27,"loc":{"start":{"line":27,"column":32},"end":{"line":31,"column":3}},"locations":[{"start":{"line":27,"column":32},"end":{"line":31,"column":3}}]},"18":{"type":"branch","line":27,"loc":{"start":{"line":27,"column":32},"end":{"line":29,"column":3}},"locations":[{"start":{"line":27,"column":32},"end":{"line":29,"column":3}}]},"19":{"type":"branch","line":29,"loc":{"start":{"line":29,"column":33},"end":{"line":31,"column":3}},"locations":[{"start":{"line":29,"column":33},"end":{"line":31,"column":3}}]},"20":{"type":"branch","line":33,"loc":{"start":{"line":33,"column":23},"end":{"line":35,"column":3}},"locations":[{"start":{"line":33,"column":23},"end":{"line":35,"column":3}}]},"21":{"type":"branch","line":35,"loc":{"start":{"line":35,"column":3},"end":{"line":37,"column":3}},"locations":[{"start":{"line":35,"column":3},"end":{"line":37,"column":3}}]},"22":{"type":"branch","line":35,"loc":{"start":{"line":35,"column":63},"end":{"line":37,"column":3}},"locations":[{"start":{"line":35,"column":63},"end":{"line":37,"column":3}}]},"23":{"type":"branch","line":39,"loc":{"start":{"line":39,"column":29},"end":{"line":41,"column":3}},"locations":[{"start":{"line":39,"column":29},"end":{"line":41,"column":3}}]},"24":{"type":"branch","line":41,"loc":{"start":{"line":41,"column":3},"end":{"line":43,"column":3}},"locations":[{"start":{"line":41,"column":3},"end":{"line":43,"column":3}}]},"25":{"type":"branch","line":41,"loc":{"start":{"line":41,"column":54},"end":{"line":43,"column":3}},"locations":[{"start":{"line":41,"column":54},"end":{"line":43,"column":3}}]},"26":{"type":"branch","line":45,"loc":{"start":{"line":45,"column":20},"end":{"line":47,"column":3}},"locations":[{"start":{"line":45,"column":20},"end":{"line":47,"column":3}}]},"27":{"type":"branch","line":47,"loc":{"start":{"line":47,"column":3},"end":{"line":51,"column":3}},"locations":[{"start":{"line":47,"column":3},"end":{"line":51,"column":3}}]},"28":{"type":"branch","line":47,"loc":{"start":{"line":47,"column":38},"end":{"line":49,"column":3}},"locations":[{"start":{"line":47,"column":38},"end":{"line":49,"column":3}}]},"29":{"type":"branch","line":49,"loc":{"start":{"line":49,"column":3},"end":{"line":51,"column":3}},"locations":[{"start":{"line":49,"column":3},"end":{"line":51,"column":3}}]},"30":{"type":"branch","line":49,"loc":{"start":{"line":49,"column":40},"end":{"line":51,"column":3}},"locations":[{"start":{"line":49,"column":40},"end":{"line":51,"column":3}}]},"31":{"type":"branch","line":56,"loc":{"start":{"line":56,"column":7},"end":{"line":58,"column":1}},"locations":[{"start":{"line":56,"column":7},"end":{"line":58,"column":1}}]}},"b":{"0":[8],"1":[0],"2":[0],"3":[0],"4":[0],"5":[3],"6":[5],"7":[4],"8":[1],"9":[0],"10":[3],"11":[5],"12":[4],"13":[1],"14":[0],"15":[3],"16":[5],"17":[4],"18":[1],"19":[0],"20":[3],"21":[5],"22":[1],"23":[2],"24":[6],"25":[1],"26":[2],"27":[6],"28":[1],"29":[5],"30":[0],"31":[8]},"fnMap":{"0":{"name":"validateDocument","decl":{"start":{"line":1,"column":7},"end":{"line":54,"column":1}},"loc":{"start":{"line":1,"column":7},"end":{"line":54,"column":1}},"line":1},"1":{"name":"hasErrors","decl":{"start":{"line":56,"column":7},"end":{"line":58,"column":1}},"loc":{"start":{"line":56,"column":7},"end":{"line":58,"column":1}},"line":56}},"f":{"0":8,"1":8}}
,"C:\\Users\\Sebi\\Desktop\\portal-lt1\\webpage\\portal-lt1-frontend\\src\\utils\\formValidation.js": {"path":"C:\\Users\\Sebi\\Desktop\\portal-lt1\\webpage\\portal-lt1-frontend\\src\\utils\\formValidation.js","all":false,"statementMap":{"0":{"start":{"line":1,"column":0},"end":{"line":1,"column":49}},"1":{"start":{"line":2,"column":0},"end":{"line":2,"column":0}},"2":{"start":{"line":3,"column":0},"end":{"line":3,"column":22}},"3":{"start":{"line":4,"column":0},"end":{"line":4,"column":30}},"4":{"start":{"line":5,"column":0},"end":{"line":5,"column":1}},"5":{"start":{"line":6,"column":0},"end":{"line":6,"column":0}},"6":{"start":{"line":7,"column":0},"end":{"line":7,"column":38}},"7":{"start":{"line":8,"column":0},"end":{"line":8,"column":20}},"8":{"start":{"line":9,"column":0},"end":{"line":9,"column":34}},"9":{"start":{"line":10,"column":0},"end":{"line":10,"column":40}},"10":{"start":{"line":11,"column":0},"end":{"line":11,"column":0}},"11":{"start":{"line":12,"column":0},"end":{"line":12,"column":15}},"12":{"start":{"line":13,"column":0},"end":{"line":13,"column":48}},"13":{"start":{"line":14,"column":0},"end":{"line":14,"column":40}},"14":{"start":{"line":15,"column":0},"end":{"line":15,"column":54}},"15":{"start":{"line":16,"column":0},"end":{"line":16,"column":3}},"16":{"start":{"line":17,"column":0},"end":{"line":17,"column":0}},"17":{"start":{"line":18,"column":0},"end":{"line":18,"column":25}},"18":{"start":{"line":19,"column":0},"end":{"line":19,"column":49}},"19":{"start":{"line":20,"column":0},"end":{"line":20,"column":35}},"20":{"start":{"line":21,"column":0},"end":{"line":21,"column":68}},"21":{"start":{"line":22,"column":0},"end":{"line":22,"column":3}},"22":{"start":{"line":23,"column":0},"end":{"line":23,"column":0}},"23":{"start":{"line":24,"column":0},"end":{"line":24,"column":16}},"24":{"start":{"line":25,"column":0},"end":{"line":25,"column":1}},"25":{"start":{"line":26,"column":0},"end":{"line":26,"column":0}},"26":{"start":{"line":27,"column":0},"end":{"line":27,"column":41}},"27":{"start":{"line":28,"column":0},"end":{"line":28,"column":20}},"28":{"start":{"line":29,"column":0},"end":{"line":29,"column":32}},"29":{"start":{"line":30,"column":0},"end":{"line":30,"column":34}},"30":{"start":{"line":31,"column":0},"end":{"line":31,"column":40}},"31":{"start":{"line":32,"column":0},"end":{"line":32,"column":54}},"32":{"start":{"line":33,"column":0},"end":{"line":33,"column":0}},"33":{"start":{"line":34,"column":0},"end":{"line":34,"column":14}},"34":{"start":{"line":35,"column":0},"end":{"line":35,"column":45}},"35":{"start":{"line":36,"column":0},"end":{"line":36,"column":31}},"36":{"start":{"line":37,"column":0},"end":{"line":37,"column":64}},"37":{"start":{"line":38,"column":0},"end":{"line":38,"column":3}},"38":{"start":{"line":39,"column":0},"end":{"line":39,"column":0}},"39":{"start":{"line":40,"column":0},"end":{"line":40,"column":15}},"40":{"start":{"line":41,"column":0},"end":{"line":41,"column":48}},"41":{"start":{"line":42,"column":0},"end":{"line":42,"column":40}},"42":{"start":{"line":43,"column":0},"end":{"line":43,"column":54}},"43":{"start":{"line":44,"column":0},"end":{"line":44,"column":3}},"44":{"start":{"line":45,"column":0},"end":{"line":45,"column":0}},"45":{"start":{"line":46,"column":0},"end":{"line":46,"column":25}},"46":{"start":{"line":47,"column":0},"end":{"line":47,"column":49}},"47":{"start":{"line":48,"column":0},"end":{"line":48,"column":35}},"48":{"start":{"line":49,"column":0},"end":{"line":49,"column":68}},"49":{"start":{"line":50,"column":0},"end":{"line":50,"column":3}},"50":{"start":{"line":51,"column":0},"end":{"line":51,"column":0}},"51":{"start":{"line":52,"column":0},"end":{"line":52,"column":32}},"52":{"start":{"line":53,"column":0},"end":{"line":53,"column":69}},"53":{"start":{"line":54,"column":0},"end":{"line":54,"column":44}},"54":{"start":{"line":55,"column":0},"end":{"line":55,"column":52}},"55":{"start":{"line":56,"column":0},"end":{"line":56,"column":3}},"56":{"start":{"line":57,"column":0},"end":{"line":57,"column":0}},"57":{"start":{"line":58,"column":0},"end":{"line":58,"column":16}},"58":{"start":{"line":59,"column":0},"end":{"line":59,"column":1}},"59":{"start":{"line":60,"column":0},"end":{"line":60,"column":0}},"60":{"start":{"line":61,"column":0},"end":{"line":61,"column":40}},"61":{"start":{"line":62,"column":0},"end":{"line":62,"column":20}},"62":{"start":{"line":63,"column":0},"end":{"line":63,"column":32}},"63":{"start":{"line":64,"column":0},"end":{"line":64,"column":34}},"64":{"start":{"line":65,"column":0},"end":{"line":65,"column":38}},"65":{"start":{"line":66,"column":0},"end":{"line":66,"column":0}},"66":{"start":{"line":67,"column":0},"end":{"line":67,"column":14}},"67":{"start":{"line":68,"column":0},"end":{"line":68,"column":45}},"68":{"start":{"line":69,"column":0},"end":{"line":69,"column":31}},"69":{"start":{"line":70,"column":0},"end":{"line":70,"column":64}},"70":{"start":{"line":71,"column":0},"end":{"line":71,"column":3}},"71":{"start":{"line":72,"column":0},"end":{"line":72,"column":0}},"72":{"start":{"line":73,"column":0},"end":{"line":73,"column":15}},"73":{"start":{"line":74,"column":0},"end":{"line":74,"column":48}},"74":{"start":{"line":75,"column":0},"end":{"line":75,"column":40}},"75":{"start":{"line":76,"column":0},"end":{"line":76,"column":54}},"76":{"start":{"line":77,"column":0},"end":{"line":77,"column":3}},"77":{"start":{"line":78,"column":0},"end":{"line":78,"column":0}},"78":{"start":{"line":79,"column":0},"end":{"line":79,"column":17}},"79":{"start":{"line":80,"column":0},"end":{"line":80,"column":49}},"80":{"start":{"line":81,"column":0},"end":{"line":81,"column":35}},"81":{"start":{"line":82,"column":0},"end":{"line":82,"column":69}},"82":{"start":{"line":83,"column":0},"end":{"line":83,"column":3}},"83":{"start":{"line":84,"column":0},"end":{"line":84,"column":0}},"84":{"start":{"line":85,"column":0},"end":{"line":85,"column":16}},"85":{"start":{"line":86,"column":0},"end":{"line":86,"column":1}}},"s":{"0":1,"1":1,"2":12,"3":12,"4":12,"5":1,"6":1,"7":2,"8":2,"9":2,"10":2,"11":2,"12":0,"13":2,"14":1,"15":1,"16":2,"17":2,"18":0,"19":2,"20":1,"21":1,"22":2,"23":2,"24":2,"25":1,"26":1,"27":2,"28":2,"29":2,"30":2,"31":2,"32":2,"33":2,"34":0,"35":2,"36":1,"37":1,"38":2,"39":2,"40":0,"41":2,"42":1,"43":1,"44":2,"45":2,"46":0,"47":2,"48":1,"49":1,"50":2,"51":2,"52":0,"53":2,"54":1,"55":1,"56":2,"57":2,"58":2,"59":1,"60":1,"61":2,"62":2,"63":2,"64":2,"65":2,"66":2,"67":1,"68":1,"69":0,"70":0,"71":2,"72":2,"73":0,"74":2,"75":1,"76":1,"77":2,"78":2,"79":0,"80":2,"81":1,"82":1,"83":2,"84":2,"85":2},"branchMap":{"0":{"type":"branch","line":3,"loc":{"start":{"line":3,"column":0},"end":{"line":5,"column":1}},"locations":[{"start":{"line":3,"column":0},"end":{"line":5,"column":1}}]},"1":{"type":"branch","line":4,"loc":{"start":{"line":4,"column":16},"end":{"line":4,"column":21}},"locations":[{"start":{"line":4,"column":16},"end":{"line":4,"column":21}}]},"2":{"type":"branch","line":7,"loc":{"start":{"line":7,"column":7},"end":{"line":25,"column":1}},"locations":[{"start":{"line":7,"column":7},"end":{"line":25,"column":1}}]},"3":{"type":"branch","line":10,"loc":{"start":{"line":10,"column":34},"end":{"line":10,"column":39}},"locations":[{"start":{"line":10,"column":34},"end":{"line":10,"column":39}}]},"4":{"type":"branch","line":12,"loc":{"start":{"line":12,"column":14},"end":{"line":14,"column":3}},"locations":[{"start":{"line":12,"column":14},"end":{"line":14,"column":3}}]},"5":{"type":"branch","line":14,"loc":{"start":{"line":14,"column":39},"end":{"line":16,"column":3}},"locations":[{"start":{"line":14,"column":39},"end":{"line":16,"column":3}}]},"6":{"type":"branch","line":18,"loc":{"start":{"line":18,"column":24},"end":{"line":20,"column":3}},"locations":[{"start":{"line":18,"column":24},"end":{"line":20,"column":3}}]},"7":{"type":"branch","line":20,"loc":{"start":{"line":20,"column":34},"end":{"line":22,"column":3}},"locations":[{"start":{"line":20,"column":34},"end":{"line":22,"column":3}}]},"8":{"type":"branch","line":27,"loc":{"start":{"line":27,"column":7},"end":{"line":59,"column":1}},"locations":[{"start":{"line":27,"column":7},"end":{"line":59,"column":1}}]},"9":{"type":"branch","line":31,"loc":{"start":{"line":31,"column":34},"end":{"line":31,"column":39}},"locations":[{"start":{"line":31,"column":34},"end":{"line":31,"column":39}}]},"10":{"type":"branch","line":32,"loc":{"start":{"line":32,"column":48},"end":{"line":32,"column":53}},"locations":[{"start":{"line":32,"column":48},"end":{"line":32,"column":53}}]},"11":{"type":"branch","line":34,"loc":{"start":{"line":34,"column":13},"end":{"line":36,"column":3}},"locations":[{"start":{"line":34,"column":13},"end":{"line":36,"column":3}}]},"12":{"type":"branch","line":36,"loc":{"start":{"line":36,"column":30},"end":{"line":38,"column":3}},"locations":[{"start":{"line":36,"column":30},"end":{"line":38,"column":3}}]},"13":{"type":"branch","line":40,"loc":{"start":{"line":40,"column":14},"end":{"line":42,"column":3}},"locations":[{"start":{"line":40,"column":14},"end":{"line":42,"column":3}}]},"14":{"type":"branch","line":42,"loc":{"start":{"line":42,"column":39},"end":{"line":44,"column":3}},"locations":[{"start":{"line":42,"column":39},"end":{"line":44,"column":3}}]},"15":{"type":"branch","line":46,"loc":{"start":{"line":46,"column":24},"end":{"line":48,"column":3}},"locations":[{"start":{"line":46,"column":24},"end":{"line":48,"column":3}}]},"16":{"type":"branch","line":48,"loc":{"start":{"line":48,"column":34},"end":{"line":50,"column":3}},"locations":[{"start":{"line":48,"column":34},"end":{"line":50,"column":3}}]},"17":{"type":"branch","line":52,"loc":{"start":{"line":52,"column":31},"end":{"line":54,"column":3}},"locations":[{"start":{"line":52,"column":31},"end":{"line":54,"column":3}}]},"18":{"type":"branch","line":54,"loc":{"start":{"line":54,"column":43},"end":{"line":56,"column":3}},"locations":[{"start":{"line":54,"column":43},"end":{"line":56,"column":3}}]},"19":{"type":"branch","line":61,"loc":{"start":{"line":61,"column":7},"end":{"line":86,"column":1}},"locations":[{"start":{"line":61,"column":7},"end":{"line":86,"column":1}}]},"20":{"type":"branch","line":67,"loc":{"start":{"line":67,"column":13},"end":{"line":71,"column":3}},"locations":[{"start":{"line":67,"column":13},"end":{"line":71,"column":3}}]},"21":{"type":"branch","line":69,"loc":{"start":{"line":69,"column":30},"end":{"line":71,"column":3}},"locations":[{"start":{"line":69,"column":30},"end":{"line":71,"column":3}}]},"22":{"type":"branch","line":73,"loc":{"start":{"line":73,"column":14},"end":{"line":75,"column":3}},"locations":[{"start":{"line":73,"column":14},"end":{"line":75,"column":3}}]},"23":{"type":"branch","line":75,"loc":{"start":{"line":75,"column":39},"end":{"line":77,"column":3}},"locations":[{"start":{"line":75,"column":39},"end":{"line":77,"column":3}}]},"24":{"type":"branch","line":79,"loc":{"start":{"line":79,"column":16},"end":{"line":81,"column":3}},"locations":[{"start":{"line":79,"column":16},"end":{"line":81,"column":3}}]},"25":{"type":"branch","line":81,"loc":{"start":{"line":81,"column":34},"end":{"line":83,"column":3}},"locations":[{"start":{"line":81,"column":34},"end":{"line":83,"column":3}}]}},"b":{"0":[12],"1":[0],"2":[2],"3":[0],"4":[0],"5":[1],"6":[0],"7":[1],"8":[2],"9":[0],"10":[0],"11":[0],"12":[1],"13":[0],"14":[1],"15":[0],"16":[1],"17":[0],"18":[1],"19":[2],"20":[1],"21":[0],"22":[0],"23":[1],"24":[0],"25":[1]},"fnMap":{"0":{"name":"text","decl":{"start":{"line":3,"column":0},"end":{"line":5,"column":1}},"loc":{"start":{"line":3,"column":0},"end":{"line":5,"column":1}},"line":3},"1":{"name":"validateLogin","decl":{"start":{"line":7,"column":7},"end":{"line":25,"column":1}},"loc":{"start":{"line":7,"column":7},"end":{"line":25,"column":1}},"line":7},"2":{"name":"validateRegister","decl":{"start":{"line":27,"column":7},"end":{"line":59,"column":1}},"loc":{"start":{"line":27,"column":7},"end":{"line":59,"column":1}},"line":27},"3":{"name":"validateContact","decl":{"start":{"line":61,"column":7},"end":{"line":86,"column":1}},"loc":{"start":{"line":61,"column":7},"end":{"line":86,"column":1}},"line":61}},"f":{"0":12,"1":2,"2":2,"3":2}}
}
